[2024-04-25T02:19:33.463+0000] {local_task_job_runner.py:120} INFO - ::group::Pre task execution logs
[2024-04-25T02:19:33.486+0000] {taskinstance.py:2073} INFO - Dependencies all met for dep_context=non-requeueable deps ti=<TaskInstance: daily_task_dag.predict_data_baseline_model manual__2024-04-25T02:19:27.605982+00:00 [queued]>
[2024-04-25T02:19:33.492+0000] {taskinstance.py:2073} INFO - Dependencies all met for dep_context=requeueable deps ti=<TaskInstance: daily_task_dag.predict_data_baseline_model manual__2024-04-25T02:19:27.605982+00:00 [queued]>
[2024-04-25T02:19:33.492+0000] {taskinstance.py:2303} INFO - Starting attempt 1 of 2
[2024-04-25T02:19:33.504+0000] {taskinstance.py:2327} INFO - Executing <Task(PythonOperator): predict_data_baseline_model> on 2024-04-25 02:19:27.605982+00:00
[2024-04-25T02:19:33.514+0000] {standard_task_runner.py:90} INFO - Running: ['***', 'tasks', 'run', 'daily_task_dag', 'predict_data_baseline_model', 'manual__2024-04-25T02:19:27.605982+00:00', '--job-id', '18', '--raw', '--subdir', 'DAGS_FOLDER/DataMLOps.py', '--cfg-path', '/tmp/tmp46ajhy44']
[2024-04-25T02:19:33.516+0000] {standard_task_runner.py:91} INFO - Job 18: Subtask predict_data_baseline_model
[2024-04-25T02:19:33.517+0000] {logging_mixin.py:188} WARNING - /home/***/.local/lib/python3.12/site-packages/***/task/task_runner/standard_task_runner.py:61 DeprecationWarning: This process (pid=1778) is multi-threaded, use of fork() may lead to deadlocks in the child.
[2024-04-25T02:19:33.518+0000] {standard_task_runner.py:63} INFO - Started process 1791 to run task
[2024-04-25T02:19:33.546+0000] {task_command.py:426} INFO - Running <TaskInstance: daily_task_dag.predict_data_baseline_model manual__2024-04-25T02:19:27.605982+00:00 [running]> on host 4d4cdcf2282e
[2024-04-25T02:19:33.611+0000] {taskinstance.py:2644} INFO - Exporting env vars: AIRFLOW_CTX_DAG_OWNER='***' AIRFLOW_CTX_DAG_ID='daily_task_dag' AIRFLOW_CTX_TASK_ID='predict_data_baseline_model' AIRFLOW_CTX_EXECUTION_DATE='2024-04-25T02:19:27.605982+00:00' AIRFLOW_CTX_TRY_NUMBER='1' AIRFLOW_CTX_DAG_RUN_ID='manual__2024-04-25T02:19:27.605982+00:00'
[2024-04-25T02:19:33.612+0000] {taskinstance.py:430} INFO - ::endgroup::
[2024-04-25T02:19:33.744+0000] {logging_mixin.py:188} WARNING - Downloading artifacts:   0%|          | 0/10 [00:00<?, ?it/s]
[2024-04-25T02:19:33.745+0000] {logging_mixin.py:188} WARNING - 2024/04/25 02:19:33 INFO mlflow.store.artifact.artifact_repo: The progress bar can be disabled by setting the environment variable MLFLOW_ENABLE_ARTIFACTS_PROGRESS_BAR to false
[2024-04-25T02:19:33.745+0000] {logging_mixin.py:188} WARNING - Downloading artifacts:  10%|#         | 1/10 [00:00<00:00, 1616.93it/s]
[2024-04-25T02:19:33.746+0000] {logging_mixin.py:188} WARNING - Downloading artifacts:  20%|##        | 2/10 [00:00<00:00, 1619.42it/s]
[2024-04-25T02:19:33.746+0000] {logging_mixin.py:188} WARNING - Downloading artifacts:  30%|###       | 3/10 [00:00<00:00, 1798.33it/s]
[2024-04-25T02:19:33.783+0000] {logging_mixin.py:188} WARNING - Downloading artifacts:  40%|####      | 4/10 [00:00<00:00, 104.28it/s] 
[2024-04-25T02:19:33.794+0000] {logging_mixin.py:188} WARNING - Downloading artifacts:  50%|#####     | 5/10 [00:00<00:00, 101.78it/s]
[2024-04-25T02:19:33.806+0000] {logging_mixin.py:188} WARNING - Downloading artifacts:  60%|######    | 6/10 [00:00<00:00, 97.95it/s] 
[2024-04-25T02:19:33.813+0000] {logging_mixin.py:188} WARNING - Downloading artifacts:  70%|#######   | 7/10 [00:00<00:00, 102.52it/s]
[2024-04-25T02:19:33.816+0000] {logging_mixin.py:188} WARNING - Downloading artifacts:  80%|########  | 8/10 [00:00<00:00, 112.48it/s]
[2024-04-25T02:19:33.818+0000] {logging_mixin.py:188} WARNING - Downloading artifacts:  90%|######### | 9/10 [00:00<00:00, 123.81it/s]
[2024-04-25T02:19:40.168+0000] {logging_mixin.py:188} WARNING - Downloading artifacts: 100%|##########| 10/10 [00:06<00:00,  1.56it/s]
[2024-04-25T02:19:40.169+0000] {logging_mixin.py:188} WARNING - Downloading artifacts: 100%|##########| 10/10 [00:06<00:00,  1.56it/s]
[2024-04-25T02:19:40.169+0000] {logging_mixin.py:188} WARNING - Downloading artifacts: 100%|##########| 10/10 [00:06<00:00,  1.56it/s]
[2024-04-25T02:19:41.720+0000] {logging_mixin.py:188} WARNING - /opt/***/dags/DataMLOps.py:551 UserWarning: pandas only supports SQLAlchemy connectable (engine/connection) or database string URI or sqlite3 DBAPI2 connection. Other DBAPI2 objects are not tested. Please consider using SQLAlchemy.
[2024-04-25T02:19:41.794+0000] {logging_mixin.py:188} INFO -                                       review_cleaned  Recommended
0  denpasar ngurah rai via bandung bad I ve ever ...            0
1  jakarta bali despite dire review wife book fli...            0
2  jakarta kuala lumpur delay hour first time sit...            0
3  pekanbaru penang via kuala namu painfully long...            0
4  fly jakarta padang second fly last three week ...            0
[2024-04-25T02:19:41.799+0000] {logging_mixin.py:188} INFO - <class 'pandas.core.frame.DataFrame'>
RangeIndex: 676 entries, 0 to 675
Data columns (total 2 columns):
 #   Column          Non-Null Count  Dtype 
---  ------          --------------  ----- 
 0   review_cleaned  676 non-null    object
 1   Recommended     676 non-null    int64 
dtypes: int64(1), object(1)
memory usage: 10.7+ KB
[2024-04-25T02:19:41.799+0000] {logging_mixin.py:188} INFO - None
[2024-04-25T02:19:41.800+0000] {logging_mixin.py:188} INFO - Recommended
0    550
1    126
Name: count, dtype: int64
[2024-04-25T02:20:04.409+0000] {logging_mixin.py:188} INFO - ROC AUC Score: 0.09992063492063494
[2024-04-25T02:20:04.409+0000] {logging_mixin.py:188} INFO - 0.10502958579881656
[2024-04-25T02:20:04.917+0000] {python.py:237} INFO - Done. Returned value was: None
[2024-04-25T02:20:04.918+0000] {taskinstance.py:441} INFO - ::group::Post task execution logs
[2024-04-25T02:20:04.924+0000] {taskinstance.py:1205} INFO - Marking task as SUCCESS. dag_id=daily_task_dag, task_id=predict_data_baseline_model, execution_date=20240425T021927, start_date=20240425T021933, end_date=20240425T022004
[2024-04-25T02:20:04.978+0000] {local_task_job_runner.py:240} INFO - Task exited with return code 0
[2024-04-25T02:20:04.994+0000] {taskinstance.py:3482} INFO - 1 downstream tasks scheduled from follow-on schedule check
[2024-04-25T02:20:04.999+0000] {local_task_job_runner.py:222} INFO - ::endgroup::
