[2024-04-25T02:05:33.614+0000] {local_task_job_runner.py:120} INFO - ::group::Pre task execution logs
[2024-04-25T02:05:33.649+0000] {taskinstance.py:2073} INFO - Dependencies all met for dep_context=non-requeueable deps ti=<TaskInstance: daily_task_dag.predict_data_finetune_model manual__2024-04-25T02:04:24.062993+00:00 [queued]>
[2024-04-25T02:05:33.656+0000] {taskinstance.py:2073} INFO - Dependencies all met for dep_context=requeueable deps ti=<TaskInstance: daily_task_dag.predict_data_finetune_model manual__2024-04-25T02:04:24.062993+00:00 [queued]>
[2024-04-25T02:05:33.657+0000] {taskinstance.py:2303} INFO - Starting attempt 1 of 2
[2024-04-25T02:05:33.677+0000] {taskinstance.py:2327} INFO - Executing <Task(PythonOperator): predict_data_finetune_model> on 2024-04-25 02:04:24.062993+00:00
[2024-04-25T02:05:33.694+0000] {standard_task_runner.py:90} INFO - Running: ['***', 'tasks', 'run', 'daily_task_dag', 'predict_data_finetune_model', 'manual__2024-04-25T02:04:24.062993+00:00', '--job-id', '4', '--raw', '--subdir', 'DAGS_FOLDER/DataMLOps.py', '--cfg-path', '/tmp/tmpou66fcqn']
[2024-04-25T02:05:33.695+0000] {standard_task_runner.py:91} INFO - Job 4: Subtask predict_data_finetune_model
[2024-04-25T02:05:33.697+0000] {logging_mixin.py:188} WARNING - /home/***/.local/lib/python3.12/site-packages/***/task/task_runner/standard_task_runner.py:61 DeprecationWarning: This process (pid=629) is multi-threaded, use of fork() may lead to deadlocks in the child.
[2024-04-25T02:05:33.697+0000] {standard_task_runner.py:63} INFO - Started process 642 to run task
[2024-04-25T02:05:33.738+0000] {task_command.py:426} INFO - Running <TaskInstance: daily_task_dag.predict_data_finetune_model manual__2024-04-25T02:04:24.062993+00:00 [running]> on host 4d4cdcf2282e
[2024-04-25T02:05:33.811+0000] {taskinstance.py:2644} INFO - Exporting env vars: AIRFLOW_CTX_DAG_OWNER='***' AIRFLOW_CTX_DAG_ID='daily_task_dag' AIRFLOW_CTX_TASK_ID='predict_data_finetune_model' AIRFLOW_CTX_EXECUTION_DATE='2024-04-25T02:04:24.062993+00:00' AIRFLOW_CTX_TRY_NUMBER='1' AIRFLOW_CTX_DAG_RUN_ID='manual__2024-04-25T02:04:24.062993+00:00'
[2024-04-25T02:05:33.812+0000] {taskinstance.py:430} INFO - ::endgroup::
[2024-04-25T02:05:33.841+0000] {logging_mixin.py:188} INFO - Index(['Cleaned_Review', 'is_negative_sentiment'], dtype='object')
[2024-04-25T02:05:33.964+0000] {logging_mixin.py:188} WARNING - Downloading artifacts:   0%|          | 0/10 [00:00<?, ?it/s]
[2024-04-25T02:05:33.964+0000] {logging_mixin.py:188} WARNING - 2024/04/25 02:05:33 INFO mlflow.store.artifact.artifact_repo: The progress bar can be disabled by setting the environment variable MLFLOW_ENABLE_ARTIFACTS_PROGRESS_BAR to false
[2024-04-25T02:05:33.965+0000] {logging_mixin.py:188} WARNING - Downloading artifacts:  10%|#         | 1/10 [00:00<00:00, 1556.33it/s]
[2024-04-25T02:05:33.965+0000] {logging_mixin.py:188} WARNING - Downloading artifacts:  20%|##        | 2/10 [00:00<00:00, 1443.82it/s]
[2024-04-25T02:05:33.966+0000] {logging_mixin.py:188} WARNING - Downloading artifacts:  30%|###       | 3/10 [00:00<00:00, 1681.08it/s]
[2024-04-25T02:05:33.999+0000] {logging_mixin.py:188} WARNING - Downloading artifacts:  40%|####      | 4/10 [00:00<00:00, 113.60it/s] 
[2024-04-25T02:05:34.007+0000] {logging_mixin.py:188} WARNING - Downloading artifacts:  50%|#####     | 5/10 [00:00<00:00, 115.09it/s]
[2024-04-25T02:05:34.020+0000] {logging_mixin.py:188} WARNING - Downloading artifacts:  60%|######    | 6/10 [00:00<00:00, 107.20it/s]
[2024-04-25T02:05:34.025+0000] {logging_mixin.py:188} WARNING - Downloading artifacts:  70%|#######   | 7/10 [00:00<00:00, 114.03it/s]
[2024-04-25T02:05:34.029+0000] {logging_mixin.py:188} WARNING - Downloading artifacts:  80%|########  | 8/10 [00:00<00:00, 122.94it/s]
[2024-04-25T02:05:34.030+0000] {logging_mixin.py:188} WARNING - Downloading artifacts:  90%|######### | 9/10 [00:00<00:00, 136.37it/s]
[2024-04-25T02:05:40.877+0000] {logging_mixin.py:188} WARNING - Downloading artifacts: 100%|##########| 10/10 [00:06<00:00,  1.45it/s]
[2024-04-25T02:05:40.877+0000] {logging_mixin.py:188} WARNING - Downloading artifacts: 100%|##########| 10/10 [00:06<00:00,  1.45it/s]
[2024-04-25T02:05:40.878+0000] {logging_mixin.py:188} WARNING - Downloading artifacts: 100%|##########| 10/10 [00:06<00:00,  1.45it/s]
[2024-04-25T02:06:51.758+0000] {logging_mixin.py:188} INFO - ROC AUC Score: 0.957703265395573
[2024-04-25T02:06:51.759+0000] {logging_mixin.py:188} INFO - 0.8689320388349514
[2024-04-25T02:06:52.530+0000] {python.py:237} INFO - Done. Returned value was: None
[2024-04-25T02:06:52.531+0000] {taskinstance.py:441} INFO - ::group::Post task execution logs
[2024-04-25T02:06:52.540+0000] {taskinstance.py:1205} INFO - Marking task as SUCCESS. dag_id=daily_task_dag, task_id=predict_data_finetune_model, execution_date=20240425T020424, start_date=20240425T020533, end_date=20240425T020652
[2024-04-25T02:06:52.627+0000] {local_task_job_runner.py:240} INFO - Task exited with return code 0
[2024-04-25T02:06:52.647+0000] {taskinstance.py:3482} INFO - 0 downstream tasks scheduled from follow-on schedule check
[2024-04-25T02:06:52.652+0000] {local_task_job_runner.py:222} INFO - ::endgroup::
