[2024-04-25T02:13:16.247+0000] {local_task_job_runner.py:120} INFO - ::group::Pre task execution logs
[2024-04-25T02:13:16.270+0000] {taskinstance.py:2073} INFO - Dependencies all met for dep_context=non-requeueable deps ti=<TaskInstance: daily_task_dag.predict_data_finetune_model manual__2024-04-25T02:12:10.047963+00:00 [queued]>
[2024-04-25T02:13:16.276+0000] {taskinstance.py:2073} INFO - Dependencies all met for dep_context=requeueable deps ti=<TaskInstance: daily_task_dag.predict_data_finetune_model manual__2024-04-25T02:12:10.047963+00:00 [queued]>
[2024-04-25T02:13:16.276+0000] {taskinstance.py:2303} INFO - Starting attempt 1 of 2
[2024-04-25T02:13:16.288+0000] {taskinstance.py:2327} INFO - Executing <Task(PythonOperator): predict_data_finetune_model> on 2024-04-25 02:12:10.047963+00:00
[2024-04-25T02:13:16.302+0000] {standard_task_runner.py:90} INFO - Running: ['***', 'tasks', 'run', 'daily_task_dag', 'predict_data_finetune_model', 'manual__2024-04-25T02:12:10.047963+00:00', '--job-id', '12', '--raw', '--subdir', 'DAGS_FOLDER/DataMLOps.py', '--cfg-path', '/tmp/tmp10c7k2nm']
[2024-04-25T02:13:16.304+0000] {standard_task_runner.py:91} INFO - Job 12: Subtask predict_data_finetune_model
[2024-04-25T02:13:16.306+0000] {logging_mixin.py:188} WARNING - /home/***/.local/lib/python3.12/site-packages/***/task/task_runner/standard_task_runner.py:61 DeprecationWarning: This process (pid=1254) is multi-threaded, use of fork() may lead to deadlocks in the child.
[2024-04-25T02:13:16.307+0000] {standard_task_runner.py:63} INFO - Started process 1267 to run task
[2024-04-25T02:13:16.340+0000] {task_command.py:426} INFO - Running <TaskInstance: daily_task_dag.predict_data_finetune_model manual__2024-04-25T02:12:10.047963+00:00 [running]> on host 4d4cdcf2282e
[2024-04-25T02:13:16.406+0000] {taskinstance.py:2644} INFO - Exporting env vars: AIRFLOW_CTX_DAG_OWNER='***' AIRFLOW_CTX_DAG_ID='daily_task_dag' AIRFLOW_CTX_TASK_ID='predict_data_finetune_model' AIRFLOW_CTX_EXECUTION_DATE='2024-04-25T02:12:10.047963+00:00' AIRFLOW_CTX_TRY_NUMBER='1' AIRFLOW_CTX_DAG_RUN_ID='manual__2024-04-25T02:12:10.047963+00:00'
[2024-04-25T02:13:16.407+0000] {taskinstance.py:430} INFO - ::endgroup::
[2024-04-25T02:13:16.429+0000] {logging_mixin.py:188} INFO - Index(['Cleaned_Review', 'is_negative_sentiment'], dtype='object')
[2024-04-25T02:13:16.555+0000] {logging_mixin.py:188} WARNING - Downloading artifacts:   0%|          | 0/10 [00:00<?, ?it/s]
[2024-04-25T02:13:16.556+0000] {logging_mixin.py:188} WARNING - 2024/04/25 02:13:16 INFO mlflow.store.artifact.artifact_repo: The progress bar can be disabled by setting the environment variable MLFLOW_ENABLE_ARTIFACTS_PROGRESS_BAR to false
[2024-04-25T02:13:16.557+0000] {logging_mixin.py:188} WARNING - Downloading artifacts:  10%|#         | 1/10 [00:00<00:00, 1328.57it/s]
[2024-04-25T02:13:16.557+0000] {logging_mixin.py:188} WARNING - Downloading artifacts:  20%|##        | 2/10 [00:00<00:00, 1668.05it/s]
[2024-04-25T02:13:16.558+0000] {logging_mixin.py:188} WARNING - Downloading artifacts:  30%|###       | 3/10 [00:00<00:00, 1545.43it/s]
[2024-04-25T02:13:16.604+0000] {logging_mixin.py:188} WARNING - Downloading artifacts:  40%|####      | 4/10 [00:00<00:00, 83.21it/s]  
[2024-04-25T02:13:16.611+0000] {logging_mixin.py:188} WARNING - Downloading artifacts:  50%|#####     | 5/10 [00:00<00:00, 90.48it/s]
[2024-04-25T02:13:16.616+0000] {logging_mixin.py:188} WARNING - Downloading artifacts:  60%|######    | 6/10 [00:00<00:00, 99.48it/s]
[2024-04-25T02:13:16.619+0000] {logging_mixin.py:188} WARNING - Downloading artifacts:  70%|#######   | 7/10 [00:00<00:00, 111.05it/s]
[2024-04-25T02:13:16.623+0000] {logging_mixin.py:188} WARNING - Downloading artifacts:  80%|########  | 8/10 [00:00<00:00, 119.77it/s]
[2024-04-25T02:13:16.626+0000] {logging_mixin.py:188} WARNING - Downloading artifacts:  90%|######### | 9/10 [00:00<00:00, 127.43it/s]
[2024-04-25T02:13:23.248+0000] {logging_mixin.py:188} WARNING - Downloading artifacts: 100%|##########| 10/10 [00:06<00:00,  1.49it/s]
[2024-04-25T02:13:23.249+0000] {logging_mixin.py:188} WARNING - Downloading artifacts: 100%|##########| 10/10 [00:06<00:00,  1.49it/s]
[2024-04-25T02:13:23.249+0000] {logging_mixin.py:188} WARNING - Downloading artifacts: 100%|##########| 10/10 [00:06<00:00,  1.49it/s]
[2024-04-25T02:14:13.769+0000] {logging_mixin.py:188} INFO - ROC AUC Score: 0.957703265395573
[2024-04-25T02:14:13.770+0000] {logging_mixin.py:188} INFO - 0.8689320388349514
[2024-04-25T02:14:14.516+0000] {python.py:237} INFO - Done. Returned value was: None
[2024-04-25T02:14:14.517+0000] {taskinstance.py:441} INFO - ::group::Post task execution logs
[2024-04-25T02:14:14.523+0000] {taskinstance.py:1205} INFO - Marking task as SUCCESS. dag_id=daily_task_dag, task_id=predict_data_finetune_model, execution_date=20240425T021210, start_date=20240425T021316, end_date=20240425T021414
[2024-04-25T02:14:14.592+0000] {local_task_job_runner.py:240} INFO - Task exited with return code 0
[2024-04-25T02:14:14.603+0000] {taskinstance.py:3482} INFO - 0 downstream tasks scheduled from follow-on schedule check
[2024-04-25T02:14:14.609+0000] {local_task_job_runner.py:222} INFO - ::endgroup::
