[2024-04-24T18:08:55.927+0000] {local_task_job_runner.py:120} INFO - ::group::Pre task execution logs
[2024-04-24T18:08:55.951+0000] {taskinstance.py:2073} INFO - Dependencies all met for dep_context=non-requeueable deps ti=<TaskInstance: daily_task_dag.predict_data_finetune_model manual__2024-04-24T18:07:11.774523+00:00 [queued]>
[2024-04-24T18:08:55.956+0000] {taskinstance.py:2073} INFO - Dependencies all met for dep_context=requeueable deps ti=<TaskInstance: daily_task_dag.predict_data_finetune_model manual__2024-04-24T18:07:11.774523+00:00 [queued]>
[2024-04-24T18:08:55.957+0000] {taskinstance.py:2303} INFO - Starting attempt 1 of 2
[2024-04-24T18:08:55.970+0000] {taskinstance.py:2327} INFO - Executing <Task(PythonOperator): predict_data_finetune_model> on 2024-04-24 18:07:11.774523+00:00
[2024-04-24T18:08:55.983+0000] {standard_task_runner.py:90} INFO - Running: ['***', 'tasks', 'run', 'daily_task_dag', 'predict_data_finetune_model', 'manual__2024-04-24T18:07:11.774523+00:00', '--job-id', '6', '--raw', '--subdir', 'DAGS_FOLDER/DataMLOps.py', '--cfg-path', '/tmp/tmpn2nd6zaz']
[2024-04-24T18:08:55.985+0000] {standard_task_runner.py:91} INFO - Job 6: Subtask predict_data_finetune_model
[2024-04-24T18:08:55.986+0000] {logging_mixin.py:188} WARNING - /home/***/.local/lib/python3.12/site-packages/***/task/task_runner/standard_task_runner.py:61 DeprecationWarning: This process (pid=728) is multi-threaded, use of fork() may lead to deadlocks in the child.
[2024-04-24T18:08:55.987+0000] {standard_task_runner.py:63} INFO - Started process 743 to run task
[2024-04-24T18:08:56.016+0000] {task_command.py:426} INFO - Running <TaskInstance: daily_task_dag.predict_data_finetune_model manual__2024-04-24T18:07:11.774523+00:00 [running]> on host 81cd95c93a08
[2024-04-24T18:08:56.074+0000] {taskinstance.py:2644} INFO - Exporting env vars: AIRFLOW_CTX_DAG_OWNER='***' AIRFLOW_CTX_DAG_ID='daily_task_dag' AIRFLOW_CTX_TASK_ID='predict_data_finetune_model' AIRFLOW_CTX_EXECUTION_DATE='2024-04-24T18:07:11.774523+00:00' AIRFLOW_CTX_TRY_NUMBER='1' AIRFLOW_CTX_DAG_RUN_ID='manual__2024-04-24T18:07:11.774523+00:00'
[2024-04-24T18:08:56.075+0000] {taskinstance.py:430} INFO - ::endgroup::
[2024-04-24T18:08:56.101+0000] {logging_mixin.py:188} INFO - Index(['Cleaned_Review', 'is_negative_sentiment'], dtype='object')
[2024-04-24T18:08:56.213+0000] {logging_mixin.py:188} WARNING - Downloading artifacts:   0%|          | 0/10 [00:00<?, ?it/s]
[2024-04-24T18:08:56.214+0000] {logging_mixin.py:188} WARNING - 2024/04/24 18:08:56 INFO mlflow.store.artifact.artifact_repo: The progress bar can be disabled by setting the environment variable MLFLOW_ENABLE_ARTIFACTS_PROGRESS_BAR to false
[2024-04-24T18:08:56.214+0000] {logging_mixin.py:188} WARNING - Downloading artifacts:  10%|#         | 1/10 [00:00<00:00, 1745.44it/s]
[2024-04-24T18:08:56.215+0000] {logging_mixin.py:188} WARNING - Downloading artifacts:  20%|##        | 2/10 [00:00<00:00, 1992.54it/s]
[2024-04-24T18:08:56.217+0000] {logging_mixin.py:188} WARNING - Downloading artifacts:  30%|###       | 3/10 [00:00<00:00, 985.04it/s] 
[2024-04-24T18:08:56.259+0000] {logging_mixin.py:188} WARNING - Downloading artifacts:  40%|####      | 4/10 [00:00<00:00, 87.64it/s] 
[2024-04-24T18:08:56.264+0000] {logging_mixin.py:188} WARNING - Downloading artifacts:  50%|#####     | 5/10 [00:00<00:00, 99.17it/s]
[2024-04-24T18:08:56.268+0000] {logging_mixin.py:188} WARNING - Downloading artifacts:  60%|######    | 6/10 [00:00<00:00, 111.11it/s]
[2024-04-24T18:08:56.271+0000] {logging_mixin.py:188} WARNING - Downloading artifacts:  70%|#######   | 7/10 [00:00<00:00, 122.23it/s]
[2024-04-24T18:08:56.274+0000] {logging_mixin.py:188} WARNING - Downloading artifacts:  80%|########  | 8/10 [00:00<00:00, 132.52it/s]
[2024-04-24T18:08:56.279+0000] {logging_mixin.py:188} WARNING - Downloading artifacts:  90%|######### | 9/10 [00:00<00:00, 137.84it/s]
[2024-04-24T18:09:02.472+0000] {logging_mixin.py:188} WARNING - Downloading artifacts: 100%|##########| 10/10 [00:06<00:00,  1.60it/s]
[2024-04-24T18:09:02.473+0000] {logging_mixin.py:188} WARNING - Downloading artifacts: 100%|##########| 10/10 [00:06<00:00,  1.60it/s]
[2024-04-24T18:09:02.473+0000] {logging_mixin.py:188} WARNING - Downloading artifacts: 100%|##########| 10/10 [00:06<00:00,  1.60it/s]
[2024-04-24T18:09:50.426+0000] {logging_mixin.py:188} INFO - ROC AUC Score: 0.957703265395573
[2024-04-24T18:09:50.427+0000] {logging_mixin.py:188} INFO - 0.8689320388349514
[2024-04-24T18:09:51.170+0000] {python.py:237} INFO - Done. Returned value was: None
[2024-04-24T18:09:51.171+0000] {taskinstance.py:441} INFO - ::group::Post task execution logs
[2024-04-24T18:09:51.178+0000] {taskinstance.py:1205} INFO - Marking task as SUCCESS. dag_id=daily_task_dag, task_id=predict_data_finetune_model, execution_date=20240424T180711, start_date=20240424T180855, end_date=20240424T180951
[2024-04-24T18:09:51.227+0000] {local_task_job_runner.py:240} INFO - Task exited with return code 0
[2024-04-24T18:09:51.239+0000] {taskinstance.py:3482} INFO - 0 downstream tasks scheduled from follow-on schedule check
[2024-04-24T18:09:51.243+0000] {local_task_job_runner.py:222} INFO - ::endgroup::
