[2024-04-25T02:04:29.804+0000] {local_task_job_runner.py:120} INFO - ::group::Pre task execution logs
[2024-04-25T02:04:29.826+0000] {taskinstance.py:2073} INFO - Dependencies all met for dep_context=non-requeueable deps ti=<TaskInstance: daily_task_dag.predict_data_baseline_model manual__2024-04-25T02:04:24.062993+00:00 [queued]>
[2024-04-25T02:04:29.832+0000] {taskinstance.py:2073} INFO - Dependencies all met for dep_context=requeueable deps ti=<TaskInstance: daily_task_dag.predict_data_baseline_model manual__2024-04-25T02:04:24.062993+00:00 [queued]>
[2024-04-25T02:04:29.833+0000] {taskinstance.py:2303} INFO - Starting attempt 1 of 2
[2024-04-25T02:04:29.847+0000] {taskinstance.py:2327} INFO - Executing <Task(PythonOperator): predict_data_baseline_model> on 2024-04-25 02:04:24.062993+00:00
[2024-04-25T02:04:29.862+0000] {standard_task_runner.py:90} INFO - Running: ['***', 'tasks', 'run', 'daily_task_dag', 'predict_data_baseline_model', 'manual__2024-04-25T02:04:24.062993+00:00', '--job-id', '3', '--raw', '--subdir', 'DAGS_FOLDER/DataMLOps.py', '--cfg-path', '/tmp/tmpx3uzlmcb']
[2024-04-25T02:04:29.865+0000] {standard_task_runner.py:91} INFO - Job 3: Subtask predict_data_baseline_model
[2024-04-25T02:04:29.867+0000] {logging_mixin.py:188} WARNING - /home/***/.local/lib/python3.12/site-packages/***/task/task_runner/standard_task_runner.py:61 DeprecationWarning: This process (pid=526) is multi-threaded, use of fork() may lead to deadlocks in the child.
[2024-04-25T02:04:29.868+0000] {standard_task_runner.py:63} INFO - Started process 539 to run task
[2024-04-25T02:04:29.944+0000] {task_command.py:426} INFO - Running <TaskInstance: daily_task_dag.predict_data_baseline_model manual__2024-04-25T02:04:24.062993+00:00 [running]> on host 4d4cdcf2282e
[2024-04-25T02:04:30.039+0000] {taskinstance.py:2644} INFO - Exporting env vars: AIRFLOW_CTX_DAG_OWNER='***' AIRFLOW_CTX_DAG_ID='daily_task_dag' AIRFLOW_CTX_TASK_ID='predict_data_baseline_model' AIRFLOW_CTX_EXECUTION_DATE='2024-04-25T02:04:24.062993+00:00' AIRFLOW_CTX_TRY_NUMBER='1' AIRFLOW_CTX_DAG_RUN_ID='manual__2024-04-25T02:04:24.062993+00:00'
[2024-04-25T02:04:30.040+0000] {taskinstance.py:430} INFO - ::endgroup::
[2024-04-25T02:04:30.215+0000] {logging_mixin.py:188} WARNING - /opt/***/dags/DataMLOps.py:551 UserWarning: pandas only supports SQLAlchemy connectable (engine/connection) or database string URI or sqlite3 DBAPI2 connection. Other DBAPI2 objects are not tested. Please consider using SQLAlchemy.
[2024-04-25T02:04:30.414+0000] {logging_mixin.py:188} INFO -    index  ...                                     review_cleaned
0    474  ...  denpasar ngurah rai via bandung bad I ve ever ...
1    475  ...  jakarta bali despite dire review wife book fli...
2    473  ...  jakarta kuala lumpur delay hour first time sit...
3    472  ...  pekanbaru penang via kuala namu painfully long...
4    471  ...  fly jakarta padang second fly last three week ...

[5 rows x 24 columns]
[2024-04-25T02:04:30.985+0000] {logging_mixin.py:188} WARNING - Downloading artifacts:   0%|          | 0/10 [00:00<?, ?it/s]
[2024-04-25T02:04:30.986+0000] {logging_mixin.py:188} WARNING - 2024/04/25 02:04:30 INFO mlflow.store.artifact.artifact_repo: The progress bar can be disabled by setting the environment variable MLFLOW_ENABLE_ARTIFACTS_PROGRESS_BAR to false
[2024-04-25T02:04:30.986+0000] {logging_mixin.py:188} WARNING - Downloading artifacts:  10%|#         | 1/10 [00:00<00:00, 1751.28it/s]
[2024-04-25T02:04:30.987+0000] {logging_mixin.py:188} WARNING - Downloading artifacts:  20%|##        | 2/10 [00:00<00:00, 1679.40it/s]
[2024-04-25T02:04:30.990+0000] {logging_mixin.py:188} WARNING - Downloading artifacts:  30%|###       | 3/10 [00:00<00:00, 756.50it/s] 
[2024-04-25T02:04:31.015+0000] {logging_mixin.py:188} WARNING - Downloading artifacts:  40%|####      | 4/10 [00:00<00:00, 134.77it/s]
[2024-04-25T02:04:31.042+0000] {logging_mixin.py:188} WARNING - Downloading artifacts:  50%|#####     | 5/10 [00:00<00:00, 89.11it/s] 
[2024-04-25T02:04:31.049+0000] {logging_mixin.py:188} WARNING - Downloading artifacts:  60%|######    | 6/10 [00:00<00:00, 95.46it/s]
[2024-04-25T02:04:31.057+0000] {logging_mixin.py:188} WARNING - Downloading artifacts:  70%|#######   | 7/10 [00:00<00:00, 98.44it/s]
[2024-04-25T02:04:31.060+0000] {logging_mixin.py:188} WARNING - Downloading artifacts:  80%|########  | 8/10 [00:00<00:00, 107.73it/s]
[2024-04-25T02:04:31.062+0000] {logging_mixin.py:188} WARNING - Downloading artifacts:  90%|######### | 9/10 [00:00<00:00, 118.60it/s]
[2024-04-25T02:04:37.664+0000] {logging_mixin.py:188} WARNING - Downloading artifacts: 100%|##########| 10/10 [00:06<00:00,  1.50it/s]
[2024-04-25T02:04:37.664+0000] {logging_mixin.py:188} WARNING - Downloading artifacts: 100%|##########| 10/10 [00:06<00:00,  1.50it/s]
[2024-04-25T02:04:37.665+0000] {logging_mixin.py:188} WARNING - Downloading artifacts: 100%|##########| 10/10 [00:06<00:00,  1.50it/s]
[2024-04-25T02:05:28.221+0000] {logging_mixin.py:188} INFO - ROC AUC Score: 0.9576302140404704
[2024-04-25T02:05:28.221+0000] {logging_mixin.py:188} INFO - 0.8689320388349514
[2024-04-25T02:05:29.064+0000] {python.py:237} INFO - Done. Returned value was: None
[2024-04-25T02:05:29.066+0000] {taskinstance.py:441} INFO - ::group::Post task execution logs
[2024-04-25T02:05:29.072+0000] {taskinstance.py:1205} INFO - Marking task as SUCCESS. dag_id=daily_task_dag, task_id=predict_data_baseline_model, execution_date=20240425T020424, start_date=20240425T020429, end_date=20240425T020529
[2024-04-25T02:05:29.143+0000] {local_task_job_runner.py:240} INFO - Task exited with return code 0
[2024-04-25T02:05:29.164+0000] {taskinstance.py:3482} INFO - 1 downstream tasks scheduled from follow-on schedule check
[2024-04-25T02:05:29.169+0000] {local_task_job_runner.py:222} INFO - ::endgroup::
