[2024-04-25T02:07:58.413+0000] {local_task_job_runner.py:120} INFO - ::group::Pre task execution logs
[2024-04-25T02:07:58.447+0000] {taskinstance.py:2073} INFO - Dependencies all met for dep_context=non-requeueable deps ti=<TaskInstance: daily_task_dag.predict_data_baseline_model manual__2024-04-25T02:07:51.012708+00:00 [queued]>
[2024-04-25T02:07:58.460+0000] {taskinstance.py:2073} INFO - Dependencies all met for dep_context=requeueable deps ti=<TaskInstance: daily_task_dag.predict_data_baseline_model manual__2024-04-25T02:07:51.012708+00:00 [queued]>
[2024-04-25T02:07:58.460+0000] {taskinstance.py:2303} INFO - Starting attempt 1 of 2
[2024-04-25T02:07:58.479+0000] {taskinstance.py:2327} INFO - Executing <Task(PythonOperator): predict_data_baseline_model> on 2024-04-25 02:07:51.012708+00:00
[2024-04-25T02:07:58.498+0000] {standard_task_runner.py:90} INFO - Running: ['***', 'tasks', 'run', 'daily_task_dag', 'predict_data_baseline_model', 'manual__2024-04-25T02:07:51.012708+00:00', '--job-id', '7', '--raw', '--subdir', 'DAGS_FOLDER/DataMLOps.py', '--cfg-path', '/tmp/tmpkon5o0ev']
[2024-04-25T02:07:58.501+0000] {standard_task_runner.py:91} INFO - Job 7: Subtask predict_data_baseline_model
[2024-04-25T02:07:58.503+0000] {logging_mixin.py:188} WARNING - /home/***/.local/lib/python3.12/site-packages/***/task/task_runner/standard_task_runner.py:61 DeprecationWarning: This process (pid=845) is multi-threaded, use of fork() may lead to deadlocks in the child.
[2024-04-25T02:07:58.503+0000] {standard_task_runner.py:63} INFO - Started process 858 to run task
[2024-04-25T02:07:58.567+0000] {task_command.py:426} INFO - Running <TaskInstance: daily_task_dag.predict_data_baseline_model manual__2024-04-25T02:07:51.012708+00:00 [running]> on host 4d4cdcf2282e
[2024-04-25T02:07:58.676+0000] {taskinstance.py:2644} INFO - Exporting env vars: AIRFLOW_CTX_DAG_OWNER='***' AIRFLOW_CTX_DAG_ID='daily_task_dag' AIRFLOW_CTX_TASK_ID='predict_data_baseline_model' AIRFLOW_CTX_EXECUTION_DATE='2024-04-25T02:07:51.012708+00:00' AIRFLOW_CTX_TRY_NUMBER='1' AIRFLOW_CTX_DAG_RUN_ID='manual__2024-04-25T02:07:51.012708+00:00'
[2024-04-25T02:07:58.677+0000] {taskinstance.py:430} INFO - ::endgroup::
[2024-04-25T02:07:58.833+0000] {logging_mixin.py:188} WARNING - /opt/***/dags/DataMLOps.py:551 UserWarning: pandas only supports SQLAlchemy connectable (engine/connection) or database string URI or sqlite3 DBAPI2 connection. Other DBAPI2 objects are not tested. Please consider using SQLAlchemy.
[2024-04-25T02:07:58.905+0000] {logging_mixin.py:188} INFO -                                       review_cleaned Recommended
0  denpasar ngurah rai via bandung bad I ve ever ...          no
1  jakarta bali despite dire review wife book fli...          no
2  jakarta kuala lumpur delay hour first time sit...          no
3  pekanbaru penang via kuala namu painfully long...          no
4  fly jakarta padang second fly last three week ...          no
[2024-04-25T02:07:58.912+0000] {logging_mixin.py:188} INFO - <class 'pandas.core.frame.DataFrame'>
RangeIndex: 676 entries, 0 to 675
Data columns (total 2 columns):
 #   Column          Non-Null Count  Dtype 
---  ------          --------------  ----- 
 0   review_cleaned  676 non-null    object
 1   Recommended     676 non-null    object
dtypes: object(2)
memory usage: 10.7+ KB
[2024-04-25T02:07:58.913+0000] {logging_mixin.py:188} INFO - None
[2024-04-25T02:07:59.090+0000] {logging_mixin.py:188} WARNING - Downloading artifacts:   0%|          | 0/10 [00:00<?, ?it/s]
[2024-04-25T02:07:59.091+0000] {logging_mixin.py:188} WARNING - 2024/04/25 02:07:59 INFO mlflow.store.artifact.artifact_repo: The progress bar can be disabled by setting the environment variable MLFLOW_ENABLE_ARTIFACTS_PROGRESS_BAR to false
[2024-04-25T02:07:59.092+0000] {logging_mixin.py:188} WARNING - Downloading artifacts:  10%|#         | 1/10 [00:00<00:00, 731.61it/s]
[2024-04-25T02:07:59.093+0000] {logging_mixin.py:188} WARNING - Downloading artifacts:  20%|##        | 2/10 [00:00<00:00, 962.22it/s]
[2024-04-25T02:07:59.094+0000] {logging_mixin.py:188} WARNING - Downloading artifacts:  30%|###       | 3/10 [00:00<00:00, 1018.86it/s]
[2024-04-25T02:07:59.154+0000] {logging_mixin.py:188} WARNING - Downloading artifacts:  40%|####      | 4/10 [00:00<00:00, 63.38it/s]  
[2024-04-25T02:07:59.176+0000] {logging_mixin.py:188} WARNING - Downloading artifacts:  50%|#####     | 5/10 [00:00<00:00, 58.75it/s]
[2024-04-25T02:07:59.187+0000] {logging_mixin.py:188} WARNING - Downloading artifacts:  60%|######    | 6/10 [00:00<00:00, 62.46it/s]
[2024-04-25T02:07:59.189+0000] {logging_mixin.py:188} WARNING - Downloading artifacts:  70%|#######   | 7/10 [00:00<00:00, 71.46it/s]
[2024-04-25T02:07:59.193+0000] {logging_mixin.py:188} WARNING - Downloading artifacts:  80%|########  | 8/10 [00:00<00:00, 78.59it/s]
[2024-04-25T02:07:59.194+0000] {logging_mixin.py:188} WARNING - Downloading artifacts:  80%|########  | 8/10 [00:00<00:00, 78.59it/s]
[2024-04-25T02:07:59.196+0000] {logging_mixin.py:188} WARNING - Downloading artifacts:  90%|######### | 9/10 [00:00<00:00, 78.59it/s]
[2024-04-25T02:08:09.782+0000] {logging_mixin.py:188} WARNING - Downloading artifacts: 100%|##########| 10/10 [00:10<00:00, 78.59it/s]
[2024-04-25T02:08:09.784+0000] {logging_mixin.py:188} WARNING - Downloading artifacts: 100%|##########| 10/10 [00:10<00:00,  1.07s/it]
[2024-04-25T02:09:08.269+0000] {logging_mixin.py:188} INFO - ROC AUC Score: 0.9576302140404704
[2024-04-25T02:09:08.269+0000] {logging_mixin.py:188} INFO - 0.8689320388349514
[2024-04-25T02:09:08.930+0000] {python.py:237} INFO - Done. Returned value was: None
[2024-04-25T02:09:08.931+0000] {taskinstance.py:441} INFO - ::group::Post task execution logs
[2024-04-25T02:09:08.939+0000] {taskinstance.py:1205} INFO - Marking task as SUCCESS. dag_id=daily_task_dag, task_id=predict_data_baseline_model, execution_date=20240425T020751, start_date=20240425T020758, end_date=20240425T020908
[2024-04-25T02:09:08.996+0000] {local_task_job_runner.py:240} INFO - Task exited with return code 0
[2024-04-25T02:09:09.013+0000] {taskinstance.py:3482} INFO - 1 downstream tasks scheduled from follow-on schedule check
[2024-04-25T02:09:09.018+0000] {local_task_job_runner.py:222} INFO - ::endgroup::
