[2024-04-25T02:09:13.710+0000] {local_task_job_runner.py:120} INFO - ::group::Pre task execution logs
[2024-04-25T02:09:13.739+0000] {taskinstance.py:2073} INFO - Dependencies all met for dep_context=non-requeueable deps ti=<TaskInstance: daily_task_dag.predict_data_finetune_model manual__2024-04-25T02:07:51.012708+00:00 [queued]>
[2024-04-25T02:09:13.745+0000] {taskinstance.py:2073} INFO - Dependencies all met for dep_context=requeueable deps ti=<TaskInstance: daily_task_dag.predict_data_finetune_model manual__2024-04-25T02:07:51.012708+00:00 [queued]>
[2024-04-25T02:09:13.746+0000] {taskinstance.py:2303} INFO - Starting attempt 1 of 2
[2024-04-25T02:09:13.764+0000] {taskinstance.py:2327} INFO - Executing <Task(PythonOperator): predict_data_finetune_model> on 2024-04-25 02:07:51.012708+00:00
[2024-04-25T02:09:13.775+0000] {standard_task_runner.py:90} INFO - Running: ['***', 'tasks', 'run', 'daily_task_dag', 'predict_data_finetune_model', 'manual__2024-04-25T02:07:51.012708+00:00', '--job-id', '9', '--raw', '--subdir', 'DAGS_FOLDER/DataMLOps.py', '--cfg-path', '/tmp/tmpkrgefzf1']
[2024-04-25T02:09:13.777+0000] {standard_task_runner.py:91} INFO - Job 9: Subtask predict_data_finetune_model
[2024-04-25T02:09:13.779+0000] {logging_mixin.py:188} WARNING - /home/***/.local/lib/python3.12/site-packages/***/task/task_runner/standard_task_runner.py:61 DeprecationWarning: This process (pid=961) is multi-threaded, use of fork() may lead to deadlocks in the child.
[2024-04-25T02:09:13.779+0000] {standard_task_runner.py:63} INFO - Started process 983 to run task
[2024-04-25T02:09:13.811+0000] {task_command.py:426} INFO - Running <TaskInstance: daily_task_dag.predict_data_finetune_model manual__2024-04-25T02:07:51.012708+00:00 [running]> on host 4d4cdcf2282e
[2024-04-25T02:09:13.880+0000] {taskinstance.py:2644} INFO - Exporting env vars: AIRFLOW_CTX_DAG_OWNER='***' AIRFLOW_CTX_DAG_ID='daily_task_dag' AIRFLOW_CTX_TASK_ID='predict_data_finetune_model' AIRFLOW_CTX_EXECUTION_DATE='2024-04-25T02:07:51.012708+00:00' AIRFLOW_CTX_TRY_NUMBER='1' AIRFLOW_CTX_DAG_RUN_ID='manual__2024-04-25T02:07:51.012708+00:00'
[2024-04-25T02:09:13.881+0000] {taskinstance.py:430} INFO - ::endgroup::
[2024-04-25T02:09:13.904+0000] {logging_mixin.py:188} INFO - Index(['Cleaned_Review', 'is_negative_sentiment'], dtype='object')
[2024-04-25T02:09:14.038+0000] {logging_mixin.py:188} WARNING - Downloading artifacts:   0%|          | 0/10 [00:00<?, ?it/s]
[2024-04-25T02:09:14.039+0000] {logging_mixin.py:188} WARNING - 2024/04/25 02:09:14 INFO mlflow.store.artifact.artifact_repo: The progress bar can be disabled by setting the environment variable MLFLOW_ENABLE_ARTIFACTS_PROGRESS_BAR to false
[2024-04-25T02:09:14.040+0000] {logging_mixin.py:188} WARNING - Downloading artifacts:  10%|#         | 1/10 [00:00<00:00, 1004.14it/s]
[2024-04-25T02:09:14.040+0000] {logging_mixin.py:188} WARNING - Downloading artifacts:  20%|##        | 2/10 [00:00<00:00, 1405.13it/s]
[2024-04-25T02:09:14.041+0000] {logging_mixin.py:188} WARNING - Downloading artifacts:  30%|###       | 3/10 [00:00<00:00, 1525.76it/s]
[2024-04-25T02:09:14.080+0000] {logging_mixin.py:188} WARNING - Downloading artifacts:  40%|####      | 4/10 [00:00<00:00, 98.56it/s]  
[2024-04-25T02:09:14.097+0000] {logging_mixin.py:188} WARNING - Downloading artifacts:  50%|#####     | 5/10 [00:00<00:00, 87.02it/s]
[2024-04-25T02:09:14.099+0000] {logging_mixin.py:188} WARNING - Downloading artifacts:  60%|######    | 6/10 [00:00<00:00, 100.81it/s]
[2024-04-25T02:09:14.104+0000] {logging_mixin.py:188} WARNING - Downloading artifacts:  70%|#######   | 7/10 [00:00<00:00, 107.55it/s]
[2024-04-25T02:09:14.116+0000] {logging_mixin.py:188} WARNING - Downloading artifacts:  80%|########  | 8/10 [00:00<00:00, 103.38it/s]
[2024-04-25T02:09:14.119+0000] {logging_mixin.py:188} WARNING - Downloading artifacts:  90%|######### | 9/10 [00:00<00:00, 113.12it/s]
[2024-04-25T02:09:21.268+0000] {logging_mixin.py:188} WARNING - Downloading artifacts: 100%|##########| 10/10 [00:07<00:00,  1.38it/s]
[2024-04-25T02:09:21.269+0000] {logging_mixin.py:188} WARNING - Downloading artifacts: 100%|##########| 10/10 [00:07<00:00,  1.38it/s]
[2024-04-25T02:09:21.269+0000] {logging_mixin.py:188} WARNING - Downloading artifacts: 100%|##########| 10/10 [00:07<00:00,  1.38it/s]
[2024-04-25T02:12:10.598+0000] {local_task_job_runner.py:310} WARNING - State of this instance has been externally set to failed. Terminating instance.
[2024-04-25T02:12:10.604+0000] {local_task_job_runner.py:222} INFO - ::endgroup::
[2024-04-25T02:12:10.615+0000] {process_utils.py:132} INFO - Sending 15 to group 983. PIDs of all processes in the group: [983]
[2024-04-25T02:12:10.633+0000] {process_utils.py:87} INFO - Sending the signal 15 to group 983
[2024-04-25T02:12:10.665+0000] {taskinstance.py:2607} ERROR - Received SIGTERM. Terminating subprocesses.
[2024-04-25T02:12:10.717+0000] {taskinstance.py:441} INFO - ::group::Post task execution logs
[2024-04-25T02:12:10.914+0000] {process_utils.py:80} INFO - Process psutil.Process(pid=983, status='terminated', exitcode=0, started='02:09:13') (983) terminated with exit code 0
