[2024-04-24T17:46:17.514+0000] {local_task_job_runner.py:120} INFO - ::group::Pre task execution logs
[2024-04-24T17:46:17.534+0000] {taskinstance.py:2073} INFO - Dependencies all met for dep_context=non-requeueable deps ti=<TaskInstance: daily_task_dag.upload_base_model manual__2024-04-24T17:46:12.151954+00:00 [queued]>
[2024-04-24T17:46:17.540+0000] {taskinstance.py:2073} INFO - Dependencies all met for dep_context=requeueable deps ti=<TaskInstance: daily_task_dag.upload_base_model manual__2024-04-24T17:46:12.151954+00:00 [queued]>
[2024-04-24T17:46:17.540+0000] {taskinstance.py:2303} INFO - Starting attempt 1 of 2
[2024-04-24T17:46:17.551+0000] {taskinstance.py:2327} INFO - Executing <Task(PythonOperator): upload_base_model> on 2024-04-24 17:46:12.151954+00:00
[2024-04-24T17:46:17.560+0000] {standard_task_runner.py:90} INFO - Running: ['***', 'tasks', 'run', 'daily_task_dag', 'upload_base_model', 'manual__2024-04-24T17:46:12.151954+00:00', '--job-id', '3', '--raw', '--subdir', 'DAGS_FOLDER/DataMLOps.py', '--cfg-path', '/tmp/tmp5kw5v8im']
[2024-04-24T17:46:17.562+0000] {standard_task_runner.py:91} INFO - Job 3: Subtask upload_base_model
[2024-04-24T17:46:17.563+0000] {logging_mixin.py:188} WARNING - /home/***/.local/lib/python3.12/site-packages/***/task/task_runner/standard_task_runner.py:61 DeprecationWarning: This process (pid=367) is multi-threaded, use of fork() may lead to deadlocks in the child.
[2024-04-24T17:46:17.564+0000] {standard_task_runner.py:63} INFO - Started process 380 to run task
[2024-04-24T17:46:17.592+0000] {task_command.py:426} INFO - Running <TaskInstance: daily_task_dag.upload_base_model manual__2024-04-24T17:46:12.151954+00:00 [running]> on host 8a1adea61cd5
[2024-04-24T17:46:17.651+0000] {taskinstance.py:2644} INFO - Exporting env vars: AIRFLOW_CTX_DAG_OWNER='***' AIRFLOW_CTX_DAG_ID='daily_task_dag' AIRFLOW_CTX_TASK_ID='upload_base_model' AIRFLOW_CTX_EXECUTION_DATE='2024-04-24T17:46:12.151954+00:00' AIRFLOW_CTX_TRY_NUMBER='1' AIRFLOW_CTX_DAG_RUN_ID='manual__2024-04-24T17:46:12.151954+00:00'
[2024-04-24T17:46:17.652+0000] {taskinstance.py:430} INFO - ::endgroup::
[2024-04-24T17:46:17.670+0000] {logging_mixin.py:188} INFO - loading data
[2024-04-24T17:46:17.681+0000] {logging_mixin.py:188} INFO - loading model
[2024-04-24T17:46:19.955+0000] {logging_mixin.py:188} INFO - preparing data
[2024-04-24T17:46:19.956+0000] {logging_mixin.py:188} INFO - PREDICTING data
[2024-04-24T17:47:05.160+0000] {logging_mixin.py:188} INFO - ROC AUC Score: 0.9576302140404704
[2024-04-24T17:47:05.161+0000] {logging_mixin.py:188} INFO - 0.8689320388349514
[2024-04-24T17:47:05.161+0000] {logging_mixin.py:188} INFO - uploading model
[2024-04-24T17:47:05.203+0000] {logging_mixin.py:188} WARNING - 2024/04/24 17:47:05 INFO mlflow.tracking.fluent: Experiment with name 'MLflow Tutorial - Baseline Model V2' does not exist. Creating a new experiment.
[2024-04-24T17:47:05.280+0000] {logging_mixin.py:188} WARNING - 2024/04/24 17:47:05 WARNING mlflow.utils.git_utils: Failed to import Git (the Git executable is probably not on your PATH), so Git SHA is not available. Error: Failed to initialize: Bad git executable.
The git executable must be specified in one of the following ways:
    - be included in your $PATH
    - be set via $GIT_PYTHON_GIT_EXECUTABLE
    - explicitly set via git.refresh(<full-path-to-git-executable>)

All git commands will error until this is rectified.

This initial message can be silenced or aggravated in the future by setting the
$GIT_PYTHON_REFRESH environment variable. Use one of the following values:
    - quiet|q|silence|s|silent|none|n|0: for no message or exception
    - warn|w|warning|log|l|1: for a warning message (logging level CRITICAL, displayed by default)
    - error|e|exception|raise|r|2: for a raised exception

Example:
    export GIT_PYTHON_REFRESH=quiet
[2024-04-24T17:47:06.256+0000] {logging_mixin.py:188} WARNING - /home/***/.local/lib/python3.12/site-packages/mlflow/types/utils.py:394 UserWarning: Hint: Inferred schema contains integer column(s). Integer columns in Python cannot represent missing values. If your input data contains missing values at inference time, it will be encoded as floats and will cause a schema enforcement error. The best way to avoid this problem is to infer the model schema based on a realistic data sample (training dataset) that includes missing values. Alternatively, you can declare integer columns as doubles (float64) whenever these columns may have missing values. See `Handling Integers With Missing Values <https://www.mlflow.org/docs/latest/models.html#handling-integers-with-missing-values>`_ for more details.
[2024-04-24T17:47:08.939+0000] {logging_mixin.py:188} WARNING - Successfully registered model 'mlops_baseline_model_new'.
[2024-04-24T17:47:08.963+0000] {logging_mixin.py:188} WARNING - 2024/04/24 17:47:08 INFO mlflow.store.model_registry.abstract_store: Waiting up to 300 seconds for model version to finish creation. Model name: mlops_baseline_model_new, version 1
[2024-04-24T17:47:08.964+0000] {logging_mixin.py:188} WARNING - Created version '1' of model 'mlops_baseline_model_new'.
[2024-04-24T17:47:08.983+0000] {logging_mixin.py:188} INFO - runs:/6ed1f2ddd2a34c35ad138385f7895368/mlops_baseline_model_new
[2024-04-24T17:47:09.001+0000] {python.py:237} INFO - Done. Returned value was: None
[2024-04-24T17:47:09.002+0000] {taskinstance.py:441} INFO - ::group::Post task execution logs
[2024-04-24T17:47:09.008+0000] {taskinstance.py:1205} INFO - Marking task as SUCCESS. dag_id=daily_task_dag, task_id=upload_base_model, execution_date=20240424T174612, start_date=20240424T174617, end_date=20240424T174709
[2024-04-24T17:47:09.074+0000] {local_task_job_runner.py:240} INFO - Task exited with return code 0
[2024-04-24T17:47:09.090+0000] {taskinstance.py:3482} INFO - 1 downstream tasks scheduled from follow-on schedule check
[2024-04-24T17:47:09.101+0000] {local_task_job_runner.py:222} INFO - ::endgroup::
