[2024-04-25T02:12:17.191+0000] {local_task_job_runner.py:120} INFO - ::group::Pre task execution logs
[2024-04-25T02:12:17.221+0000] {taskinstance.py:2073} INFO - Dependencies all met for dep_context=non-requeueable deps ti=<TaskInstance: daily_task_dag.predict_data_baseline_model manual__2024-04-25T02:12:10.047963+00:00 [queued]>
[2024-04-25T02:12:17.227+0000] {taskinstance.py:2073} INFO - Dependencies all met for dep_context=requeueable deps ti=<TaskInstance: daily_task_dag.predict_data_baseline_model manual__2024-04-25T02:12:10.047963+00:00 [queued]>
[2024-04-25T02:12:17.227+0000] {taskinstance.py:2303} INFO - Starting attempt 1 of 2
[2024-04-25T02:12:17.239+0000] {taskinstance.py:2327} INFO - Executing <Task(PythonOperator): predict_data_baseline_model> on 2024-04-25 02:12:10.047963+00:00
[2024-04-25T02:12:17.252+0000] {standard_task_runner.py:90} INFO - Running: ['***', 'tasks', 'run', 'daily_task_dag', 'predict_data_baseline_model', 'manual__2024-04-25T02:12:10.047963+00:00', '--job-id', '11', '--raw', '--subdir', 'DAGS_FOLDER/DataMLOps.py', '--cfg-path', '/tmp/tmpha3b0dk4']
[2024-04-25T02:12:17.254+0000] {standard_task_runner.py:91} INFO - Job 11: Subtask predict_data_baseline_model
[2024-04-25T02:12:17.255+0000] {logging_mixin.py:188} WARNING - /home/***/.local/lib/python3.12/site-packages/***/task/task_runner/standard_task_runner.py:61 DeprecationWarning: This process (pid=1183) is multi-threaded, use of fork() may lead to deadlocks in the child.
[2024-04-25T02:12:17.256+0000] {standard_task_runner.py:63} INFO - Started process 1198 to run task
[2024-04-25T02:12:17.285+0000] {task_command.py:426} INFO - Running <TaskInstance: daily_task_dag.predict_data_baseline_model manual__2024-04-25T02:12:10.047963+00:00 [running]> on host 4d4cdcf2282e
[2024-04-25T02:12:17.350+0000] {taskinstance.py:2644} INFO - Exporting env vars: AIRFLOW_CTX_DAG_OWNER='***' AIRFLOW_CTX_DAG_ID='daily_task_dag' AIRFLOW_CTX_TASK_ID='predict_data_baseline_model' AIRFLOW_CTX_EXECUTION_DATE='2024-04-25T02:12:10.047963+00:00' AIRFLOW_CTX_TRY_NUMBER='1' AIRFLOW_CTX_DAG_RUN_ID='manual__2024-04-25T02:12:10.047963+00:00'
[2024-04-25T02:12:17.351+0000] {taskinstance.py:430} INFO - ::endgroup::
[2024-04-25T02:12:17.480+0000] {logging_mixin.py:188} WARNING - /opt/***/dags/DataMLOps.py:551 UserWarning: pandas only supports SQLAlchemy connectable (engine/connection) or database string URI or sqlite3 DBAPI2 connection. Other DBAPI2 objects are not tested. Please consider using SQLAlchemy.
[2024-04-25T02:12:17.550+0000] {logging_mixin.py:188} INFO -                                       review_cleaned  Recommended
0  denpasar ngurah rai via bandung bad I ve ever ...            0
1  jakarta bali despite dire review wife book fli...            0
2  jakarta kuala lumpur delay hour first time sit...            0
3  pekanbaru penang via kuala namu painfully long...            0
4  fly jakarta padang second fly last three week ...            0
[2024-04-25T02:12:17.557+0000] {logging_mixin.py:188} INFO - <class 'pandas.core.frame.DataFrame'>
RangeIndex: 676 entries, 0 to 675
Data columns (total 2 columns):
 #   Column          Non-Null Count  Dtype 
---  ------          --------------  ----- 
 0   review_cleaned  676 non-null    object
 1   Recommended     676 non-null    int64 
dtypes: int64(1), object(1)
memory usage: 10.7+ KB
[2024-04-25T02:12:17.558+0000] {logging_mixin.py:188} INFO - None
[2024-04-25T02:12:17.563+0000] {logging_mixin.py:188} INFO - review_cleaned                                                                                                                                                                                                                                                                                                                                                                                                                                                                                                                                                                                                                                                                Recommended
I fly many year thinking switch th jan f seat experience cabin crew arrogant web checkin try book meal giving option cancel crew offer sandwich ask alternative book explain leave beverage water offer new crew really pathetic                                                                                                                                                                                                                                                                                                                                                                                                                                              0              1
nightmare experience old experienced traveler book early coincide connect back two week fly spend week speak change australia early time option offer give hour layover airport unacceptable unacceptable anyone research book less objectionable alternative lose time family inconvenient another family member drive airport valuable time arrive melbourne airport midnight be not anywhere sit hour layover chair sit cold metal window sill make carry bag change charge additional gate bag big never unsympathetic unbendable act like change problem                                                                                                                 0              1
narithtra apiwal help alot check though misguided airport staff look change flight provide excellent customer service thank air asia great skilled customer service representative look customer provide great customer service                                                                                                                                                                                                                                                                                                                                                                                                                                               0              1
need focus customer service fine print term condition show service empathy                                                                                                                                                                                                                                                                                                                                                                                                                                                                                                                                                                                                    0              1
never bad experience air h paris jakarta jakarta bali several hour delay information provide                                                                                                                                                                                                                                                                                                                                                                                                                                                                                                                                                                                  0              1
                                                                                                                                                                                                                                                                                                                                                                                                                                                                                                                                                                                                                                                                                            ..
disgusting service pay cancel flight international flight home notification compensation hold hour half holiday chat resolution outside refund alleviate issue still need home book another connect accommodation lose day holiday addition lose money exist accommodation customer service pathetic complaint department management speak completely apathetic response care whatsoever really unhappy never fly despite pay meal burn crusty tiny meal hour leg despite pre order meal will not order complimentary meal snack despite long haul flight wear dirty airplane break seat belt arm rest pay extra reputable treat like human will not ruin end start vacation  0              1
do not know begin pay extra extra legroom day check booking see move normal seat call change back go check airport give seat someone else seat pay do not sit together key issue include extremely hard uncomfortable seat little legroom inflight entertainment bad food ever misfortune eat absolutely full plane still hour comfort welcome be not business class option premium economy seriously honesty murray bus sydney far comfortable never fly ever                                                                                                                                                                                                                0              1
do not know get short age seat apart feel like legroom normal be not cramp everything else still expect budget airline price complain bangkok kaohsiung know clean cabin fuss service food                                                                                                                                                                                                                                                                                                                                                                                                                                                                                    0              1
do not like blanket plane cold do not buy seat do not recline forgot use neck pillow could not change ore order food option shock anyways turn avoid use future                                                                                                                                                                                                                                                                                                                                                                                                                                                                                                               0              1
yearold father fly abu dhabi kochi e delay hour last night schedule due depart abu dhabi terminal arrive airport find checkin move boarding back father face lot inconvenience lose time stress due could not lounge prior departure frustrated airline                                                                                                                                                                                                                                                                                                                                                                                                                       0              1
Name: count, Length: 676, dtype: int64
[2024-04-25T02:12:17.687+0000] {logging_mixin.py:188} WARNING - Downloading artifacts:   0%|          | 0/10 [00:00<?, ?it/s]
[2024-04-25T02:12:17.687+0000] {logging_mixin.py:188} WARNING - 2024/04/25 02:12:17 INFO mlflow.store.artifact.artifact_repo: The progress bar can be disabled by setting the environment variable MLFLOW_ENABLE_ARTIFACTS_PROGRESS_BAR to false
[2024-04-25T02:12:17.688+0000] {logging_mixin.py:188} WARNING - Downloading artifacts:  10%|#         | 1/10 [00:00<00:00, 1770.50it/s]
[2024-04-25T02:12:17.688+0000] {logging_mixin.py:188} WARNING - Downloading artifacts:  20%|##        | 2/10 [00:00<00:00, 1895.30it/s]
[2024-04-25T02:12:17.689+0000] {logging_mixin.py:188} WARNING - Downloading artifacts:  30%|###       | 3/10 [00:00<00:00, 1895.30it/s]
[2024-04-25T02:12:17.729+0000] {logging_mixin.py:188} WARNING - Downloading artifacts:  40%|####      | 4/10 [00:00<00:00, 95.16it/s]  
[2024-04-25T02:12:17.998+0000] {logging_mixin.py:188} WARNING - Downloading artifacts:  50%|#####     | 5/10 [00:00<00:00, 16.11it/s]
[2024-04-25T02:12:17.998+0000] {logging_mixin.py:188} WARNING - Downloading artifacts:  50%|#####     | 5/10 [00:00<00:00, 16.11it/s]
[2024-04-25T02:12:17.999+0000] {logging_mixin.py:188} WARNING - Downloading artifacts:  60%|######    | 6/10 [00:00<00:00, 16.11it/s]
[2024-04-25T02:12:18.006+0000] {logging_mixin.py:188} WARNING - Downloading artifacts:  70%|#######   | 7/10 [00:00<00:00, 16.11it/s]
[2024-04-25T02:12:18.018+0000] {logging_mixin.py:188} WARNING - Downloading artifacts:  80%|########  | 8/10 [00:00<00:00, 16.11it/s]
[2024-04-25T02:12:18.020+0000] {logging_mixin.py:188} WARNING - Downloading artifacts:  90%|######### | 9/10 [00:00<00:00, 16.11it/s]
[2024-04-25T02:12:23.877+0000] {logging_mixin.py:188} WARNING - Downloading artifacts: 100%|##########| 10/10 [00:06<00:00,  1.39it/s]
[2024-04-25T02:12:23.878+0000] {logging_mixin.py:188} WARNING - Downloading artifacts: 100%|##########| 10/10 [00:06<00:00,  1.39it/s]
[2024-04-25T02:12:23.878+0000] {logging_mixin.py:188} WARNING - Downloading artifacts: 100%|##########| 10/10 [00:06<00:00,  1.62it/s]
[2024-04-25T02:13:11.478+0000] {logging_mixin.py:188} INFO - ROC AUC Score: 0.9576302140404704
[2024-04-25T02:13:11.478+0000] {logging_mixin.py:188} INFO - 0.8689320388349514
[2024-04-25T02:13:12.210+0000] {python.py:237} INFO - Done. Returned value was: None
[2024-04-25T02:13:12.211+0000] {taskinstance.py:441} INFO - ::group::Post task execution logs
[2024-04-25T02:13:12.217+0000] {taskinstance.py:1205} INFO - Marking task as SUCCESS. dag_id=daily_task_dag, task_id=predict_data_baseline_model, execution_date=20240425T021210, start_date=20240425T021217, end_date=20240425T021312
[2024-04-25T02:13:12.264+0000] {local_task_job_runner.py:240} INFO - Task exited with return code 0
[2024-04-25T02:13:12.280+0000] {taskinstance.py:3482} INFO - 1 downstream tasks scheduled from follow-on schedule check
[2024-04-25T02:13:12.284+0000] {local_task_job_runner.py:222} INFO - ::endgroup::
