[2024-04-24T18:07:54.833+0000] {local_task_job_runner.py:120} INFO - ::group::Pre task execution logs
[2024-04-24T18:07:54.854+0000] {taskinstance.py:2073} INFO - Dependencies all met for dep_context=non-requeueable deps ti=<TaskInstance: daily_task_dag.predict_data_baseline_model manual__2024-04-24T18:07:11.774523+00:00 [queued]>
[2024-04-24T18:07:54.859+0000] {taskinstance.py:2073} INFO - Dependencies all met for dep_context=requeueable deps ti=<TaskInstance: daily_task_dag.predict_data_baseline_model manual__2024-04-24T18:07:11.774523+00:00 [queued]>
[2024-04-24T18:07:54.860+0000] {taskinstance.py:2303} INFO - Starting attempt 1 of 2
[2024-04-24T18:07:54.872+0000] {taskinstance.py:2327} INFO - Executing <Task(PythonOperator): predict_data_baseline_model> on 2024-04-24 18:07:11.774523+00:00
[2024-04-24T18:07:54.885+0000] {standard_task_runner.py:90} INFO - Running: ['***', 'tasks', 'run', 'daily_task_dag', 'predict_data_baseline_model', 'manual__2024-04-24T18:07:11.774523+00:00', '--job-id', '5', '--raw', '--subdir', 'DAGS_FOLDER/DataMLOps.py', '--cfg-path', '/tmp/tmp08jvy_f0']
[2024-04-24T18:07:54.887+0000] {standard_task_runner.py:91} INFO - Job 5: Subtask predict_data_baseline_model
[2024-04-24T18:07:54.888+0000] {logging_mixin.py:188} WARNING - /home/***/.local/lib/python3.12/site-packages/***/task/task_runner/standard_task_runner.py:61 DeprecationWarning: This process (pid=645) is multi-threaded, use of fork() may lead to deadlocks in the child.
[2024-04-24T18:07:54.888+0000] {standard_task_runner.py:63} INFO - Started process 658 to run task
[2024-04-24T18:07:54.917+0000] {task_command.py:426} INFO - Running <TaskInstance: daily_task_dag.predict_data_baseline_model manual__2024-04-24T18:07:11.774523+00:00 [running]> on host 81cd95c93a08
[2024-04-24T18:07:54.973+0000] {taskinstance.py:2644} INFO - Exporting env vars: AIRFLOW_CTX_DAG_OWNER='***' AIRFLOW_CTX_DAG_ID='daily_task_dag' AIRFLOW_CTX_TASK_ID='predict_data_baseline_model' AIRFLOW_CTX_EXECUTION_DATE='2024-04-24T18:07:11.774523+00:00' AIRFLOW_CTX_TRY_NUMBER='1' AIRFLOW_CTX_DAG_RUN_ID='manual__2024-04-24T18:07:11.774523+00:00'
[2024-04-24T18:07:54.974+0000] {taskinstance.py:430} INFO - ::endgroup::
[2024-04-24T18:07:55.097+0000] {logging_mixin.py:188} WARNING - Downloading artifacts:   0%|          | 0/10 [00:00<?, ?it/s]
[2024-04-24T18:07:55.097+0000] {logging_mixin.py:188} WARNING - 2024/04/24 18:07:55 INFO mlflow.store.artifact.artifact_repo: The progress bar can be disabled by setting the environment variable MLFLOW_ENABLE_ARTIFACTS_PROGRESS_BAR to false
[2024-04-24T18:07:55.098+0000] {logging_mixin.py:188} WARNING - Downloading artifacts:  10%|#         | 1/10 [00:00<00:00, 1605.78it/s]
[2024-04-24T18:07:55.098+0000] {logging_mixin.py:188} WARNING - Downloading artifacts:  20%|##        | 2/10 [00:00<00:00, 1826.79it/s]
[2024-04-24T18:07:55.099+0000] {logging_mixin.py:188} WARNING - Downloading artifacts:  30%|###       | 3/10 [00:00<00:00, 1905.35it/s]
[2024-04-24T18:07:55.133+0000] {logging_mixin.py:188} WARNING - Downloading artifacts:  40%|####      | 4/10 [00:00<00:00, 111.63it/s] 
[2024-04-24T18:07:55.145+0000] {logging_mixin.py:188} WARNING - Downloading artifacts:  50%|#####     | 5/10 [00:00<00:00, 105.10it/s]
[2024-04-24T18:07:55.151+0000] {logging_mixin.py:188} WARNING - Downloading artifacts:  60%|######    | 6/10 [00:00<00:00, 112.64it/s]
[2024-04-24T18:07:55.153+0000] {logging_mixin.py:188} WARNING - Downloading artifacts:  70%|#######   | 7/10 [00:00<00:00, 125.53it/s]
[2024-04-24T18:07:55.158+0000] {logging_mixin.py:188} WARNING - Downloading artifacts:  80%|########  | 8/10 [00:00<00:00, 131.11it/s]
[2024-04-24T18:07:55.161+0000] {logging_mixin.py:188} WARNING - Downloading artifacts:  90%|######### | 9/10 [00:00<00:00, 142.06it/s]
[2024-04-24T18:08:01.788+0000] {logging_mixin.py:188} WARNING - Downloading artifacts: 100%|##########| 10/10 [00:06<00:00,  1.49it/s]
[2024-04-24T18:08:01.788+0000] {logging_mixin.py:188} WARNING - Downloading artifacts: 100%|##########| 10/10 [00:06<00:00,  1.49it/s]
[2024-04-24T18:08:01.789+0000] {logging_mixin.py:188} WARNING - Downloading artifacts: 100%|##########| 10/10 [00:06<00:00,  1.49it/s]
[2024-04-24T18:08:50.181+0000] {logging_mixin.py:188} INFO - ROC AUC Score: 0.9576302140404704
[2024-04-24T18:08:50.182+0000] {logging_mixin.py:188} INFO - 0.8689320388349514
[2024-04-24T18:08:50.866+0000] {python.py:237} INFO - Done. Returned value was: None
[2024-04-24T18:08:50.867+0000] {taskinstance.py:441} INFO - ::group::Post task execution logs
[2024-04-24T18:08:50.874+0000] {taskinstance.py:1205} INFO - Marking task as SUCCESS. dag_id=daily_task_dag, task_id=predict_data_baseline_model, execution_date=20240424T180711, start_date=20240424T180754, end_date=20240424T180850
[2024-04-24T18:08:50.956+0000] {local_task_job_runner.py:240} INFO - Task exited with return code 0
[2024-04-24T18:08:50.974+0000] {taskinstance.py:3482} INFO - 1 downstream tasks scheduled from follow-on schedule check
[2024-04-24T18:08:50.978+0000] {local_task_job_runner.py:222} INFO - ::endgroup::
