[2024-04-25T02:14:04.723+0000] {local_task_job_runner.py:120} INFO - ::group::Pre task execution logs
[2024-04-25T02:14:04.753+0000] {taskinstance.py:2073} INFO - Dependencies all met for dep_context=non-requeueable deps ti=<TaskInstance: daily_task_dag.predict_data_baseline_model manual__2024-04-25T02:13:57.391005+00:00 [queued]>
[2024-04-25T02:14:04.761+0000] {taskinstance.py:2073} INFO - Dependencies all met for dep_context=requeueable deps ti=<TaskInstance: daily_task_dag.predict_data_baseline_model manual__2024-04-25T02:13:57.391005+00:00 [queued]>
[2024-04-25T02:14:04.761+0000] {taskinstance.py:2303} INFO - Starting attempt 1 of 2
[2024-04-25T02:14:04.777+0000] {taskinstance.py:2327} INFO - Executing <Task(PythonOperator): predict_data_baseline_model> on 2024-04-25 02:13:57.391005+00:00
[2024-04-25T02:14:04.794+0000] {standard_task_runner.py:90} INFO - Running: ['***', 'tasks', 'run', 'daily_task_dag', 'predict_data_baseline_model', 'manual__2024-04-25T02:13:57.391005+00:00', '--job-id', '13', '--raw', '--subdir', 'DAGS_FOLDER/DataMLOps.py', '--cfg-path', '/tmp/tmp1ag5c89a']
[2024-04-25T02:14:04.796+0000] {standard_task_runner.py:91} INFO - Job 13: Subtask predict_data_baseline_model
[2024-04-25T02:14:04.797+0000] {logging_mixin.py:188} WARNING - /home/***/.local/lib/python3.12/site-packages/***/task/task_runner/standard_task_runner.py:61 DeprecationWarning: This process (pid=1341) is multi-threaded, use of fork() may lead to deadlocks in the child.
[2024-04-25T02:14:04.798+0000] {standard_task_runner.py:63} INFO - Started process 1354 to run task
[2024-04-25T02:14:04.839+0000] {task_command.py:426} INFO - Running <TaskInstance: daily_task_dag.predict_data_baseline_model manual__2024-04-25T02:13:57.391005+00:00 [running]> on host 4d4cdcf2282e
[2024-04-25T02:14:04.937+0000] {taskinstance.py:2644} INFO - Exporting env vars: AIRFLOW_CTX_DAG_OWNER='***' AIRFLOW_CTX_DAG_ID='daily_task_dag' AIRFLOW_CTX_TASK_ID='predict_data_baseline_model' AIRFLOW_CTX_EXECUTION_DATE='2024-04-25T02:13:57.391005+00:00' AIRFLOW_CTX_TRY_NUMBER='1' AIRFLOW_CTX_DAG_RUN_ID='manual__2024-04-25T02:13:57.391005+00:00'
[2024-04-25T02:14:04.940+0000] {taskinstance.py:430} INFO - ::endgroup::
[2024-04-25T02:14:05.095+0000] {logging_mixin.py:188} WARNING - /opt/***/dags/DataMLOps.py:551 UserWarning: pandas only supports SQLAlchemy connectable (engine/connection) or database string URI or sqlite3 DBAPI2 connection. Other DBAPI2 objects are not tested. Please consider using SQLAlchemy.
[2024-04-25T02:14:05.180+0000] {logging_mixin.py:188} INFO -                                       review_cleaned  Recommended
0  denpasar ngurah rai via bandung bad I ve ever ...            0
1  jakarta bali despite dire review wife book fli...            0
2  jakarta kuala lumpur delay hour first time sit...            0
3  pekanbaru penang via kuala namu painfully long...            0
4  fly jakarta padang second fly last three week ...            0
[2024-04-25T02:14:05.188+0000] {logging_mixin.py:188} INFO - <class 'pandas.core.frame.DataFrame'>
RangeIndex: 676 entries, 0 to 675
Data columns (total 2 columns):
 #   Column          Non-Null Count  Dtype 
---  ------          --------------  ----- 
 0   review_cleaned  676 non-null    object
 1   Recommended     676 non-null    int64 
dtypes: int64(1), object(1)
memory usage: 10.7+ KB
[2024-04-25T02:14:05.188+0000] {logging_mixin.py:188} INFO - None
[2024-04-25T02:14:05.190+0000] {logging_mixin.py:188} INFO - Recommended
0    676
Name: count, dtype: int64
[2024-04-25T02:14:05.345+0000] {logging_mixin.py:188} WARNING - Downloading artifacts:   0%|          | 0/10 [00:00<?, ?it/s]
[2024-04-25T02:14:05.347+0000] {logging_mixin.py:188} WARNING - 2024/04/25 02:14:05 INFO mlflow.store.artifact.artifact_repo: The progress bar can be disabled by setting the environment variable MLFLOW_ENABLE_ARTIFACTS_PROGRESS_BAR to false
[2024-04-25T02:14:05.347+0000] {logging_mixin.py:188} WARNING - Downloading artifacts:  10%|#         | 1/10 [00:00<00:00, 1080.73it/s]
[2024-04-25T02:14:05.348+0000] {logging_mixin.py:188} WARNING - Downloading artifacts:  20%|##        | 2/10 [00:00<00:00, 1155.46it/s]
[2024-04-25T02:14:05.370+0000] {logging_mixin.py:188} WARNING - Downloading artifacts:  30%|###       | 3/10 [00:00<00:00, 129.63it/s] 
[2024-04-25T02:14:05.411+0000] {logging_mixin.py:188} WARNING - Downloading artifacts:  40%|####      | 4/10 [00:00<00:00, 61.98it/s] 
[2024-04-25T02:14:05.423+0000] {logging_mixin.py:188} WARNING - Downloading artifacts:  50%|#####     | 5/10 [00:00<00:00, 65.16it/s]
[2024-04-25T02:14:05.430+0000] {logging_mixin.py:188} WARNING - Downloading artifacts:  60%|######    | 6/10 [00:00<00:00, 71.58it/s]
[2024-04-25T02:14:05.447+0000] {logging_mixin.py:188} WARNING - Downloading artifacts:  70%|#######   | 7/10 [00:00<00:00, 69.62it/s]
[2024-04-25T02:14:05.448+0000] {logging_mixin.py:188} WARNING - Downloading artifacts:  70%|#######   | 7/10 [00:00<00:00, 69.62it/s]
[2024-04-25T02:14:05.452+0000] {logging_mixin.py:188} WARNING - Downloading artifacts:  80%|########  | 8/10 [00:00<00:00, 69.62it/s]
[2024-04-25T02:14:05.457+0000] {logging_mixin.py:188} WARNING - Downloading artifacts:  90%|######### | 9/10 [00:00<00:00, 69.62it/s]
[2024-04-25T02:14:14.753+0000] {logging_mixin.py:188} WARNING - Downloading artifacts: 100%|##########| 10/10 [00:09<00:00, 69.62it/s]
[2024-04-25T02:14:14.754+0000] {logging_mixin.py:188} WARNING - Downloading artifacts: 100%|##########| 10/10 [00:09<00:00,  1.06it/s]
[2024-04-25T02:15:00.361+0000] {local_task_job_runner.py:310} WARNING - State of this instance has been externally set to failed. Terminating instance.
[2024-04-25T02:15:00.363+0000] {local_task_job_runner.py:222} INFO - ::endgroup::
[2024-04-25T02:15:00.366+0000] {process_utils.py:132} INFO - Sending 15 to group 1354. PIDs of all processes in the group: [1354]
[2024-04-25T02:15:00.367+0000] {process_utils.py:87} INFO - Sending the signal 15 to group 1354
[2024-04-25T02:15:00.369+0000] {taskinstance.py:2607} ERROR - Received SIGTERM. Terminating subprocesses.
[2024-04-25T02:15:00.370+0000] {taskinstance.py:441} INFO - ::group::Post task execution logs
[2024-04-25T02:15:00.460+0000] {process_utils.py:80} INFO - Process psutil.Process(pid=1354, status='terminated', exitcode=0, started='02:14:04') (1354) terminated with exit code 0
