[2024-04-24T18:13:37.593+0000] {processor.py:161} INFO - Started process (PID=1034) to work on /opt/airflow/dags/DataMLOps-Mohd’s MacBook Pro.py
[2024-04-24T18:13:37.594+0000] {processor.py:830} INFO - Processing file /opt/airflow/dags/DataMLOps-Mohd’s MacBook Pro.py for tasks to queue
[2024-04-24T18:13:37.595+0000] {logging_mixin.py:188} INFO - [2024-04-24T18:13:37.595+0000] {dagbag.py:540} INFO - Filling up the DagBag from /opt/airflow/dags/DataMLOps-Mohd’s MacBook Pro.py
[2024-04-24T18:13:43.637+0000] {processor.py:840} INFO - DAG(s) 'daily_task_dag' retrieved from /opt/airflow/dags/DataMLOps-Mohd’s MacBook Pro.py
[2024-04-24T18:13:43.714+0000] {logging_mixin.py:188} INFO - [2024-04-24T18:13:43.713+0000] {dag.py:3096} INFO - Sync 1 DAGs
[2024-04-24T18:13:43.736+0000] {logging_mixin.py:188} INFO - [2024-04-24T18:13:43.735+0000] {dag.py:3954} INFO - Setting next_dagrun for daily_task_dag to 2024-04-25 08:00:00+00:00, run_after=2024-04-26 08:00:00+00:00
[2024-04-24T18:13:43.768+0000] {processor.py:183} INFO - Processing /opt/airflow/dags/DataMLOps-Mohd’s MacBook Pro.py took 6.180 seconds
[2024-04-24T18:14:13.962+0000] {processor.py:161} INFO - Started process (PID=1074) to work on /opt/airflow/dags/DataMLOps-Mohd’s MacBook Pro.py
[2024-04-24T18:14:13.963+0000] {processor.py:830} INFO - Processing file /opt/airflow/dags/DataMLOps-Mohd’s MacBook Pro.py for tasks to queue
[2024-04-24T18:14:13.964+0000] {logging_mixin.py:188} INFO - [2024-04-24T18:14:13.964+0000] {dagbag.py:540} INFO - Filling up the DagBag from /opt/airflow/dags/DataMLOps-Mohd’s MacBook Pro.py
[2024-04-24T18:14:17.894+0000] {processor.py:840} INFO - DAG(s) 'daily_task_dag' retrieved from /opt/airflow/dags/DataMLOps-Mohd’s MacBook Pro.py
[2024-04-24T18:14:17.939+0000] {logging_mixin.py:188} INFO - [2024-04-24T18:14:17.939+0000] {dag.py:3096} INFO - Sync 1 DAGs
[2024-04-24T18:14:17.953+0000] {logging_mixin.py:188} INFO - [2024-04-24T18:14:17.953+0000] {dag.py:3954} INFO - Setting next_dagrun for daily_task_dag to 2024-04-25 08:00:00+00:00, run_after=2024-04-26 08:00:00+00:00
[2024-04-24T18:14:17.968+0000] {processor.py:183} INFO - Processing /opt/airflow/dags/DataMLOps-Mohd’s MacBook Pro.py took 4.011 seconds
[2024-04-24T18:14:48.122+0000] {processor.py:161} INFO - Started process (PID=1114) to work on /opt/airflow/dags/DataMLOps-Mohd’s MacBook Pro.py
[2024-04-24T18:14:48.122+0000] {processor.py:830} INFO - Processing file /opt/airflow/dags/DataMLOps-Mohd’s MacBook Pro.py for tasks to queue
[2024-04-24T18:14:48.123+0000] {logging_mixin.py:188} INFO - [2024-04-24T18:14:48.122+0000] {dagbag.py:540} INFO - Filling up the DagBag from /opt/airflow/dags/DataMLOps-Mohd’s MacBook Pro.py
[2024-04-24T18:14:51.839+0000] {processor.py:840} INFO - DAG(s) 'daily_task_dag' retrieved from /opt/airflow/dags/DataMLOps-Mohd’s MacBook Pro.py
[2024-04-24T18:14:51.882+0000] {logging_mixin.py:188} INFO - [2024-04-24T18:14:51.882+0000] {dag.py:3096} INFO - Sync 1 DAGs
[2024-04-24T18:14:51.895+0000] {logging_mixin.py:188} INFO - [2024-04-24T18:14:51.895+0000] {dag.py:3954} INFO - Setting next_dagrun for daily_task_dag to 2024-04-25 08:00:00+00:00, run_after=2024-04-26 08:00:00+00:00
[2024-04-24T18:14:51.910+0000] {processor.py:183} INFO - Processing /opt/airflow/dags/DataMLOps-Mohd’s MacBook Pro.py took 3.792 seconds
[2024-04-24T18:15:22.275+0000] {processor.py:161} INFO - Started process (PID=1154) to work on /opt/airflow/dags/DataMLOps-Mohd’s MacBook Pro.py
[2024-04-24T18:15:22.275+0000] {processor.py:830} INFO - Processing file /opt/airflow/dags/DataMLOps-Mohd’s MacBook Pro.py for tasks to queue
[2024-04-24T18:15:22.276+0000] {logging_mixin.py:188} INFO - [2024-04-24T18:15:22.276+0000] {dagbag.py:540} INFO - Filling up the DagBag from /opt/airflow/dags/DataMLOps-Mohd’s MacBook Pro.py
[2024-04-24T18:15:25.980+0000] {processor.py:840} INFO - DAG(s) 'daily_task_dag' retrieved from /opt/airflow/dags/DataMLOps-Mohd’s MacBook Pro.py
[2024-04-24T18:15:26.025+0000] {logging_mixin.py:188} INFO - [2024-04-24T18:15:26.025+0000] {dag.py:3096} INFO - Sync 1 DAGs
[2024-04-24T18:15:26.038+0000] {logging_mixin.py:188} INFO - [2024-04-24T18:15:26.038+0000] {dag.py:3954} INFO - Setting next_dagrun for daily_task_dag to 2024-04-25 08:00:00+00:00, run_after=2024-04-26 08:00:00+00:00
[2024-04-24T18:15:26.053+0000] {processor.py:183} INFO - Processing /opt/airflow/dags/DataMLOps-Mohd’s MacBook Pro.py took 3.782 seconds
[2024-04-24T18:15:56.231+0000] {processor.py:161} INFO - Started process (PID=1194) to work on /opt/airflow/dags/DataMLOps-Mohd’s MacBook Pro.py
[2024-04-24T18:15:56.231+0000] {processor.py:830} INFO - Processing file /opt/airflow/dags/DataMLOps-Mohd’s MacBook Pro.py for tasks to queue
[2024-04-24T18:15:56.232+0000] {logging_mixin.py:188} INFO - [2024-04-24T18:15:56.232+0000] {dagbag.py:540} INFO - Filling up the DagBag from /opt/airflow/dags/DataMLOps-Mohd’s MacBook Pro.py
[2024-04-24T18:15:59.953+0000] {processor.py:840} INFO - DAG(s) 'daily_task_dag' retrieved from /opt/airflow/dags/DataMLOps-Mohd’s MacBook Pro.py
[2024-04-24T18:15:59.999+0000] {logging_mixin.py:188} INFO - [2024-04-24T18:15:59.999+0000] {dag.py:3096} INFO - Sync 1 DAGs
[2024-04-24T18:16:00.017+0000] {logging_mixin.py:188} INFO - [2024-04-24T18:16:00.017+0000] {dag.py:3954} INFO - Setting next_dagrun for daily_task_dag to 2024-04-25 08:00:00+00:00, run_after=2024-04-26 08:00:00+00:00
[2024-04-24T18:16:00.035+0000] {processor.py:183} INFO - Processing /opt/airflow/dags/DataMLOps-Mohd’s MacBook Pro.py took 3.808 seconds
[2024-04-24T18:16:30.225+0000] {processor.py:161} INFO - Started process (PID=1240) to work on /opt/airflow/dags/DataMLOps-Mohd’s MacBook Pro.py
[2024-04-24T18:16:30.226+0000] {processor.py:830} INFO - Processing file /opt/airflow/dags/DataMLOps-Mohd’s MacBook Pro.py for tasks to queue
[2024-04-24T18:16:30.226+0000] {logging_mixin.py:188} INFO - [2024-04-24T18:16:30.226+0000] {dagbag.py:540} INFO - Filling up the DagBag from /opt/airflow/dags/DataMLOps-Mohd’s MacBook Pro.py
[2024-04-24T18:16:34.261+0000] {processor.py:840} INFO - DAG(s) 'daily_task_dag' retrieved from /opt/airflow/dags/DataMLOps-Mohd’s MacBook Pro.py
[2024-04-24T18:16:34.307+0000] {logging_mixin.py:188} INFO - [2024-04-24T18:16:34.306+0000] {dag.py:3096} INFO - Sync 1 DAGs
[2024-04-24T18:16:34.320+0000] {logging_mixin.py:188} INFO - [2024-04-24T18:16:34.320+0000] {dag.py:3954} INFO - Setting next_dagrun for daily_task_dag to 2024-04-25 08:00:00+00:00, run_after=2024-04-26 08:00:00+00:00
[2024-04-24T18:16:34.336+0000] {processor.py:183} INFO - Processing /opt/airflow/dags/DataMLOps-Mohd’s MacBook Pro.py took 4.115 seconds
[2024-04-24T18:17:04.504+0000] {processor.py:161} INFO - Started process (PID=1280) to work on /opt/airflow/dags/DataMLOps-Mohd’s MacBook Pro.py
[2024-04-24T18:17:04.504+0000] {processor.py:830} INFO - Processing file /opt/airflow/dags/DataMLOps-Mohd’s MacBook Pro.py for tasks to queue
[2024-04-24T18:17:04.505+0000] {logging_mixin.py:188} INFO - [2024-04-24T18:17:04.505+0000] {dagbag.py:540} INFO - Filling up the DagBag from /opt/airflow/dags/DataMLOps-Mohd’s MacBook Pro.py
[2024-04-24T18:17:08.588+0000] {processor.py:840} INFO - DAG(s) 'daily_task_dag' retrieved from /opt/airflow/dags/DataMLOps-Mohd’s MacBook Pro.py
[2024-04-24T18:17:08.633+0000] {logging_mixin.py:188} INFO - [2024-04-24T18:17:08.632+0000] {dag.py:3096} INFO - Sync 1 DAGs
[2024-04-24T18:17:08.640+0000] {logging_mixin.py:188} INFO - [2024-04-24T18:17:08.639+0000] {dag.py:3118} INFO - Creating ORM DAG for daily_task_dag
[2024-04-24T18:17:08.646+0000] {logging_mixin.py:188} INFO - [2024-04-24T18:17:08.646+0000] {dag.py:3954} INFO - Setting next_dagrun for daily_task_dag to 2024-04-25 08:00:00+00:00, run_after=2024-04-26 08:00:00+00:00
[2024-04-24T18:17:08.660+0000] {processor.py:183} INFO - Processing /opt/airflow/dags/DataMLOps-Mohd’s MacBook Pro.py took 4.160 seconds
[2024-04-24T18:17:38.825+0000] {processor.py:161} INFO - Started process (PID=1320) to work on /opt/airflow/dags/DataMLOps-Mohd’s MacBook Pro.py
[2024-04-24T18:17:38.825+0000] {processor.py:830} INFO - Processing file /opt/airflow/dags/DataMLOps-Mohd’s MacBook Pro.py for tasks to queue
[2024-04-24T18:17:38.826+0000] {logging_mixin.py:188} INFO - [2024-04-24T18:17:38.826+0000] {dagbag.py:540} INFO - Filling up the DagBag from /opt/airflow/dags/DataMLOps-Mohd’s MacBook Pro.py
[2024-04-24T18:17:42.563+0000] {processor.py:840} INFO - DAG(s) 'daily_task_dag' retrieved from /opt/airflow/dags/DataMLOps-Mohd’s MacBook Pro.py
[2024-04-24T18:17:42.606+0000] {logging_mixin.py:188} INFO - [2024-04-24T18:17:42.606+0000] {dag.py:3096} INFO - Sync 1 DAGs
[2024-04-24T18:17:42.619+0000] {logging_mixin.py:188} INFO - [2024-04-24T18:17:42.619+0000] {dag.py:3954} INFO - Setting next_dagrun for daily_task_dag to 2024-04-25 08:00:00+00:00, run_after=2024-04-26 08:00:00+00:00
[2024-04-24T18:17:42.634+0000] {processor.py:183} INFO - Processing /opt/airflow/dags/DataMLOps-Mohd’s MacBook Pro.py took 3.813 seconds
[2024-04-24T18:18:12.824+0000] {processor.py:161} INFO - Started process (PID=1360) to work on /opt/airflow/dags/DataMLOps-Mohd’s MacBook Pro.py
[2024-04-24T18:18:12.825+0000] {processor.py:830} INFO - Processing file /opt/airflow/dags/DataMLOps-Mohd’s MacBook Pro.py for tasks to queue
[2024-04-24T18:18:12.826+0000] {logging_mixin.py:188} INFO - [2024-04-24T18:18:12.825+0000] {dagbag.py:540} INFO - Filling up the DagBag from /opt/airflow/dags/DataMLOps-Mohd’s MacBook Pro.py
[2024-04-24T18:18:16.923+0000] {processor.py:840} INFO - DAG(s) 'daily_task_dag' retrieved from /opt/airflow/dags/DataMLOps-Mohd’s MacBook Pro.py
[2024-04-24T18:18:16.968+0000] {logging_mixin.py:188} INFO - [2024-04-24T18:18:16.968+0000] {dag.py:3096} INFO - Sync 1 DAGs
[2024-04-24T18:18:16.980+0000] {logging_mixin.py:188} INFO - [2024-04-24T18:18:16.980+0000] {dag.py:3954} INFO - Setting next_dagrun for daily_task_dag to 2024-04-25 08:00:00+00:00, run_after=2024-04-26 08:00:00+00:00
[2024-04-24T18:18:16.996+0000] {processor.py:183} INFO - Processing /opt/airflow/dags/DataMLOps-Mohd’s MacBook Pro.py took 4.181 seconds
[2024-04-24T18:19:35.586+0000] {processor.py:161} INFO - Started process (PID=172) to work on /opt/airflow/dags/DataMLOps-Mohd’s MacBook Pro.py
[2024-04-24T18:19:35.587+0000] {processor.py:830} INFO - Processing file /opt/airflow/dags/DataMLOps-Mohd’s MacBook Pro.py for tasks to queue
[2024-04-24T18:19:35.588+0000] {logging_mixin.py:188} INFO - [2024-04-24T18:19:35.587+0000] {dagbag.py:540} INFO - Filling up the DagBag from /opt/airflow/dags/DataMLOps-Mohd’s MacBook Pro.py
[2024-04-24T18:19:41.245+0000] {processor.py:840} INFO - DAG(s) 'daily_task_dag' retrieved from /opt/airflow/dags/DataMLOps-Mohd’s MacBook Pro.py
[2024-04-24T18:19:41.262+0000] {logging_mixin.py:188} INFO - [2024-04-24T18:19:41.261+0000] {dag.py:3096} INFO - Sync 1 DAGs
[2024-04-24T18:19:41.276+0000] {logging_mixin.py:188} INFO - [2024-04-24T18:19:41.276+0000] {dag.py:3954} INFO - Setting next_dagrun for daily_task_dag to 2024-04-25 08:00:00+00:00, run_after=2024-04-26 08:00:00+00:00
[2024-04-24T18:19:41.295+0000] {processor.py:183} INFO - Processing /opt/airflow/dags/DataMLOps-Mohd’s MacBook Pro.py took 5.717 seconds
[2024-04-24T18:20:11.453+0000] {processor.py:161} INFO - Started process (PID=213) to work on /opt/airflow/dags/DataMLOps-Mohd’s MacBook Pro.py
[2024-04-24T18:20:11.453+0000] {processor.py:830} INFO - Processing file /opt/airflow/dags/DataMLOps-Mohd’s MacBook Pro.py for tasks to queue
[2024-04-24T18:20:11.454+0000] {logging_mixin.py:188} INFO - [2024-04-24T18:20:11.454+0000] {dagbag.py:540} INFO - Filling up the DagBag from /opt/airflow/dags/DataMLOps-Mohd’s MacBook Pro.py
[2024-04-24T18:20:15.667+0000] {processor.py:840} INFO - DAG(s) 'daily_task_dag' retrieved from /opt/airflow/dags/DataMLOps-Mohd’s MacBook Pro.py
[2024-04-24T18:20:15.675+0000] {logging_mixin.py:188} INFO - [2024-04-24T18:20:15.675+0000] {dag.py:3096} INFO - Sync 1 DAGs
[2024-04-24T18:20:15.688+0000] {logging_mixin.py:188} INFO - [2024-04-24T18:20:15.688+0000] {dag.py:3954} INFO - Setting next_dagrun for daily_task_dag to 2024-04-25 08:00:00+00:00, run_after=2024-04-26 08:00:00+00:00
[2024-04-24T18:20:15.702+0000] {processor.py:183} INFO - Processing /opt/airflow/dags/DataMLOps-Mohd’s MacBook Pro.py took 4.254 seconds
[2024-04-24T18:20:45.858+0000] {processor.py:161} INFO - Started process (PID=277) to work on /opt/airflow/dags/DataMLOps-Mohd’s MacBook Pro.py
[2024-04-24T18:20:45.859+0000] {processor.py:830} INFO - Processing file /opt/airflow/dags/DataMLOps-Mohd’s MacBook Pro.py for tasks to queue
[2024-04-24T18:20:45.859+0000] {logging_mixin.py:188} INFO - [2024-04-24T18:20:45.859+0000] {dagbag.py:540} INFO - Filling up the DagBag from /opt/airflow/dags/DataMLOps-Mohd’s MacBook Pro.py
[2024-04-24T18:20:49.842+0000] {processor.py:840} INFO - DAG(s) 'daily_task_dag' retrieved from /opt/airflow/dags/DataMLOps-Mohd’s MacBook Pro.py
[2024-04-24T18:20:49.851+0000] {logging_mixin.py:188} INFO - [2024-04-24T18:20:49.851+0000] {dag.py:3096} INFO - Sync 1 DAGs
[2024-04-24T18:20:49.864+0000] {logging_mixin.py:188} INFO - [2024-04-24T18:20:49.864+0000] {dag.py:3954} INFO - Setting next_dagrun for daily_task_dag to 2024-04-25 08:00:00+00:00, run_after=2024-04-26 08:00:00+00:00
[2024-04-24T18:20:49.878+0000] {processor.py:183} INFO - Processing /opt/airflow/dags/DataMLOps-Mohd’s MacBook Pro.py took 4.023 seconds
[2024-04-24T18:21:20.024+0000] {processor.py:161} INFO - Started process (PID=305) to work on /opt/airflow/dags/DataMLOps-Mohd’s MacBook Pro.py
[2024-04-24T18:21:20.025+0000] {processor.py:830} INFO - Processing file /opt/airflow/dags/DataMLOps-Mohd’s MacBook Pro.py for tasks to queue
[2024-04-24T18:21:20.026+0000] {logging_mixin.py:188} INFO - [2024-04-24T18:21:20.025+0000] {dagbag.py:540} INFO - Filling up the DagBag from /opt/airflow/dags/DataMLOps-Mohd’s MacBook Pro.py
[2024-04-24T18:21:24.011+0000] {processor.py:840} INFO - DAG(s) 'daily_task_dag' retrieved from /opt/airflow/dags/DataMLOps-Mohd’s MacBook Pro.py
[2024-04-24T18:21:24.019+0000] {logging_mixin.py:188} INFO - [2024-04-24T18:21:24.018+0000] {dag.py:3096} INFO - Sync 1 DAGs
[2024-04-24T18:21:24.031+0000] {logging_mixin.py:188} INFO - [2024-04-24T18:21:24.031+0000] {dag.py:3954} INFO - Setting next_dagrun for daily_task_dag to 2024-04-25 08:00:00+00:00, run_after=2024-04-26 08:00:00+00:00
[2024-04-24T18:21:24.045+0000] {processor.py:183} INFO - Processing /opt/airflow/dags/DataMLOps-Mohd’s MacBook Pro.py took 4.024 seconds
[2024-04-24T18:21:54.201+0000] {processor.py:161} INFO - Started process (PID=358) to work on /opt/airflow/dags/DataMLOps-Mohd’s MacBook Pro.py
[2024-04-24T18:21:54.201+0000] {processor.py:830} INFO - Processing file /opt/airflow/dags/DataMLOps-Mohd’s MacBook Pro.py for tasks to queue
[2024-04-24T18:21:54.202+0000] {logging_mixin.py:188} INFO - [2024-04-24T18:21:54.202+0000] {dagbag.py:540} INFO - Filling up the DagBag from /opt/airflow/dags/DataMLOps-Mohd’s MacBook Pro.py
[2024-04-24T18:21:58.297+0000] {processor.py:840} INFO - DAG(s) 'daily_task_dag' retrieved from /opt/airflow/dags/DataMLOps-Mohd’s MacBook Pro.py
[2024-04-24T18:21:58.305+0000] {logging_mixin.py:188} INFO - [2024-04-24T18:21:58.305+0000] {dag.py:3096} INFO - Sync 1 DAGs
[2024-04-24T18:21:58.319+0000] {logging_mixin.py:188} INFO - [2024-04-24T18:21:58.319+0000] {dag.py:3954} INFO - Setting next_dagrun for daily_task_dag to 2024-04-25 08:00:00+00:00, run_after=2024-04-26 08:00:00+00:00
[2024-04-24T18:21:58.333+0000] {processor.py:183} INFO - Processing /opt/airflow/dags/DataMLOps-Mohd’s MacBook Pro.py took 4.136 seconds
[2024-04-24T18:22:28.486+0000] {processor.py:161} INFO - Started process (PID=405) to work on /opt/airflow/dags/DataMLOps-Mohd’s MacBook Pro.py
[2024-04-24T18:22:28.487+0000] {processor.py:830} INFO - Processing file /opt/airflow/dags/DataMLOps-Mohd’s MacBook Pro.py for tasks to queue
[2024-04-24T18:22:28.487+0000] {logging_mixin.py:188} INFO - [2024-04-24T18:22:28.487+0000] {dagbag.py:540} INFO - Filling up the DagBag from /opt/airflow/dags/DataMLOps-Mohd’s MacBook Pro.py
[2024-04-24T18:22:32.770+0000] {processor.py:840} INFO - DAG(s) 'daily_task_dag' retrieved from /opt/airflow/dags/DataMLOps-Mohd’s MacBook Pro.py
[2024-04-24T18:22:32.778+0000] {logging_mixin.py:188} INFO - [2024-04-24T18:22:32.778+0000] {dag.py:3096} INFO - Sync 1 DAGs
[2024-04-24T18:22:32.791+0000] {logging_mixin.py:188} INFO - [2024-04-24T18:22:32.791+0000] {dag.py:3954} INFO - Setting next_dagrun for daily_task_dag to 2024-04-25 08:00:00+00:00, run_after=2024-04-26 08:00:00+00:00
[2024-04-24T18:22:32.805+0000] {processor.py:183} INFO - Processing /opt/airflow/dags/DataMLOps-Mohd’s MacBook Pro.py took 4.323 seconds
[2024-04-24T18:24:09.652+0000] {processor.py:161} INFO - Started process (PID=172) to work on /opt/airflow/dags/DataMLOps-Mohd’s MacBook Pro.py
[2024-04-24T18:24:09.652+0000] {processor.py:830} INFO - Processing file /opt/airflow/dags/DataMLOps-Mohd’s MacBook Pro.py for tasks to queue
[2024-04-24T18:24:09.653+0000] {logging_mixin.py:188} INFO - [2024-04-24T18:24:09.653+0000] {dagbag.py:540} INFO - Filling up the DagBag from /opt/airflow/dags/DataMLOps-Mohd’s MacBook Pro.py
[2024-04-24T18:24:15.120+0000] {processor.py:840} INFO - DAG(s) 'daily_task_dag' retrieved from /opt/airflow/dags/DataMLOps-Mohd’s MacBook Pro.py
[2024-04-24T18:24:15.141+0000] {logging_mixin.py:188} INFO - [2024-04-24T18:24:15.139+0000] {dag.py:3096} INFO - Sync 1 DAGs
[2024-04-24T18:24:15.157+0000] {logging_mixin.py:188} INFO - [2024-04-24T18:24:15.157+0000] {dag.py:3954} INFO - Setting next_dagrun for daily_task_dag to 2024-04-25 08:00:00+00:00, run_after=2024-04-26 08:00:00+00:00
[2024-04-24T18:24:15.177+0000] {processor.py:183} INFO - Processing /opt/airflow/dags/DataMLOps-Mohd’s MacBook Pro.py took 5.530 seconds
[2024-04-24T18:24:45.348+0000] {processor.py:161} INFO - Started process (PID=213) to work on /opt/airflow/dags/DataMLOps-Mohd’s MacBook Pro.py
[2024-04-24T18:24:45.349+0000] {processor.py:830} INFO - Processing file /opt/airflow/dags/DataMLOps-Mohd’s MacBook Pro.py for tasks to queue
[2024-04-24T18:24:45.349+0000] {logging_mixin.py:188} INFO - [2024-04-24T18:24:45.349+0000] {dagbag.py:540} INFO - Filling up the DagBag from /opt/airflow/dags/DataMLOps-Mohd’s MacBook Pro.py
[2024-04-24T18:24:49.201+0000] {processor.py:840} INFO - DAG(s) 'daily_task_dag' retrieved from /opt/airflow/dags/DataMLOps-Mohd’s MacBook Pro.py
[2024-04-24T18:24:49.210+0000] {logging_mixin.py:188} INFO - [2024-04-24T18:24:49.210+0000] {dag.py:3096} INFO - Sync 1 DAGs
[2024-04-24T18:24:49.224+0000] {logging_mixin.py:188} INFO - [2024-04-24T18:24:49.223+0000] {dag.py:3954} INFO - Setting next_dagrun for daily_task_dag to 2024-04-25 08:00:00+00:00, run_after=2024-04-26 08:00:00+00:00
[2024-04-24T18:24:49.239+0000] {processor.py:183} INFO - Processing /opt/airflow/dags/DataMLOps-Mohd’s MacBook Pro.py took 3.894 seconds
[2024-04-24T18:25:19.404+0000] {processor.py:161} INFO - Started process (PID=277) to work on /opt/airflow/dags/DataMLOps-Mohd’s MacBook Pro.py
[2024-04-24T18:25:19.404+0000] {processor.py:830} INFO - Processing file /opt/airflow/dags/DataMLOps-Mohd’s MacBook Pro.py for tasks to queue
[2024-04-24T18:25:19.405+0000] {logging_mixin.py:188} INFO - [2024-04-24T18:25:19.405+0000] {dagbag.py:540} INFO - Filling up the DagBag from /opt/airflow/dags/DataMLOps-Mohd’s MacBook Pro.py
[2024-04-24T18:25:23.396+0000] {processor.py:840} INFO - DAG(s) 'daily_task_dag' retrieved from /opt/airflow/dags/DataMLOps-Mohd’s MacBook Pro.py
[2024-04-24T18:25:23.405+0000] {logging_mixin.py:188} INFO - [2024-04-24T18:25:23.404+0000] {dag.py:3096} INFO - Sync 1 DAGs
[2024-04-24T18:25:23.418+0000] {logging_mixin.py:188} INFO - [2024-04-24T18:25:23.417+0000] {dag.py:3954} INFO - Setting next_dagrun for daily_task_dag to 2024-04-25 08:00:00+00:00, run_after=2024-04-26 08:00:00+00:00
[2024-04-24T18:25:23.432+0000] {processor.py:183} INFO - Processing /opt/airflow/dags/DataMLOps-Mohd’s MacBook Pro.py took 4.032 seconds
[2024-04-24T18:25:53.579+0000] {processor.py:161} INFO - Started process (PID=317) to work on /opt/airflow/dags/DataMLOps-Mohd’s MacBook Pro.py
[2024-04-24T18:25:53.579+0000] {processor.py:830} INFO - Processing file /opt/airflow/dags/DataMLOps-Mohd’s MacBook Pro.py for tasks to queue
[2024-04-24T18:25:53.580+0000] {logging_mixin.py:188} INFO - [2024-04-24T18:25:53.580+0000] {dagbag.py:540} INFO - Filling up the DagBag from /opt/airflow/dags/DataMLOps-Mohd’s MacBook Pro.py
[2024-04-24T18:25:57.459+0000] {processor.py:840} INFO - DAG(s) 'daily_task_dag' retrieved from /opt/airflow/dags/DataMLOps-Mohd’s MacBook Pro.py
[2024-04-24T18:25:57.468+0000] {logging_mixin.py:188} INFO - [2024-04-24T18:25:57.467+0000] {dag.py:3096} INFO - Sync 1 DAGs
[2024-04-24T18:25:57.485+0000] {logging_mixin.py:188} INFO - [2024-04-24T18:25:57.485+0000] {dag.py:3954} INFO - Setting next_dagrun for daily_task_dag to 2024-04-25 08:00:00+00:00, run_after=2024-04-26 08:00:00+00:00
[2024-04-24T18:25:57.502+0000] {processor.py:183} INFO - Processing /opt/airflow/dags/DataMLOps-Mohd’s MacBook Pro.py took 3.928 seconds
[2024-04-24T18:26:27.672+0000] {processor.py:161} INFO - Started process (PID=373) to work on /opt/airflow/dags/DataMLOps-Mohd’s MacBook Pro.py
[2024-04-24T18:26:27.673+0000] {processor.py:830} INFO - Processing file /opt/airflow/dags/DataMLOps-Mohd’s MacBook Pro.py for tasks to queue
[2024-04-24T18:26:27.673+0000] {logging_mixin.py:188} INFO - [2024-04-24T18:26:27.673+0000] {dagbag.py:540} INFO - Filling up the DagBag from /opt/airflow/dags/DataMLOps-Mohd’s MacBook Pro.py
[2024-04-24T18:26:31.657+0000] {processor.py:840} INFO - DAG(s) 'daily_task_dag' retrieved from /opt/airflow/dags/DataMLOps-Mohd’s MacBook Pro.py
[2024-04-24T18:26:31.703+0000] {logging_mixin.py:188} INFO - [2024-04-24T18:26:31.703+0000] {dag.py:3096} INFO - Sync 1 DAGs
[2024-04-24T18:26:31.716+0000] {logging_mixin.py:188} INFO - [2024-04-24T18:26:31.716+0000] {dag.py:3954} INFO - Setting next_dagrun for daily_task_dag to 2024-04-25 08:00:00+00:00, run_after=2024-04-26 08:00:00+00:00
[2024-04-24T18:26:31.730+0000] {processor.py:183} INFO - Processing /opt/airflow/dags/DataMLOps-Mohd’s MacBook Pro.py took 4.062 seconds
[2024-04-24T18:27:01.896+0000] {processor.py:161} INFO - Started process (PID=420) to work on /opt/airflow/dags/DataMLOps-Mohd’s MacBook Pro.py
[2024-04-24T18:27:01.896+0000] {processor.py:830} INFO - Processing file /opt/airflow/dags/DataMLOps-Mohd’s MacBook Pro.py for tasks to queue
[2024-04-24T18:27:01.897+0000] {logging_mixin.py:188} INFO - [2024-04-24T18:27:01.896+0000] {dagbag.py:540} INFO - Filling up the DagBag from /opt/airflow/dags/DataMLOps-Mohd’s MacBook Pro.py
[2024-04-24T18:27:05.710+0000] {processor.py:840} INFO - DAG(s) 'daily_task_dag' retrieved from /opt/airflow/dags/DataMLOps-Mohd’s MacBook Pro.py
[2024-04-24T18:27:05.752+0000] {logging_mixin.py:188} INFO - [2024-04-24T18:27:05.752+0000] {dag.py:3096} INFO - Sync 1 DAGs
[2024-04-24T18:27:05.764+0000] {logging_mixin.py:188} INFO - [2024-04-24T18:27:05.764+0000] {dag.py:3954} INFO - Setting next_dagrun for daily_task_dag to 2024-04-25 08:00:00+00:00, run_after=2024-04-26 08:00:00+00:00
[2024-04-24T18:27:05.780+0000] {processor.py:183} INFO - Processing /opt/airflow/dags/DataMLOps-Mohd’s MacBook Pro.py took 3.887 seconds
[2024-04-24T18:30:00.590+0000] {processor.py:161} INFO - Started process (PID=172) to work on /opt/airflow/dags/DataMLOps-Mohd’s MacBook Pro.py
[2024-04-24T18:30:00.590+0000] {processor.py:830} INFO - Processing file /opt/airflow/dags/DataMLOps-Mohd’s MacBook Pro.py for tasks to queue
[2024-04-24T18:30:00.591+0000] {logging_mixin.py:188} INFO - [2024-04-24T18:30:00.591+0000] {dagbag.py:540} INFO - Filling up the DagBag from /opt/airflow/dags/DataMLOps-Mohd’s MacBook Pro.py
[2024-04-24T18:30:06.313+0000] {processor.py:840} INFO - DAG(s) 'daily_task_dag' retrieved from /opt/airflow/dags/DataMLOps-Mohd’s MacBook Pro.py
[2024-04-24T18:30:06.331+0000] {logging_mixin.py:188} INFO - [2024-04-24T18:30:06.329+0000] {dag.py:3096} INFO - Sync 1 DAGs
[2024-04-24T18:30:06.344+0000] {logging_mixin.py:188} INFO - [2024-04-24T18:30:06.344+0000] {dag.py:3954} INFO - Setting next_dagrun for daily_task_dag to 2024-04-25 08:00:00+00:00, run_after=2024-04-26 08:00:00+00:00
[2024-04-24T18:30:06.362+0000] {processor.py:183} INFO - Processing /opt/airflow/dags/DataMLOps-Mohd’s MacBook Pro.py took 5.776 seconds
[2024-04-24T18:30:36.529+0000] {processor.py:161} INFO - Started process (PID=213) to work on /opt/airflow/dags/DataMLOps-Mohd’s MacBook Pro.py
[2024-04-24T18:30:36.530+0000] {processor.py:830} INFO - Processing file /opt/airflow/dags/DataMLOps-Mohd’s MacBook Pro.py for tasks to queue
[2024-04-24T18:30:36.530+0000] {logging_mixin.py:188} INFO - [2024-04-24T18:30:36.530+0000] {dagbag.py:540} INFO - Filling up the DagBag from /opt/airflow/dags/DataMLOps-Mohd’s MacBook Pro.py
[2024-04-24T18:30:40.575+0000] {processor.py:840} INFO - DAG(s) 'daily_task_dag' retrieved from /opt/airflow/dags/DataMLOps-Mohd’s MacBook Pro.py
[2024-04-24T18:30:40.583+0000] {logging_mixin.py:188} INFO - [2024-04-24T18:30:40.583+0000] {dag.py:3096} INFO - Sync 1 DAGs
[2024-04-24T18:30:40.596+0000] {logging_mixin.py:188} INFO - [2024-04-24T18:30:40.596+0000] {dag.py:3954} INFO - Setting next_dagrun for daily_task_dag to 2024-04-25 08:00:00+00:00, run_after=2024-04-26 08:00:00+00:00
[2024-04-24T18:30:40.612+0000] {processor.py:183} INFO - Processing /opt/airflow/dags/DataMLOps-Mohd’s MacBook Pro.py took 4.086 seconds
[2024-04-24T18:31:10.699+0000] {processor.py:161} INFO - Started process (PID=265) to work on /opt/airflow/dags/DataMLOps-Mohd’s MacBook Pro.py
[2024-04-24T18:31:10.700+0000] {processor.py:830} INFO - Processing file /opt/airflow/dags/DataMLOps-Mohd’s MacBook Pro.py for tasks to queue
[2024-04-24T18:31:10.700+0000] {logging_mixin.py:188} INFO - [2024-04-24T18:31:10.700+0000] {dagbag.py:540} INFO - Filling up the DagBag from /opt/airflow/dags/DataMLOps-Mohd’s MacBook Pro.py
[2024-04-24T18:31:14.783+0000] {processor.py:840} INFO - DAG(s) 'daily_task_dag' retrieved from /opt/airflow/dags/DataMLOps-Mohd’s MacBook Pro.py
[2024-04-24T18:31:14.791+0000] {logging_mixin.py:188} INFO - [2024-04-24T18:31:14.791+0000] {dag.py:3096} INFO - Sync 1 DAGs
[2024-04-24T18:31:14.805+0000] {logging_mixin.py:188} INFO - [2024-04-24T18:31:14.805+0000] {dag.py:3954} INFO - Setting next_dagrun for daily_task_dag to 2024-04-25 08:00:00+00:00, run_after=2024-04-26 08:00:00+00:00
[2024-04-24T18:31:14.820+0000] {processor.py:183} INFO - Processing /opt/airflow/dags/DataMLOps-Mohd’s MacBook Pro.py took 4.124 seconds
