[2024-04-24T14:35:53.628+0000] {processor.py:161} INFO - Started process (PID=3700) to work on /opt/airflow/dags/DataMLOps.py
[2024-04-24T14:35:53.628+0000] {processor.py:830} INFO - Processing file /opt/airflow/dags/DataMLOps.py for tasks to queue
[2024-04-24T14:35:53.629+0000] {logging_mixin.py:188} INFO - [2024-04-24T14:35:53.629+0000] {dagbag.py:540} INFO - Filling up the DagBag from /opt/airflow/dags/DataMLOps.py
[2024-04-24T14:35:57.655+0000] {processor.py:840} INFO - DAG(s) 'daily_task_dag' retrieved from /opt/airflow/dags/DataMLOps.py
[2024-04-24T14:35:57.714+0000] {logging_mixin.py:188} INFO - [2024-04-24T14:35:57.713+0000] {dag.py:3096} INFO - Sync 1 DAGs
[2024-04-24T14:35:57.732+0000] {logging_mixin.py:188} INFO - [2024-04-24T14:35:57.731+0000] {dag.py:3954} INFO - Setting next_dagrun for daily_task_dag to 2024-04-25 08:00:00+00:00, run_after=2024-04-26 08:00:00+00:00
[2024-04-24T14:35:57.751+0000] {processor.py:183} INFO - Processing /opt/airflow/dags/DataMLOps.py took 4.126 seconds
[2024-04-24T14:36:27.908+0000] {processor.py:161} INFO - Started process (PID=3723) to work on /opt/airflow/dags/DataMLOps.py
[2024-04-24T14:36:27.909+0000] {processor.py:830} INFO - Processing file /opt/airflow/dags/DataMLOps.py for tasks to queue
[2024-04-24T14:36:27.910+0000] {logging_mixin.py:188} INFO - [2024-04-24T14:36:27.909+0000] {dagbag.py:540} INFO - Filling up the DagBag from /opt/airflow/dags/DataMLOps.py
[2024-04-24T14:36:32.147+0000] {processor.py:840} INFO - DAG(s) 'daily_task_dag' retrieved from /opt/airflow/dags/DataMLOps.py
[2024-04-24T14:36:32.208+0000] {logging_mixin.py:188} INFO - [2024-04-24T14:36:32.207+0000] {dag.py:3096} INFO - Sync 1 DAGs
[2024-04-24T14:36:32.227+0000] {logging_mixin.py:188} INFO - [2024-04-24T14:36:32.227+0000] {dag.py:3954} INFO - Setting next_dagrun for daily_task_dag to 2024-04-25 08:00:00+00:00, run_after=2024-04-26 08:00:00+00:00
[2024-04-24T14:36:32.246+0000] {processor.py:183} INFO - Processing /opt/airflow/dags/DataMLOps.py took 4.343 seconds
[2024-04-24T14:37:02.408+0000] {processor.py:161} INFO - Started process (PID=3746) to work on /opt/airflow/dags/DataMLOps.py
[2024-04-24T14:37:02.408+0000] {processor.py:830} INFO - Processing file /opt/airflow/dags/DataMLOps.py for tasks to queue
[2024-04-24T14:37:02.409+0000] {logging_mixin.py:188} INFO - [2024-04-24T14:37:02.409+0000] {dagbag.py:540} INFO - Filling up the DagBag from /opt/airflow/dags/DataMLOps.py
[2024-04-24T14:37:06.380+0000] {processor.py:840} INFO - DAG(s) 'daily_task_dag' retrieved from /opt/airflow/dags/DataMLOps.py
[2024-04-24T14:37:06.432+0000] {logging_mixin.py:188} INFO - [2024-04-24T14:37:06.431+0000] {dag.py:3096} INFO - Sync 1 DAGs
[2024-04-24T14:37:06.447+0000] {logging_mixin.py:188} INFO - [2024-04-24T14:37:06.447+0000] {dag.py:3954} INFO - Setting next_dagrun for daily_task_dag to 2024-04-25 08:00:00+00:00, run_after=2024-04-26 08:00:00+00:00
[2024-04-24T14:37:06.466+0000] {processor.py:183} INFO - Processing /opt/airflow/dags/DataMLOps.py took 4.063 seconds
[2024-04-24T14:37:36.564+0000] {processor.py:161} INFO - Started process (PID=3769) to work on /opt/airflow/dags/DataMLOps.py
[2024-04-24T14:37:36.564+0000] {processor.py:830} INFO - Processing file /opt/airflow/dags/DataMLOps.py for tasks to queue
[2024-04-24T14:37:36.565+0000] {logging_mixin.py:188} INFO - [2024-04-24T14:37:36.565+0000] {dagbag.py:540} INFO - Filling up the DagBag from /opt/airflow/dags/DataMLOps.py
[2024-04-24T14:37:40.522+0000] {processor.py:840} INFO - DAG(s) 'daily_task_dag' retrieved from /opt/airflow/dags/DataMLOps.py
[2024-04-24T14:37:40.574+0000] {logging_mixin.py:188} INFO - [2024-04-24T14:37:40.573+0000] {dag.py:3096} INFO - Sync 1 DAGs
[2024-04-24T14:37:40.589+0000] {logging_mixin.py:188} INFO - [2024-04-24T14:37:40.589+0000] {dag.py:3954} INFO - Setting next_dagrun for daily_task_dag to 2024-04-25 08:00:00+00:00, run_after=2024-04-26 08:00:00+00:00
[2024-04-24T14:37:40.606+0000] {processor.py:183} INFO - Processing /opt/airflow/dags/DataMLOps.py took 4.046 seconds
[2024-04-24T14:38:10.809+0000] {processor.py:161} INFO - Started process (PID=3792) to work on /opt/airflow/dags/DataMLOps.py
[2024-04-24T14:38:10.810+0000] {processor.py:830} INFO - Processing file /opt/airflow/dags/DataMLOps.py for tasks to queue
[2024-04-24T14:38:10.811+0000] {logging_mixin.py:188} INFO - [2024-04-24T14:38:10.810+0000] {dagbag.py:540} INFO - Filling up the DagBag from /opt/airflow/dags/DataMLOps.py
[2024-04-24T14:38:14.640+0000] {processor.py:840} INFO - DAG(s) 'daily_task_dag' retrieved from /opt/airflow/dags/DataMLOps.py
[2024-04-24T14:38:14.692+0000] {logging_mixin.py:188} INFO - [2024-04-24T14:38:14.691+0000] {dag.py:3096} INFO - Sync 1 DAGs
[2024-04-24T14:38:14.709+0000] {logging_mixin.py:188} INFO - [2024-04-24T14:38:14.709+0000] {dag.py:3954} INFO - Setting next_dagrun for daily_task_dag to 2024-04-25 08:00:00+00:00, run_after=2024-04-26 08:00:00+00:00
[2024-04-24T14:38:14.729+0000] {processor.py:183} INFO - Processing /opt/airflow/dags/DataMLOps.py took 3.924 seconds
[2024-04-24T14:38:44.963+0000] {processor.py:161} INFO - Started process (PID=3815) to work on /opt/airflow/dags/DataMLOps.py
[2024-04-24T14:38:44.964+0000] {processor.py:830} INFO - Processing file /opt/airflow/dags/DataMLOps.py for tasks to queue
[2024-04-24T14:38:44.964+0000] {logging_mixin.py:188} INFO - [2024-04-24T14:38:44.964+0000] {dagbag.py:540} INFO - Filling up the DagBag from /opt/airflow/dags/DataMLOps.py
[2024-04-24T14:38:49.479+0000] {processor.py:840} INFO - DAG(s) 'daily_task_dag' retrieved from /opt/airflow/dags/DataMLOps.py
[2024-04-24T14:38:49.532+0000] {logging_mixin.py:188} INFO - [2024-04-24T14:38:49.531+0000] {dag.py:3096} INFO - Sync 1 DAGs
[2024-04-24T14:38:49.547+0000] {logging_mixin.py:188} INFO - [2024-04-24T14:38:49.546+0000] {dag.py:3954} INFO - Setting next_dagrun for daily_task_dag to 2024-04-25 08:00:00+00:00, run_after=2024-04-26 08:00:00+00:00
[2024-04-24T14:38:49.565+0000] {processor.py:183} INFO - Processing /opt/airflow/dags/DataMLOps.py took 4.608 seconds
[2024-04-24T14:39:19.750+0000] {processor.py:161} INFO - Started process (PID=3844) to work on /opt/airflow/dags/DataMLOps.py
[2024-04-24T14:39:19.751+0000] {processor.py:830} INFO - Processing file /opt/airflow/dags/DataMLOps.py for tasks to queue
[2024-04-24T14:39:19.752+0000] {logging_mixin.py:188} INFO - [2024-04-24T14:39:19.752+0000] {dagbag.py:540} INFO - Filling up the DagBag from /opt/airflow/dags/DataMLOps.py
[2024-04-24T14:39:23.679+0000] {processor.py:840} INFO - DAG(s) 'daily_task_dag' retrieved from /opt/airflow/dags/DataMLOps.py
[2024-04-24T14:39:23.733+0000] {logging_mixin.py:188} INFO - [2024-04-24T14:39:23.732+0000] {dag.py:3096} INFO - Sync 1 DAGs
[2024-04-24T14:39:23.748+0000] {logging_mixin.py:188} INFO - [2024-04-24T14:39:23.747+0000] {dag.py:3954} INFO - Setting next_dagrun for daily_task_dag to 2024-04-25 08:00:00+00:00, run_after=2024-04-26 08:00:00+00:00
[2024-04-24T14:39:23.768+0000] {processor.py:183} INFO - Processing /opt/airflow/dags/DataMLOps.py took 4.022 seconds
[2024-04-24T14:39:53.918+0000] {processor.py:161} INFO - Started process (PID=3867) to work on /opt/airflow/dags/DataMLOps.py
[2024-04-24T14:39:53.919+0000] {processor.py:830} INFO - Processing file /opt/airflow/dags/DataMLOps.py for tasks to queue
[2024-04-24T14:39:53.919+0000] {logging_mixin.py:188} INFO - [2024-04-24T14:39:53.919+0000] {dagbag.py:540} INFO - Filling up the DagBag from /opt/airflow/dags/DataMLOps.py
[2024-04-24T14:39:57.680+0000] {processor.py:840} INFO - DAG(s) 'daily_task_dag' retrieved from /opt/airflow/dags/DataMLOps.py
[2024-04-24T14:39:57.731+0000] {logging_mixin.py:188} INFO - [2024-04-24T14:39:57.731+0000] {dag.py:3096} INFO - Sync 1 DAGs
[2024-04-24T14:39:57.746+0000] {logging_mixin.py:188} INFO - [2024-04-24T14:39:57.746+0000] {dag.py:3954} INFO - Setting next_dagrun for daily_task_dag to 2024-04-25 08:00:00+00:00, run_after=2024-04-26 08:00:00+00:00
[2024-04-24T14:39:57.763+0000] {processor.py:183} INFO - Processing /opt/airflow/dags/DataMLOps.py took 3.848 seconds
[2024-04-24T14:40:27.959+0000] {processor.py:161} INFO - Started process (PID=3890) to work on /opt/airflow/dags/DataMLOps.py
[2024-04-24T14:40:27.960+0000] {processor.py:830} INFO - Processing file /opt/airflow/dags/DataMLOps.py for tasks to queue
[2024-04-24T14:40:27.960+0000] {logging_mixin.py:188} INFO - [2024-04-24T14:40:27.960+0000] {dagbag.py:540} INFO - Filling up the DagBag from /opt/airflow/dags/DataMLOps.py
[2024-04-24T14:40:32.192+0000] {processor.py:840} INFO - DAG(s) 'daily_task_dag' retrieved from /opt/airflow/dags/DataMLOps.py
[2024-04-24T14:40:32.273+0000] {logging_mixin.py:188} INFO - [2024-04-24T14:40:32.273+0000] {dag.py:3096} INFO - Sync 1 DAGs
[2024-04-24T14:40:32.299+0000] {logging_mixin.py:188} INFO - [2024-04-24T14:40:32.299+0000] {dag.py:3954} INFO - Setting next_dagrun for daily_task_dag to 2024-04-25 08:00:00+00:00, run_after=2024-04-26 08:00:00+00:00
[2024-04-24T14:40:32.328+0000] {processor.py:183} INFO - Processing /opt/airflow/dags/DataMLOps.py took 4.373 seconds
[2024-04-24T14:41:02.518+0000] {processor.py:161} INFO - Started process (PID=3913) to work on /opt/airflow/dags/DataMLOps.py
[2024-04-24T14:41:02.518+0000] {processor.py:830} INFO - Processing file /opt/airflow/dags/DataMLOps.py for tasks to queue
[2024-04-24T14:41:02.519+0000] {logging_mixin.py:188} INFO - [2024-04-24T14:41:02.519+0000] {dagbag.py:540} INFO - Filling up the DagBag from /opt/airflow/dags/DataMLOps.py
[2024-04-24T14:41:06.453+0000] {processor.py:840} INFO - DAG(s) 'daily_task_dag' retrieved from /opt/airflow/dags/DataMLOps.py
[2024-04-24T14:41:06.507+0000] {logging_mixin.py:188} INFO - [2024-04-24T14:41:06.506+0000] {dag.py:3096} INFO - Sync 1 DAGs
[2024-04-24T14:41:06.523+0000] {logging_mixin.py:188} INFO - [2024-04-24T14:41:06.522+0000] {dag.py:3954} INFO - Setting next_dagrun for daily_task_dag to 2024-04-25 08:00:00+00:00, run_after=2024-04-26 08:00:00+00:00
[2024-04-24T14:41:06.540+0000] {processor.py:183} INFO - Processing /opt/airflow/dags/DataMLOps.py took 4.027 seconds
[2024-04-24T14:41:36.677+0000] {processor.py:161} INFO - Started process (PID=3936) to work on /opt/airflow/dags/DataMLOps.py
[2024-04-24T14:41:36.677+0000] {processor.py:830} INFO - Processing file /opt/airflow/dags/DataMLOps.py for tasks to queue
[2024-04-24T14:41:36.678+0000] {logging_mixin.py:188} INFO - [2024-04-24T14:41:36.678+0000] {dagbag.py:540} INFO - Filling up the DagBag from /opt/airflow/dags/DataMLOps.py
[2024-04-24T14:41:40.446+0000] {processor.py:840} INFO - DAG(s) 'daily_task_dag' retrieved from /opt/airflow/dags/DataMLOps.py
[2024-04-24T14:41:40.506+0000] {logging_mixin.py:188} INFO - [2024-04-24T14:41:40.505+0000] {dag.py:3096} INFO - Sync 1 DAGs
[2024-04-24T14:41:40.521+0000] {logging_mixin.py:188} INFO - [2024-04-24T14:41:40.521+0000] {dag.py:3954} INFO - Setting next_dagrun for daily_task_dag to 2024-04-25 08:00:00+00:00, run_after=2024-04-26 08:00:00+00:00
[2024-04-24T14:41:40.543+0000] {processor.py:183} INFO - Processing /opt/airflow/dags/DataMLOps.py took 3.870 seconds
[2024-04-24T14:42:10.728+0000] {processor.py:161} INFO - Started process (PID=3959) to work on /opt/airflow/dags/DataMLOps.py
[2024-04-24T14:42:10.729+0000] {processor.py:830} INFO - Processing file /opt/airflow/dags/DataMLOps.py for tasks to queue
[2024-04-24T14:42:10.730+0000] {logging_mixin.py:188} INFO - [2024-04-24T14:42:10.729+0000] {dagbag.py:540} INFO - Filling up the DagBag from /opt/airflow/dags/DataMLOps.py
[2024-04-24T14:42:15.080+0000] {processor.py:840} INFO - DAG(s) 'daily_task_dag' retrieved from /opt/airflow/dags/DataMLOps.py
[2024-04-24T14:42:15.140+0000] {logging_mixin.py:188} INFO - [2024-04-24T14:42:15.139+0000] {dag.py:3096} INFO - Sync 1 DAGs
[2024-04-24T14:42:15.159+0000] {logging_mixin.py:188} INFO - [2024-04-24T14:42:15.159+0000] {dag.py:3954} INFO - Setting next_dagrun for daily_task_dag to 2024-04-25 08:00:00+00:00, run_after=2024-04-26 08:00:00+00:00
[2024-04-24T14:42:15.177+0000] {processor.py:183} INFO - Processing /opt/airflow/dags/DataMLOps.py took 4.453 seconds
[2024-04-24T14:42:45.367+0000] {processor.py:161} INFO - Started process (PID=3982) to work on /opt/airflow/dags/DataMLOps.py
[2024-04-24T14:42:45.368+0000] {processor.py:830} INFO - Processing file /opt/airflow/dags/DataMLOps.py for tasks to queue
[2024-04-24T14:42:45.369+0000] {logging_mixin.py:188} INFO - [2024-04-24T14:42:45.369+0000] {dagbag.py:540} INFO - Filling up the DagBag from /opt/airflow/dags/DataMLOps.py
[2024-04-24T14:42:50.006+0000] {processor.py:840} INFO - DAG(s) 'daily_task_dag' retrieved from /opt/airflow/dags/DataMLOps.py
[2024-04-24T14:42:50.076+0000] {logging_mixin.py:188} INFO - [2024-04-24T14:42:50.076+0000] {dag.py:3096} INFO - Sync 1 DAGs
[2024-04-24T14:42:50.103+0000] {logging_mixin.py:188} INFO - [2024-04-24T14:42:50.103+0000] {dag.py:3954} INFO - Setting next_dagrun for daily_task_dag to 2024-04-25 08:00:00+00:00, run_after=2024-04-26 08:00:00+00:00
[2024-04-24T14:42:50.126+0000] {processor.py:183} INFO - Processing /opt/airflow/dags/DataMLOps.py took 4.766 seconds
[2024-04-24T14:43:20.312+0000] {processor.py:161} INFO - Started process (PID=4011) to work on /opt/airflow/dags/DataMLOps.py
[2024-04-24T14:43:20.314+0000] {processor.py:830} INFO - Processing file /opt/airflow/dags/DataMLOps.py for tasks to queue
[2024-04-24T14:43:20.315+0000] {logging_mixin.py:188} INFO - [2024-04-24T14:43:20.314+0000] {dagbag.py:540} INFO - Filling up the DagBag from /opt/airflow/dags/DataMLOps.py
[2024-04-24T14:43:25.475+0000] {processor.py:840} INFO - DAG(s) 'daily_task_dag' retrieved from /opt/airflow/dags/DataMLOps.py
[2024-04-24T14:43:25.539+0000] {logging_mixin.py:188} INFO - [2024-04-24T14:43:25.537+0000] {dag.py:3096} INFO - Sync 1 DAGs
[2024-04-24T14:43:25.556+0000] {logging_mixin.py:188} INFO - [2024-04-24T14:43:25.556+0000] {dag.py:3954} INFO - Setting next_dagrun for daily_task_dag to 2024-04-25 08:00:00+00:00, run_after=2024-04-26 08:00:00+00:00
[2024-04-24T14:43:25.574+0000] {processor.py:183} INFO - Processing /opt/airflow/dags/DataMLOps.py took 5.268 seconds
[2024-04-24T14:43:55.751+0000] {processor.py:161} INFO - Started process (PID=4034) to work on /opt/airflow/dags/DataMLOps.py
[2024-04-24T14:43:55.751+0000] {processor.py:830} INFO - Processing file /opt/airflow/dags/DataMLOps.py for tasks to queue
[2024-04-24T14:43:55.752+0000] {logging_mixin.py:188} INFO - [2024-04-24T14:43:55.752+0000] {dagbag.py:540} INFO - Filling up the DagBag from /opt/airflow/dags/DataMLOps.py
[2024-04-24T14:44:00.384+0000] {processor.py:840} INFO - DAG(s) 'daily_task_dag' retrieved from /opt/airflow/dags/DataMLOps.py
[2024-04-24T14:44:00.446+0000] {logging_mixin.py:188} INFO - [2024-04-24T14:44:00.445+0000] {dag.py:3096} INFO - Sync 1 DAGs
[2024-04-24T14:44:00.465+0000] {logging_mixin.py:188} INFO - [2024-04-24T14:44:00.465+0000] {dag.py:3954} INFO - Setting next_dagrun for daily_task_dag to 2024-04-25 08:00:00+00:00, run_after=2024-04-26 08:00:00+00:00
[2024-04-24T14:44:00.485+0000] {processor.py:183} INFO - Processing /opt/airflow/dags/DataMLOps.py took 4.741 seconds
[2024-04-24T14:44:30.636+0000] {processor.py:161} INFO - Started process (PID=4057) to work on /opt/airflow/dags/DataMLOps.py
[2024-04-24T14:44:30.637+0000] {processor.py:830} INFO - Processing file /opt/airflow/dags/DataMLOps.py for tasks to queue
[2024-04-24T14:44:30.638+0000] {logging_mixin.py:188} INFO - [2024-04-24T14:44:30.637+0000] {dagbag.py:540} INFO - Filling up the DagBag from /opt/airflow/dags/DataMLOps.py
[2024-04-24T14:44:34.759+0000] {processor.py:840} INFO - DAG(s) 'daily_task_dag' retrieved from /opt/airflow/dags/DataMLOps.py
[2024-04-24T14:44:34.824+0000] {logging_mixin.py:188} INFO - [2024-04-24T14:44:34.824+0000] {dag.py:3096} INFO - Sync 1 DAGs
[2024-04-24T14:44:34.845+0000] {logging_mixin.py:188} INFO - [2024-04-24T14:44:34.845+0000] {dag.py:3954} INFO - Setting next_dagrun for daily_task_dag to 2024-04-25 08:00:00+00:00, run_after=2024-04-26 08:00:00+00:00
[2024-04-24T14:44:34.865+0000] {processor.py:183} INFO - Processing /opt/airflow/dags/DataMLOps.py took 4.233 seconds
[2024-04-24T14:45:05.037+0000] {processor.py:161} INFO - Started process (PID=4080) to work on /opt/airflow/dags/DataMLOps.py
[2024-04-24T14:45:05.037+0000] {processor.py:830} INFO - Processing file /opt/airflow/dags/DataMLOps.py for tasks to queue
[2024-04-24T14:45:05.038+0000] {logging_mixin.py:188} INFO - [2024-04-24T14:45:05.038+0000] {dagbag.py:540} INFO - Filling up the DagBag from /opt/airflow/dags/DataMLOps.py
[2024-04-24T14:45:09.093+0000] {processor.py:840} INFO - DAG(s) 'daily_task_dag' retrieved from /opt/airflow/dags/DataMLOps.py
[2024-04-24T14:45:09.159+0000] {logging_mixin.py:188} INFO - [2024-04-24T14:45:09.158+0000] {dag.py:3096} INFO - Sync 1 DAGs
[2024-04-24T14:45:09.176+0000] {logging_mixin.py:188} INFO - [2024-04-24T14:45:09.175+0000] {dag.py:3954} INFO - Setting next_dagrun for daily_task_dag to 2024-04-25 08:00:00+00:00, run_after=2024-04-26 08:00:00+00:00
[2024-04-24T14:45:09.195+0000] {processor.py:183} INFO - Processing /opt/airflow/dags/DataMLOps.py took 4.162 seconds
[2024-04-24T14:45:39.369+0000] {processor.py:161} INFO - Started process (PID=4103) to work on /opt/airflow/dags/DataMLOps.py
[2024-04-24T14:45:39.369+0000] {processor.py:830} INFO - Processing file /opt/airflow/dags/DataMLOps.py for tasks to queue
[2024-04-24T14:45:39.370+0000] {logging_mixin.py:188} INFO - [2024-04-24T14:45:39.370+0000] {dagbag.py:540} INFO - Filling up the DagBag from /opt/airflow/dags/DataMLOps.py
[2024-04-24T14:45:43.884+0000] {processor.py:840} INFO - DAG(s) 'daily_task_dag' retrieved from /opt/airflow/dags/DataMLOps.py
[2024-04-24T14:45:43.943+0000] {logging_mixin.py:188} INFO - [2024-04-24T14:45:43.942+0000] {dag.py:3096} INFO - Sync 1 DAGs
[2024-04-24T14:45:43.957+0000] {logging_mixin.py:188} INFO - [2024-04-24T14:45:43.957+0000] {dag.py:3954} INFO - Setting next_dagrun for daily_task_dag to 2024-04-25 08:00:00+00:00, run_after=2024-04-26 08:00:00+00:00
[2024-04-24T14:45:43.974+0000] {processor.py:183} INFO - Processing /opt/airflow/dags/DataMLOps.py took 4.611 seconds
[2024-04-24T14:46:14.166+0000] {processor.py:161} INFO - Started process (PID=4126) to work on /opt/airflow/dags/DataMLOps.py
[2024-04-24T14:46:14.166+0000] {processor.py:830} INFO - Processing file /opt/airflow/dags/DataMLOps.py for tasks to queue
[2024-04-24T14:46:14.167+0000] {logging_mixin.py:188} INFO - [2024-04-24T14:46:14.167+0000] {dagbag.py:540} INFO - Filling up the DagBag from /opt/airflow/dags/DataMLOps.py
[2024-04-24T14:46:18.819+0000] {processor.py:840} INFO - DAG(s) 'daily_task_dag' retrieved from /opt/airflow/dags/DataMLOps.py
[2024-04-24T14:46:18.889+0000] {logging_mixin.py:188} INFO - [2024-04-24T14:46:18.888+0000] {dag.py:3096} INFO - Sync 1 DAGs
[2024-04-24T14:46:18.911+0000] {logging_mixin.py:188} INFO - [2024-04-24T14:46:18.911+0000] {dag.py:3954} INFO - Setting next_dagrun for daily_task_dag to 2024-04-25 08:00:00+00:00, run_after=2024-04-26 08:00:00+00:00
[2024-04-24T14:46:18.934+0000] {processor.py:183} INFO - Processing /opt/airflow/dags/DataMLOps.py took 4.773 seconds
[2024-04-24T14:46:49.117+0000] {processor.py:161} INFO - Started process (PID=4155) to work on /opt/airflow/dags/DataMLOps.py
[2024-04-24T14:46:49.118+0000] {processor.py:830} INFO - Processing file /opt/airflow/dags/DataMLOps.py for tasks to queue
[2024-04-24T14:46:49.119+0000] {logging_mixin.py:188} INFO - [2024-04-24T14:46:49.119+0000] {dagbag.py:540} INFO - Filling up the DagBag from /opt/airflow/dags/DataMLOps.py
[2024-04-24T14:46:53.706+0000] {processor.py:840} INFO - DAG(s) 'daily_task_dag' retrieved from /opt/airflow/dags/DataMLOps.py
[2024-04-24T14:46:53.765+0000] {logging_mixin.py:188} INFO - [2024-04-24T14:46:53.764+0000] {dag.py:3096} INFO - Sync 1 DAGs
[2024-04-24T14:46:53.782+0000] {logging_mixin.py:188} INFO - [2024-04-24T14:46:53.782+0000] {dag.py:3954} INFO - Setting next_dagrun for daily_task_dag to 2024-04-25 08:00:00+00:00, run_after=2024-04-26 08:00:00+00:00
[2024-04-24T14:46:53.800+0000] {processor.py:183} INFO - Processing /opt/airflow/dags/DataMLOps.py took 4.689 seconds
[2024-04-24T14:47:23.976+0000] {processor.py:161} INFO - Started process (PID=4178) to work on /opt/airflow/dags/DataMLOps.py
[2024-04-24T14:47:23.976+0000] {processor.py:830} INFO - Processing file /opt/airflow/dags/DataMLOps.py for tasks to queue
[2024-04-24T14:47:23.977+0000] {logging_mixin.py:188} INFO - [2024-04-24T14:47:23.977+0000] {dagbag.py:540} INFO - Filling up the DagBag from /opt/airflow/dags/DataMLOps.py
[2024-04-24T14:47:28.687+0000] {processor.py:840} INFO - DAG(s) 'daily_task_dag' retrieved from /opt/airflow/dags/DataMLOps.py
[2024-04-24T14:47:28.743+0000] {logging_mixin.py:188} INFO - [2024-04-24T14:47:28.743+0000] {dag.py:3096} INFO - Sync 1 DAGs
[2024-04-24T14:47:28.759+0000] {logging_mixin.py:188} INFO - [2024-04-24T14:47:28.758+0000] {dag.py:3954} INFO - Setting next_dagrun for daily_task_dag to 2024-04-25 08:00:00+00:00, run_after=2024-04-26 08:00:00+00:00
[2024-04-24T14:47:28.776+0000] {processor.py:183} INFO - Processing /opt/airflow/dags/DataMLOps.py took 4.805 seconds
[2024-04-24T14:47:58.977+0000] {processor.py:161} INFO - Started process (PID=4201) to work on /opt/airflow/dags/DataMLOps.py
[2024-04-24T14:47:58.978+0000] {processor.py:830} INFO - Processing file /opt/airflow/dags/DataMLOps.py for tasks to queue
[2024-04-24T14:47:58.979+0000] {logging_mixin.py:188} INFO - [2024-04-24T14:47:58.978+0000] {dagbag.py:540} INFO - Filling up the DagBag from /opt/airflow/dags/DataMLOps.py
[2024-04-24T14:48:03.979+0000] {processor.py:840} INFO - DAG(s) 'daily_task_dag' retrieved from /opt/airflow/dags/DataMLOps.py
[2024-04-24T14:48:04.047+0000] {logging_mixin.py:188} INFO - [2024-04-24T14:48:04.047+0000] {dag.py:3096} INFO - Sync 1 DAGs
[2024-04-24T14:48:04.063+0000] {logging_mixin.py:188} INFO - [2024-04-24T14:48:04.063+0000] {dag.py:3954} INFO - Setting next_dagrun for daily_task_dag to 2024-04-25 08:00:00+00:00, run_after=2024-04-26 08:00:00+00:00
[2024-04-24T14:48:04.084+0000] {processor.py:183} INFO - Processing /opt/airflow/dags/DataMLOps.py took 5.112 seconds
[2024-04-24T14:48:34.183+0000] {processor.py:161} INFO - Started process (PID=4224) to work on /opt/airflow/dags/DataMLOps.py
[2024-04-24T14:48:34.183+0000] {processor.py:830} INFO - Processing file /opt/airflow/dags/DataMLOps.py for tasks to queue
[2024-04-24T14:48:34.184+0000] {logging_mixin.py:188} INFO - [2024-04-24T14:48:34.184+0000] {dagbag.py:540} INFO - Filling up the DagBag from /opt/airflow/dags/DataMLOps.py
[2024-04-24T14:48:38.693+0000] {processor.py:840} INFO - DAG(s) 'daily_task_dag' retrieved from /opt/airflow/dags/DataMLOps.py
[2024-04-24T14:48:38.761+0000] {logging_mixin.py:188} INFO - [2024-04-24T14:48:38.760+0000] {dag.py:3096} INFO - Sync 1 DAGs
[2024-04-24T14:48:38.779+0000] {logging_mixin.py:188} INFO - [2024-04-24T14:48:38.779+0000] {dag.py:3954} INFO - Setting next_dagrun for daily_task_dag to 2024-04-25 08:00:00+00:00, run_after=2024-04-26 08:00:00+00:00
[2024-04-24T14:48:38.800+0000] {processor.py:183} INFO - Processing /opt/airflow/dags/DataMLOps.py took 4.622 seconds
[2024-04-24T14:49:08.990+0000] {processor.py:161} INFO - Started process (PID=4247) to work on /opt/airflow/dags/DataMLOps.py
[2024-04-24T14:49:08.991+0000] {processor.py:830} INFO - Processing file /opt/airflow/dags/DataMLOps.py for tasks to queue
[2024-04-24T14:49:08.991+0000] {logging_mixin.py:188} INFO - [2024-04-24T14:49:08.991+0000] {dagbag.py:540} INFO - Filling up the DagBag from /opt/airflow/dags/DataMLOps.py
[2024-04-24T14:49:13.130+0000] {processor.py:840} INFO - DAG(s) 'daily_task_dag' retrieved from /opt/airflow/dags/DataMLOps.py
[2024-04-24T14:49:13.183+0000] {logging_mixin.py:188} INFO - [2024-04-24T14:49:13.182+0000] {dag.py:3096} INFO - Sync 1 DAGs
[2024-04-24T14:49:13.198+0000] {logging_mixin.py:188} INFO - [2024-04-24T14:49:13.198+0000] {dag.py:3954} INFO - Setting next_dagrun for daily_task_dag to 2024-04-25 08:00:00+00:00, run_after=2024-04-26 08:00:00+00:00
[2024-04-24T14:49:13.217+0000] {processor.py:183} INFO - Processing /opt/airflow/dags/DataMLOps.py took 4.230 seconds
[2024-04-24T14:49:43.387+0000] {processor.py:161} INFO - Started process (PID=4270) to work on /opt/airflow/dags/DataMLOps.py
[2024-04-24T14:49:43.387+0000] {processor.py:830} INFO - Processing file /opt/airflow/dags/DataMLOps.py for tasks to queue
[2024-04-24T14:49:43.388+0000] {logging_mixin.py:188} INFO - [2024-04-24T14:49:43.388+0000] {dagbag.py:540} INFO - Filling up the DagBag from /opt/airflow/dags/DataMLOps.py
[2024-04-24T14:49:47.528+0000] {processor.py:840} INFO - DAG(s) 'daily_task_dag' retrieved from /opt/airflow/dags/DataMLOps.py
[2024-04-24T14:49:47.579+0000] {logging_mixin.py:188} INFO - [2024-04-24T14:49:47.579+0000] {dag.py:3096} INFO - Sync 1 DAGs
[2024-04-24T14:49:47.595+0000] {logging_mixin.py:188} INFO - [2024-04-24T14:49:47.595+0000] {dag.py:3954} INFO - Setting next_dagrun for daily_task_dag to 2024-04-25 08:00:00+00:00, run_after=2024-04-26 08:00:00+00:00
[2024-04-24T14:49:47.617+0000] {processor.py:183} INFO - Processing /opt/airflow/dags/DataMLOps.py took 4.234 seconds
[2024-04-24T14:50:17.798+0000] {processor.py:161} INFO - Started process (PID=4299) to work on /opt/airflow/dags/DataMLOps.py
[2024-04-24T14:50:17.799+0000] {processor.py:830} INFO - Processing file /opt/airflow/dags/DataMLOps.py for tasks to queue
[2024-04-24T14:50:17.800+0000] {logging_mixin.py:188} INFO - [2024-04-24T14:50:17.799+0000] {dagbag.py:540} INFO - Filling up the DagBag from /opt/airflow/dags/DataMLOps.py
[2024-04-24T14:50:22.678+0000] {processor.py:840} INFO - DAG(s) 'daily_task_dag' retrieved from /opt/airflow/dags/DataMLOps.py
[2024-04-24T14:50:22.746+0000] {logging_mixin.py:188} INFO - [2024-04-24T14:50:22.746+0000] {dag.py:3096} INFO - Sync 1 DAGs
[2024-04-24T14:50:22.769+0000] {logging_mixin.py:188} INFO - [2024-04-24T14:50:22.769+0000] {dag.py:3954} INFO - Setting next_dagrun for daily_task_dag to 2024-04-25 08:00:00+00:00, run_after=2024-04-26 08:00:00+00:00
[2024-04-24T14:50:22.791+0000] {processor.py:183} INFO - Processing /opt/airflow/dags/DataMLOps.py took 4.998 seconds
[2024-04-24T14:50:52.965+0000] {processor.py:161} INFO - Started process (PID=4322) to work on /opt/airflow/dags/DataMLOps.py
[2024-04-24T14:50:52.965+0000] {processor.py:830} INFO - Processing file /opt/airflow/dags/DataMLOps.py for tasks to queue
[2024-04-24T14:50:52.966+0000] {logging_mixin.py:188} INFO - [2024-04-24T14:50:52.966+0000] {dagbag.py:540} INFO - Filling up the DagBag from /opt/airflow/dags/DataMLOps.py
[2024-04-24T14:50:57.587+0000] {processor.py:840} INFO - DAG(s) 'daily_task_dag' retrieved from /opt/airflow/dags/DataMLOps.py
[2024-04-24T14:50:57.655+0000] {logging_mixin.py:188} INFO - [2024-04-24T14:50:57.655+0000] {dag.py:3096} INFO - Sync 1 DAGs
[2024-04-24T14:50:57.672+0000] {logging_mixin.py:188} INFO - [2024-04-24T14:50:57.672+0000] {dag.py:3954} INFO - Setting next_dagrun for daily_task_dag to 2024-04-25 08:00:00+00:00, run_after=2024-04-26 08:00:00+00:00
[2024-04-24T14:50:57.695+0000] {processor.py:183} INFO - Processing /opt/airflow/dags/DataMLOps.py took 4.735 seconds
[2024-04-24T14:51:27.886+0000] {processor.py:161} INFO - Started process (PID=4345) to work on /opt/airflow/dags/DataMLOps.py
[2024-04-24T14:51:27.887+0000] {processor.py:830} INFO - Processing file /opt/airflow/dags/DataMLOps.py for tasks to queue
[2024-04-24T14:51:27.888+0000] {logging_mixin.py:188} INFO - [2024-04-24T14:51:27.887+0000] {dagbag.py:540} INFO - Filling up the DagBag from /opt/airflow/dags/DataMLOps.py
[2024-04-24T14:51:32.295+0000] {processor.py:840} INFO - DAG(s) 'daily_task_dag' retrieved from /opt/airflow/dags/DataMLOps.py
[2024-04-24T14:51:32.362+0000] {logging_mixin.py:188} INFO - [2024-04-24T14:51:32.361+0000] {dag.py:3096} INFO - Sync 1 DAGs
[2024-04-24T14:51:32.382+0000] {logging_mixin.py:188} INFO - [2024-04-24T14:51:32.382+0000] {dag.py:3954} INFO - Setting next_dagrun for daily_task_dag to 2024-04-25 08:00:00+00:00, run_after=2024-04-26 08:00:00+00:00
[2024-04-24T14:51:32.407+0000] {processor.py:183} INFO - Processing /opt/airflow/dags/DataMLOps.py took 4.526 seconds
[2024-04-24T14:52:02.594+0000] {processor.py:161} INFO - Started process (PID=4368) to work on /opt/airflow/dags/DataMLOps.py
[2024-04-24T14:52:02.595+0000] {processor.py:830} INFO - Processing file /opt/airflow/dags/DataMLOps.py for tasks to queue
[2024-04-24T14:52:02.595+0000] {logging_mixin.py:188} INFO - [2024-04-24T14:52:02.595+0000] {dagbag.py:540} INFO - Filling up the DagBag from /opt/airflow/dags/DataMLOps.py
[2024-04-24T14:52:07.053+0000] {processor.py:840} INFO - DAG(s) 'daily_task_dag' retrieved from /opt/airflow/dags/DataMLOps.py
[2024-04-24T14:52:07.116+0000] {logging_mixin.py:188} INFO - [2024-04-24T14:52:07.115+0000] {dag.py:3096} INFO - Sync 1 DAGs
[2024-04-24T14:52:07.136+0000] {logging_mixin.py:188} INFO - [2024-04-24T14:52:07.135+0000] {dag.py:3954} INFO - Setting next_dagrun for daily_task_dag to 2024-04-25 08:00:00+00:00, run_after=2024-04-26 08:00:00+00:00
[2024-04-24T14:52:07.157+0000] {processor.py:183} INFO - Processing /opt/airflow/dags/DataMLOps.py took 4.569 seconds
[2024-04-24T14:52:37.372+0000] {processor.py:161} INFO - Started process (PID=4391) to work on /opt/airflow/dags/DataMLOps.py
[2024-04-24T14:52:37.372+0000] {processor.py:830} INFO - Processing file /opt/airflow/dags/DataMLOps.py for tasks to queue
[2024-04-24T14:52:37.373+0000] {logging_mixin.py:188} INFO - [2024-04-24T14:52:37.373+0000] {dagbag.py:540} INFO - Filling up the DagBag from /opt/airflow/dags/DataMLOps.py
[2024-04-24T14:52:42.578+0000] {processor.py:840} INFO - DAG(s) 'daily_task_dag' retrieved from /opt/airflow/dags/DataMLOps.py
[2024-04-24T14:52:42.637+0000] {logging_mixin.py:188} INFO - [2024-04-24T14:52:42.637+0000] {dag.py:3096} INFO - Sync 1 DAGs
[2024-04-24T14:52:42.653+0000] {logging_mixin.py:188} INFO - [2024-04-24T14:52:42.653+0000] {dag.py:3954} INFO - Setting next_dagrun for daily_task_dag to 2024-04-25 08:00:00+00:00, run_after=2024-04-26 08:00:00+00:00
[2024-04-24T14:52:42.671+0000] {processor.py:183} INFO - Processing /opt/airflow/dags/DataMLOps.py took 5.304 seconds
[2024-04-24T14:53:12.848+0000] {processor.py:161} INFO - Started process (PID=4414) to work on /opt/airflow/dags/DataMLOps.py
[2024-04-24T14:53:12.848+0000] {processor.py:830} INFO - Processing file /opt/airflow/dags/DataMLOps.py for tasks to queue
[2024-04-24T14:53:12.849+0000] {logging_mixin.py:188} INFO - [2024-04-24T14:53:12.849+0000] {dagbag.py:540} INFO - Filling up the DagBag from /opt/airflow/dags/DataMLOps.py
[2024-04-24T14:53:17.010+0000] {processor.py:840} INFO - DAG(s) 'daily_task_dag' retrieved from /opt/airflow/dags/DataMLOps.py
[2024-04-24T14:53:17.088+0000] {logging_mixin.py:188} INFO - [2024-04-24T14:53:17.088+0000] {dag.py:3096} INFO - Sync 1 DAGs
[2024-04-24T14:53:17.110+0000] {logging_mixin.py:188} INFO - [2024-04-24T14:53:17.110+0000] {dag.py:3954} INFO - Setting next_dagrun for daily_task_dag to 2024-04-25 08:00:00+00:00, run_after=2024-04-26 08:00:00+00:00
[2024-04-24T14:53:17.133+0000] {processor.py:183} INFO - Processing /opt/airflow/dags/DataMLOps.py took 4.291 seconds
[2024-04-24T14:53:47.315+0000] {processor.py:161} INFO - Started process (PID=4443) to work on /opt/airflow/dags/DataMLOps.py
[2024-04-24T14:53:47.316+0000] {processor.py:830} INFO - Processing file /opt/airflow/dags/DataMLOps.py for tasks to queue
[2024-04-24T14:53:47.317+0000] {logging_mixin.py:188} INFO - [2024-04-24T14:53:47.316+0000] {dagbag.py:540} INFO - Filling up the DagBag from /opt/airflow/dags/DataMLOps.py
[2024-04-24T14:53:52.123+0000] {processor.py:840} INFO - DAG(s) 'daily_task_dag' retrieved from /opt/airflow/dags/DataMLOps.py
[2024-04-24T14:53:52.194+0000] {logging_mixin.py:188} INFO - [2024-04-24T14:53:52.193+0000] {dag.py:3096} INFO - Sync 1 DAGs
[2024-04-24T14:53:52.215+0000] {logging_mixin.py:188} INFO - [2024-04-24T14:53:52.214+0000] {dag.py:3954} INFO - Setting next_dagrun for daily_task_dag to 2024-04-25 08:00:00+00:00, run_after=2024-04-26 08:00:00+00:00
[2024-04-24T14:53:52.234+0000] {processor.py:183} INFO - Processing /opt/airflow/dags/DataMLOps.py took 4.924 seconds
[2024-04-24T14:54:22.402+0000] {processor.py:161} INFO - Started process (PID=4466) to work on /opt/airflow/dags/DataMLOps.py
[2024-04-24T14:54:22.403+0000] {processor.py:830} INFO - Processing file /opt/airflow/dags/DataMLOps.py for tasks to queue
[2024-04-24T14:54:22.404+0000] {logging_mixin.py:188} INFO - [2024-04-24T14:54:22.404+0000] {dagbag.py:540} INFO - Filling up the DagBag from /opt/airflow/dags/DataMLOps.py
[2024-04-24T14:54:27.057+0000] {processor.py:840} INFO - DAG(s) 'daily_task_dag' retrieved from /opt/airflow/dags/DataMLOps.py
[2024-04-24T14:54:27.115+0000] {logging_mixin.py:188} INFO - [2024-04-24T14:54:27.114+0000] {dag.py:3096} INFO - Sync 1 DAGs
[2024-04-24T14:54:27.132+0000] {logging_mixin.py:188} INFO - [2024-04-24T14:54:27.132+0000] {dag.py:3954} INFO - Setting next_dagrun for daily_task_dag to 2024-04-25 08:00:00+00:00, run_after=2024-04-26 08:00:00+00:00
[2024-04-24T14:54:27.156+0000] {processor.py:183} INFO - Processing /opt/airflow/dags/DataMLOps.py took 4.757 seconds
[2024-04-24T14:54:57.317+0000] {processor.py:161} INFO - Started process (PID=4489) to work on /opt/airflow/dags/DataMLOps.py
[2024-04-24T14:54:57.318+0000] {processor.py:830} INFO - Processing file /opt/airflow/dags/DataMLOps.py for tasks to queue
[2024-04-24T14:54:57.319+0000] {logging_mixin.py:188} INFO - [2024-04-24T14:54:57.318+0000] {dagbag.py:540} INFO - Filling up the DagBag from /opt/airflow/dags/DataMLOps.py
[2024-04-24T14:55:01.412+0000] {processor.py:840} INFO - DAG(s) 'daily_task_dag' retrieved from /opt/airflow/dags/DataMLOps.py
[2024-04-24T14:55:01.465+0000] {logging_mixin.py:188} INFO - [2024-04-24T14:55:01.465+0000] {dag.py:3096} INFO - Sync 1 DAGs
[2024-04-24T14:55:01.480+0000] {logging_mixin.py:188} INFO - [2024-04-24T14:55:01.479+0000] {dag.py:3954} INFO - Setting next_dagrun for daily_task_dag to 2024-04-25 08:00:00+00:00, run_after=2024-04-26 08:00:00+00:00
[2024-04-24T14:55:01.496+0000] {processor.py:183} INFO - Processing /opt/airflow/dags/DataMLOps.py took 4.182 seconds
[2024-04-24T14:55:31.665+0000] {processor.py:161} INFO - Started process (PID=4512) to work on /opt/airflow/dags/DataMLOps.py
[2024-04-24T14:55:31.666+0000] {processor.py:830} INFO - Processing file /opt/airflow/dags/DataMLOps.py for tasks to queue
[2024-04-24T14:55:31.667+0000] {logging_mixin.py:188} INFO - [2024-04-24T14:55:31.667+0000] {dagbag.py:540} INFO - Filling up the DagBag from /opt/airflow/dags/DataMLOps.py
[2024-04-24T14:55:36.072+0000] {processor.py:840} INFO - DAG(s) 'daily_task_dag' retrieved from /opt/airflow/dags/DataMLOps.py
[2024-04-24T14:55:36.124+0000] {logging_mixin.py:188} INFO - [2024-04-24T14:55:36.123+0000] {dag.py:3096} INFO - Sync 1 DAGs
[2024-04-24T14:55:36.137+0000] {logging_mixin.py:188} INFO - [2024-04-24T14:55:36.137+0000] {dag.py:3954} INFO - Setting next_dagrun for daily_task_dag to 2024-04-25 08:00:00+00:00, run_after=2024-04-26 08:00:00+00:00
[2024-04-24T14:55:36.161+0000] {processor.py:183} INFO - Processing /opt/airflow/dags/DataMLOps.py took 4.500 seconds
[2024-04-24T14:56:06.343+0000] {processor.py:161} INFO - Started process (PID=4535) to work on /opt/airflow/dags/DataMLOps.py
[2024-04-24T14:56:06.344+0000] {processor.py:830} INFO - Processing file /opt/airflow/dags/DataMLOps.py for tasks to queue
[2024-04-24T14:56:06.344+0000] {logging_mixin.py:188} INFO - [2024-04-24T14:56:06.344+0000] {dagbag.py:540} INFO - Filling up the DagBag from /opt/airflow/dags/DataMLOps.py
[2024-04-24T14:56:11.404+0000] {processor.py:840} INFO - DAG(s) 'daily_task_dag' retrieved from /opt/airflow/dags/DataMLOps.py
[2024-04-24T14:56:11.475+0000] {logging_mixin.py:188} INFO - [2024-04-24T14:56:11.474+0000] {dag.py:3096} INFO - Sync 1 DAGs
[2024-04-24T14:56:11.497+0000] {logging_mixin.py:188} INFO - [2024-04-24T14:56:11.497+0000] {dag.py:3954} INFO - Setting next_dagrun for daily_task_dag to 2024-04-25 08:00:00+00:00, run_after=2024-04-26 08:00:00+00:00
[2024-04-24T14:56:11.520+0000] {processor.py:183} INFO - Processing /opt/airflow/dags/DataMLOps.py took 5.183 seconds
[2024-04-24T14:56:41.695+0000] {processor.py:161} INFO - Started process (PID=4558) to work on /opt/airflow/dags/DataMLOps.py
[2024-04-24T14:56:41.696+0000] {processor.py:830} INFO - Processing file /opt/airflow/dags/DataMLOps.py for tasks to queue
[2024-04-24T14:56:41.696+0000] {logging_mixin.py:188} INFO - [2024-04-24T14:56:41.696+0000] {dagbag.py:540} INFO - Filling up the DagBag from /opt/airflow/dags/DataMLOps.py
[2024-04-24T14:56:46.338+0000] {processor.py:840} INFO - DAG(s) 'daily_task_dag' retrieved from /opt/airflow/dags/DataMLOps.py
[2024-04-24T14:56:46.390+0000] {logging_mixin.py:188} INFO - [2024-04-24T14:56:46.390+0000] {dag.py:3096} INFO - Sync 1 DAGs
[2024-04-24T14:56:46.405+0000] {logging_mixin.py:188} INFO - [2024-04-24T14:56:46.405+0000] {dag.py:3954} INFO - Setting next_dagrun for daily_task_dag to 2024-04-25 08:00:00+00:00, run_after=2024-04-26 08:00:00+00:00
[2024-04-24T14:56:46.422+0000] {processor.py:183} INFO - Processing /opt/airflow/dags/DataMLOps.py took 4.732 seconds
[2024-04-24T14:57:16.607+0000] {processor.py:161} INFO - Started process (PID=4581) to work on /opt/airflow/dags/DataMLOps.py
[2024-04-24T14:57:16.608+0000] {processor.py:830} INFO - Processing file /opt/airflow/dags/DataMLOps.py for tasks to queue
[2024-04-24T14:57:16.608+0000] {logging_mixin.py:188} INFO - [2024-04-24T14:57:16.608+0000] {dagbag.py:540} INFO - Filling up the DagBag from /opt/airflow/dags/DataMLOps.py
[2024-04-24T14:57:21.001+0000] {processor.py:840} INFO - DAG(s) 'daily_task_dag' retrieved from /opt/airflow/dags/DataMLOps.py
[2024-04-24T14:57:21.059+0000] {logging_mixin.py:188} INFO - [2024-04-24T14:57:21.059+0000] {dag.py:3096} INFO - Sync 1 DAGs
[2024-04-24T14:57:21.076+0000] {logging_mixin.py:188} INFO - [2024-04-24T14:57:21.076+0000] {dag.py:3954} INFO - Setting next_dagrun for daily_task_dag to 2024-04-25 08:00:00+00:00, run_after=2024-04-26 08:00:00+00:00
[2024-04-24T14:57:21.094+0000] {processor.py:183} INFO - Processing /opt/airflow/dags/DataMLOps.py took 4.491 seconds
[2024-04-24T14:57:51.270+0000] {processor.py:161} INFO - Started process (PID=4610) to work on /opt/airflow/dags/DataMLOps.py
[2024-04-24T14:57:51.271+0000] {processor.py:830} INFO - Processing file /opt/airflow/dags/DataMLOps.py for tasks to queue
[2024-04-24T14:57:51.271+0000] {logging_mixin.py:188} INFO - [2024-04-24T14:57:51.271+0000] {dagbag.py:540} INFO - Filling up the DagBag from /opt/airflow/dags/DataMLOps.py
[2024-04-24T14:57:56.324+0000] {processor.py:840} INFO - DAG(s) 'daily_task_dag' retrieved from /opt/airflow/dags/DataMLOps.py
[2024-04-24T14:57:56.386+0000] {logging_mixin.py:188} INFO - [2024-04-24T14:57:56.385+0000] {dag.py:3096} INFO - Sync 1 DAGs
[2024-04-24T14:57:56.402+0000] {logging_mixin.py:188} INFO - [2024-04-24T14:57:56.402+0000] {dag.py:3954} INFO - Setting next_dagrun for daily_task_dag to 2024-04-25 08:00:00+00:00, run_after=2024-04-26 08:00:00+00:00
[2024-04-24T14:57:56.423+0000] {processor.py:183} INFO - Processing /opt/airflow/dags/DataMLOps.py took 5.158 seconds
[2024-04-24T14:58:26.645+0000] {processor.py:161} INFO - Started process (PID=4634) to work on /opt/airflow/dags/DataMLOps.py
[2024-04-24T14:58:26.646+0000] {processor.py:830} INFO - Processing file /opt/airflow/dags/DataMLOps.py for tasks to queue
[2024-04-24T14:58:26.647+0000] {logging_mixin.py:188} INFO - [2024-04-24T14:58:26.646+0000] {dagbag.py:540} INFO - Filling up the DagBag from /opt/airflow/dags/DataMLOps.py
[2024-04-24T14:58:31.089+0000] {processor.py:840} INFO - DAG(s) 'daily_task_dag' retrieved from /opt/airflow/dags/DataMLOps.py
[2024-04-24T14:58:31.143+0000] {logging_mixin.py:188} INFO - [2024-04-24T14:58:31.143+0000] {dag.py:3096} INFO - Sync 1 DAGs
[2024-04-24T14:58:31.160+0000] {logging_mixin.py:188} INFO - [2024-04-24T14:58:31.159+0000] {dag.py:3954} INFO - Setting next_dagrun for daily_task_dag to 2024-04-25 08:00:00+00:00, run_after=2024-04-26 08:00:00+00:00
[2024-04-24T14:58:31.179+0000] {processor.py:183} INFO - Processing /opt/airflow/dags/DataMLOps.py took 4.537 seconds
[2024-04-24T14:59:01.370+0000] {processor.py:161} INFO - Started process (PID=4657) to work on /opt/airflow/dags/DataMLOps.py
[2024-04-24T14:59:01.370+0000] {processor.py:830} INFO - Processing file /opt/airflow/dags/DataMLOps.py for tasks to queue
[2024-04-24T14:59:01.371+0000] {logging_mixin.py:188} INFO - [2024-04-24T14:59:01.370+0000] {dagbag.py:540} INFO - Filling up the DagBag from /opt/airflow/dags/DataMLOps.py
[2024-04-24T14:59:05.808+0000] {processor.py:840} INFO - DAG(s) 'daily_task_dag' retrieved from /opt/airflow/dags/DataMLOps.py
[2024-04-24T14:59:05.872+0000] {logging_mixin.py:188} INFO - [2024-04-24T14:59:05.871+0000] {dag.py:3096} INFO - Sync 1 DAGs
[2024-04-24T14:59:05.892+0000] {logging_mixin.py:188} INFO - [2024-04-24T14:59:05.892+0000] {dag.py:3954} INFO - Setting next_dagrun for daily_task_dag to 2024-04-25 08:00:00+00:00, run_after=2024-04-26 08:00:00+00:00
[2024-04-24T14:59:05.910+0000] {processor.py:183} INFO - Processing /opt/airflow/dags/DataMLOps.py took 4.544 seconds
[2024-04-24T14:59:36.091+0000] {processor.py:161} INFO - Started process (PID=4680) to work on /opt/airflow/dags/DataMLOps.py
[2024-04-24T14:59:36.092+0000] {processor.py:830} INFO - Processing file /opt/airflow/dags/DataMLOps.py for tasks to queue
[2024-04-24T14:59:36.092+0000] {logging_mixin.py:188} INFO - [2024-04-24T14:59:36.092+0000] {dagbag.py:540} INFO - Filling up the DagBag from /opt/airflow/dags/DataMLOps.py
[2024-04-24T14:59:39.875+0000] {processor.py:840} INFO - DAG(s) 'daily_task_dag' retrieved from /opt/airflow/dags/DataMLOps.py
[2024-04-24T14:59:39.930+0000] {logging_mixin.py:188} INFO - [2024-04-24T14:59:39.930+0000] {dag.py:3096} INFO - Sync 1 DAGs
[2024-04-24T14:59:39.947+0000] {logging_mixin.py:188} INFO - [2024-04-24T14:59:39.946+0000] {dag.py:3954} INFO - Setting next_dagrun for daily_task_dag to 2024-04-25 08:00:00+00:00, run_after=2024-04-26 08:00:00+00:00
[2024-04-24T14:59:39.964+0000] {processor.py:183} INFO - Processing /opt/airflow/dags/DataMLOps.py took 3.877 seconds
[2024-04-24T15:03:49.719+0000] {processor.py:161} INFO - Started process (PID=169) to work on /opt/airflow/dags/DataMLOps.py
[2024-04-24T15:03:49.721+0000] {processor.py:830} INFO - Processing file /opt/airflow/dags/DataMLOps.py for tasks to queue
[2024-04-24T15:03:49.722+0000] {logging_mixin.py:188} INFO - [2024-04-24T15:03:49.722+0000] {dagbag.py:540} INFO - Filling up the DagBag from /opt/airflow/dags/DataMLOps.py
[2024-04-24T15:04:00.300+0000] {processor.py:840} INFO - DAG(s) 'daily_task_dag' retrieved from /opt/airflow/dags/DataMLOps.py
[2024-04-24T15:04:00.480+0000] {logging_mixin.py:188} INFO - [2024-04-24T15:04:00.479+0000] {override.py:1829} INFO - Created Permission View: can read on DAG:daily_task_dag
[2024-04-24T15:04:00.495+0000] {logging_mixin.py:188} INFO - [2024-04-24T15:04:00.495+0000] {override.py:1829} INFO - Created Permission View: can edit on DAG:daily_task_dag
[2024-04-24T15:04:00.505+0000] {logging_mixin.py:188} INFO - [2024-04-24T15:04:00.505+0000] {override.py:1829} INFO - Created Permission View: can delete on DAG:daily_task_dag
[2024-04-24T15:04:00.507+0000] {logging_mixin.py:188} INFO - [2024-04-24T15:04:00.506+0000] {dag.py:3096} INFO - Sync 1 DAGs
[2024-04-24T15:04:00.525+0000] {logging_mixin.py:188} INFO - [2024-04-24T15:04:00.524+0000] {dag.py:3118} INFO - Creating ORM DAG for daily_task_dag
[2024-04-24T15:04:00.539+0000] {logging_mixin.py:188} INFO - [2024-04-24T15:04:00.538+0000] {dag.py:3954} INFO - Setting next_dagrun for daily_task_dag to 2024-04-25 08:00:00+00:00, run_after=2024-04-26 08:00:00+00:00
[2024-04-24T15:04:00.565+0000] {processor.py:183} INFO - Processing /opt/airflow/dags/DataMLOps.py took 10.850 seconds
[2024-04-24T15:04:30.784+0000] {processor.py:161} INFO - Started process (PID=192) to work on /opt/airflow/dags/DataMLOps.py
[2024-04-24T15:04:30.785+0000] {processor.py:830} INFO - Processing file /opt/airflow/dags/DataMLOps.py for tasks to queue
[2024-04-24T15:04:30.786+0000] {logging_mixin.py:188} INFO - [2024-04-24T15:04:30.786+0000] {dagbag.py:540} INFO - Filling up the DagBag from /opt/airflow/dags/DataMLOps.py
[2024-04-24T15:04:35.960+0000] {processor.py:840} INFO - DAG(s) 'daily_task_dag' retrieved from /opt/airflow/dags/DataMLOps.py
[2024-04-24T15:04:36.033+0000] {logging_mixin.py:188} INFO - [2024-04-24T15:04:36.032+0000] {dag.py:3096} INFO - Sync 1 DAGs
[2024-04-24T15:04:36.053+0000] {logging_mixin.py:188} INFO - [2024-04-24T15:04:36.053+0000] {dag.py:3954} INFO - Setting next_dagrun for daily_task_dag to 2024-04-25 08:00:00+00:00, run_after=2024-04-26 08:00:00+00:00
[2024-04-24T15:04:36.074+0000] {processor.py:183} INFO - Processing /opt/airflow/dags/DataMLOps.py took 5.295 seconds
[2024-04-24T15:05:06.242+0000] {processor.py:161} INFO - Started process (PID=221) to work on /opt/airflow/dags/DataMLOps.py
[2024-04-24T15:05:06.242+0000] {processor.py:830} INFO - Processing file /opt/airflow/dags/DataMLOps.py for tasks to queue
[2024-04-24T15:05:06.243+0000] {logging_mixin.py:188} INFO - [2024-04-24T15:05:06.243+0000] {dagbag.py:540} INFO - Filling up the DagBag from /opt/airflow/dags/DataMLOps.py
[2024-04-24T15:05:10.294+0000] {processor.py:840} INFO - DAG(s) 'daily_task_dag' retrieved from /opt/airflow/dags/DataMLOps.py
[2024-04-24T15:05:10.353+0000] {logging_mixin.py:188} INFO - [2024-04-24T15:05:10.353+0000] {dag.py:3096} INFO - Sync 1 DAGs
[2024-04-24T15:05:10.367+0000] {logging_mixin.py:188} INFO - [2024-04-24T15:05:10.367+0000] {dag.py:3954} INFO - Setting next_dagrun for daily_task_dag to 2024-04-25 08:00:00+00:00, run_after=2024-04-26 08:00:00+00:00
[2024-04-24T15:05:10.386+0000] {processor.py:183} INFO - Processing /opt/airflow/dags/DataMLOps.py took 4.150 seconds
[2024-04-24T15:05:40.540+0000] {processor.py:161} INFO - Started process (PID=244) to work on /opt/airflow/dags/DataMLOps.py
[2024-04-24T15:05:40.540+0000] {processor.py:830} INFO - Processing file /opt/airflow/dags/DataMLOps.py for tasks to queue
[2024-04-24T15:05:40.541+0000] {logging_mixin.py:188} INFO - [2024-04-24T15:05:40.541+0000] {dagbag.py:540} INFO - Filling up the DagBag from /opt/airflow/dags/DataMLOps.py
[2024-04-24T15:05:44.539+0000] {processor.py:840} INFO - DAG(s) 'daily_task_dag' retrieved from /opt/airflow/dags/DataMLOps.py
[2024-04-24T15:05:44.593+0000] {logging_mixin.py:188} INFO - [2024-04-24T15:05:44.592+0000] {dag.py:3096} INFO - Sync 1 DAGs
[2024-04-24T15:05:44.607+0000] {logging_mixin.py:188} INFO - [2024-04-24T15:05:44.607+0000] {dag.py:3954} INFO - Setting next_dagrun for daily_task_dag to 2024-04-25 08:00:00+00:00, run_after=2024-04-26 08:00:00+00:00
[2024-04-24T15:05:44.625+0000] {processor.py:183} INFO - Processing /opt/airflow/dags/DataMLOps.py took 4.090 seconds
[2024-04-24T15:06:14.692+0000] {processor.py:161} INFO - Started process (PID=267) to work on /opt/airflow/dags/DataMLOps.py
[2024-04-24T15:06:14.692+0000] {processor.py:830} INFO - Processing file /opt/airflow/dags/DataMLOps.py for tasks to queue
[2024-04-24T15:06:14.693+0000] {logging_mixin.py:188} INFO - [2024-04-24T15:06:14.693+0000] {dagbag.py:540} INFO - Filling up the DagBag from /opt/airflow/dags/DataMLOps.py
[2024-04-24T15:06:18.271+0000] {processor.py:840} INFO - DAG(s) 'daily_task_dag' retrieved from /opt/airflow/dags/DataMLOps.py
[2024-04-24T15:06:18.325+0000] {logging_mixin.py:188} INFO - [2024-04-24T15:06:18.324+0000] {dag.py:3096} INFO - Sync 1 DAGs
[2024-04-24T15:06:18.340+0000] {logging_mixin.py:188} INFO - [2024-04-24T15:06:18.339+0000] {dag.py:3954} INFO - Setting next_dagrun for daily_task_dag to 2024-04-25 08:00:00+00:00, run_after=2024-04-26 08:00:00+00:00
[2024-04-24T15:06:18.356+0000] {processor.py:183} INFO - Processing /opt/airflow/dags/DataMLOps.py took 3.668 seconds
[2024-04-24T15:06:48.525+0000] {processor.py:161} INFO - Started process (PID=290) to work on /opt/airflow/dags/DataMLOps.py
[2024-04-24T15:06:48.525+0000] {processor.py:830} INFO - Processing file /opt/airflow/dags/DataMLOps.py for tasks to queue
[2024-04-24T15:06:48.526+0000] {logging_mixin.py:188} INFO - [2024-04-24T15:06:48.526+0000] {dagbag.py:540} INFO - Filling up the DagBag from /opt/airflow/dags/DataMLOps.py
[2024-04-24T15:06:52.281+0000] {processor.py:840} INFO - DAG(s) 'daily_task_dag' retrieved from /opt/airflow/dags/DataMLOps.py
[2024-04-24T15:06:52.359+0000] {logging_mixin.py:188} INFO - [2024-04-24T15:06:52.359+0000] {dag.py:3096} INFO - Sync 1 DAGs
[2024-04-24T15:06:52.378+0000] {logging_mixin.py:188} INFO - [2024-04-24T15:06:52.378+0000] {dag.py:3954} INFO - Setting next_dagrun for daily_task_dag to 2024-04-25 08:00:00+00:00, run_after=2024-04-26 08:00:00+00:00
[2024-04-24T15:06:52.397+0000] {processor.py:183} INFO - Processing /opt/airflow/dags/DataMLOps.py took 3.876 seconds
[2024-04-24T15:07:22.588+0000] {processor.py:161} INFO - Started process (PID=313) to work on /opt/airflow/dags/DataMLOps.py
[2024-04-24T15:07:22.589+0000] {processor.py:830} INFO - Processing file /opt/airflow/dags/DataMLOps.py for tasks to queue
[2024-04-24T15:07:22.589+0000] {logging_mixin.py:188} INFO - [2024-04-24T15:07:22.589+0000] {dagbag.py:540} INFO - Filling up the DagBag from /opt/airflow/dags/DataMLOps.py
[2024-04-24T15:07:28.593+0000] {processor.py:840} INFO - DAG(s) 'daily_task_dag' retrieved from /opt/airflow/dags/DataMLOps.py
[2024-04-24T15:07:28.659+0000] {logging_mixin.py:188} INFO - [2024-04-24T15:07:28.658+0000] {dag.py:3096} INFO - Sync 1 DAGs
[2024-04-24T15:07:28.676+0000] {logging_mixin.py:188} INFO - [2024-04-24T15:07:28.676+0000] {dag.py:3954} INFO - Setting next_dagrun for daily_task_dag to 2024-04-25 08:00:00+00:00, run_after=2024-04-26 08:00:00+00:00
[2024-04-24T15:07:28.694+0000] {processor.py:183} INFO - Processing /opt/airflow/dags/DataMLOps.py took 6.112 seconds
[2024-04-24T15:07:58.791+0000] {processor.py:161} INFO - Started process (PID=336) to work on /opt/airflow/dags/DataMLOps.py
[2024-04-24T15:07:58.792+0000] {processor.py:830} INFO - Processing file /opt/airflow/dags/DataMLOps.py for tasks to queue
[2024-04-24T15:07:58.797+0000] {logging_mixin.py:188} INFO - [2024-04-24T15:07:58.793+0000] {dagbag.py:540} INFO - Filling up the DagBag from /opt/airflow/dags/DataMLOps.py
[2024-04-24T15:08:10.630+0000] {processor.py:840} INFO - DAG(s) 'daily_task_dag' retrieved from /opt/airflow/dags/DataMLOps.py
[2024-04-24T15:08:10.758+0000] {logging_mixin.py:188} INFO - [2024-04-24T15:08:10.757+0000] {dag.py:3096} INFO - Sync 1 DAGs
[2024-04-24T15:08:10.796+0000] {logging_mixin.py:188} INFO - [2024-04-24T15:08:10.796+0000] {dag.py:3954} INFO - Setting next_dagrun for daily_task_dag to 2024-04-25 08:00:00+00:00, run_after=2024-04-26 08:00:00+00:00
[2024-04-24T15:08:10.831+0000] {processor.py:183} INFO - Processing /opt/airflow/dags/DataMLOps.py took 12.046 seconds
[2024-04-24T15:08:41.101+0000] {processor.py:161} INFO - Started process (PID=365) to work on /opt/airflow/dags/DataMLOps.py
[2024-04-24T15:08:41.104+0000] {processor.py:830} INFO - Processing file /opt/airflow/dags/DataMLOps.py for tasks to queue
[2024-04-24T15:08:41.108+0000] {logging_mixin.py:188} INFO - [2024-04-24T15:08:41.107+0000] {dagbag.py:540} INFO - Filling up the DagBag from /opt/airflow/dags/DataMLOps.py
[2024-04-24T15:08:48.642+0000] {processor.py:840} INFO - DAG(s) 'daily_task_dag' retrieved from /opt/airflow/dags/DataMLOps.py
[2024-04-24T15:08:48.702+0000] {logging_mixin.py:188} INFO - [2024-04-24T15:08:48.701+0000] {dag.py:3096} INFO - Sync 1 DAGs
[2024-04-24T15:08:48.721+0000] {logging_mixin.py:188} INFO - [2024-04-24T15:08:48.721+0000] {dag.py:3954} INFO - Setting next_dagrun for daily_task_dag to 2024-04-25 08:00:00+00:00, run_after=2024-04-26 08:00:00+00:00
[2024-04-24T15:08:48.743+0000] {processor.py:183} INFO - Processing /opt/airflow/dags/DataMLOps.py took 7.675 seconds
[2024-04-24T15:09:19.015+0000] {processor.py:161} INFO - Started process (PID=388) to work on /opt/airflow/dags/DataMLOps.py
[2024-04-24T15:09:19.015+0000] {processor.py:830} INFO - Processing file /opt/airflow/dags/DataMLOps.py for tasks to queue
[2024-04-24T15:09:19.016+0000] {logging_mixin.py:188} INFO - [2024-04-24T15:09:19.016+0000] {dagbag.py:540} INFO - Filling up the DagBag from /opt/airflow/dags/DataMLOps.py
[2024-04-24T15:09:23.239+0000] {processor.py:840} INFO - DAG(s) 'daily_task_dag' retrieved from /opt/airflow/dags/DataMLOps.py
[2024-04-24T15:09:23.298+0000] {logging_mixin.py:188} INFO - [2024-04-24T15:09:23.297+0000] {dag.py:3096} INFO - Sync 1 DAGs
[2024-04-24T15:09:23.318+0000] {logging_mixin.py:188} INFO - [2024-04-24T15:09:23.318+0000] {dag.py:3954} INFO - Setting next_dagrun for daily_task_dag to 2024-04-25 08:00:00+00:00, run_after=2024-04-26 08:00:00+00:00
[2024-04-24T15:09:23.347+0000] {processor.py:183} INFO - Processing /opt/airflow/dags/DataMLOps.py took 4.336 seconds
[2024-04-24T15:09:53.517+0000] {processor.py:161} INFO - Started process (PID=411) to work on /opt/airflow/dags/DataMLOps.py
[2024-04-24T15:09:53.518+0000] {processor.py:830} INFO - Processing file /opt/airflow/dags/DataMLOps.py for tasks to queue
[2024-04-24T15:09:53.520+0000] {logging_mixin.py:188} INFO - [2024-04-24T15:09:53.520+0000] {dagbag.py:540} INFO - Filling up the DagBag from /opt/airflow/dags/DataMLOps.py
[2024-04-24T15:09:58.488+0000] {processor.py:840} INFO - DAG(s) 'daily_task_dag' retrieved from /opt/airflow/dags/DataMLOps.py
[2024-04-24T15:09:58.556+0000] {logging_mixin.py:188} INFO - [2024-04-24T15:09:58.556+0000] {dag.py:3096} INFO - Sync 1 DAGs
[2024-04-24T15:09:58.571+0000] {logging_mixin.py:188} INFO - [2024-04-24T15:09:58.571+0000] {dag.py:3954} INFO - Setting next_dagrun for daily_task_dag to 2024-04-25 08:00:00+00:00, run_after=2024-04-26 08:00:00+00:00
[2024-04-24T15:09:58.703+0000] {processor.py:183} INFO - Processing /opt/airflow/dags/DataMLOps.py took 5.190 seconds
[2024-04-24T15:10:29.208+0000] {processor.py:161} INFO - Started process (PID=434) to work on /opt/airflow/dags/DataMLOps.py
[2024-04-24T15:10:29.211+0000] {processor.py:830} INFO - Processing file /opt/airflow/dags/DataMLOps.py for tasks to queue
[2024-04-24T15:10:29.221+0000] {logging_mixin.py:188} INFO - [2024-04-24T15:10:29.217+0000] {dagbag.py:540} INFO - Filling up the DagBag from /opt/airflow/dags/DataMLOps.py
[2024-04-24T15:10:46.886+0000] {processor.py:840} INFO - DAG(s) 'daily_task_dag' retrieved from /opt/airflow/dags/DataMLOps.py
[2024-04-24T15:10:47.217+0000] {logging_mixin.py:188} INFO - [2024-04-24T15:10:47.216+0000] {dag.py:3096} INFO - Sync 1 DAGs
[2024-04-24T15:10:47.282+0000] {logging_mixin.py:188} INFO - [2024-04-24T15:10:47.282+0000] {dag.py:3954} INFO - Setting next_dagrun for daily_task_dag to 2024-04-25 08:00:00+00:00, run_after=2024-04-26 08:00:00+00:00
[2024-04-24T15:10:47.347+0000] {processor.py:183} INFO - Processing /opt/airflow/dags/DataMLOps.py took 18.227 seconds
[2024-04-24T15:11:18.340+0000] {processor.py:161} INFO - Started process (PID=463) to work on /opt/airflow/dags/DataMLOps.py
[2024-04-24T15:11:18.347+0000] {processor.py:830} INFO - Processing file /opt/airflow/dags/DataMLOps.py for tasks to queue
[2024-04-24T15:11:18.356+0000] {logging_mixin.py:188} INFO - [2024-04-24T15:11:18.352+0000] {dagbag.py:540} INFO - Filling up the DagBag from /opt/airflow/dags/DataMLOps.py
[2024-04-24T15:11:44.616+0000] {processor.py:840} INFO - DAG(s) 'daily_task_dag' retrieved from /opt/airflow/dags/DataMLOps.py
[2024-04-24T15:11:45.451+0000] {logging_mixin.py:188} INFO - [2024-04-24T15:11:45.445+0000] {dag.py:3096} INFO - Sync 1 DAGs
[2024-04-24T15:11:45.608+0000] {logging_mixin.py:188} INFO - [2024-04-24T15:11:45.608+0000] {dag.py:3954} INFO - Setting next_dagrun for daily_task_dag to 2024-04-25 08:00:00+00:00, run_after=2024-04-26 08:00:00+00:00
[2024-04-24T15:11:45.733+0000] {processor.py:183} INFO - Processing /opt/airflow/dags/DataMLOps.py took 27.528 seconds
[2024-04-24T15:12:25.868+0000] {processor.py:161} INFO - Started process (PID=492) to work on /opt/airflow/dags/DataMLOps.py
[2024-04-24T15:12:25.946+0000] {processor.py:830} INFO - Processing file /opt/airflow/dags/DataMLOps.py for tasks to queue
[2024-04-24T15:12:26.219+0000] {logging_mixin.py:188} INFO - [2024-04-24T15:12:26.157+0000] {dagbag.py:540} INFO - Filling up the DagBag from /opt/airflow/dags/DataMLOps.py
[2024-04-24T15:12:59.212+0000] {logging_mixin.py:188} INFO - [2024-04-24T15:12:59.211+0000] {timeout.py:68} ERROR - Process timed out, PID: 492
[2024-04-24T15:12:59.213+0000] {logging_mixin.py:188} WARNING - Exception ignored in: <function WeakKeyDictionary.__init__.<locals>.remove at 0x7fd7abd15580>
[2024-04-24T15:12:59.214+0000] {logging_mixin.py:188} WARNING - Traceback (most recent call last):
[2024-04-24T15:12:59.214+0000] {logging_mixin.py:188} WARNING -   File "/usr/local/lib/python3.12/weakref.py", line 369, in remove
[2024-04-24T15:12:59.215+0000] {logging_mixin.py:188} WARNING -     def remove(k, selfref=ref(self)):
[2024-04-24T15:12:59.215+0000] {logging_mixin.py:188} WARNING -   File "/home/airflow/.local/lib/python3.12/site-packages/airflow/utils/timeout.py", line 69, in handle_timeout
[2024-04-24T15:12:59.218+0000] {logging_mixin.py:188} WARNING -     raise AirflowTaskTimeout(self.error_message)
[2024-04-24T15:12:59.218+0000] {logging_mixin.py:188} WARNING - airflow.exceptions.AirflowTaskTimeout: DagBag import timeout for /opt/airflow/dags/DataMLOps.py after 30.0s.
Please take a look at these docs to improve your DAG import time:
* https://airflow.apache.org/docs/apache-airflow/2.9.0/best-practices.html#top-level-python-code
* https://airflow.apache.org/docs/apache-airflow/2.9.0/best-practices.html#reducing-dag-complexity, PID: 492
[2024-04-24T15:13:46.258+0000] {processor.py:161} INFO - Started process (PID=525) to work on /opt/airflow/dags/DataMLOps.py
[2024-04-24T15:13:46.261+0000] {processor.py:830} INFO - Processing file /opt/airflow/dags/DataMLOps.py for tasks to queue
[2024-04-24T15:13:46.270+0000] {logging_mixin.py:188} INFO - [2024-04-24T15:13:46.265+0000] {dagbag.py:540} INFO - Filling up the DagBag from /opt/airflow/dags/DataMLOps.py
[2024-04-24T15:14:16.290+0000] {logging_mixin.py:188} INFO - [2024-04-24T15:14:16.245+0000] {timeout.py:68} ERROR - Process timed out, PID: 525
[2024-04-24T15:14:49.652+0000] {processor.py:161} INFO - Started process (PID=554) to work on /opt/airflow/dags/DataMLOps.py
[2024-04-24T15:14:49.666+0000] {processor.py:830} INFO - Processing file /opt/airflow/dags/DataMLOps.py for tasks to queue
[2024-04-24T15:14:49.701+0000] {logging_mixin.py:188} INFO - [2024-04-24T15:14:49.676+0000] {dagbag.py:540} INFO - Filling up the DagBag from /opt/airflow/dags/DataMLOps.py
[2024-04-24T15:15:09.915+0000] {processor.py:840} INFO - DAG(s) 'daily_task_dag' retrieved from /opt/airflow/dags/DataMLOps.py
[2024-04-24T15:15:10.058+0000] {logging_mixin.py:188} INFO - [2024-04-24T15:15:10.058+0000] {dag.py:3096} INFO - Sync 1 DAGs
[2024-04-24T15:15:10.091+0000] {logging_mixin.py:188} INFO - [2024-04-24T15:15:10.090+0000] {dag.py:3954} INFO - Setting next_dagrun for daily_task_dag to 2024-04-25 08:00:00+00:00, run_after=2024-04-26 08:00:00+00:00
[2024-04-24T15:15:10.136+0000] {processor.py:183} INFO - Processing /opt/airflow/dags/DataMLOps.py took 20.786 seconds
[2024-04-24T15:15:40.344+0000] {processor.py:161} INFO - Started process (PID=577) to work on /opt/airflow/dags/DataMLOps.py
[2024-04-24T15:15:40.345+0000] {processor.py:830} INFO - Processing file /opt/airflow/dags/DataMLOps.py for tasks to queue
[2024-04-24T15:15:40.345+0000] {logging_mixin.py:188} INFO - [2024-04-24T15:15:40.345+0000] {dagbag.py:540} INFO - Filling up the DagBag from /opt/airflow/dags/DataMLOps.py
[2024-04-24T15:15:45.884+0000] {processor.py:840} INFO - DAG(s) 'daily_task_dag' retrieved from /opt/airflow/dags/DataMLOps.py
[2024-04-24T15:15:45.970+0000] {logging_mixin.py:188} INFO - [2024-04-24T15:15:45.969+0000] {dag.py:3096} INFO - Sync 1 DAGs
[2024-04-24T15:15:45.995+0000] {logging_mixin.py:188} INFO - [2024-04-24T15:15:45.995+0000] {dag.py:3954} INFO - Setting next_dagrun for daily_task_dag to 2024-04-25 08:00:00+00:00, run_after=2024-04-26 08:00:00+00:00
[2024-04-24T15:15:46.019+0000] {processor.py:183} INFO - Processing /opt/airflow/dags/DataMLOps.py took 5.679 seconds
[2024-04-24T15:16:16.438+0000] {processor.py:161} INFO - Started process (PID=600) to work on /opt/airflow/dags/DataMLOps.py
[2024-04-24T15:16:16.441+0000] {processor.py:830} INFO - Processing file /opt/airflow/dags/DataMLOps.py for tasks to queue
[2024-04-24T15:16:16.450+0000] {logging_mixin.py:188} INFO - [2024-04-24T15:16:16.446+0000] {dagbag.py:540} INFO - Filling up the DagBag from /opt/airflow/dags/DataMLOps.py
[2024-04-24T15:16:30.038+0000] {processor.py:840} INFO - DAG(s) 'daily_task_dag' retrieved from /opt/airflow/dags/DataMLOps.py
[2024-04-24T15:16:30.329+0000] {logging_mixin.py:188} INFO - [2024-04-24T15:16:30.328+0000] {dag.py:3096} INFO - Sync 1 DAGs
[2024-04-24T15:16:30.357+0000] {logging_mixin.py:188} INFO - [2024-04-24T15:16:30.357+0000] {dag.py:3954} INFO - Setting next_dagrun for daily_task_dag to 2024-04-25 08:00:00+00:00, run_after=2024-04-26 08:00:00+00:00
[2024-04-24T15:16:30.387+0000] {processor.py:183} INFO - Processing /opt/airflow/dags/DataMLOps.py took 13.994 seconds
[2024-04-24T15:17:00.605+0000] {processor.py:161} INFO - Started process (PID=629) to work on /opt/airflow/dags/DataMLOps.py
[2024-04-24T15:17:00.606+0000] {processor.py:830} INFO - Processing file /opt/airflow/dags/DataMLOps.py for tasks to queue
[2024-04-24T15:17:00.608+0000] {logging_mixin.py:188} INFO - [2024-04-24T15:17:00.607+0000] {dagbag.py:540} INFO - Filling up the DagBag from /opt/airflow/dags/DataMLOps.py
[2024-04-24T15:17:05.972+0000] {processor.py:840} INFO - DAG(s) 'daily_task_dag' retrieved from /opt/airflow/dags/DataMLOps.py
[2024-04-24T15:17:06.240+0000] {logging_mixin.py:188} INFO - [2024-04-24T15:17:06.239+0000] {dag.py:3096} INFO - Sync 1 DAGs
[2024-04-24T15:17:06.264+0000] {logging_mixin.py:188} INFO - [2024-04-24T15:17:06.263+0000] {dag.py:3954} INFO - Setting next_dagrun for daily_task_dag to 2024-04-25 08:00:00+00:00, run_after=2024-04-26 08:00:00+00:00
[2024-04-24T15:17:06.289+0000] {processor.py:183} INFO - Processing /opt/airflow/dags/DataMLOps.py took 5.696 seconds
[2024-04-24T15:17:36.482+0000] {processor.py:161} INFO - Started process (PID=653) to work on /opt/airflow/dags/DataMLOps.py
[2024-04-24T15:17:36.482+0000] {processor.py:830} INFO - Processing file /opt/airflow/dags/DataMLOps.py for tasks to queue
[2024-04-24T15:17:36.483+0000] {logging_mixin.py:188} INFO - [2024-04-24T15:17:36.483+0000] {dagbag.py:540} INFO - Filling up the DagBag from /opt/airflow/dags/DataMLOps.py
[2024-04-24T15:17:40.403+0000] {processor.py:840} INFO - DAG(s) 'daily_task_dag' retrieved from /opt/airflow/dags/DataMLOps.py
[2024-04-24T15:17:40.457+0000] {logging_mixin.py:188} INFO - [2024-04-24T15:17:40.456+0000] {dag.py:3096} INFO - Sync 1 DAGs
[2024-04-24T15:17:40.474+0000] {logging_mixin.py:188} INFO - [2024-04-24T15:17:40.474+0000] {dag.py:3954} INFO - Setting next_dagrun for daily_task_dag to 2024-04-25 08:00:00+00:00, run_after=2024-04-26 08:00:00+00:00
[2024-04-24T15:17:40.493+0000] {processor.py:183} INFO - Processing /opt/airflow/dags/DataMLOps.py took 4.015 seconds
[2024-04-24T15:18:10.636+0000] {processor.py:161} INFO - Started process (PID=676) to work on /opt/airflow/dags/DataMLOps.py
[2024-04-24T15:18:10.636+0000] {processor.py:830} INFO - Processing file /opt/airflow/dags/DataMLOps.py for tasks to queue
[2024-04-24T15:18:10.637+0000] {logging_mixin.py:188} INFO - [2024-04-24T15:18:10.637+0000] {dagbag.py:540} INFO - Filling up the DagBag from /opt/airflow/dags/DataMLOps.py
[2024-04-24T15:18:14.515+0000] {processor.py:840} INFO - DAG(s) 'daily_task_dag' retrieved from /opt/airflow/dags/DataMLOps.py
[2024-04-24T15:18:14.564+0000] {logging_mixin.py:188} INFO - [2024-04-24T15:18:14.564+0000] {dag.py:3096} INFO - Sync 1 DAGs
[2024-04-24T15:18:14.578+0000] {logging_mixin.py:188} INFO - [2024-04-24T15:18:14.578+0000] {dag.py:3954} INFO - Setting next_dagrun for daily_task_dag to 2024-04-25 08:00:00+00:00, run_after=2024-04-26 08:00:00+00:00
[2024-04-24T15:18:14.596+0000] {processor.py:183} INFO - Processing /opt/airflow/dags/DataMLOps.py took 3.964 seconds
[2024-04-24T15:18:44.781+0000] {processor.py:161} INFO - Started process (PID=699) to work on /opt/airflow/dags/DataMLOps.py
[2024-04-24T15:18:44.782+0000] {processor.py:830} INFO - Processing file /opt/airflow/dags/DataMLOps.py for tasks to queue
[2024-04-24T15:18:44.782+0000] {logging_mixin.py:188} INFO - [2024-04-24T15:18:44.782+0000] {dagbag.py:540} INFO - Filling up the DagBag from /opt/airflow/dags/DataMLOps.py
[2024-04-24T15:18:48.470+0000] {processor.py:840} INFO - DAG(s) 'daily_task_dag' retrieved from /opt/airflow/dags/DataMLOps.py
[2024-04-24T15:18:48.678+0000] {logging_mixin.py:188} INFO - [2024-04-24T15:18:48.678+0000] {dag.py:3096} INFO - Sync 1 DAGs
[2024-04-24T15:18:48.691+0000] {logging_mixin.py:188} INFO - [2024-04-24T15:18:48.691+0000] {dag.py:3954} INFO - Setting next_dagrun for daily_task_dag to 2024-04-25 08:00:00+00:00, run_after=2024-04-26 08:00:00+00:00
[2024-04-24T15:18:48.709+0000] {processor.py:183} INFO - Processing /opt/airflow/dags/DataMLOps.py took 3.939 seconds
[2024-04-24T16:42:23.158+0000] {processor.py:161} INFO - Started process (PID=3755) to work on /opt/airflow/dags/DataMLOps.py
[2024-04-24T16:42:23.158+0000] {processor.py:830} INFO - Processing file /opt/airflow/dags/DataMLOps.py for tasks to queue
[2024-04-24T16:42:23.159+0000] {logging_mixin.py:188} INFO - [2024-04-24T16:42:23.159+0000] {dagbag.py:540} INFO - Filling up the DagBag from /opt/airflow/dags/DataMLOps.py
[2024-04-24T16:42:27.029+0000] {processor.py:840} INFO - DAG(s) 'daily_task_dag' retrieved from /opt/airflow/dags/DataMLOps.py
[2024-04-24T16:42:27.044+0000] {logging_mixin.py:188} INFO - [2024-04-24T16:42:27.043+0000] {dag.py:3096} INFO - Sync 1 DAGs
[2024-04-24T16:42:27.064+0000] {logging_mixin.py:188} INFO - [2024-04-24T16:42:27.064+0000] {dag.py:3954} INFO - Setting next_dagrun for daily_task_dag to 2024-04-25 08:00:00+00:00, run_after=2024-04-26 08:00:00+00:00
[2024-04-24T16:42:27.087+0000] {processor.py:183} INFO - Processing /opt/airflow/dags/DataMLOps.py took 3.932 seconds
