[2024-04-25T02:17:40.770+0000] {local_task_job_runner.py:120} INFO - ::group::Pre task execution logs
[2024-04-25T02:17:40.792+0000] {taskinstance.py:2073} INFO - Dependencies all met for dep_context=non-requeueable deps ti=<TaskInstance: daily_task_dag.predict_data_baseline_model manual__2024-04-25T02:17:35.539959+00:00 [queued]>
[2024-04-25T02:17:40.798+0000] {taskinstance.py:2073} INFO - Dependencies all met for dep_context=requeueable deps ti=<TaskInstance: daily_task_dag.predict_data_baseline_model manual__2024-04-25T02:17:35.539959+00:00 [queued]>
[2024-04-25T02:17:40.798+0000] {taskinstance.py:2303} INFO - Starting attempt 1 of 2
[2024-04-25T02:17:40.810+0000] {taskinstance.py:2327} INFO - Executing <Task(PythonOperator): predict_data_baseline_model> on 2024-04-25 02:17:35.539959+00:00
[2024-04-25T02:17:40.822+0000] {standard_task_runner.py:90} INFO - Running: ['***', 'tasks', 'run', 'daily_task_dag', 'predict_data_baseline_model', 'manual__2024-04-25T02:17:35.539959+00:00', '--job-id', '16', '--raw', '--subdir', 'DAGS_FOLDER/DataMLOps.py', '--cfg-path', '/tmp/tmp4_8rnsvt']
[2024-04-25T02:17:40.824+0000] {standard_task_runner.py:91} INFO - Job 16: Subtask predict_data_baseline_model
[2024-04-25T02:17:40.825+0000] {logging_mixin.py:188} WARNING - /home/***/.local/lib/python3.12/site-packages/***/task/task_runner/standard_task_runner.py:61 DeprecationWarning: This process (pid=1621) is multi-threaded, use of fork() may lead to deadlocks in the child.
[2024-04-25T02:17:40.826+0000] {standard_task_runner.py:63} INFO - Started process 1634 to run task
[2024-04-25T02:17:40.855+0000] {task_command.py:426} INFO - Running <TaskInstance: daily_task_dag.predict_data_baseline_model manual__2024-04-25T02:17:35.539959+00:00 [running]> on host 4d4cdcf2282e
[2024-04-25T02:17:40.917+0000] {taskinstance.py:2644} INFO - Exporting env vars: AIRFLOW_CTX_DAG_OWNER='***' AIRFLOW_CTX_DAG_ID='daily_task_dag' AIRFLOW_CTX_TASK_ID='predict_data_baseline_model' AIRFLOW_CTX_EXECUTION_DATE='2024-04-25T02:17:35.539959+00:00' AIRFLOW_CTX_TRY_NUMBER='1' AIRFLOW_CTX_DAG_RUN_ID='manual__2024-04-25T02:17:35.539959+00:00'
[2024-04-25T02:17:40.918+0000] {taskinstance.py:430} INFO - ::endgroup::
[2024-04-25T02:17:41.043+0000] {logging_mixin.py:188} WARNING - Downloading artifacts:   0%|          | 0/10 [00:00<?, ?it/s]
[2024-04-25T02:17:41.044+0000] {logging_mixin.py:188} WARNING - 2024/04/25 02:17:41 INFO mlflow.store.artifact.artifact_repo: The progress bar can be disabled by setting the environment variable MLFLOW_ENABLE_ARTIFACTS_PROGRESS_BAR to false
[2024-04-25T02:17:41.044+0000] {logging_mixin.py:188} WARNING - Downloading artifacts:  10%|#         | 1/10 [00:00<00:00, 1579.18it/s]
[2024-04-25T02:17:41.045+0000] {logging_mixin.py:188} WARNING - Downloading artifacts:  20%|##        | 2/10 [00:00<00:00, 1829.18it/s]
[2024-04-25T02:17:41.045+0000] {logging_mixin.py:188} WARNING - Downloading artifacts:  30%|###       | 3/10 [00:00<00:00, 2019.73it/s]
[2024-04-25T02:17:41.094+0000] {logging_mixin.py:188} WARNING - Downloading artifacts:  40%|####      | 4/10 [00:00<00:00, 78.77it/s]  
[2024-04-25T02:17:41.100+0000] {logging_mixin.py:188} WARNING - Downloading artifacts:  50%|#####     | 5/10 [00:00<00:00, 87.79it/s]
[2024-04-25T02:17:41.105+0000] {logging_mixin.py:188} WARNING - Downloading artifacts:  60%|######    | 6/10 [00:00<00:00, 96.84it/s]
[2024-04-25T02:17:41.110+0000] {logging_mixin.py:188} WARNING - Downloading artifacts:  70%|#######   | 7/10 [00:00<00:00, 104.75it/s]
[2024-04-25T02:17:41.111+0000] {logging_mixin.py:188} WARNING - Downloading artifacts:  80%|########  | 8/10 [00:00<00:00, 118.04it/s]
[2024-04-25T02:17:41.114+0000] {logging_mixin.py:188} WARNING - Downloading artifacts:  90%|######### | 9/10 [00:00<00:00, 128.18it/s]
[2024-04-25T02:17:47.442+0000] {logging_mixin.py:188} WARNING - Downloading artifacts: 100%|##########| 10/10 [00:06<00:00,  1.56it/s]
[2024-04-25T02:17:47.442+0000] {logging_mixin.py:188} WARNING - Downloading artifacts: 100%|##########| 10/10 [00:06<00:00,  1.56it/s]
[2024-04-25T02:17:47.443+0000] {logging_mixin.py:188} WARNING - Downloading artifacts: 100%|##########| 10/10 [00:06<00:00,  1.56it/s]
[2024-04-25T02:17:48.853+0000] {logging_mixin.py:188} WARNING - /opt/***/dags/DataMLOps.py:551 UserWarning: pandas only supports SQLAlchemy connectable (engine/connection) or database string URI or sqlite3 DBAPI2 connection. Other DBAPI2 objects are not tested. Please consider using SQLAlchemy.
[2024-04-25T02:17:48.931+0000] {logging_mixin.py:188} INFO -                                       review_cleaned  Recommended
0  denpasar ngurah rai via bandung bad I ve ever ...            0
1  jakarta bali despite dire review wife book fli...            0
2  jakarta kuala lumpur delay hour first time sit...            0
3  pekanbaru penang via kuala namu painfully long...            0
4  fly jakarta padang second fly last three week ...            0
[2024-04-25T02:17:48.935+0000] {logging_mixin.py:188} INFO - <class 'pandas.core.frame.DataFrame'>
RangeIndex: 676 entries, 0 to 675
Data columns (total 2 columns):
 #   Column          Non-Null Count  Dtype 
---  ------          --------------  ----- 
 0   review_cleaned  676 non-null    object
 1   Recommended     676 non-null    int64 
dtypes: int64(1), object(1)
memory usage: 10.7+ KB
[2024-04-25T02:17:48.936+0000] {logging_mixin.py:188} INFO - None
[2024-04-25T02:17:48.936+0000] {logging_mixin.py:188} INFO - Recommended
0    550
1    126
Name: count, dtype: int64
[2024-04-25T02:18:11.281+0000] {logging_mixin.py:188} INFO - ROC AUC Score: 0.09992063492063494
[2024-04-25T02:18:11.282+0000] {logging_mixin.py:188} INFO - 0.10502958579881656
[2024-04-25T02:18:11.786+0000] {python.py:237} INFO - Done. Returned value was: None
[2024-04-25T02:18:11.787+0000] {taskinstance.py:441} INFO - ::group::Post task execution logs
[2024-04-25T02:18:11.793+0000] {taskinstance.py:1205} INFO - Marking task as SUCCESS. dag_id=daily_task_dag, task_id=predict_data_baseline_model, execution_date=20240425T021735, start_date=20240425T021740, end_date=20240425T021811
[2024-04-25T02:18:11.843+0000] {local_task_job_runner.py:240} INFO - Task exited with return code 0
[2024-04-25T02:18:11.861+0000] {taskinstance.py:3482} INFO - 1 downstream tasks scheduled from follow-on schedule check
[2024-04-25T02:18:11.865+0000] {local_task_job_runner.py:222} INFO - ::endgroup::
