[2024-04-25T02:07:19.675+0000] {local_task_job_runner.py:120} INFO - ::group::Pre task execution logs
[2024-04-25T02:07:19.707+0000] {taskinstance.py:2073} INFO - Dependencies all met for dep_context=non-requeueable deps ti=<TaskInstance: daily_task_dag.predict_data_finetune_model manual__2024-04-25T02:05:39.104007+00:00 [queued]>
[2024-04-25T02:07:19.714+0000] {taskinstance.py:2073} INFO - Dependencies all met for dep_context=requeueable deps ti=<TaskInstance: daily_task_dag.predict_data_finetune_model manual__2024-04-25T02:05:39.104007+00:00 [queued]>
[2024-04-25T02:07:19.715+0000] {taskinstance.py:2303} INFO - Starting attempt 1 of 2
[2024-04-25T02:07:19.728+0000] {taskinstance.py:2327} INFO - Executing <Task(PythonOperator): predict_data_finetune_model> on 2024-04-25 02:05:39.104007+00:00
[2024-04-25T02:07:19.741+0000] {standard_task_runner.py:90} INFO - Running: ['***', 'tasks', 'run', 'daily_task_dag', 'predict_data_finetune_model', 'manual__2024-04-25T02:05:39.104007+00:00', '--job-id', '6', '--raw', '--subdir', 'DAGS_FOLDER/DataMLOps.py', '--cfg-path', '/tmp/tmpeteaq4m3']
[2024-04-25T02:07:19.743+0000] {standard_task_runner.py:91} INFO - Job 6: Subtask predict_data_finetune_model
[2024-04-25T02:07:19.744+0000] {logging_mixin.py:188} WARNING - /home/***/.local/lib/python3.12/site-packages/***/task/task_runner/standard_task_runner.py:61 DeprecationWarning: This process (pid=777) is multi-threaded, use of fork() may lead to deadlocks in the child.
[2024-04-25T02:07:19.745+0000] {standard_task_runner.py:63} INFO - Started process 790 to run task
[2024-04-25T02:07:19.779+0000] {task_command.py:426} INFO - Running <TaskInstance: daily_task_dag.predict_data_finetune_model manual__2024-04-25T02:05:39.104007+00:00 [running]> on host 4d4cdcf2282e
[2024-04-25T02:07:19.853+0000] {taskinstance.py:2644} INFO - Exporting env vars: AIRFLOW_CTX_DAG_OWNER='***' AIRFLOW_CTX_DAG_ID='daily_task_dag' AIRFLOW_CTX_TASK_ID='predict_data_finetune_model' AIRFLOW_CTX_EXECUTION_DATE='2024-04-25T02:05:39.104007+00:00' AIRFLOW_CTX_TRY_NUMBER='1' AIRFLOW_CTX_DAG_RUN_ID='manual__2024-04-25T02:05:39.104007+00:00'
[2024-04-25T02:07:19.854+0000] {taskinstance.py:430} INFO - ::endgroup::
[2024-04-25T02:07:19.881+0000] {logging_mixin.py:188} INFO - Index(['Cleaned_Review', 'is_negative_sentiment'], dtype='object')
[2024-04-25T02:07:20.016+0000] {logging_mixin.py:188} WARNING - Downloading artifacts:   0%|          | 0/10 [00:00<?, ?it/s]
[2024-04-25T02:07:20.017+0000] {logging_mixin.py:188} WARNING - 2024/04/25 02:07:20 INFO mlflow.store.artifact.artifact_repo: The progress bar can be disabled by setting the environment variable MLFLOW_ENABLE_ARTIFACTS_PROGRESS_BAR to false
[2024-04-25T02:07:20.017+0000] {logging_mixin.py:188} WARNING - Downloading artifacts:  10%|#         | 1/10 [00:00<00:00, 1734.62it/s]
[2024-04-25T02:07:20.017+0000] {logging_mixin.py:188} WARNING - Downloading artifacts:  20%|##        | 2/10 [00:00<00:00, 2021.84it/s]
[2024-04-25T02:07:20.018+0000] {logging_mixin.py:188} WARNING - Downloading artifacts:  30%|###       | 3/10 [00:00<00:00, 2034.42it/s]
[2024-04-25T02:07:20.057+0000] {logging_mixin.py:188} WARNING - Downloading artifacts:  40%|####      | 4/10 [00:00<00:00, 97.66it/s]  
[2024-04-25T02:07:20.069+0000] {logging_mixin.py:188} WARNING - Downloading artifacts:  50%|#####     | 5/10 [00:00<00:00, 95.96it/s]
[2024-04-25T02:07:20.075+0000] {logging_mixin.py:188} WARNING - Downloading artifacts:  60%|######    | 6/10 [00:00<00:00, 102.52it/s]
[2024-04-25T02:07:20.086+0000] {logging_mixin.py:188} WARNING - Downloading artifacts:  70%|#######   | 7/10 [00:00<00:00, 100.25it/s]
[2024-04-25T02:07:20.087+0000] {logging_mixin.py:188} WARNING - Downloading artifacts:  80%|########  | 8/10 [00:00<00:00, 113.18it/s]
[2024-04-25T02:07:20.089+0000] {logging_mixin.py:188} WARNING - Downloading artifacts:  90%|######### | 9/10 [00:00<00:00, 124.20it/s]
[2024-04-25T02:07:26.228+0000] {logging_mixin.py:188} WARNING - Downloading artifacts: 100%|##########| 10/10 [00:06<00:00,  1.61it/s]
[2024-04-25T02:07:26.228+0000] {logging_mixin.py:188} WARNING - Downloading artifacts: 100%|##########| 10/10 [00:06<00:00,  1.61it/s]
[2024-04-25T02:07:26.229+0000] {logging_mixin.py:188} WARNING - Downloading artifacts: 100%|##########| 10/10 [00:06<00:00,  1.61it/s]
[2024-04-25T02:08:23.451+0000] {logging_mixin.py:188} INFO - ROC AUC Score: 0.957703265395573
[2024-04-25T02:08:23.451+0000] {logging_mixin.py:188} INFO - 0.8689320388349514
[2024-04-25T02:08:24.199+0000] {python.py:237} INFO - Done. Returned value was: None
[2024-04-25T02:08:24.201+0000] {taskinstance.py:441} INFO - ::group::Post task execution logs
[2024-04-25T02:08:24.209+0000] {taskinstance.py:1205} INFO - Marking task as SUCCESS. dag_id=daily_task_dag, task_id=predict_data_finetune_model, execution_date=20240425T020539, start_date=20240425T020719, end_date=20240425T020824
[2024-04-25T02:08:24.274+0000] {local_task_job_runner.py:240} INFO - Task exited with return code 0
[2024-04-25T02:08:24.290+0000] {taskinstance.py:3482} INFO - 0 downstream tasks scheduled from follow-on schedule check
[2024-04-25T02:08:24.295+0000] {local_task_job_runner.py:222} INFO - ::endgroup::
