[2024-04-25T02:09:11.814+0000] {local_task_job_runner.py:120} INFO - ::group::Pre task execution logs
[2024-04-25T02:09:11.840+0000] {taskinstance.py:2073} INFO - Dependencies all met for dep_context=non-requeueable deps ti=<TaskInstance: daily_task_dag.predict_data_baseline_model manual__2024-04-25T02:09:05.591786+00:00 [queued]>
[2024-04-25T02:09:11.847+0000] {taskinstance.py:2073} INFO - Dependencies all met for dep_context=requeueable deps ti=<TaskInstance: daily_task_dag.predict_data_baseline_model manual__2024-04-25T02:09:05.591786+00:00 [queued]>
[2024-04-25T02:09:11.847+0000] {taskinstance.py:2303} INFO - Starting attempt 1 of 2
[2024-04-25T02:09:11.860+0000] {taskinstance.py:2327} INFO - Executing <Task(PythonOperator): predict_data_baseline_model> on 2024-04-25 02:09:05.591786+00:00
[2024-04-25T02:09:11.873+0000] {standard_task_runner.py:90} INFO - Running: ['***', 'tasks', 'run', 'daily_task_dag', 'predict_data_baseline_model', 'manual__2024-04-25T02:09:05.591786+00:00', '--job-id', '8', '--raw', '--subdir', 'DAGS_FOLDER/DataMLOps.py', '--cfg-path', '/tmp/tmprpxl6h5h']
[2024-04-25T02:09:11.875+0000] {standard_task_runner.py:91} INFO - Job 8: Subtask predict_data_baseline_model
[2024-04-25T02:09:11.877+0000] {logging_mixin.py:188} WARNING - /home/***/.local/lib/python3.12/site-packages/***/task/task_runner/standard_task_runner.py:61 DeprecationWarning: This process (pid=948) is multi-threaded, use of fork() may lead to deadlocks in the child.
[2024-04-25T02:09:11.877+0000] {standard_task_runner.py:63} INFO - Started process 974 to run task
[2024-04-25T02:09:11.908+0000] {task_command.py:426} INFO - Running <TaskInstance: daily_task_dag.predict_data_baseline_model manual__2024-04-25T02:09:05.591786+00:00 [running]> on host 4d4cdcf2282e
[2024-04-25T02:09:11.974+0000] {taskinstance.py:2644} INFO - Exporting env vars: AIRFLOW_CTX_DAG_OWNER='***' AIRFLOW_CTX_DAG_ID='daily_task_dag' AIRFLOW_CTX_TASK_ID='predict_data_baseline_model' AIRFLOW_CTX_EXECUTION_DATE='2024-04-25T02:09:05.591786+00:00' AIRFLOW_CTX_TRY_NUMBER='1' AIRFLOW_CTX_DAG_RUN_ID='manual__2024-04-25T02:09:05.591786+00:00'
[2024-04-25T02:09:11.975+0000] {taskinstance.py:430} INFO - ::endgroup::
[2024-04-25T02:09:12.092+0000] {logging_mixin.py:188} WARNING - /opt/***/dags/DataMLOps.py:551 UserWarning: pandas only supports SQLAlchemy connectable (engine/connection) or database string URI or sqlite3 DBAPI2 connection. Other DBAPI2 objects are not tested. Please consider using SQLAlchemy.
[2024-04-25T02:09:12.172+0000] {logging_mixin.py:188} INFO -                                       review_cleaned Recommended
0  denpasar ngurah rai via bandung bad I ve ever ...          no
1  jakarta bali despite dire review wife book fli...          no
2  jakarta kuala lumpur delay hour first time sit...          no
3  pekanbaru penang via kuala namu painfully long...          no
4  fly jakarta padang second fly last three week ...          no
[2024-04-25T02:09:12.178+0000] {logging_mixin.py:188} INFO - <class 'pandas.core.frame.DataFrame'>
RangeIndex: 676 entries, 0 to 675
Data columns (total 2 columns):
 #   Column          Non-Null Count  Dtype 
---  ------          --------------  ----- 
 0   review_cleaned  676 non-null    object
 1   Recommended     676 non-null    object
dtypes: object(2)
memory usage: 10.7+ KB
[2024-04-25T02:09:12.178+0000] {logging_mixin.py:188} INFO - None
[2024-04-25T02:09:12.308+0000] {logging_mixin.py:188} WARNING - Downloading artifacts:   0%|          | 0/10 [00:00<?, ?it/s]
[2024-04-25T02:09:12.308+0000] {logging_mixin.py:188} WARNING - 2024/04/25 02:09:12 INFO mlflow.store.artifact.artifact_repo: The progress bar can be disabled by setting the environment variable MLFLOW_ENABLE_ARTIFACTS_PROGRESS_BAR to false
[2024-04-25T02:09:12.309+0000] {logging_mixin.py:188} WARNING - Downloading artifacts:  10%|#         | 1/10 [00:00<00:00, 1706.39it/s]
[2024-04-25T02:09:12.309+0000] {logging_mixin.py:188} WARNING - Downloading artifacts:  20%|##        | 2/10 [00:00<00:00, 1832.77it/s]
[2024-04-25T02:09:12.310+0000] {logging_mixin.py:188} WARNING - Downloading artifacts:  30%|###       | 3/10 [00:00<00:00, 1773.74it/s]
[2024-04-25T02:09:12.348+0000] {logging_mixin.py:188} WARNING - Downloading artifacts:  40%|####      | 4/10 [00:00<00:00, 100.08it/s] 
[2024-04-25T02:09:12.359+0000] {logging_mixin.py:188} WARNING - Downloading artifacts:  50%|#####     | 5/10 [00:00<00:00, 98.73it/s] 
[2024-04-25T02:09:12.371+0000] {logging_mixin.py:188} WARNING - Downloading artifacts:  60%|######    | 6/10 [00:00<00:00, 95.28it/s]
[2024-04-25T02:09:12.375+0000] {logging_mixin.py:188} WARNING - Downloading artifacts:  70%|#######   | 7/10 [00:00<00:00, 104.46it/s]
[2024-04-25T02:09:12.378+0000] {logging_mixin.py:188} WARNING - Downloading artifacts:  80%|########  | 8/10 [00:00<00:00, 114.88it/s]
[2024-04-25T02:09:12.380+0000] {logging_mixin.py:188} WARNING - Downloading artifacts:  90%|######### | 9/10 [00:00<00:00, 124.33it/s]
[2024-04-25T02:09:19.527+0000] {logging_mixin.py:188} WARNING - Downloading artifacts: 100%|##########| 10/10 [00:07<00:00,  1.39it/s]
[2024-04-25T02:09:19.527+0000] {logging_mixin.py:188} WARNING - Downloading artifacts: 100%|##########| 10/10 [00:07<00:00,  1.39it/s]
[2024-04-25T02:09:19.528+0000] {logging_mixin.py:188} WARNING - Downloading artifacts: 100%|##########| 10/10 [00:07<00:00,  1.39it/s]
[2024-04-25T02:12:13.522+0000] {local_task_job_runner.py:310} WARNING - State of this instance has been externally set to failed. Terminating instance.
[2024-04-25T02:12:13.674+0000] {local_task_job_runner.py:222} INFO - ::endgroup::
[2024-04-25T02:12:13.687+0000] {process_utils.py:132} INFO - Sending 15 to group 974. PIDs of all processes in the group: [974]
[2024-04-25T02:12:13.691+0000] {process_utils.py:87} INFO - Sending the signal 15 to group 974
[2024-04-25T02:12:13.693+0000] {taskinstance.py:2607} ERROR - Received SIGTERM. Terminating subprocesses.
[2024-04-25T02:12:13.698+0000] {taskinstance.py:441} INFO - ::group::Post task execution logs
[2024-04-25T02:12:13.785+0000] {process_utils.py:80} INFO - Process psutil.Process(pid=974, status='terminated', exitcode=0, started='02:09:11') (974) terminated with exit code 0
