[2024-04-23T09:16:05.925+0000] {processor.py:161} INFO - Started process (PID=287) to work on /home/airflow/.local/lib/python3.12/site-packages/airflow/example_dags/example_latest_only_with_trigger.py
[2024-04-23T09:16:05.925+0000] {processor.py:830} INFO - Processing file /home/airflow/.local/lib/python3.12/site-packages/airflow/example_dags/example_latest_only_with_trigger.py for tasks to queue
[2024-04-23T09:16:05.927+0000] {logging_mixin.py:188} INFO - [2024-04-23T09:16:05.926+0000] {dagbag.py:540} INFO - Filling up the DagBag from /home/airflow/.local/lib/python3.12/site-packages/airflow/example_dags/example_latest_only_with_trigger.py
[2024-04-23T09:16:05.930+0000] {processor.py:840} INFO - DAG(s) 'latest_only_with_trigger' retrieved from /home/airflow/.local/lib/python3.12/site-packages/airflow/example_dags/example_latest_only_with_trigger.py
[2024-04-23T09:16:05.937+0000] {logging_mixin.py:188} INFO - [2024-04-23T09:16:05.937+0000] {dag.py:3096} INFO - Sync 1 DAGs
[2024-04-23T09:16:05.949+0000] {logging_mixin.py:188} INFO - [2024-04-23T09:16:05.948+0000] {dag.py:3954} INFO - Setting next_dagrun for latest_only_with_trigger to 2024-04-23 04:00:00+00:00, run_after=2024-04-23 08:00:00+00:00
[2024-04-23T09:16:05.958+0000] {processor.py:183} INFO - Processing /home/airflow/.local/lib/python3.12/site-packages/airflow/example_dags/example_latest_only_with_trigger.py took 0.037 seconds
[2024-04-23T09:16:37.154+0000] {processor.py:161} INFO - Started process (PID=547) to work on /home/airflow/.local/lib/python3.12/site-packages/airflow/example_dags/example_latest_only_with_trigger.py
[2024-04-23T09:16:37.155+0000] {processor.py:830} INFO - Processing file /home/airflow/.local/lib/python3.12/site-packages/airflow/example_dags/example_latest_only_with_trigger.py for tasks to queue
[2024-04-23T09:16:37.156+0000] {logging_mixin.py:188} INFO - [2024-04-23T09:16:37.156+0000] {dagbag.py:540} INFO - Filling up the DagBag from /home/airflow/.local/lib/python3.12/site-packages/airflow/example_dags/example_latest_only_with_trigger.py
[2024-04-23T09:16:37.159+0000] {processor.py:840} INFO - DAG(s) 'latest_only_with_trigger' retrieved from /home/airflow/.local/lib/python3.12/site-packages/airflow/example_dags/example_latest_only_with_trigger.py
[2024-04-23T09:16:37.210+0000] {logging_mixin.py:188} INFO - [2024-04-23T09:16:37.209+0000] {dag.py:3096} INFO - Sync 1 DAGs
[2024-04-23T09:16:37.219+0000] {logging_mixin.py:188} INFO - [2024-04-23T09:16:37.219+0000] {dag.py:3954} INFO - Setting next_dagrun for latest_only_with_trigger to 2024-04-23 04:00:00+00:00, run_after=2024-04-23 08:00:00+00:00
[2024-04-23T09:16:37.229+0000] {processor.py:183} INFO - Processing /home/airflow/.local/lib/python3.12/site-packages/airflow/example_dags/example_latest_only_with_trigger.py took 0.079 seconds
[2024-04-23T09:17:07.326+0000] {processor.py:161} INFO - Started process (PID=809) to work on /home/airflow/.local/lib/python3.12/site-packages/airflow/example_dags/example_latest_only_with_trigger.py
[2024-04-23T09:17:07.327+0000] {processor.py:830} INFO - Processing file /home/airflow/.local/lib/python3.12/site-packages/airflow/example_dags/example_latest_only_with_trigger.py for tasks to queue
[2024-04-23T09:17:07.328+0000] {logging_mixin.py:188} INFO - [2024-04-23T09:17:07.328+0000] {dagbag.py:540} INFO - Filling up the DagBag from /home/airflow/.local/lib/python3.12/site-packages/airflow/example_dags/example_latest_only_with_trigger.py
[2024-04-23T09:17:07.331+0000] {processor.py:840} INFO - DAG(s) 'latest_only_with_trigger' retrieved from /home/airflow/.local/lib/python3.12/site-packages/airflow/example_dags/example_latest_only_with_trigger.py
[2024-04-23T09:17:07.343+0000] {logging_mixin.py:188} INFO - [2024-04-23T09:17:07.343+0000] {dag.py:3096} INFO - Sync 1 DAGs
[2024-04-23T09:17:07.355+0000] {logging_mixin.py:188} INFO - [2024-04-23T09:17:07.355+0000] {dag.py:3954} INFO - Setting next_dagrun for latest_only_with_trigger to 2024-04-23 04:00:00+00:00, run_after=2024-04-23 08:00:00+00:00
[2024-04-23T09:17:07.366+0000] {processor.py:183} INFO - Processing /home/airflow/.local/lib/python3.12/site-packages/airflow/example_dags/example_latest_only_with_trigger.py took 0.043 seconds
[2024-04-23T09:17:38.121+0000] {processor.py:161} INFO - Started process (PID=1073) to work on /home/airflow/.local/lib/python3.12/site-packages/airflow/example_dags/example_latest_only_with_trigger.py
[2024-04-23T09:17:38.122+0000] {processor.py:830} INFO - Processing file /home/airflow/.local/lib/python3.12/site-packages/airflow/example_dags/example_latest_only_with_trigger.py for tasks to queue
[2024-04-23T09:17:38.123+0000] {logging_mixin.py:188} INFO - [2024-04-23T09:17:38.123+0000] {dagbag.py:540} INFO - Filling up the DagBag from /home/airflow/.local/lib/python3.12/site-packages/airflow/example_dags/example_latest_only_with_trigger.py
[2024-04-23T09:17:38.126+0000] {processor.py:840} INFO - DAG(s) 'latest_only_with_trigger' retrieved from /home/airflow/.local/lib/python3.12/site-packages/airflow/example_dags/example_latest_only_with_trigger.py
[2024-04-23T09:17:38.138+0000] {logging_mixin.py:188} INFO - [2024-04-23T09:17:38.137+0000] {dag.py:3096} INFO - Sync 1 DAGs
[2024-04-23T09:17:38.149+0000] {logging_mixin.py:188} INFO - [2024-04-23T09:17:38.149+0000] {dag.py:3954} INFO - Setting next_dagrun for latest_only_with_trigger to 2024-04-23 04:00:00+00:00, run_after=2024-04-23 08:00:00+00:00
[2024-04-23T09:17:38.158+0000] {processor.py:183} INFO - Processing /home/airflow/.local/lib/python3.12/site-packages/airflow/example_dags/example_latest_only_with_trigger.py took 0.040 seconds
[2024-04-23T09:18:08.998+0000] {processor.py:161} INFO - Started process (PID=1333) to work on /home/airflow/.local/lib/python3.12/site-packages/airflow/example_dags/example_latest_only_with_trigger.py
[2024-04-23T09:18:09.000+0000] {processor.py:830} INFO - Processing file /home/airflow/.local/lib/python3.12/site-packages/airflow/example_dags/example_latest_only_with_trigger.py for tasks to queue
[2024-04-23T09:18:09.002+0000] {logging_mixin.py:188} INFO - [2024-04-23T09:18:09.002+0000] {dagbag.py:540} INFO - Filling up the DagBag from /home/airflow/.local/lib/python3.12/site-packages/airflow/example_dags/example_latest_only_with_trigger.py
[2024-04-23T09:18:09.005+0000] {processor.py:840} INFO - DAG(s) 'latest_only_with_trigger' retrieved from /home/airflow/.local/lib/python3.12/site-packages/airflow/example_dags/example_latest_only_with_trigger.py
[2024-04-23T09:18:09.017+0000] {logging_mixin.py:188} INFO - [2024-04-23T09:18:09.017+0000] {dag.py:3096} INFO - Sync 1 DAGs
[2024-04-23T09:18:09.029+0000] {logging_mixin.py:188} INFO - [2024-04-23T09:18:09.029+0000] {dag.py:3954} INFO - Setting next_dagrun for latest_only_with_trigger to 2024-04-23 04:00:00+00:00, run_after=2024-04-23 08:00:00+00:00
[2024-04-23T09:18:09.040+0000] {processor.py:183} INFO - Processing /home/airflow/.local/lib/python3.12/site-packages/airflow/example_dags/example_latest_only_with_trigger.py took 0.045 seconds
