[2024-04-23T09:16:05.646+0000] {processor.py:161} INFO - Started process (PID=245) to work on /home/airflow/.local/lib/python3.12/site-packages/airflow/example_dags/example_dag_decorator.py
[2024-04-23T09:16:05.647+0000] {processor.py:830} INFO - Processing file /home/airflow/.local/lib/python3.12/site-packages/airflow/example_dags/example_dag_decorator.py for tasks to queue
[2024-04-23T09:16:05.649+0000] {logging_mixin.py:188} INFO - [2024-04-23T09:16:05.648+0000] {dagbag.py:540} INFO - Filling up the DagBag from /home/airflow/.local/lib/python3.12/site-packages/airflow/example_dags/example_dag_decorator.py
[2024-04-23T09:16:05.775+0000] {processor.py:840} INFO - DAG(s) 'example_dag_decorator' retrieved from /home/airflow/.local/lib/python3.12/site-packages/airflow/example_dags/example_dag_decorator.py
[2024-04-23T09:16:05.783+0000] {logging_mixin.py:188} INFO - [2024-04-23T09:16:05.783+0000] {dag.py:3096} INFO - Sync 1 DAGs
[2024-04-23T09:16:05.792+0000] {logging_mixin.py:188} INFO - [2024-04-23T09:16:05.792+0000] {dag.py:3954} INFO - Setting next_dagrun for example_dag_decorator to None, run_after=None
[2024-04-23T09:16:05.803+0000] {processor.py:183} INFO - Processing /home/airflow/.local/lib/python3.12/site-packages/airflow/example_dags/example_dag_decorator.py took 0.160 seconds
[2024-04-23T09:16:36.740+0000] {processor.py:161} INFO - Started process (PID=507) to work on /home/airflow/.local/lib/python3.12/site-packages/airflow/example_dags/example_dag_decorator.py
[2024-04-23T09:16:36.741+0000] {processor.py:830} INFO - Processing file /home/airflow/.local/lib/python3.12/site-packages/airflow/example_dags/example_dag_decorator.py for tasks to queue
[2024-04-23T09:16:36.742+0000] {logging_mixin.py:188} INFO - [2024-04-23T09:16:36.742+0000] {dagbag.py:540} INFO - Filling up the DagBag from /home/airflow/.local/lib/python3.12/site-packages/airflow/example_dags/example_dag_decorator.py
[2024-04-23T09:16:36.782+0000] {processor.py:840} INFO - DAG(s) 'example_dag_decorator' retrieved from /home/airflow/.local/lib/python3.12/site-packages/airflow/example_dags/example_dag_decorator.py
[2024-04-23T09:16:36.830+0000] {logging_mixin.py:188} INFO - [2024-04-23T09:16:36.830+0000] {dag.py:3096} INFO - Sync 1 DAGs
[2024-04-23T09:16:36.835+0000] {logging_mixin.py:188} INFO - [2024-04-23T09:16:36.835+0000] {dag.py:3954} INFO - Setting next_dagrun for example_dag_decorator to None, run_after=None
[2024-04-23T09:16:36.844+0000] {processor.py:183} INFO - Processing /home/airflow/.local/lib/python3.12/site-packages/airflow/example_dags/example_dag_decorator.py took 0.107 seconds
[2024-04-23T09:17:07.069+0000] {processor.py:161} INFO - Started process (PID=769) to work on /home/airflow/.local/lib/python3.12/site-packages/airflow/example_dags/example_dag_decorator.py
[2024-04-23T09:17:07.070+0000] {processor.py:830} INFO - Processing file /home/airflow/.local/lib/python3.12/site-packages/airflow/example_dags/example_dag_decorator.py for tasks to queue
[2024-04-23T09:17:07.071+0000] {logging_mixin.py:188} INFO - [2024-04-23T09:17:07.071+0000] {dagbag.py:540} INFO - Filling up the DagBag from /home/airflow/.local/lib/python3.12/site-packages/airflow/example_dags/example_dag_decorator.py
[2024-04-23T09:17:07.112+0000] {processor.py:840} INFO - DAG(s) 'example_dag_decorator' retrieved from /home/airflow/.local/lib/python3.12/site-packages/airflow/example_dags/example_dag_decorator.py
[2024-04-23T09:17:07.162+0000] {logging_mixin.py:188} INFO - [2024-04-23T09:17:07.162+0000] {dag.py:3096} INFO - Sync 1 DAGs
[2024-04-23T09:17:07.167+0000] {logging_mixin.py:188} INFO - [2024-04-23T09:17:07.167+0000] {dag.py:3954} INFO - Setting next_dagrun for example_dag_decorator to None, run_after=None
[2024-04-23T09:17:07.177+0000] {processor.py:183} INFO - Processing /home/airflow/.local/lib/python3.12/site-packages/airflow/example_dags/example_dag_decorator.py took 0.111 seconds
[2024-04-23T09:17:37.848+0000] {processor.py:161} INFO - Started process (PID=1031) to work on /home/airflow/.local/lib/python3.12/site-packages/airflow/example_dags/example_dag_decorator.py
[2024-04-23T09:17:37.849+0000] {processor.py:830} INFO - Processing file /home/airflow/.local/lib/python3.12/site-packages/airflow/example_dags/example_dag_decorator.py for tasks to queue
[2024-04-23T09:17:37.850+0000] {logging_mixin.py:188} INFO - [2024-04-23T09:17:37.850+0000] {dagbag.py:540} INFO - Filling up the DagBag from /home/airflow/.local/lib/python3.12/site-packages/airflow/example_dags/example_dag_decorator.py
[2024-04-23T09:17:37.890+0000] {processor.py:840} INFO - DAG(s) 'example_dag_decorator' retrieved from /home/airflow/.local/lib/python3.12/site-packages/airflow/example_dags/example_dag_decorator.py
[2024-04-23T09:17:37.940+0000] {logging_mixin.py:188} INFO - [2024-04-23T09:17:37.940+0000] {dag.py:3096} INFO - Sync 1 DAGs
[2024-04-23T09:17:37.946+0000] {logging_mixin.py:188} INFO - [2024-04-23T09:17:37.946+0000] {dag.py:3954} INFO - Setting next_dagrun for example_dag_decorator to None, run_after=None
[2024-04-23T09:17:37.956+0000] {processor.py:183} INFO - Processing /home/airflow/.local/lib/python3.12/site-packages/airflow/example_dags/example_dag_decorator.py took 0.111 seconds
[2024-04-23T09:18:08.715+0000] {processor.py:161} INFO - Started process (PID=1293) to work on /home/airflow/.local/lib/python3.12/site-packages/airflow/example_dags/example_dag_decorator.py
[2024-04-23T09:18:08.715+0000] {processor.py:830} INFO - Processing file /home/airflow/.local/lib/python3.12/site-packages/airflow/example_dags/example_dag_decorator.py for tasks to queue
[2024-04-23T09:18:08.717+0000] {logging_mixin.py:188} INFO - [2024-04-23T09:18:08.717+0000] {dagbag.py:540} INFO - Filling up the DagBag from /home/airflow/.local/lib/python3.12/site-packages/airflow/example_dags/example_dag_decorator.py
[2024-04-23T09:18:08.759+0000] {processor.py:840} INFO - DAG(s) 'example_dag_decorator' retrieved from /home/airflow/.local/lib/python3.12/site-packages/airflow/example_dags/example_dag_decorator.py
[2024-04-23T09:18:08.810+0000] {logging_mixin.py:188} INFO - [2024-04-23T09:18:08.810+0000] {dag.py:3096} INFO - Sync 1 DAGs
[2024-04-23T09:18:08.815+0000] {logging_mixin.py:188} INFO - [2024-04-23T09:18:08.815+0000] {dag.py:3954} INFO - Setting next_dagrun for example_dag_decorator to None, run_after=None
[2024-04-23T09:18:08.826+0000] {processor.py:183} INFO - Processing /home/airflow/.local/lib/python3.12/site-packages/airflow/example_dags/example_dag_decorator.py took 0.114 seconds
