[2024-04-23T09:16:06.518+0000] {processor.py:161} INFO - Started process (PID=375) to work on /home/airflow/.local/lib/python3.12/site-packages/airflow/example_dags/example_setup_teardown_taskflow.py
[2024-04-23T09:16:06.519+0000] {processor.py:830} INFO - Processing file /home/airflow/.local/lib/python3.12/site-packages/airflow/example_dags/example_setup_teardown_taskflow.py for tasks to queue
[2024-04-23T09:16:06.520+0000] {logging_mixin.py:188} INFO - [2024-04-23T09:16:06.520+0000] {dagbag.py:540} INFO - Filling up the DagBag from /home/airflow/.local/lib/python3.12/site-packages/airflow/example_dags/example_setup_teardown_taskflow.py
[2024-04-23T09:16:06.527+0000] {processor.py:840} INFO - DAG(s) 'example_setup_teardown_taskflow' retrieved from /home/airflow/.local/lib/python3.12/site-packages/airflow/example_dags/example_setup_teardown_taskflow.py
[2024-04-23T09:16:06.535+0000] {logging_mixin.py:188} INFO - [2024-04-23T09:16:06.534+0000] {dag.py:3096} INFO - Sync 1 DAGs
[2024-04-23T09:16:06.548+0000] {logging_mixin.py:188} INFO - [2024-04-23T09:16:06.548+0000] {dag.py:3954} INFO - Setting next_dagrun for example_setup_teardown_taskflow to 2024-04-22 00:00:00+00:00, run_after=2024-04-23 00:00:00+00:00
[2024-04-23T09:16:06.560+0000] {processor.py:183} INFO - Processing /home/airflow/.local/lib/python3.12/site-packages/airflow/example_dags/example_setup_teardown_taskflow.py took 0.046 seconds
[2024-04-23T09:16:38.082+0000] {processor.py:161} INFO - Started process (PID=637) to work on /home/airflow/.local/lib/python3.12/site-packages/airflow/example_dags/example_setup_teardown_taskflow.py
[2024-04-23T09:16:38.083+0000] {processor.py:830} INFO - Processing file /home/airflow/.local/lib/python3.12/site-packages/airflow/example_dags/example_setup_teardown_taskflow.py for tasks to queue
[2024-04-23T09:16:38.084+0000] {logging_mixin.py:188} INFO - [2024-04-23T09:16:38.084+0000] {dagbag.py:540} INFO - Filling up the DagBag from /home/airflow/.local/lib/python3.12/site-packages/airflow/example_dags/example_setup_teardown_taskflow.py
[2024-04-23T09:16:38.088+0000] {processor.py:840} INFO - DAG(s) 'example_setup_teardown_taskflow' retrieved from /home/airflow/.local/lib/python3.12/site-packages/airflow/example_dags/example_setup_teardown_taskflow.py
[2024-04-23T09:16:38.139+0000] {logging_mixin.py:188} INFO - [2024-04-23T09:16:38.139+0000] {dag.py:3096} INFO - Sync 1 DAGs
[2024-04-23T09:16:38.149+0000] {logging_mixin.py:188} INFO - [2024-04-23T09:16:38.148+0000] {dag.py:3954} INFO - Setting next_dagrun for example_setup_teardown_taskflow to 2024-04-22 00:00:00+00:00, run_after=2024-04-23 00:00:00+00:00
[2024-04-23T09:16:38.159+0000] {processor.py:183} INFO - Processing /home/airflow/.local/lib/python3.12/site-packages/airflow/example_dags/example_setup_teardown_taskflow.py took 0.081 seconds
[2024-04-23T09:17:08.896+0000] {processor.py:161} INFO - Started process (PID=901) to work on /home/airflow/.local/lib/python3.12/site-packages/airflow/example_dags/example_setup_teardown_taskflow.py
[2024-04-23T09:17:08.897+0000] {processor.py:830} INFO - Processing file /home/airflow/.local/lib/python3.12/site-packages/airflow/example_dags/example_setup_teardown_taskflow.py for tasks to queue
[2024-04-23T09:17:08.898+0000] {logging_mixin.py:188} INFO - [2024-04-23T09:17:08.898+0000] {dagbag.py:540} INFO - Filling up the DagBag from /home/airflow/.local/lib/python3.12/site-packages/airflow/example_dags/example_setup_teardown_taskflow.py
[2024-04-23T09:17:08.903+0000] {processor.py:840} INFO - DAG(s) 'example_setup_teardown_taskflow' retrieved from /home/airflow/.local/lib/python3.12/site-packages/airflow/example_dags/example_setup_teardown_taskflow.py
[2024-04-23T09:17:08.916+0000] {logging_mixin.py:188} INFO - [2024-04-23T09:17:08.916+0000] {dag.py:3096} INFO - Sync 1 DAGs
[2024-04-23T09:17:08.928+0000] {logging_mixin.py:188} INFO - [2024-04-23T09:17:08.927+0000] {dag.py:3954} INFO - Setting next_dagrun for example_setup_teardown_taskflow to 2024-04-22 00:00:00+00:00, run_after=2024-04-23 00:00:00+00:00
[2024-04-23T09:17:08.937+0000] {processor.py:183} INFO - Processing /home/airflow/.local/lib/python3.12/site-packages/airflow/example_dags/example_setup_teardown_taskflow.py took 0.044 seconds
[2024-04-23T09:17:39.664+0000] {processor.py:161} INFO - Started process (PID=1163) to work on /home/airflow/.local/lib/python3.12/site-packages/airflow/example_dags/example_setup_teardown_taskflow.py
[2024-04-23T09:17:39.665+0000] {processor.py:830} INFO - Processing file /home/airflow/.local/lib/python3.12/site-packages/airflow/example_dags/example_setup_teardown_taskflow.py for tasks to queue
[2024-04-23T09:17:39.666+0000] {logging_mixin.py:188} INFO - [2024-04-23T09:17:39.666+0000] {dagbag.py:540} INFO - Filling up the DagBag from /home/airflow/.local/lib/python3.12/site-packages/airflow/example_dags/example_setup_teardown_taskflow.py
[2024-04-23T09:17:39.671+0000] {processor.py:840} INFO - DAG(s) 'example_setup_teardown_taskflow' retrieved from /home/airflow/.local/lib/python3.12/site-packages/airflow/example_dags/example_setup_teardown_taskflow.py
[2024-04-23T09:17:39.683+0000] {logging_mixin.py:188} INFO - [2024-04-23T09:17:39.683+0000] {dag.py:3096} INFO - Sync 1 DAGs
[2024-04-23T09:17:39.694+0000] {logging_mixin.py:188} INFO - [2024-04-23T09:17:39.694+0000] {dag.py:3954} INFO - Setting next_dagrun for example_setup_teardown_taskflow to 2024-04-22 00:00:00+00:00, run_after=2024-04-23 00:00:00+00:00
[2024-04-23T09:17:39.703+0000] {processor.py:183} INFO - Processing /home/airflow/.local/lib/python3.12/site-packages/airflow/example_dags/example_setup_teardown_taskflow.py took 0.042 seconds
[2024-04-23T09:18:10.548+0000] {processor.py:161} INFO - Started process (PID=1423) to work on /home/airflow/.local/lib/python3.12/site-packages/airflow/example_dags/example_setup_teardown_taskflow.py
[2024-04-23T09:18:10.550+0000] {processor.py:830} INFO - Processing file /home/airflow/.local/lib/python3.12/site-packages/airflow/example_dags/example_setup_teardown_taskflow.py for tasks to queue
[2024-04-23T09:18:10.551+0000] {logging_mixin.py:188} INFO - [2024-04-23T09:18:10.551+0000] {dagbag.py:540} INFO - Filling up the DagBag from /home/airflow/.local/lib/python3.12/site-packages/airflow/example_dags/example_setup_teardown_taskflow.py
[2024-04-23T09:18:10.556+0000] {processor.py:840} INFO - DAG(s) 'example_setup_teardown_taskflow' retrieved from /home/airflow/.local/lib/python3.12/site-packages/airflow/example_dags/example_setup_teardown_taskflow.py
[2024-04-23T09:18:10.567+0000] {logging_mixin.py:188} INFO - [2024-04-23T09:18:10.567+0000] {dag.py:3096} INFO - Sync 1 DAGs
[2024-04-23T09:18:10.578+0000] {logging_mixin.py:188} INFO - [2024-04-23T09:18:10.578+0000] {dag.py:3954} INFO - Setting next_dagrun for example_setup_teardown_taskflow to 2024-04-22 00:00:00+00:00, run_after=2024-04-23 00:00:00+00:00
[2024-04-23T09:18:10.588+0000] {processor.py:183} INFO - Processing /home/airflow/.local/lib/python3.12/site-packages/airflow/example_dags/example_setup_teardown_taskflow.py took 0.043 seconds
