[2024-04-23T09:16:05.470+0000] {processor.py:161} INFO - Started process (PID=215) to work on /home/airflow/.local/lib/python3.12/site-packages/airflow/example_dags/example_sensors.py
[2024-04-23T09:16:05.471+0000] {processor.py:830} INFO - Processing file /home/airflow/.local/lib/python3.12/site-packages/airflow/example_dags/example_sensors.py for tasks to queue
[2024-04-23T09:16:05.472+0000] {logging_mixin.py:188} INFO - [2024-04-23T09:16:05.471+0000] {dagbag.py:540} INFO - Filling up the DagBag from /home/airflow/.local/lib/python3.12/site-packages/airflow/example_dags/example_sensors.py
[2024-04-23T09:16:05.479+0000] {processor.py:840} INFO - DAG(s) 'example_sensors' retrieved from /home/airflow/.local/lib/python3.12/site-packages/airflow/example_dags/example_sensors.py
[2024-04-23T09:16:05.486+0000] {logging_mixin.py:188} INFO - [2024-04-23T09:16:05.486+0000] {dag.py:3096} INFO - Sync 1 DAGs
[2024-04-23T09:16:05.493+0000] {logging_mixin.py:188} INFO - [2024-04-23T09:16:05.493+0000] {dag.py:3954} INFO - Setting next_dagrun for example_sensors to None, run_after=None
[2024-04-23T09:16:05.505+0000] {processor.py:183} INFO - Processing /home/airflow/.local/lib/python3.12/site-packages/airflow/example_dags/example_sensors.py took 0.039 seconds
[2024-04-23T09:16:36.467+0000] {processor.py:161} INFO - Started process (PID=477) to work on /home/airflow/.local/lib/python3.12/site-packages/airflow/example_dags/example_sensors.py
[2024-04-23T09:16:36.468+0000] {processor.py:830} INFO - Processing file /home/airflow/.local/lib/python3.12/site-packages/airflow/example_dags/example_sensors.py for tasks to queue
[2024-04-23T09:16:36.469+0000] {logging_mixin.py:188} INFO - [2024-04-23T09:16:36.469+0000] {dagbag.py:540} INFO - Filling up the DagBag from /home/airflow/.local/lib/python3.12/site-packages/airflow/example_dags/example_sensors.py
[2024-04-23T09:16:36.474+0000] {processor.py:840} INFO - DAG(s) 'example_sensors' retrieved from /home/airflow/.local/lib/python3.12/site-packages/airflow/example_dags/example_sensors.py
[2024-04-23T09:16:36.525+0000] {logging_mixin.py:188} INFO - [2024-04-23T09:16:36.525+0000] {dag.py:3096} INFO - Sync 1 DAGs
[2024-04-23T09:16:36.530+0000] {logging_mixin.py:188} INFO - [2024-04-23T09:16:36.530+0000] {dag.py:3954} INFO - Setting next_dagrun for example_sensors to None, run_after=None
[2024-04-23T09:16:36.540+0000] {processor.py:183} INFO - Processing /home/airflow/.local/lib/python3.12/site-packages/airflow/example_dags/example_sensors.py took 0.076 seconds
[2024-04-23T09:17:06.895+0000] {processor.py:161} INFO - Started process (PID=739) to work on /home/airflow/.local/lib/python3.12/site-packages/airflow/example_dags/example_sensors.py
[2024-04-23T09:17:06.896+0000] {processor.py:830} INFO - Processing file /home/airflow/.local/lib/python3.12/site-packages/airflow/example_dags/example_sensors.py for tasks to queue
[2024-04-23T09:17:06.897+0000] {logging_mixin.py:188} INFO - [2024-04-23T09:17:06.897+0000] {dagbag.py:540} INFO - Filling up the DagBag from /home/airflow/.local/lib/python3.12/site-packages/airflow/example_dags/example_sensors.py
[2024-04-23T09:17:06.902+0000] {processor.py:840} INFO - DAG(s) 'example_sensors' retrieved from /home/airflow/.local/lib/python3.12/site-packages/airflow/example_dags/example_sensors.py
[2024-04-23T09:17:06.916+0000] {logging_mixin.py:188} INFO - [2024-04-23T09:17:06.915+0000] {dag.py:3096} INFO - Sync 1 DAGs
[2024-04-23T09:17:06.922+0000] {logging_mixin.py:188} INFO - [2024-04-23T09:17:06.922+0000] {dag.py:3954} INFO - Setting next_dagrun for example_sensors to None, run_after=None
[2024-04-23T09:17:06.933+0000] {processor.py:183} INFO - Processing /home/airflow/.local/lib/python3.12/site-packages/airflow/example_dags/example_sensors.py took 0.040 seconds
[2024-04-23T09:17:37.675+0000] {processor.py:161} INFO - Started process (PID=1003) to work on /home/airflow/.local/lib/python3.12/site-packages/airflow/example_dags/example_sensors.py
[2024-04-23T09:17:37.676+0000] {processor.py:830} INFO - Processing file /home/airflow/.local/lib/python3.12/site-packages/airflow/example_dags/example_sensors.py for tasks to queue
[2024-04-23T09:17:37.678+0000] {logging_mixin.py:188} INFO - [2024-04-23T09:17:37.677+0000] {dagbag.py:540} INFO - Filling up the DagBag from /home/airflow/.local/lib/python3.12/site-packages/airflow/example_dags/example_sensors.py
[2024-04-23T09:17:37.682+0000] {processor.py:840} INFO - DAG(s) 'example_sensors' retrieved from /home/airflow/.local/lib/python3.12/site-packages/airflow/example_dags/example_sensors.py
[2024-04-23T09:17:37.695+0000] {logging_mixin.py:188} INFO - [2024-04-23T09:17:37.695+0000] {dag.py:3096} INFO - Sync 1 DAGs
[2024-04-23T09:17:37.702+0000] {logging_mixin.py:188} INFO - [2024-04-23T09:17:37.702+0000] {dag.py:3954} INFO - Setting next_dagrun for example_sensors to None, run_after=None
[2024-04-23T09:17:37.712+0000] {processor.py:183} INFO - Processing /home/airflow/.local/lib/python3.12/site-packages/airflow/example_dags/example_sensors.py took 0.040 seconds
[2024-04-23T09:18:08.491+0000] {processor.py:161} INFO - Started process (PID=1263) to work on /home/airflow/.local/lib/python3.12/site-packages/airflow/example_dags/example_sensors.py
[2024-04-23T09:18:08.492+0000] {processor.py:830} INFO - Processing file /home/airflow/.local/lib/python3.12/site-packages/airflow/example_dags/example_sensors.py for tasks to queue
[2024-04-23T09:18:08.493+0000] {logging_mixin.py:188} INFO - [2024-04-23T09:18:08.493+0000] {dagbag.py:540} INFO - Filling up the DagBag from /home/airflow/.local/lib/python3.12/site-packages/airflow/example_dags/example_sensors.py
[2024-04-23T09:18:08.497+0000] {processor.py:840} INFO - DAG(s) 'example_sensors' retrieved from /home/airflow/.local/lib/python3.12/site-packages/airflow/example_dags/example_sensors.py
[2024-04-23T09:18:08.511+0000] {logging_mixin.py:188} INFO - [2024-04-23T09:18:08.510+0000] {dag.py:3096} INFO - Sync 1 DAGs
[2024-04-23T09:18:08.516+0000] {logging_mixin.py:188} INFO - [2024-04-23T09:18:08.516+0000] {dag.py:3954} INFO - Setting next_dagrun for example_sensors to None, run_after=None
[2024-04-23T09:18:08.527+0000] {processor.py:183} INFO - Processing /home/airflow/.local/lib/python3.12/site-packages/airflow/example_dags/example_sensors.py took 0.039 seconds
