[2024-04-23T09:16:05.522+0000] {processor.py:161} INFO - Started process (PID=225) to work on /home/airflow/.local/lib/python3.12/site-packages/airflow/example_dags/example_task_group_decorator.py
[2024-04-23T09:16:05.523+0000] {processor.py:830} INFO - Processing file /home/airflow/.local/lib/python3.12/site-packages/airflow/example_dags/example_task_group_decorator.py for tasks to queue
[2024-04-23T09:16:05.524+0000] {logging_mixin.py:188} INFO - [2024-04-23T09:16:05.524+0000] {dagbag.py:540} INFO - Filling up the DagBag from /home/airflow/.local/lib/python3.12/site-packages/airflow/example_dags/example_task_group_decorator.py
[2024-04-23T09:16:05.532+0000] {processor.py:840} INFO - DAG(s) 'example_task_group_decorator' retrieved from /home/airflow/.local/lib/python3.12/site-packages/airflow/example_dags/example_task_group_decorator.py
[2024-04-23T09:16:05.540+0000] {logging_mixin.py:188} INFO - [2024-04-23T09:16:05.540+0000] {dag.py:3096} INFO - Sync 1 DAGs
[2024-04-23T09:16:05.553+0000] {logging_mixin.py:188} INFO - [2024-04-23T09:16:05.553+0000] {dag.py:3954} INFO - Setting next_dagrun for example_task_group_decorator to 2024-04-22 00:00:00+00:00, run_after=2024-04-23 00:00:00+00:00
[2024-04-23T09:16:05.565+0000] {processor.py:183} INFO - Processing /home/airflow/.local/lib/python3.12/site-packages/airflow/example_dags/example_task_group_decorator.py took 0.046 seconds
[2024-04-23T09:16:36.557+0000] {processor.py:161} INFO - Started process (PID=487) to work on /home/airflow/.local/lib/python3.12/site-packages/airflow/example_dags/example_task_group_decorator.py
[2024-04-23T09:16:36.557+0000] {processor.py:830} INFO - Processing file /home/airflow/.local/lib/python3.12/site-packages/airflow/example_dags/example_task_group_decorator.py for tasks to queue
[2024-04-23T09:16:36.559+0000] {logging_mixin.py:188} INFO - [2024-04-23T09:16:36.558+0000] {dagbag.py:540} INFO - Filling up the DagBag from /home/airflow/.local/lib/python3.12/site-packages/airflow/example_dags/example_task_group_decorator.py
[2024-04-23T09:16:36.566+0000] {processor.py:840} INFO - DAG(s) 'example_task_group_decorator' retrieved from /home/airflow/.local/lib/python3.12/site-packages/airflow/example_dags/example_task_group_decorator.py
[2024-04-23T09:16:36.615+0000] {logging_mixin.py:188} INFO - [2024-04-23T09:16:36.614+0000] {dag.py:3096} INFO - Sync 1 DAGs
[2024-04-23T09:16:36.624+0000] {logging_mixin.py:188} INFO - [2024-04-23T09:16:36.624+0000] {dag.py:3954} INFO - Setting next_dagrun for example_task_group_decorator to 2024-04-22 00:00:00+00:00, run_after=2024-04-23 00:00:00+00:00
[2024-04-23T09:16:36.634+0000] {processor.py:183} INFO - Processing /home/airflow/.local/lib/python3.12/site-packages/airflow/example_dags/example_task_group_decorator.py took 0.080 seconds
[2024-04-23T09:17:06.949+0000] {processor.py:161} INFO - Started process (PID=749) to work on /home/airflow/.local/lib/python3.12/site-packages/airflow/example_dags/example_task_group_decorator.py
[2024-04-23T09:17:06.950+0000] {processor.py:830} INFO - Processing file /home/airflow/.local/lib/python3.12/site-packages/airflow/example_dags/example_task_group_decorator.py for tasks to queue
[2024-04-23T09:17:06.951+0000] {logging_mixin.py:188} INFO - [2024-04-23T09:17:06.951+0000] {dagbag.py:540} INFO - Filling up the DagBag from /home/airflow/.local/lib/python3.12/site-packages/airflow/example_dags/example_task_group_decorator.py
[2024-04-23T09:17:06.957+0000] {processor.py:840} INFO - DAG(s) 'example_task_group_decorator' retrieved from /home/airflow/.local/lib/python3.12/site-packages/airflow/example_dags/example_task_group_decorator.py
[2024-04-23T09:17:06.970+0000] {logging_mixin.py:188} INFO - [2024-04-23T09:17:06.970+0000] {dag.py:3096} INFO - Sync 1 DAGs
[2024-04-23T09:17:06.981+0000] {logging_mixin.py:188} INFO - [2024-04-23T09:17:06.981+0000] {dag.py:3954} INFO - Setting next_dagrun for example_task_group_decorator to 2024-04-22 00:00:00+00:00, run_after=2024-04-23 00:00:00+00:00
[2024-04-23T09:17:06.992+0000] {processor.py:183} INFO - Processing /home/airflow/.local/lib/python3.12/site-packages/airflow/example_dags/example_task_group_decorator.py took 0.046 seconds
[2024-04-23T09:17:37.728+0000] {processor.py:161} INFO - Started process (PID=1011) to work on /home/airflow/.local/lib/python3.12/site-packages/airflow/example_dags/example_task_group_decorator.py
[2024-04-23T09:17:37.729+0000] {processor.py:830} INFO - Processing file /home/airflow/.local/lib/python3.12/site-packages/airflow/example_dags/example_task_group_decorator.py for tasks to queue
[2024-04-23T09:17:37.730+0000] {logging_mixin.py:188} INFO - [2024-04-23T09:17:37.730+0000] {dagbag.py:540} INFO - Filling up the DagBag from /home/airflow/.local/lib/python3.12/site-packages/airflow/example_dags/example_task_group_decorator.py
[2024-04-23T09:17:37.737+0000] {processor.py:840} INFO - DAG(s) 'example_task_group_decorator' retrieved from /home/airflow/.local/lib/python3.12/site-packages/airflow/example_dags/example_task_group_decorator.py
[2024-04-23T09:17:37.750+0000] {logging_mixin.py:188} INFO - [2024-04-23T09:17:37.750+0000] {dag.py:3096} INFO - Sync 1 DAGs
[2024-04-23T09:17:37.761+0000] {logging_mixin.py:188} INFO - [2024-04-23T09:17:37.761+0000] {dag.py:3954} INFO - Setting next_dagrun for example_task_group_decorator to 2024-04-22 00:00:00+00:00, run_after=2024-04-23 00:00:00+00:00
[2024-04-23T09:17:37.771+0000] {processor.py:183} INFO - Processing /home/airflow/.local/lib/python3.12/site-packages/airflow/example_dags/example_task_group_decorator.py took 0.046 seconds
[2024-04-23T09:18:08.596+0000] {processor.py:161} INFO - Started process (PID=1275) to work on /home/airflow/.local/lib/python3.12/site-packages/airflow/example_dags/example_task_group_decorator.py
[2024-04-23T09:18:08.596+0000] {processor.py:830} INFO - Processing file /home/airflow/.local/lib/python3.12/site-packages/airflow/example_dags/example_task_group_decorator.py for tasks to queue
[2024-04-23T09:18:08.598+0000] {logging_mixin.py:188} INFO - [2024-04-23T09:18:08.597+0000] {dagbag.py:540} INFO - Filling up the DagBag from /home/airflow/.local/lib/python3.12/site-packages/airflow/example_dags/example_task_group_decorator.py
[2024-04-23T09:18:08.604+0000] {processor.py:840} INFO - DAG(s) 'example_task_group_decorator' retrieved from /home/airflow/.local/lib/python3.12/site-packages/airflow/example_dags/example_task_group_decorator.py
[2024-04-23T09:18:08.617+0000] {logging_mixin.py:188} INFO - [2024-04-23T09:18:08.617+0000] {dag.py:3096} INFO - Sync 1 DAGs
[2024-04-23T09:18:08.630+0000] {logging_mixin.py:188} INFO - [2024-04-23T09:18:08.629+0000] {dag.py:3954} INFO - Setting next_dagrun for example_task_group_decorator to 2024-04-22 00:00:00+00:00, run_after=2024-04-23 00:00:00+00:00
[2024-04-23T09:18:08.639+0000] {processor.py:183} INFO - Processing /home/airflow/.local/lib/python3.12/site-packages/airflow/example_dags/example_task_group_decorator.py took 0.047 seconds
