[2024-04-23T09:16:05.430+0000] {processor.py:161} INFO - Started process (PID=210) to work on /home/airflow/.local/lib/python3.12/site-packages/airflow/example_dags/example_branch_day_of_week_operator.py
[2024-04-23T09:16:05.431+0000] {processor.py:830} INFO - Processing file /home/airflow/.local/lib/python3.12/site-packages/airflow/example_dags/example_branch_day_of_week_operator.py for tasks to queue
[2024-04-23T09:16:05.432+0000] {logging_mixin.py:188} INFO - [2024-04-23T09:16:05.432+0000] {dagbag.py:540} INFO - Filling up the DagBag from /home/airflow/.local/lib/python3.12/site-packages/airflow/example_dags/example_branch_day_of_week_operator.py
[2024-04-23T09:16:05.437+0000] {processor.py:840} INFO - DAG(s) 'example_weekday_branch_operator' retrieved from /home/airflow/.local/lib/python3.12/site-packages/airflow/example_dags/example_branch_day_of_week_operator.py
[2024-04-23T09:16:05.445+0000] {logging_mixin.py:188} INFO - [2024-04-23T09:16:05.444+0000] {dag.py:3096} INFO - Sync 1 DAGs
[2024-04-23T09:16:05.457+0000] {logging_mixin.py:188} INFO - [2024-04-23T09:16:05.457+0000] {dag.py:3954} INFO - Setting next_dagrun for example_weekday_branch_operator to 2024-04-22 00:00:00+00:00, run_after=2024-04-23 00:00:00+00:00
[2024-04-23T09:16:05.468+0000] {processor.py:183} INFO - Processing /home/airflow/.local/lib/python3.12/site-packages/airflow/example_dags/example_branch_day_of_week_operator.py took 0.041 seconds
[2024-04-23T09:16:36.452+0000] {processor.py:161} INFO - Started process (PID=472) to work on /home/airflow/.local/lib/python3.12/site-packages/airflow/example_dags/example_branch_day_of_week_operator.py
[2024-04-23T09:16:36.453+0000] {processor.py:830} INFO - Processing file /home/airflow/.local/lib/python3.12/site-packages/airflow/example_dags/example_branch_day_of_week_operator.py for tasks to queue
[2024-04-23T09:16:36.454+0000] {logging_mixin.py:188} INFO - [2024-04-23T09:16:36.454+0000] {dagbag.py:540} INFO - Filling up the DagBag from /home/airflow/.local/lib/python3.12/site-packages/airflow/example_dags/example_branch_day_of_week_operator.py
[2024-04-23T09:16:36.458+0000] {processor.py:840} INFO - DAG(s) 'example_weekday_branch_operator' retrieved from /home/airflow/.local/lib/python3.12/site-packages/airflow/example_dags/example_branch_day_of_week_operator.py
[2024-04-23T09:16:36.510+0000] {logging_mixin.py:188} INFO - [2024-04-23T09:16:36.510+0000] {dag.py:3096} INFO - Sync 1 DAGs
[2024-04-23T09:16:36.520+0000] {logging_mixin.py:188} INFO - [2024-04-23T09:16:36.520+0000] {dag.py:3954} INFO - Setting next_dagrun for example_weekday_branch_operator to 2024-04-22 00:00:00+00:00, run_after=2024-04-23 00:00:00+00:00
[2024-04-23T09:16:36.530+0000] {processor.py:183} INFO - Processing /home/airflow/.local/lib/python3.12/site-packages/airflow/example_dags/example_branch_day_of_week_operator.py took 0.082 seconds
[2024-04-23T09:17:06.869+0000] {processor.py:161} INFO - Started process (PID=734) to work on /home/airflow/.local/lib/python3.12/site-packages/airflow/example_dags/example_branch_day_of_week_operator.py
[2024-04-23T09:17:06.869+0000] {processor.py:830} INFO - Processing file /home/airflow/.local/lib/python3.12/site-packages/airflow/example_dags/example_branch_day_of_week_operator.py for tasks to queue
[2024-04-23T09:17:06.871+0000] {logging_mixin.py:188} INFO - [2024-04-23T09:17:06.871+0000] {dagbag.py:540} INFO - Filling up the DagBag from /home/airflow/.local/lib/python3.12/site-packages/airflow/example_dags/example_branch_day_of_week_operator.py
[2024-04-23T09:17:06.875+0000] {processor.py:840} INFO - DAG(s) 'example_weekday_branch_operator' retrieved from /home/airflow/.local/lib/python3.12/site-packages/airflow/example_dags/example_branch_day_of_week_operator.py
[2024-04-23T09:17:06.887+0000] {logging_mixin.py:188} INFO - [2024-04-23T09:17:06.886+0000] {dag.py:3096} INFO - Sync 1 DAGs
[2024-04-23T09:17:06.898+0000] {logging_mixin.py:188} INFO - [2024-04-23T09:17:06.898+0000] {dag.py:3954} INFO - Setting next_dagrun for example_weekday_branch_operator to 2024-04-22 00:00:00+00:00, run_after=2024-04-23 00:00:00+00:00
[2024-04-23T09:17:06.909+0000] {processor.py:183} INFO - Processing /home/airflow/.local/lib/python3.12/site-packages/airflow/example_dags/example_branch_day_of_week_operator.py took 0.043 seconds
[2024-04-23T09:17:37.627+0000] {processor.py:161} INFO - Started process (PID=996) to work on /home/airflow/.local/lib/python3.12/site-packages/airflow/example_dags/example_branch_day_of_week_operator.py
[2024-04-23T09:17:37.628+0000] {processor.py:830} INFO - Processing file /home/airflow/.local/lib/python3.12/site-packages/airflow/example_dags/example_branch_day_of_week_operator.py for tasks to queue
[2024-04-23T09:17:37.629+0000] {logging_mixin.py:188} INFO - [2024-04-23T09:17:37.629+0000] {dagbag.py:540} INFO - Filling up the DagBag from /home/airflow/.local/lib/python3.12/site-packages/airflow/example_dags/example_branch_day_of_week_operator.py
[2024-04-23T09:17:37.633+0000] {processor.py:840} INFO - DAG(s) 'example_weekday_branch_operator' retrieved from /home/airflow/.local/lib/python3.12/site-packages/airflow/example_dags/example_branch_day_of_week_operator.py
[2024-04-23T09:17:37.645+0000] {logging_mixin.py:188} INFO - [2024-04-23T09:17:37.644+0000] {dag.py:3096} INFO - Sync 1 DAGs
[2024-04-23T09:17:37.656+0000] {logging_mixin.py:188} INFO - [2024-04-23T09:17:37.656+0000] {dag.py:3954} INFO - Setting next_dagrun for example_weekday_branch_operator to 2024-04-22 00:00:00+00:00, run_after=2024-04-23 00:00:00+00:00
[2024-04-23T09:17:37.665+0000] {processor.py:183} INFO - Processing /home/airflow/.local/lib/python3.12/site-packages/airflow/example_dags/example_branch_day_of_week_operator.py took 0.042 seconds
[2024-04-23T09:18:08.489+0000] {processor.py:161} INFO - Started process (PID=1260) to work on /home/airflow/.local/lib/python3.12/site-packages/airflow/example_dags/example_branch_day_of_week_operator.py
[2024-04-23T09:18:08.490+0000] {processor.py:830} INFO - Processing file /home/airflow/.local/lib/python3.12/site-packages/airflow/example_dags/example_branch_day_of_week_operator.py for tasks to queue
[2024-04-23T09:18:08.491+0000] {logging_mixin.py:188} INFO - [2024-04-23T09:18:08.491+0000] {dagbag.py:540} INFO - Filling up the DagBag from /home/airflow/.local/lib/python3.12/site-packages/airflow/example_dags/example_branch_day_of_week_operator.py
[2024-04-23T09:18:08.496+0000] {processor.py:840} INFO - DAG(s) 'example_weekday_branch_operator' retrieved from /home/airflow/.local/lib/python3.12/site-packages/airflow/example_dags/example_branch_day_of_week_operator.py
[2024-04-23T09:18:08.508+0000] {logging_mixin.py:188} INFO - [2024-04-23T09:18:08.508+0000] {dag.py:3096} INFO - Sync 1 DAGs
[2024-04-23T09:18:08.519+0000] {logging_mixin.py:188} INFO - [2024-04-23T09:18:08.519+0000] {dag.py:3954} INFO - Setting next_dagrun for example_weekday_branch_operator to 2024-04-22 00:00:00+00:00, run_after=2024-04-23 00:00:00+00:00
[2024-04-23T09:18:08.528+0000] {processor.py:183} INFO - Processing /home/airflow/.local/lib/python3.12/site-packages/airflow/example_dags/example_branch_day_of_week_operator.py took 0.042 seconds
