[2024-04-23T09:16:06.191+0000] {processor.py:161} INFO - Started process (PID=322) to work on /home/airflow/.local/lib/python3.12/site-packages/airflow/example_dags/example_datasets.py
[2024-04-23T09:16:06.192+0000] {processor.py:830} INFO - Processing file /home/airflow/.local/lib/python3.12/site-packages/airflow/example_dags/example_datasets.py for tasks to queue
[2024-04-23T09:16:06.193+0000] {logging_mixin.py:188} INFO - [2024-04-23T09:16:06.192+0000] {dagbag.py:540} INFO - Filling up the DagBag from /home/airflow/.local/lib/python3.12/site-packages/airflow/example_dags/example_datasets.py
[2024-04-23T09:16:06.202+0000] {processor.py:840} INFO - DAG(s) 'dataset_consumes_1', 'dataset_consumes_1_never_scheduled', 'consume_1_or_2_with_dataset_expressions', 'dataset_produces_1', 'dataset_produces_2', 'dataset_consumes_1_and_2', 'consume_1_or_both_2_and_3_with_dataset_expressions', 'consume_1_and_2_with_dataset_expressions', 'conditional_dataset_and_time_based_timetable', 'dataset_consumes_unknown_never_scheduled' retrieved from /home/airflow/.local/lib/python3.12/site-packages/airflow/example_dags/example_datasets.py
[2024-04-23T09:16:06.211+0000] {logging_mixin.py:188} INFO - [2024-04-23T09:16:06.211+0000] {dag.py:3096} INFO - Sync 10 DAGs
[2024-04-23T09:16:06.225+0000] {logging_mixin.py:188} INFO - [2024-04-23T09:16:06.225+0000] {dag.py:3954} INFO - Setting next_dagrun for conditional_dataset_and_time_based_timetable to 2024-04-17 01:00:00+00:00, run_after=2024-04-17 01:00:00+00:00
[2024-04-23T09:16:06.228+0000] {logging_mixin.py:188} INFO - [2024-04-23T09:16:06.228+0000] {dag.py:3954} INFO - Setting next_dagrun for consume_1_and_2_with_dataset_expressions to None, run_after=None
[2024-04-23T09:16:06.229+0000] {logging_mixin.py:188} INFO - [2024-04-23T09:16:06.229+0000] {dag.py:3954} INFO - Setting next_dagrun for consume_1_or_2_with_dataset_expressions to None, run_after=None
[2024-04-23T09:16:06.230+0000] {logging_mixin.py:188} INFO - [2024-04-23T09:16:06.230+0000] {dag.py:3954} INFO - Setting next_dagrun for consume_1_or_both_2_and_3_with_dataset_expressions to None, run_after=None
[2024-04-23T09:16:06.231+0000] {logging_mixin.py:188} INFO - [2024-04-23T09:16:06.231+0000] {dag.py:3954} INFO - Setting next_dagrun for dataset_consumes_1 to None, run_after=None
[2024-04-23T09:16:06.232+0000] {logging_mixin.py:188} INFO - [2024-04-23T09:16:06.232+0000] {dag.py:3954} INFO - Setting next_dagrun for dataset_consumes_1_and_2 to None, run_after=None
[2024-04-23T09:16:06.233+0000] {logging_mixin.py:188} INFO - [2024-04-23T09:16:06.233+0000] {dag.py:3954} INFO - Setting next_dagrun for dataset_consumes_1_never_scheduled to None, run_after=None
[2024-04-23T09:16:06.234+0000] {logging_mixin.py:188} INFO - [2024-04-23T09:16:06.234+0000] {dag.py:3954} INFO - Setting next_dagrun for dataset_consumes_unknown_never_scheduled to None, run_after=None
[2024-04-23T09:16:06.235+0000] {logging_mixin.py:188} INFO - [2024-04-23T09:16:06.235+0000] {dag.py:3954} INFO - Setting next_dagrun for dataset_produces_1 to 2024-04-22 00:00:00+00:00, run_after=2024-04-23 00:00:00+00:00
[2024-04-23T09:16:06.236+0000] {logging_mixin.py:188} INFO - [2024-04-23T09:16:06.236+0000] {dag.py:3954} INFO - Setting next_dagrun for dataset_produces_2 to None, run_after=None
[2024-04-23T09:16:06.255+0000] {processor.py:183} INFO - Processing /home/airflow/.local/lib/python3.12/site-packages/airflow/example_dags/example_datasets.py took 0.068 seconds
[2024-04-23T09:16:37.516+0000] {processor.py:161} INFO - Started process (PID=584) to work on /home/airflow/.local/lib/python3.12/site-packages/airflow/example_dags/example_datasets.py
[2024-04-23T09:16:37.518+0000] {processor.py:830} INFO - Processing file /home/airflow/.local/lib/python3.12/site-packages/airflow/example_dags/example_datasets.py for tasks to queue
[2024-04-23T09:16:37.520+0000] {logging_mixin.py:188} INFO - [2024-04-23T09:16:37.519+0000] {dagbag.py:540} INFO - Filling up the DagBag from /home/airflow/.local/lib/python3.12/site-packages/airflow/example_dags/example_datasets.py
[2024-04-23T09:16:37.526+0000] {processor.py:840} INFO - DAG(s) 'dataset_consumes_1', 'consume_1_or_2_with_dataset_expressions', 'dataset_consumes_1_and_2', 'consume_1_and_2_with_dataset_expressions', 'conditional_dataset_and_time_based_timetable', 'dataset_consumes_unknown_never_scheduled', 'dataset_produces_2', 'dataset_consumes_1_never_scheduled', 'consume_1_or_both_2_and_3_with_dataset_expressions', 'dataset_produces_1' retrieved from /home/airflow/.local/lib/python3.12/site-packages/airflow/example_dags/example_datasets.py
[2024-04-23T09:16:37.619+0000] {logging_mixin.py:188} INFO - [2024-04-23T09:16:37.619+0000] {dag.py:3096} INFO - Sync 10 DAGs
[2024-04-23T09:16:37.631+0000] {logging_mixin.py:188} INFO - [2024-04-23T09:16:37.631+0000] {dag.py:3954} INFO - Setting next_dagrun for conditional_dataset_and_time_based_timetable to 2024-04-17 01:00:00+00:00, run_after=2024-04-17 01:00:00+00:00
[2024-04-23T09:16:37.633+0000] {logging_mixin.py:188} INFO - [2024-04-23T09:16:37.633+0000] {dag.py:3954} INFO - Setting next_dagrun for consume_1_and_2_with_dataset_expressions to None, run_after=None
[2024-04-23T09:16:37.634+0000] {logging_mixin.py:188} INFO - [2024-04-23T09:16:37.634+0000] {dag.py:3954} INFO - Setting next_dagrun for consume_1_or_2_with_dataset_expressions to None, run_after=None
[2024-04-23T09:16:37.635+0000] {logging_mixin.py:188} INFO - [2024-04-23T09:16:37.635+0000] {dag.py:3954} INFO - Setting next_dagrun for consume_1_or_both_2_and_3_with_dataset_expressions to None, run_after=None
[2024-04-23T09:16:37.636+0000] {logging_mixin.py:188} INFO - [2024-04-23T09:16:37.636+0000] {dag.py:3954} INFO - Setting next_dagrun for dataset_consumes_1 to None, run_after=None
[2024-04-23T09:16:37.637+0000] {logging_mixin.py:188} INFO - [2024-04-23T09:16:37.637+0000] {dag.py:3954} INFO - Setting next_dagrun for dataset_consumes_1_and_2 to None, run_after=None
[2024-04-23T09:16:37.638+0000] {logging_mixin.py:188} INFO - [2024-04-23T09:16:37.638+0000] {dag.py:3954} INFO - Setting next_dagrun for dataset_consumes_1_never_scheduled to None, run_after=None
[2024-04-23T09:16:37.638+0000] {logging_mixin.py:188} INFO - [2024-04-23T09:16:37.638+0000] {dag.py:3954} INFO - Setting next_dagrun for dataset_consumes_unknown_never_scheduled to None, run_after=None
[2024-04-23T09:16:37.639+0000] {logging_mixin.py:188} INFO - [2024-04-23T09:16:37.639+0000] {dag.py:3954} INFO - Setting next_dagrun for dataset_produces_1 to 2024-04-22 00:00:00+00:00, run_after=2024-04-23 00:00:00+00:00
[2024-04-23T09:16:37.640+0000] {logging_mixin.py:188} INFO - [2024-04-23T09:16:37.640+0000] {dag.py:3954} INFO - Setting next_dagrun for dataset_produces_2 to None, run_after=None
[2024-04-23T09:16:37.661+0000] {processor.py:183} INFO - Processing /home/airflow/.local/lib/python3.12/site-packages/airflow/example_dags/example_datasets.py took 0.148 seconds
[2024-04-23T09:17:08.557+0000] {processor.py:161} INFO - Started process (PID=846) to work on /home/airflow/.local/lib/python3.12/site-packages/airflow/example_dags/example_datasets.py
[2024-04-23T09:17:08.559+0000] {processor.py:830} INFO - Processing file /home/airflow/.local/lib/python3.12/site-packages/airflow/example_dags/example_datasets.py for tasks to queue
[2024-04-23T09:17:08.562+0000] {logging_mixin.py:188} INFO - [2024-04-23T09:17:08.562+0000] {dagbag.py:540} INFO - Filling up the DagBag from /home/airflow/.local/lib/python3.12/site-packages/airflow/example_dags/example_datasets.py
[2024-04-23T09:17:08.572+0000] {processor.py:840} INFO - DAG(s) 'dataset_consumes_unknown_never_scheduled', 'dataset_consumes_1_never_scheduled', 'conditional_dataset_and_time_based_timetable', 'dataset_consumes_1', 'dataset_produces_1', 'consume_1_or_2_with_dataset_expressions', 'dataset_consumes_1_and_2', 'consume_1_or_both_2_and_3_with_dataset_expressions', 'dataset_produces_2', 'consume_1_and_2_with_dataset_expressions' retrieved from /home/airflow/.local/lib/python3.12/site-packages/airflow/example_dags/example_datasets.py
[2024-04-23T09:17:08.599+0000] {logging_mixin.py:188} INFO - [2024-04-23T09:17:08.599+0000] {dag.py:3096} INFO - Sync 10 DAGs
[2024-04-23T09:17:08.613+0000] {logging_mixin.py:188} INFO - [2024-04-23T09:17:08.612+0000] {dag.py:3954} INFO - Setting next_dagrun for conditional_dataset_and_time_based_timetable to 2024-04-17 01:00:00+00:00, run_after=2024-04-17 01:00:00+00:00
[2024-04-23T09:17:08.618+0000] {logging_mixin.py:188} INFO - [2024-04-23T09:17:08.618+0000] {dag.py:3954} INFO - Setting next_dagrun for consume_1_and_2_with_dataset_expressions to None, run_after=None
[2024-04-23T09:17:08.619+0000] {logging_mixin.py:188} INFO - [2024-04-23T09:17:08.619+0000] {dag.py:3954} INFO - Setting next_dagrun for consume_1_or_2_with_dataset_expressions to None, run_after=None
[2024-04-23T09:17:08.620+0000] {logging_mixin.py:188} INFO - [2024-04-23T09:17:08.620+0000] {dag.py:3954} INFO - Setting next_dagrun for consume_1_or_both_2_and_3_with_dataset_expressions to None, run_after=None
[2024-04-23T09:17:08.621+0000] {logging_mixin.py:188} INFO - [2024-04-23T09:17:08.621+0000] {dag.py:3954} INFO - Setting next_dagrun for dataset_consumes_1 to None, run_after=None
[2024-04-23T09:17:08.622+0000] {logging_mixin.py:188} INFO - [2024-04-23T09:17:08.622+0000] {dag.py:3954} INFO - Setting next_dagrun for dataset_consumes_1_and_2 to None, run_after=None
[2024-04-23T09:17:08.623+0000] {logging_mixin.py:188} INFO - [2024-04-23T09:17:08.622+0000] {dag.py:3954} INFO - Setting next_dagrun for dataset_consumes_1_never_scheduled to None, run_after=None
[2024-04-23T09:17:08.624+0000] {logging_mixin.py:188} INFO - [2024-04-23T09:17:08.624+0000] {dag.py:3954} INFO - Setting next_dagrun for dataset_consumes_unknown_never_scheduled to None, run_after=None
[2024-04-23T09:17:08.625+0000] {logging_mixin.py:188} INFO - [2024-04-23T09:17:08.625+0000] {dag.py:3954} INFO - Setting next_dagrun for dataset_produces_1 to 2024-04-22 00:00:00+00:00, run_after=2024-04-23 00:00:00+00:00
[2024-04-23T09:17:08.626+0000] {logging_mixin.py:188} INFO - [2024-04-23T09:17:08.626+0000] {dag.py:3954} INFO - Setting next_dagrun for dataset_produces_2 to None, run_after=None
[2024-04-23T09:17:08.643+0000] {processor.py:183} INFO - Processing /home/airflow/.local/lib/python3.12/site-packages/airflow/example_dags/example_datasets.py took 0.091 seconds
[2024-04-23T09:17:39.332+0000] {processor.py:161} INFO - Started process (PID=1108) to work on /home/airflow/.local/lib/python3.12/site-packages/airflow/example_dags/example_datasets.py
[2024-04-23T09:17:39.333+0000] {processor.py:830} INFO - Processing file /home/airflow/.local/lib/python3.12/site-packages/airflow/example_dags/example_datasets.py for tasks to queue
[2024-04-23T09:17:39.335+0000] {logging_mixin.py:188} INFO - [2024-04-23T09:17:39.334+0000] {dagbag.py:540} INFO - Filling up the DagBag from /home/airflow/.local/lib/python3.12/site-packages/airflow/example_dags/example_datasets.py
[2024-04-23T09:17:39.345+0000] {processor.py:840} INFO - DAG(s) 'conditional_dataset_and_time_based_timetable', 'dataset_consumes_1_and_2', 'consume_1_or_both_2_and_3_with_dataset_expressions', 'dataset_produces_2', 'dataset_consumes_unknown_never_scheduled', 'consume_1_or_2_with_dataset_expressions', 'dataset_consumes_1', 'dataset_consumes_1_never_scheduled', 'dataset_produces_1', 'consume_1_and_2_with_dataset_expressions' retrieved from /home/airflow/.local/lib/python3.12/site-packages/airflow/example_dags/example_datasets.py
[2024-04-23T09:17:39.373+0000] {logging_mixin.py:188} INFO - [2024-04-23T09:17:39.373+0000] {dag.py:3096} INFO - Sync 10 DAGs
[2024-04-23T09:17:39.387+0000] {logging_mixin.py:188} INFO - [2024-04-23T09:17:39.387+0000] {dag.py:3954} INFO - Setting next_dagrun for conditional_dataset_and_time_based_timetable to 2024-04-17 01:00:00+00:00, run_after=2024-04-17 01:00:00+00:00
[2024-04-23T09:17:39.390+0000] {logging_mixin.py:188} INFO - [2024-04-23T09:17:39.389+0000] {dag.py:3954} INFO - Setting next_dagrun for consume_1_and_2_with_dataset_expressions to None, run_after=None
[2024-04-23T09:17:39.390+0000] {logging_mixin.py:188} INFO - [2024-04-23T09:17:39.390+0000] {dag.py:3954} INFO - Setting next_dagrun for consume_1_or_2_with_dataset_expressions to None, run_after=None
[2024-04-23T09:17:39.391+0000] {logging_mixin.py:188} INFO - [2024-04-23T09:17:39.391+0000] {dag.py:3954} INFO - Setting next_dagrun for consume_1_or_both_2_and_3_with_dataset_expressions to None, run_after=None
[2024-04-23T09:17:39.392+0000] {logging_mixin.py:188} INFO - [2024-04-23T09:17:39.392+0000] {dag.py:3954} INFO - Setting next_dagrun for dataset_consumes_1 to None, run_after=None
[2024-04-23T09:17:39.393+0000] {logging_mixin.py:188} INFO - [2024-04-23T09:17:39.393+0000] {dag.py:3954} INFO - Setting next_dagrun for dataset_consumes_1_and_2 to None, run_after=None
[2024-04-23T09:17:39.394+0000] {logging_mixin.py:188} INFO - [2024-04-23T09:17:39.394+0000] {dag.py:3954} INFO - Setting next_dagrun for dataset_consumes_1_never_scheduled to None, run_after=None
[2024-04-23T09:17:39.395+0000] {logging_mixin.py:188} INFO - [2024-04-23T09:17:39.395+0000] {dag.py:3954} INFO - Setting next_dagrun for dataset_consumes_unknown_never_scheduled to None, run_after=None
[2024-04-23T09:17:39.396+0000] {logging_mixin.py:188} INFO - [2024-04-23T09:17:39.396+0000] {dag.py:3954} INFO - Setting next_dagrun for dataset_produces_1 to 2024-04-22 00:00:00+00:00, run_after=2024-04-23 00:00:00+00:00
[2024-04-23T09:17:39.397+0000] {logging_mixin.py:188} INFO - [2024-04-23T09:17:39.397+0000] {dag.py:3954} INFO - Setting next_dagrun for dataset_produces_2 to None, run_after=None
[2024-04-23T09:17:39.415+0000] {processor.py:183} INFO - Processing /home/airflow/.local/lib/python3.12/site-packages/airflow/example_dags/example_datasets.py took 0.088 seconds
[2024-04-23T09:18:10.207+0000] {processor.py:161} INFO - Started process (PID=1370) to work on /home/airflow/.local/lib/python3.12/site-packages/airflow/example_dags/example_datasets.py
[2024-04-23T09:18:10.208+0000] {processor.py:830} INFO - Processing file /home/airflow/.local/lib/python3.12/site-packages/airflow/example_dags/example_datasets.py for tasks to queue
[2024-04-23T09:18:10.210+0000] {logging_mixin.py:188} INFO - [2024-04-23T09:18:10.210+0000] {dagbag.py:540} INFO - Filling up the DagBag from /home/airflow/.local/lib/python3.12/site-packages/airflow/example_dags/example_datasets.py
[2024-04-23T09:18:10.217+0000] {processor.py:840} INFO - DAG(s) 'dataset_produces_2', 'dataset_consumes_unknown_never_scheduled', 'dataset_produces_1', 'conditional_dataset_and_time_based_timetable', 'dataset_consumes_1_never_scheduled', 'dataset_consumes_1_and_2', 'consume_1_and_2_with_dataset_expressions', 'consume_1_or_2_with_dataset_expressions', 'dataset_consumes_1', 'consume_1_or_both_2_and_3_with_dataset_expressions' retrieved from /home/airflow/.local/lib/python3.12/site-packages/airflow/example_dags/example_datasets.py
[2024-04-23T09:18:10.246+0000] {logging_mixin.py:188} INFO - [2024-04-23T09:18:10.246+0000] {dag.py:3096} INFO - Sync 10 DAGs
[2024-04-23T09:18:10.260+0000] {logging_mixin.py:188} INFO - [2024-04-23T09:18:10.260+0000] {dag.py:3954} INFO - Setting next_dagrun for conditional_dataset_and_time_based_timetable to 2024-04-17 01:00:00+00:00, run_after=2024-04-17 01:00:00+00:00
[2024-04-23T09:18:10.265+0000] {logging_mixin.py:188} INFO - [2024-04-23T09:18:10.265+0000] {dag.py:3954} INFO - Setting next_dagrun for consume_1_and_2_with_dataset_expressions to None, run_after=None
[2024-04-23T09:18:10.267+0000] {logging_mixin.py:188} INFO - [2024-04-23T09:18:10.266+0000] {dag.py:3954} INFO - Setting next_dagrun for consume_1_or_2_with_dataset_expressions to None, run_after=None
[2024-04-23T09:18:10.268+0000] {logging_mixin.py:188} INFO - [2024-04-23T09:18:10.268+0000] {dag.py:3954} INFO - Setting next_dagrun for consume_1_or_both_2_and_3_with_dataset_expressions to None, run_after=None
[2024-04-23T09:18:10.269+0000] {logging_mixin.py:188} INFO - [2024-04-23T09:18:10.269+0000] {dag.py:3954} INFO - Setting next_dagrun for dataset_consumes_1 to None, run_after=None
[2024-04-23T09:18:10.270+0000] {logging_mixin.py:188} INFO - [2024-04-23T09:18:10.270+0000] {dag.py:3954} INFO - Setting next_dagrun for dataset_consumes_1_and_2 to None, run_after=None
[2024-04-23T09:18:10.271+0000] {logging_mixin.py:188} INFO - [2024-04-23T09:18:10.271+0000] {dag.py:3954} INFO - Setting next_dagrun for dataset_consumes_1_never_scheduled to None, run_after=None
[2024-04-23T09:18:10.272+0000] {logging_mixin.py:188} INFO - [2024-04-23T09:18:10.272+0000] {dag.py:3954} INFO - Setting next_dagrun for dataset_consumes_unknown_never_scheduled to None, run_after=None
[2024-04-23T09:18:10.273+0000] {logging_mixin.py:188} INFO - [2024-04-23T09:18:10.273+0000] {dag.py:3954} INFO - Setting next_dagrun for dataset_produces_1 to 2024-04-22 00:00:00+00:00, run_after=2024-04-23 00:00:00+00:00
[2024-04-23T09:18:10.274+0000] {logging_mixin.py:188} INFO - [2024-04-23T09:18:10.274+0000] {dag.py:3954} INFO - Setting next_dagrun for dataset_produces_2 to None, run_after=None
[2024-04-23T09:18:10.294+0000] {processor.py:183} INFO - Processing /home/airflow/.local/lib/python3.12/site-packages/airflow/example_dags/example_datasets.py took 0.091 seconds
