[2024-04-23T09:16:06.092+0000] {processor.py:161} INFO - Started process (PID=307) to work on /home/airflow/.local/lib/python3.12/site-packages/airflow/example_dags/example_params_trigger_ui.py
[2024-04-23T09:16:06.093+0000] {processor.py:830} INFO - Processing file /home/airflow/.local/lib/python3.12/site-packages/airflow/example_dags/example_params_trigger_ui.py for tasks to queue
[2024-04-23T09:16:06.094+0000] {logging_mixin.py:188} INFO - [2024-04-23T09:16:06.094+0000] {dagbag.py:540} INFO - Filling up the DagBag from /home/airflow/.local/lib/python3.12/site-packages/airflow/example_dags/example_params_trigger_ui.py
[2024-04-23T09:16:06.102+0000] {processor.py:840} INFO - DAG(s) 'example_params_trigger_ui' retrieved from /home/airflow/.local/lib/python3.12/site-packages/airflow/example_dags/example_params_trigger_ui.py
[2024-04-23T09:16:06.108+0000] {logging_mixin.py:188} INFO - [2024-04-23T09:16:06.108+0000] {dag.py:3096} INFO - Sync 1 DAGs
[2024-04-23T09:16:06.116+0000] {logging_mixin.py:188} INFO - [2024-04-23T09:16:06.116+0000] {dag.py:3954} INFO - Setting next_dagrun for example_params_trigger_ui to None, run_after=None
[2024-04-23T09:16:06.126+0000] {processor.py:183} INFO - Processing /home/airflow/.local/lib/python3.12/site-packages/airflow/example_dags/example_params_trigger_ui.py took 0.037 seconds
[2024-04-23T09:16:37.338+0000] {processor.py:161} INFO - Started process (PID=569) to work on /home/airflow/.local/lib/python3.12/site-packages/airflow/example_dags/example_params_trigger_ui.py
[2024-04-23T09:16:37.339+0000] {processor.py:830} INFO - Processing file /home/airflow/.local/lib/python3.12/site-packages/airflow/example_dags/example_params_trigger_ui.py for tasks to queue
[2024-04-23T09:16:37.340+0000] {logging_mixin.py:188} INFO - [2024-04-23T09:16:37.340+0000] {dagbag.py:540} INFO - Filling up the DagBag from /home/airflow/.local/lib/python3.12/site-packages/airflow/example_dags/example_params_trigger_ui.py
[2024-04-23T09:16:37.346+0000] {processor.py:840} INFO - DAG(s) 'example_params_trigger_ui' retrieved from /home/airflow/.local/lib/python3.12/site-packages/airflow/example_dags/example_params_trigger_ui.py
[2024-04-23T09:16:37.398+0000] {logging_mixin.py:188} INFO - [2024-04-23T09:16:37.398+0000] {dag.py:3096} INFO - Sync 1 DAGs
[2024-04-23T09:16:37.404+0000] {logging_mixin.py:188} INFO - [2024-04-23T09:16:37.404+0000] {dag.py:3954} INFO - Setting next_dagrun for example_params_trigger_ui to None, run_after=None
[2024-04-23T09:16:37.414+0000] {processor.py:183} INFO - Processing /home/airflow/.local/lib/python3.12/site-packages/airflow/example_dags/example_params_trigger_ui.py took 0.079 seconds
[2024-04-23T09:17:07.453+0000] {processor.py:161} INFO - Started process (PID=829) to work on /home/airflow/.local/lib/python3.12/site-packages/airflow/example_dags/example_params_trigger_ui.py
[2024-04-23T09:17:07.454+0000] {processor.py:830} INFO - Processing file /home/airflow/.local/lib/python3.12/site-packages/airflow/example_dags/example_params_trigger_ui.py for tasks to queue
[2024-04-23T09:17:07.455+0000] {logging_mixin.py:188} INFO - [2024-04-23T09:17:07.455+0000] {dagbag.py:540} INFO - Filling up the DagBag from /home/airflow/.local/lib/python3.12/site-packages/airflow/example_dags/example_params_trigger_ui.py
[2024-04-23T09:17:07.463+0000] {processor.py:840} INFO - DAG(s) 'example_params_trigger_ui' retrieved from /home/airflow/.local/lib/python3.12/site-packages/airflow/example_dags/example_params_trigger_ui.py
[2024-04-23T09:17:07.483+0000] {logging_mixin.py:188} INFO - [2024-04-23T09:17:07.483+0000] {dag.py:3096} INFO - Sync 1 DAGs
[2024-04-23T09:17:07.489+0000] {logging_mixin.py:188} INFO - [2024-04-23T09:17:07.489+0000] {dag.py:3954} INFO - Setting next_dagrun for example_params_trigger_ui to None, run_after=None
[2024-04-23T09:17:07.500+0000] {processor.py:183} INFO - Processing /home/airflow/.local/lib/python3.12/site-packages/airflow/example_dags/example_params_trigger_ui.py took 0.050 seconds
[2024-04-23T09:17:38.237+0000] {processor.py:161} INFO - Started process (PID=1091) to work on /home/airflow/.local/lib/python3.12/site-packages/airflow/example_dags/example_params_trigger_ui.py
[2024-04-23T09:17:38.237+0000] {processor.py:830} INFO - Processing file /home/airflow/.local/lib/python3.12/site-packages/airflow/example_dags/example_params_trigger_ui.py for tasks to queue
[2024-04-23T09:17:38.238+0000] {logging_mixin.py:188} INFO - [2024-04-23T09:17:38.238+0000] {dagbag.py:540} INFO - Filling up the DagBag from /home/airflow/.local/lib/python3.12/site-packages/airflow/example_dags/example_params_trigger_ui.py
[2024-04-23T09:17:38.245+0000] {processor.py:840} INFO - DAG(s) 'example_params_trigger_ui' retrieved from /home/airflow/.local/lib/python3.12/site-packages/airflow/example_dags/example_params_trigger_ui.py
[2024-04-23T09:17:38.265+0000] {logging_mixin.py:188} INFO - [2024-04-23T09:17:38.265+0000] {dag.py:3096} INFO - Sync 1 DAGs
[2024-04-23T09:17:38.273+0000] {logging_mixin.py:188} INFO - [2024-04-23T09:17:38.273+0000] {dag.py:3954} INFO - Setting next_dagrun for example_params_trigger_ui to None, run_after=None
[2024-04-23T09:17:38.283+0000] {processor.py:183} INFO - Processing /home/airflow/.local/lib/python3.12/site-packages/airflow/example_dags/example_params_trigger_ui.py took 0.049 seconds
[2024-04-23T09:18:09.120+0000] {processor.py:161} INFO - Started process (PID=1353) to work on /home/airflow/.local/lib/python3.12/site-packages/airflow/example_dags/example_params_trigger_ui.py
[2024-04-23T09:18:09.121+0000] {processor.py:830} INFO - Processing file /home/airflow/.local/lib/python3.12/site-packages/airflow/example_dags/example_params_trigger_ui.py for tasks to queue
[2024-04-23T09:18:09.122+0000] {logging_mixin.py:188} INFO - [2024-04-23T09:18:09.122+0000] {dagbag.py:540} INFO - Filling up the DagBag from /home/airflow/.local/lib/python3.12/site-packages/airflow/example_dags/example_params_trigger_ui.py
[2024-04-23T09:18:09.129+0000] {processor.py:840} INFO - DAG(s) 'example_params_trigger_ui' retrieved from /home/airflow/.local/lib/python3.12/site-packages/airflow/example_dags/example_params_trigger_ui.py
[2024-04-23T09:18:09.148+0000] {logging_mixin.py:188} INFO - [2024-04-23T09:18:09.148+0000] {dag.py:3096} INFO - Sync 1 DAGs
[2024-04-23T09:18:09.155+0000] {logging_mixin.py:188} INFO - [2024-04-23T09:18:09.155+0000] {dag.py:3954} INFO - Setting next_dagrun for example_params_trigger_ui to None, run_after=None
[2024-04-23T09:18:09.165+0000] {processor.py:183} INFO - Processing /home/airflow/.local/lib/python3.12/site-packages/airflow/example_dags/example_params_trigger_ui.py took 0.048 seconds
