[2024-04-23T09:16:06.446+0000] {processor.py:161} INFO - Started process (PID=365) to work on /home/airflow/.local/lib/python3.12/site-packages/airflow/example_dags/example_branch_operator_decorator.py
[2024-04-23T09:16:06.447+0000] {processor.py:830} INFO - Processing file /home/airflow/.local/lib/python3.12/site-packages/airflow/example_dags/example_branch_operator_decorator.py for tasks to queue
[2024-04-23T09:16:06.449+0000] {logging_mixin.py:188} INFO - [2024-04-23T09:16:06.449+0000] {dagbag.py:540} INFO - Filling up the DagBag from /home/airflow/.local/lib/python3.12/site-packages/airflow/example_dags/example_branch_operator_decorator.py
[2024-04-23T09:16:06.466+0000] {processor.py:840} INFO - DAG(s) 'example_branch_python_operator_decorator' retrieved from /home/airflow/.local/lib/python3.12/site-packages/airflow/example_dags/example_branch_operator_decorator.py
[2024-04-23T09:16:06.475+0000] {logging_mixin.py:188} INFO - [2024-04-23T09:16:06.474+0000] {dag.py:3096} INFO - Sync 1 DAGs
[2024-04-23T09:16:06.488+0000] {logging_mixin.py:188} INFO - [2024-04-23T09:16:06.488+0000] {dag.py:3954} INFO - Setting next_dagrun for example_branch_python_operator_decorator to 2024-04-22 00:00:00+00:00, run_after=2024-04-23 00:00:00+00:00
[2024-04-23T09:16:06.499+0000] {processor.py:183} INFO - Processing /home/airflow/.local/lib/python3.12/site-packages/airflow/example_dags/example_branch_operator_decorator.py took 0.059 seconds
[2024-04-23T09:16:37.977+0000] {processor.py:161} INFO - Started process (PID=627) to work on /home/airflow/.local/lib/python3.12/site-packages/airflow/example_dags/example_branch_operator_decorator.py
[2024-04-23T09:16:37.978+0000] {processor.py:830} INFO - Processing file /home/airflow/.local/lib/python3.12/site-packages/airflow/example_dags/example_branch_operator_decorator.py for tasks to queue
[2024-04-23T09:16:37.979+0000] {logging_mixin.py:188} INFO - [2024-04-23T09:16:37.979+0000] {dagbag.py:540} INFO - Filling up the DagBag from /home/airflow/.local/lib/python3.12/site-packages/airflow/example_dags/example_branch_operator_decorator.py
[2024-04-23T09:16:37.989+0000] {processor.py:840} INFO - DAG(s) 'example_branch_python_operator_decorator' retrieved from /home/airflow/.local/lib/python3.12/site-packages/airflow/example_dags/example_branch_operator_decorator.py
[2024-04-23T09:16:38.043+0000] {logging_mixin.py:188} INFO - [2024-04-23T09:16:38.043+0000] {dag.py:3096} INFO - Sync 1 DAGs
[2024-04-23T09:16:38.055+0000] {logging_mixin.py:188} INFO - [2024-04-23T09:16:38.054+0000] {dag.py:3954} INFO - Setting next_dagrun for example_branch_python_operator_decorator to 2024-04-22 00:00:00+00:00, run_after=2024-04-23 00:00:00+00:00
[2024-04-23T09:16:38.066+0000] {processor.py:183} INFO - Processing /home/airflow/.local/lib/python3.12/site-packages/airflow/example_dags/example_branch_operator_decorator.py took 0.092 seconds
[2024-04-23T09:17:08.832+0000] {processor.py:161} INFO - Started process (PID=889) to work on /home/airflow/.local/lib/python3.12/site-packages/airflow/example_dags/example_branch_operator_decorator.py
[2024-04-23T09:17:08.832+0000] {processor.py:830} INFO - Processing file /home/airflow/.local/lib/python3.12/site-packages/airflow/example_dags/example_branch_operator_decorator.py for tasks to queue
[2024-04-23T09:17:08.834+0000] {logging_mixin.py:188} INFO - [2024-04-23T09:17:08.834+0000] {dagbag.py:540} INFO - Filling up the DagBag from /home/airflow/.local/lib/python3.12/site-packages/airflow/example_dags/example_branch_operator_decorator.py
[2024-04-23T09:17:08.843+0000] {processor.py:840} INFO - DAG(s) 'example_branch_python_operator_decorator' retrieved from /home/airflow/.local/lib/python3.12/site-packages/airflow/example_dags/example_branch_operator_decorator.py
[2024-04-23T09:17:08.858+0000] {logging_mixin.py:188} INFO - [2024-04-23T09:17:08.857+0000] {dag.py:3096} INFO - Sync 1 DAGs
[2024-04-23T09:17:08.869+0000] {logging_mixin.py:188} INFO - [2024-04-23T09:17:08.869+0000] {dag.py:3954} INFO - Setting next_dagrun for example_branch_python_operator_decorator to 2024-04-22 00:00:00+00:00, run_after=2024-04-23 00:00:00+00:00
[2024-04-23T09:17:08.880+0000] {processor.py:183} INFO - Processing /home/airflow/.local/lib/python3.12/site-packages/airflow/example_dags/example_branch_operator_decorator.py took 0.052 seconds
[2024-04-23T09:17:39.601+0000] {processor.py:161} INFO - Started process (PID=1151) to work on /home/airflow/.local/lib/python3.12/site-packages/airflow/example_dags/example_branch_operator_decorator.py
[2024-04-23T09:17:39.602+0000] {processor.py:830} INFO - Processing file /home/airflow/.local/lib/python3.12/site-packages/airflow/example_dags/example_branch_operator_decorator.py for tasks to queue
[2024-04-23T09:17:39.603+0000] {logging_mixin.py:188} INFO - [2024-04-23T09:17:39.603+0000] {dagbag.py:540} INFO - Filling up the DagBag from /home/airflow/.local/lib/python3.12/site-packages/airflow/example_dags/example_branch_operator_decorator.py
[2024-04-23T09:17:39.612+0000] {processor.py:840} INFO - DAG(s) 'example_branch_python_operator_decorator' retrieved from /home/airflow/.local/lib/python3.12/site-packages/airflow/example_dags/example_branch_operator_decorator.py
[2024-04-23T09:17:39.627+0000] {logging_mixin.py:188} INFO - [2024-04-23T09:17:39.627+0000] {dag.py:3096} INFO - Sync 1 DAGs
[2024-04-23T09:17:39.639+0000] {logging_mixin.py:188} INFO - [2024-04-23T09:17:39.639+0000] {dag.py:3954} INFO - Setting next_dagrun for example_branch_python_operator_decorator to 2024-04-22 00:00:00+00:00, run_after=2024-04-23 00:00:00+00:00
[2024-04-23T09:17:39.648+0000] {processor.py:183} INFO - Processing /home/airflow/.local/lib/python3.12/site-packages/airflow/example_dags/example_branch_operator_decorator.py took 0.051 seconds
[2024-04-23T09:18:10.485+0000] {processor.py:161} INFO - Started process (PID=1413) to work on /home/airflow/.local/lib/python3.12/site-packages/airflow/example_dags/example_branch_operator_decorator.py
[2024-04-23T09:18:10.486+0000] {processor.py:830} INFO - Processing file /home/airflow/.local/lib/python3.12/site-packages/airflow/example_dags/example_branch_operator_decorator.py for tasks to queue
[2024-04-23T09:18:10.487+0000] {logging_mixin.py:188} INFO - [2024-04-23T09:18:10.487+0000] {dagbag.py:540} INFO - Filling up the DagBag from /home/airflow/.local/lib/python3.12/site-packages/airflow/example_dags/example_branch_operator_decorator.py
[2024-04-23T09:18:10.497+0000] {processor.py:840} INFO - DAG(s) 'example_branch_python_operator_decorator' retrieved from /home/airflow/.local/lib/python3.12/site-packages/airflow/example_dags/example_branch_operator_decorator.py
[2024-04-23T09:18:10.512+0000] {logging_mixin.py:188} INFO - [2024-04-23T09:18:10.512+0000] {dag.py:3096} INFO - Sync 1 DAGs
[2024-04-23T09:18:10.522+0000] {logging_mixin.py:188} INFO - [2024-04-23T09:18:10.522+0000] {dag.py:3954} INFO - Setting next_dagrun for example_branch_python_operator_decorator to 2024-04-22 00:00:00+00:00, run_after=2024-04-23 00:00:00+00:00
[2024-04-23T09:18:10.532+0000] {processor.py:183} INFO - Processing /home/airflow/.local/lib/python3.12/site-packages/airflow/example_dags/example_branch_operator_decorator.py took 0.050 seconds
