[2024-04-23T09:16:05.704+0000] {processor.py:161} INFO - Started process (PID=255) to work on /home/airflow/.local/lib/python3.12/site-packages/airflow/example_dags/example_short_circuit_operator.py
[2024-04-23T09:16:05.705+0000] {processor.py:830} INFO - Processing file /home/airflow/.local/lib/python3.12/site-packages/airflow/example_dags/example_short_circuit_operator.py for tasks to queue
[2024-04-23T09:16:05.706+0000] {logging_mixin.py:188} INFO - [2024-04-23T09:16:05.706+0000] {dagbag.py:540} INFO - Filling up the DagBag from /home/airflow/.local/lib/python3.12/site-packages/airflow/example_dags/example_short_circuit_operator.py
[2024-04-23T09:16:05.712+0000] {processor.py:840} INFO - DAG(s) 'example_short_circuit_operator' retrieved from /home/airflow/.local/lib/python3.12/site-packages/airflow/example_dags/example_short_circuit_operator.py
[2024-04-23T09:16:05.719+0000] {logging_mixin.py:188} INFO - [2024-04-23T09:16:05.719+0000] {dag.py:3096} INFO - Sync 1 DAGs
[2024-04-23T09:16:05.731+0000] {logging_mixin.py:188} INFO - [2024-04-23T09:16:05.731+0000] {dag.py:3954} INFO - Setting next_dagrun for example_short_circuit_operator to 2024-04-22 00:00:00+00:00, run_after=2024-04-23 00:00:00+00:00
[2024-04-23T09:16:05.743+0000] {processor.py:183} INFO - Processing /home/airflow/.local/lib/python3.12/site-packages/airflow/example_dags/example_short_circuit_operator.py took 0.042 seconds
[2024-04-23T09:16:36.860+0000] {processor.py:161} INFO - Started process (PID=517) to work on /home/airflow/.local/lib/python3.12/site-packages/airflow/example_dags/example_short_circuit_operator.py
[2024-04-23T09:16:36.860+0000] {processor.py:830} INFO - Processing file /home/airflow/.local/lib/python3.12/site-packages/airflow/example_dags/example_short_circuit_operator.py for tasks to queue
[2024-04-23T09:16:36.862+0000] {logging_mixin.py:188} INFO - [2024-04-23T09:16:36.861+0000] {dagbag.py:540} INFO - Filling up the DagBag from /home/airflow/.local/lib/python3.12/site-packages/airflow/example_dags/example_short_circuit_operator.py
[2024-04-23T09:16:36.866+0000] {processor.py:840} INFO - DAG(s) 'example_short_circuit_operator' retrieved from /home/airflow/.local/lib/python3.12/site-packages/airflow/example_dags/example_short_circuit_operator.py
[2024-04-23T09:16:36.916+0000] {logging_mixin.py:188} INFO - [2024-04-23T09:16:36.916+0000] {dag.py:3096} INFO - Sync 1 DAGs
[2024-04-23T09:16:36.925+0000] {logging_mixin.py:188} INFO - [2024-04-23T09:16:36.925+0000] {dag.py:3954} INFO - Setting next_dagrun for example_short_circuit_operator to 2024-04-22 00:00:00+00:00, run_after=2024-04-23 00:00:00+00:00
[2024-04-23T09:16:36.934+0000] {processor.py:183} INFO - Processing /home/airflow/.local/lib/python3.12/site-packages/airflow/example_dags/example_short_circuit_operator.py took 0.077 seconds
[2024-04-23T09:17:07.142+0000] {processor.py:161} INFO - Started process (PID=779) to work on /home/airflow/.local/lib/python3.12/site-packages/airflow/example_dags/example_short_circuit_operator.py
[2024-04-23T09:17:07.142+0000] {processor.py:830} INFO - Processing file /home/airflow/.local/lib/python3.12/site-packages/airflow/example_dags/example_short_circuit_operator.py for tasks to queue
[2024-04-23T09:17:07.144+0000] {logging_mixin.py:188} INFO - [2024-04-23T09:17:07.143+0000] {dagbag.py:540} INFO - Filling up the DagBag from /home/airflow/.local/lib/python3.12/site-packages/airflow/example_dags/example_short_circuit_operator.py
[2024-04-23T09:17:07.147+0000] {processor.py:840} INFO - DAG(s) 'example_short_circuit_operator' retrieved from /home/airflow/.local/lib/python3.12/site-packages/airflow/example_dags/example_short_circuit_operator.py
[2024-04-23T09:17:07.160+0000] {logging_mixin.py:188} INFO - [2024-04-23T09:17:07.160+0000] {dag.py:3096} INFO - Sync 1 DAGs
[2024-04-23T09:17:07.172+0000] {logging_mixin.py:188} INFO - [2024-04-23T09:17:07.172+0000] {dag.py:3954} INFO - Setting next_dagrun for example_short_circuit_operator to 2024-04-22 00:00:00+00:00, run_after=2024-04-23 00:00:00+00:00
[2024-04-23T09:17:07.182+0000] {processor.py:183} INFO - Processing /home/airflow/.local/lib/python3.12/site-packages/airflow/example_dags/example_short_circuit_operator.py took 0.044 seconds
[2024-04-23T09:17:37.944+0000] {processor.py:161} INFO - Started process (PID=1041) to work on /home/airflow/.local/lib/python3.12/site-packages/airflow/example_dags/example_short_circuit_operator.py
[2024-04-23T09:17:37.945+0000] {processor.py:830} INFO - Processing file /home/airflow/.local/lib/python3.12/site-packages/airflow/example_dags/example_short_circuit_operator.py for tasks to queue
[2024-04-23T09:17:37.946+0000] {logging_mixin.py:188} INFO - [2024-04-23T09:17:37.946+0000] {dagbag.py:540} INFO - Filling up the DagBag from /home/airflow/.local/lib/python3.12/site-packages/airflow/example_dags/example_short_circuit_operator.py
[2024-04-23T09:17:37.950+0000] {processor.py:840} INFO - DAG(s) 'example_short_circuit_operator' retrieved from /home/airflow/.local/lib/python3.12/site-packages/airflow/example_dags/example_short_circuit_operator.py
[2024-04-23T09:17:37.963+0000] {logging_mixin.py:188} INFO - [2024-04-23T09:17:37.962+0000] {dag.py:3096} INFO - Sync 1 DAGs
[2024-04-23T09:17:37.974+0000] {logging_mixin.py:188} INFO - [2024-04-23T09:17:37.974+0000] {dag.py:3954} INFO - Setting next_dagrun for example_short_circuit_operator to 2024-04-22 00:00:00+00:00, run_after=2024-04-23 00:00:00+00:00
[2024-04-23T09:17:37.984+0000] {processor.py:183} INFO - Processing /home/airflow/.local/lib/python3.12/site-packages/airflow/example_dags/example_short_circuit_operator.py took 0.043 seconds
[2024-04-23T09:18:08.813+0000] {processor.py:161} INFO - Started process (PID=1303) to work on /home/airflow/.local/lib/python3.12/site-packages/airflow/example_dags/example_short_circuit_operator.py
[2024-04-23T09:18:08.813+0000] {processor.py:830} INFO - Processing file /home/airflow/.local/lib/python3.12/site-packages/airflow/example_dags/example_short_circuit_operator.py for tasks to queue
[2024-04-23T09:18:08.814+0000] {logging_mixin.py:188} INFO - [2024-04-23T09:18:08.814+0000] {dagbag.py:540} INFO - Filling up the DagBag from /home/airflow/.local/lib/python3.12/site-packages/airflow/example_dags/example_short_circuit_operator.py
[2024-04-23T09:18:08.818+0000] {processor.py:840} INFO - DAG(s) 'example_short_circuit_operator' retrieved from /home/airflow/.local/lib/python3.12/site-packages/airflow/example_dags/example_short_circuit_operator.py
[2024-04-23T09:18:08.831+0000] {logging_mixin.py:188} INFO - [2024-04-23T09:18:08.831+0000] {dag.py:3096} INFO - Sync 1 DAGs
[2024-04-23T09:18:08.843+0000] {logging_mixin.py:188} INFO - [2024-04-23T09:18:08.843+0000] {dag.py:3954} INFO - Setting next_dagrun for example_short_circuit_operator to 2024-04-22 00:00:00+00:00, run_after=2024-04-23 00:00:00+00:00
[2024-04-23T09:18:08.854+0000] {processor.py:183} INFO - Processing /home/airflow/.local/lib/python3.12/site-packages/airflow/example_dags/example_short_circuit_operator.py took 0.044 seconds
