[2024-04-23T09:16:06.481+0000] {processor.py:161} INFO - Started process (PID=370) to work on /home/airflow/.local/lib/python3.12/site-packages/airflow/example_dags/example_xcom.py
[2024-04-23T09:16:06.482+0000] {processor.py:830} INFO - Processing file /home/airflow/.local/lib/python3.12/site-packages/airflow/example_dags/example_xcom.py for tasks to queue
[2024-04-23T09:16:06.483+0000] {logging_mixin.py:188} INFO - [2024-04-23T09:16:06.483+0000] {dagbag.py:540} INFO - Filling up the DagBag from /home/airflow/.local/lib/python3.12/site-packages/airflow/example_dags/example_xcom.py
[2024-04-23T09:16:06.489+0000] {processor.py:840} INFO - DAG(s) 'example_xcom' retrieved from /home/airflow/.local/lib/python3.12/site-packages/airflow/example_dags/example_xcom.py
[2024-04-23T09:16:06.497+0000] {logging_mixin.py:188} INFO - [2024-04-23T09:16:06.497+0000] {dag.py:3096} INFO - Sync 1 DAGs
[2024-04-23T09:16:06.512+0000] {logging_mixin.py:188} INFO - [2024-04-23T09:16:06.512+0000] {dag.py:3954} INFO - Setting next_dagrun for example_xcom to 2021-01-01 00:00:00+00:00, run_after=2021-01-01 00:00:00+00:00
[2024-04-23T09:16:06.523+0000] {processor.py:183} INFO - Processing /home/airflow/.local/lib/python3.12/site-packages/airflow/example_dags/example_xcom.py took 0.046 seconds
[2024-04-23T09:16:38.004+0000] {processor.py:161} INFO - Started process (PID=632) to work on /home/airflow/.local/lib/python3.12/site-packages/airflow/example_dags/example_xcom.py
[2024-04-23T09:16:38.005+0000] {processor.py:830} INFO - Processing file /home/airflow/.local/lib/python3.12/site-packages/airflow/example_dags/example_xcom.py for tasks to queue
[2024-04-23T09:16:38.006+0000] {logging_mixin.py:188} INFO - [2024-04-23T09:16:38.006+0000] {dagbag.py:540} INFO - Filling up the DagBag from /home/airflow/.local/lib/python3.12/site-packages/airflow/example_dags/example_xcom.py
[2024-04-23T09:16:38.010+0000] {processor.py:840} INFO - DAG(s) 'example_xcom' retrieved from /home/airflow/.local/lib/python3.12/site-packages/airflow/example_dags/example_xcom.py
[2024-04-23T09:16:38.061+0000] {logging_mixin.py:188} INFO - [2024-04-23T09:16:38.061+0000] {dag.py:3096} INFO - Sync 1 DAGs
[2024-04-23T09:16:38.071+0000] {logging_mixin.py:188} INFO - [2024-04-23T09:16:38.071+0000] {dag.py:3954} INFO - Setting next_dagrun for example_xcom to 2021-01-01 00:00:00+00:00, run_after=2021-01-01 00:00:00+00:00
[2024-04-23T09:16:38.082+0000] {processor.py:183} INFO - Processing /home/airflow/.local/lib/python3.12/site-packages/airflow/example_dags/example_xcom.py took 0.080 seconds
[2024-04-23T09:17:08.843+0000] {processor.py:161} INFO - Started process (PID=894) to work on /home/airflow/.local/lib/python3.12/site-packages/airflow/example_dags/example_xcom.py
[2024-04-23T09:17:08.844+0000] {processor.py:830} INFO - Processing file /home/airflow/.local/lib/python3.12/site-packages/airflow/example_dags/example_xcom.py for tasks to queue
[2024-04-23T09:17:08.845+0000] {logging_mixin.py:188} INFO - [2024-04-23T09:17:08.845+0000] {dagbag.py:540} INFO - Filling up the DagBag from /home/airflow/.local/lib/python3.12/site-packages/airflow/example_dags/example_xcom.py
[2024-04-23T09:17:08.849+0000] {processor.py:840} INFO - DAG(s) 'example_xcom' retrieved from /home/airflow/.local/lib/python3.12/site-packages/airflow/example_dags/example_xcom.py
[2024-04-23T09:17:08.861+0000] {logging_mixin.py:188} INFO - [2024-04-23T09:17:08.861+0000] {dag.py:3096} INFO - Sync 1 DAGs
[2024-04-23T09:17:08.871+0000] {logging_mixin.py:188} INFO - [2024-04-23T09:17:08.871+0000] {dag.py:3954} INFO - Setting next_dagrun for example_xcom to 2021-01-01 00:00:00+00:00, run_after=2021-01-01 00:00:00+00:00
[2024-04-23T09:17:08.881+0000] {processor.py:183} INFO - Processing /home/airflow/.local/lib/python3.12/site-packages/airflow/example_dags/example_xcom.py took 0.042 seconds
[2024-04-23T09:17:39.617+0000] {processor.py:161} INFO - Started process (PID=1156) to work on /home/airflow/.local/lib/python3.12/site-packages/airflow/example_dags/example_xcom.py
[2024-04-23T09:17:39.618+0000] {processor.py:830} INFO - Processing file /home/airflow/.local/lib/python3.12/site-packages/airflow/example_dags/example_xcom.py for tasks to queue
[2024-04-23T09:17:39.619+0000] {logging_mixin.py:188} INFO - [2024-04-23T09:17:39.619+0000] {dagbag.py:540} INFO - Filling up the DagBag from /home/airflow/.local/lib/python3.12/site-packages/airflow/example_dags/example_xcom.py
[2024-04-23T09:17:39.623+0000] {processor.py:840} INFO - DAG(s) 'example_xcom' retrieved from /home/airflow/.local/lib/python3.12/site-packages/airflow/example_dags/example_xcom.py
[2024-04-23T09:17:39.634+0000] {logging_mixin.py:188} INFO - [2024-04-23T09:17:39.634+0000] {dag.py:3096} INFO - Sync 1 DAGs
[2024-04-23T09:17:39.644+0000] {logging_mixin.py:188} INFO - [2024-04-23T09:17:39.644+0000] {dag.py:3954} INFO - Setting next_dagrun for example_xcom to 2021-01-01 00:00:00+00:00, run_after=2021-01-01 00:00:00+00:00
[2024-04-23T09:17:39.653+0000] {processor.py:183} INFO - Processing /home/airflow/.local/lib/python3.12/site-packages/airflow/example_dags/example_xcom.py took 0.040 seconds
[2024-04-23T09:18:10.500+0000] {processor.py:161} INFO - Started process (PID=1418) to work on /home/airflow/.local/lib/python3.12/site-packages/airflow/example_dags/example_xcom.py
[2024-04-23T09:18:10.501+0000] {processor.py:830} INFO - Processing file /home/airflow/.local/lib/python3.12/site-packages/airflow/example_dags/example_xcom.py for tasks to queue
[2024-04-23T09:18:10.502+0000] {logging_mixin.py:188} INFO - [2024-04-23T09:18:10.502+0000] {dagbag.py:540} INFO - Filling up the DagBag from /home/airflow/.local/lib/python3.12/site-packages/airflow/example_dags/example_xcom.py
[2024-04-23T09:18:10.506+0000] {processor.py:840} INFO - DAG(s) 'example_xcom' retrieved from /home/airflow/.local/lib/python3.12/site-packages/airflow/example_dags/example_xcom.py
[2024-04-23T09:18:10.517+0000] {logging_mixin.py:188} INFO - [2024-04-23T09:18:10.517+0000] {dag.py:3096} INFO - Sync 1 DAGs
[2024-04-23T09:18:10.528+0000] {logging_mixin.py:188} INFO - [2024-04-23T09:18:10.528+0000] {dag.py:3954} INFO - Setting next_dagrun for example_xcom to 2021-01-01 00:00:00+00:00, run_after=2021-01-01 00:00:00+00:00
[2024-04-23T09:18:10.538+0000] {processor.py:183} INFO - Processing /home/airflow/.local/lib/python3.12/site-packages/airflow/example_dags/example_xcom.py took 0.041 seconds
