[2024-04-23T09:16:06.658+0000] {processor.py:161} INFO - Started process (PID=387) to work on /home/airflow/.local/lib/python3.12/site-packages/airflow/example_dags/tutorial.py
[2024-04-23T09:16:06.659+0000] {processor.py:830} INFO - Processing file /home/airflow/.local/lib/python3.12/site-packages/airflow/example_dags/tutorial.py for tasks to queue
[2024-04-23T09:16:06.661+0000] {logging_mixin.py:188} INFO - [2024-04-23T09:16:06.661+0000] {dagbag.py:540} INFO - Filling up the DagBag from /home/airflow/.local/lib/python3.12/site-packages/airflow/example_dags/tutorial.py
[2024-04-23T09:16:06.668+0000] {processor.py:840} INFO - DAG(s) 'tutorial' retrieved from /home/airflow/.local/lib/python3.12/site-packages/airflow/example_dags/tutorial.py
[2024-04-23T09:16:06.675+0000] {logging_mixin.py:188} INFO - [2024-04-23T09:16:06.675+0000] {dag.py:3096} INFO - Sync 1 DAGs
[2024-04-23T09:16:06.688+0000] {logging_mixin.py:188} INFO - [2024-04-23T09:16:06.688+0000] {dag.py:3954} INFO - Setting next_dagrun for tutorial to 2024-04-22 00:00:00+00:00, run_after=2024-04-23 00:00:00+00:00
[2024-04-23T09:16:06.701+0000] {processor.py:183} INFO - Processing /home/airflow/.local/lib/python3.12/site-packages/airflow/example_dags/tutorial.py took 0.045 seconds
[2024-04-23T09:16:38.175+0000] {processor.py:161} INFO - Started process (PID=649) to work on /home/airflow/.local/lib/python3.12/site-packages/airflow/example_dags/tutorial.py
[2024-04-23T09:16:38.176+0000] {processor.py:830} INFO - Processing file /home/airflow/.local/lib/python3.12/site-packages/airflow/example_dags/tutorial.py for tasks to queue
[2024-04-23T09:16:38.177+0000] {logging_mixin.py:188} INFO - [2024-04-23T09:16:38.177+0000] {dagbag.py:540} INFO - Filling up the DagBag from /home/airflow/.local/lib/python3.12/site-packages/airflow/example_dags/tutorial.py
[2024-04-23T09:16:38.180+0000] {processor.py:840} INFO - DAG(s) 'tutorial' retrieved from /home/airflow/.local/lib/python3.12/site-packages/airflow/example_dags/tutorial.py
[2024-04-23T09:16:38.226+0000] {logging_mixin.py:188} INFO - [2024-04-23T09:16:38.226+0000] {dag.py:3096} INFO - Sync 1 DAGs
[2024-04-23T09:16:38.236+0000] {logging_mixin.py:188} INFO - [2024-04-23T09:16:38.236+0000] {dag.py:3954} INFO - Setting next_dagrun for tutorial to 2024-04-22 00:00:00+00:00, run_after=2024-04-23 00:00:00+00:00
[2024-04-23T09:16:38.247+0000] {processor.py:183} INFO - Processing /home/airflow/.local/lib/python3.12/site-packages/airflow/example_dags/tutorial.py took 0.075 seconds
[2024-04-23T09:17:08.955+0000] {processor.py:161} INFO - Started process (PID=909) to work on /home/airflow/.local/lib/python3.12/site-packages/airflow/example_dags/tutorial.py
[2024-04-23T09:17:08.955+0000] {processor.py:830} INFO - Processing file /home/airflow/.local/lib/python3.12/site-packages/airflow/example_dags/tutorial.py for tasks to queue
[2024-04-23T09:17:08.956+0000] {logging_mixin.py:188} INFO - [2024-04-23T09:17:08.956+0000] {dagbag.py:540} INFO - Filling up the DagBag from /home/airflow/.local/lib/python3.12/site-packages/airflow/example_dags/tutorial.py
[2024-04-23T09:17:08.960+0000] {processor.py:840} INFO - DAG(s) 'tutorial' retrieved from /home/airflow/.local/lib/python3.12/site-packages/airflow/example_dags/tutorial.py
[2024-04-23T09:17:08.971+0000] {logging_mixin.py:188} INFO - [2024-04-23T09:17:08.971+0000] {dag.py:3096} INFO - Sync 1 DAGs
[2024-04-23T09:17:08.981+0000] {logging_mixin.py:188} INFO - [2024-04-23T09:17:08.981+0000] {dag.py:3954} INFO - Setting next_dagrun for tutorial to 2024-04-22 00:00:00+00:00, run_after=2024-04-23 00:00:00+00:00
[2024-04-23T09:17:08.991+0000] {processor.py:183} INFO - Processing /home/airflow/.local/lib/python3.12/site-packages/airflow/example_dags/tutorial.py took 0.039 seconds
[2024-04-23T09:17:39.720+0000] {processor.py:161} INFO - Started process (PID=1171) to work on /home/airflow/.local/lib/python3.12/site-packages/airflow/example_dags/tutorial.py
[2024-04-23T09:17:39.721+0000] {processor.py:830} INFO - Processing file /home/airflow/.local/lib/python3.12/site-packages/airflow/example_dags/tutorial.py for tasks to queue
[2024-04-23T09:17:39.722+0000] {logging_mixin.py:188} INFO - [2024-04-23T09:17:39.722+0000] {dagbag.py:540} INFO - Filling up the DagBag from /home/airflow/.local/lib/python3.12/site-packages/airflow/example_dags/tutorial.py
[2024-04-23T09:17:39.725+0000] {processor.py:840} INFO - DAG(s) 'tutorial' retrieved from /home/airflow/.local/lib/python3.12/site-packages/airflow/example_dags/tutorial.py
[2024-04-23T09:17:39.736+0000] {logging_mixin.py:188} INFO - [2024-04-23T09:17:39.736+0000] {dag.py:3096} INFO - Sync 1 DAGs
[2024-04-23T09:17:39.747+0000] {logging_mixin.py:188} INFO - [2024-04-23T09:17:39.747+0000] {dag.py:3954} INFO - Setting next_dagrun for tutorial to 2024-04-22 00:00:00+00:00, run_after=2024-04-23 00:00:00+00:00
[2024-04-23T09:17:39.757+0000] {processor.py:183} INFO - Processing /home/airflow/.local/lib/python3.12/site-packages/airflow/example_dags/tutorial.py took 0.040 seconds
[2024-04-23T09:18:10.602+0000] {processor.py:161} INFO - Started process (PID=1435) to work on /home/airflow/.local/lib/python3.12/site-packages/airflow/example_dags/tutorial.py
[2024-04-23T09:18:10.603+0000] {processor.py:830} INFO - Processing file /home/airflow/.local/lib/python3.12/site-packages/airflow/example_dags/tutorial.py for tasks to queue
[2024-04-23T09:18:10.604+0000] {logging_mixin.py:188} INFO - [2024-04-23T09:18:10.604+0000] {dagbag.py:540} INFO - Filling up the DagBag from /home/airflow/.local/lib/python3.12/site-packages/airflow/example_dags/tutorial.py
[2024-04-23T09:18:10.608+0000] {processor.py:840} INFO - DAG(s) 'tutorial' retrieved from /home/airflow/.local/lib/python3.12/site-packages/airflow/example_dags/tutorial.py
[2024-04-23T09:18:10.619+0000] {logging_mixin.py:188} INFO - [2024-04-23T09:18:10.619+0000] {dag.py:3096} INFO - Sync 1 DAGs
[2024-04-23T09:18:10.630+0000] {logging_mixin.py:188} INFO - [2024-04-23T09:18:10.630+0000] {dag.py:3954} INFO - Setting next_dagrun for tutorial to 2024-04-22 00:00:00+00:00, run_after=2024-04-23 00:00:00+00:00
[2024-04-23T09:18:10.640+0000] {processor.py:183} INFO - Processing /home/airflow/.local/lib/python3.12/site-packages/airflow/example_dags/tutorial.py took 0.041 seconds
