[2024-04-24T17:28:33.857+0000] {processor.py:161} INFO - Started process (PID=184) to work on /opt/airflow/dags/mlops_baseline/pytorch_model.bin
[2024-04-24T17:28:33.858+0000] {processor.py:830} INFO - Processing file /opt/airflow/dags/mlops_baseline/pytorch_model.bin for tasks to queue
[2024-04-24T17:28:33.858+0000] {logging_mixin.py:188} INFO - [2024-04-24T17:28:33.858+0000] {dagbag.py:540} INFO - Filling up the DagBag from /opt/airflow/dags/mlops_baseline/pytorch_model.bin
[2024-04-24T17:28:33.870+0000] {processor.py:842} WARNING - No viable dags retrieved from /opt/airflow/dags/mlops_baseline/pytorch_model.bin
[2024-04-24T17:28:33.880+0000] {processor.py:183} INFO - Processing /opt/airflow/dags/mlops_baseline/pytorch_model.bin took 0.027 seconds
[2024-04-24T17:29:06.506+0000] {processor.py:161} INFO - Started process (PID=202) to work on /opt/airflow/dags/mlops_baseline/pytorch_model.bin
[2024-04-24T17:29:06.507+0000] {processor.py:830} INFO - Processing file /opt/airflow/dags/mlops_baseline/pytorch_model.bin for tasks to queue
[2024-04-24T17:29:06.508+0000] {logging_mixin.py:188} INFO - [2024-04-24T17:29:06.507+0000] {dagbag.py:540} INFO - Filling up the DagBag from /opt/airflow/dags/mlops_baseline/pytorch_model.bin
[2024-04-24T17:29:06.518+0000] {processor.py:842} WARNING - No viable dags retrieved from /opt/airflow/dags/mlops_baseline/pytorch_model.bin
[2024-04-24T17:29:06.529+0000] {processor.py:183} INFO - Processing /opt/airflow/dags/mlops_baseline/pytorch_model.bin took 0.026 seconds
[2024-04-24T17:29:41.744+0000] {processor.py:161} INFO - Started process (PID=266) to work on /opt/airflow/dags/mlops_baseline/pytorch_model.bin
[2024-04-24T17:29:41.745+0000] {processor.py:830} INFO - Processing file /opt/airflow/dags/mlops_baseline/pytorch_model.bin for tasks to queue
[2024-04-24T17:29:41.748+0000] {logging_mixin.py:188} INFO - [2024-04-24T17:29:41.747+0000] {dagbag.py:540} INFO - Filling up the DagBag from /opt/airflow/dags/mlops_baseline/pytorch_model.bin
[2024-04-24T17:29:41.765+0000] {processor.py:842} WARNING - No viable dags retrieved from /opt/airflow/dags/mlops_baseline/pytorch_model.bin
[2024-04-24T17:29:41.780+0000] {processor.py:183} INFO - Processing /opt/airflow/dags/mlops_baseline/pytorch_model.bin took 0.042 seconds
[2024-04-24T17:30:17.002+0000] {processor.py:161} INFO - Started process (PID=331) to work on /opt/airflow/dags/mlops_baseline/pytorch_model.bin
[2024-04-24T17:30:17.003+0000] {processor.py:830} INFO - Processing file /opt/airflow/dags/mlops_baseline/pytorch_model.bin for tasks to queue
[2024-04-24T17:30:17.004+0000] {logging_mixin.py:188} INFO - [2024-04-24T17:30:17.003+0000] {dagbag.py:540} INFO - Filling up the DagBag from /opt/airflow/dags/mlops_baseline/pytorch_model.bin
[2024-04-24T17:30:17.019+0000] {processor.py:842} WARNING - No viable dags retrieved from /opt/airflow/dags/mlops_baseline/pytorch_model.bin
[2024-04-24T17:30:17.033+0000] {processor.py:183} INFO - Processing /opt/airflow/dags/mlops_baseline/pytorch_model.bin took 0.038 seconds
[2024-04-24T17:30:52.069+0000] {processor.py:161} INFO - Started process (PID=370) to work on /opt/airflow/dags/mlops_baseline/pytorch_model.bin
[2024-04-24T17:30:52.070+0000] {processor.py:830} INFO - Processing file /opt/airflow/dags/mlops_baseline/pytorch_model.bin for tasks to queue
[2024-04-24T17:30:52.071+0000] {logging_mixin.py:188} INFO - [2024-04-24T17:30:52.071+0000] {dagbag.py:540} INFO - Filling up the DagBag from /opt/airflow/dags/mlops_baseline/pytorch_model.bin
[2024-04-24T17:30:52.085+0000] {processor.py:842} WARNING - No viable dags retrieved from /opt/airflow/dags/mlops_baseline/pytorch_model.bin
[2024-04-24T17:30:52.100+0000] {processor.py:183} INFO - Processing /opt/airflow/dags/mlops_baseline/pytorch_model.bin took 0.038 seconds
[2024-04-24T17:31:26.534+0000] {processor.py:161} INFO - Started process (PID=420) to work on /opt/airflow/dags/mlops_baseline/pytorch_model.bin
[2024-04-24T17:31:26.535+0000] {processor.py:830} INFO - Processing file /opt/airflow/dags/mlops_baseline/pytorch_model.bin for tasks to queue
[2024-04-24T17:31:26.536+0000] {logging_mixin.py:188} INFO - [2024-04-24T17:31:26.535+0000] {dagbag.py:540} INFO - Filling up the DagBag from /opt/airflow/dags/mlops_baseline/pytorch_model.bin
[2024-04-24T17:31:26.547+0000] {processor.py:842} WARNING - No viable dags retrieved from /opt/airflow/dags/mlops_baseline/pytorch_model.bin
[2024-04-24T17:31:26.556+0000] {processor.py:183} INFO - Processing /opt/airflow/dags/mlops_baseline/pytorch_model.bin took 0.026 seconds
[2024-04-24T17:32:00.820+0000] {processor.py:161} INFO - Started process (PID=451) to work on /opt/airflow/dags/mlops_baseline/pytorch_model.bin
[2024-04-24T17:32:00.820+0000] {processor.py:830} INFO - Processing file /opt/airflow/dags/mlops_baseline/pytorch_model.bin for tasks to queue
[2024-04-24T17:32:00.823+0000] {logging_mixin.py:188} INFO - [2024-04-24T17:32:00.822+0000] {dagbag.py:540} INFO - Filling up the DagBag from /opt/airflow/dags/mlops_baseline/pytorch_model.bin
[2024-04-24T17:32:00.841+0000] {processor.py:842} WARNING - No viable dags retrieved from /opt/airflow/dags/mlops_baseline/pytorch_model.bin
[2024-04-24T17:32:00.859+0000] {processor.py:183} INFO - Processing /opt/airflow/dags/mlops_baseline/pytorch_model.bin took 0.045 seconds
[2024-04-24T17:32:32.571+0000] {processor.py:161} INFO - Started process (PID=469) to work on /opt/airflow/dags/mlops_baseline/pytorch_model.bin
[2024-04-24T17:32:32.571+0000] {processor.py:830} INFO - Processing file /opt/airflow/dags/mlops_baseline/pytorch_model.bin for tasks to queue
[2024-04-24T17:32:32.572+0000] {logging_mixin.py:188} INFO - [2024-04-24T17:32:32.572+0000] {dagbag.py:540} INFO - Filling up the DagBag from /opt/airflow/dags/mlops_baseline/pytorch_model.bin
[2024-04-24T17:32:32.580+0000] {processor.py:842} WARNING - No viable dags retrieved from /opt/airflow/dags/mlops_baseline/pytorch_model.bin
[2024-04-24T17:32:32.588+0000] {processor.py:183} INFO - Processing /opt/airflow/dags/mlops_baseline/pytorch_model.bin took 0.021 seconds
[2024-04-24T17:34:46.274+0000] {processor.py:161} INFO - Started process (PID=184) to work on /opt/airflow/dags/mlops_baseline/pytorch_model.bin
[2024-04-24T17:34:46.275+0000] {processor.py:830} INFO - Processing file /opt/airflow/dags/mlops_baseline/pytorch_model.bin for tasks to queue
[2024-04-24T17:34:46.275+0000] {logging_mixin.py:188} INFO - [2024-04-24T17:34:46.275+0000] {dagbag.py:540} INFO - Filling up the DagBag from /opt/airflow/dags/mlops_baseline/pytorch_model.bin
[2024-04-24T17:34:46.286+0000] {processor.py:842} WARNING - No viable dags retrieved from /opt/airflow/dags/mlops_baseline/pytorch_model.bin
[2024-04-24T17:34:46.295+0000] {processor.py:183} INFO - Processing /opt/airflow/dags/mlops_baseline/pytorch_model.bin took 0.028 seconds
[2024-04-24T17:35:18.287+0000] {processor.py:161} INFO - Started process (PID=215) to work on /opt/airflow/dags/mlops_baseline/pytorch_model.bin
[2024-04-24T17:35:18.287+0000] {processor.py:830} INFO - Processing file /opt/airflow/dags/mlops_baseline/pytorch_model.bin for tasks to queue
[2024-04-24T17:35:18.288+0000] {logging_mixin.py:188} INFO - [2024-04-24T17:35:18.288+0000] {dagbag.py:540} INFO - Filling up the DagBag from /opt/airflow/dags/mlops_baseline/pytorch_model.bin
[2024-04-24T17:35:18.299+0000] {processor.py:842} WARNING - No viable dags retrieved from /opt/airflow/dags/mlops_baseline/pytorch_model.bin
[2024-04-24T17:35:18.310+0000] {processor.py:183} INFO - Processing /opt/airflow/dags/mlops_baseline/pytorch_model.bin took 0.026 seconds
[2024-04-24T17:35:52.500+0000] {processor.py:161} INFO - Started process (PID=266) to work on /opt/airflow/dags/mlops_baseline/pytorch_model.bin
[2024-04-24T17:35:52.500+0000] {processor.py:830} INFO - Processing file /opt/airflow/dags/mlops_baseline/pytorch_model.bin for tasks to queue
[2024-04-24T17:35:52.501+0000] {logging_mixin.py:188} INFO - [2024-04-24T17:35:52.501+0000] {dagbag.py:540} INFO - Filling up the DagBag from /opt/airflow/dags/mlops_baseline/pytorch_model.bin
[2024-04-24T17:35:52.515+0000] {processor.py:842} WARNING - No viable dags retrieved from /opt/airflow/dags/mlops_baseline/pytorch_model.bin
[2024-04-24T17:35:52.528+0000] {processor.py:183} INFO - Processing /opt/airflow/dags/mlops_baseline/pytorch_model.bin took 0.034 seconds
[2024-04-24T17:43:12.304+0000] {processor.py:161} INFO - Started process (PID=184) to work on /opt/airflow/dags/mlops_baseline/pytorch_model.bin
[2024-04-24T17:43:12.304+0000] {processor.py:830} INFO - Processing file /opt/airflow/dags/mlops_baseline/pytorch_model.bin for tasks to queue
[2024-04-24T17:43:12.305+0000] {logging_mixin.py:188} INFO - [2024-04-24T17:43:12.305+0000] {dagbag.py:540} INFO - Filling up the DagBag from /opt/airflow/dags/mlops_baseline/pytorch_model.bin
[2024-04-24T17:43:12.315+0000] {processor.py:842} WARNING - No viable dags retrieved from /opt/airflow/dags/mlops_baseline/pytorch_model.bin
[2024-04-24T17:43:12.324+0000] {processor.py:183} INFO - Processing /opt/airflow/dags/mlops_baseline/pytorch_model.bin took 0.023 seconds
[2024-04-24T17:43:44.095+0000] {processor.py:161} INFO - Started process (PID=202) to work on /opt/airflow/dags/mlops_baseline/pytorch_model.bin
[2024-04-24T17:43:44.096+0000] {processor.py:830} INFO - Processing file /opt/airflow/dags/mlops_baseline/pytorch_model.bin for tasks to queue
[2024-04-24T17:43:44.097+0000] {logging_mixin.py:188} INFO - [2024-04-24T17:43:44.096+0000] {dagbag.py:540} INFO - Filling up the DagBag from /opt/airflow/dags/mlops_baseline/pytorch_model.bin
[2024-04-24T17:43:44.106+0000] {processor.py:842} WARNING - No viable dags retrieved from /opt/airflow/dags/mlops_baseline/pytorch_model.bin
[2024-04-24T17:43:44.114+0000] {processor.py:183} INFO - Processing /opt/airflow/dags/mlops_baseline/pytorch_model.bin took 0.022 seconds
[2024-04-24T17:44:16.568+0000] {processor.py:161} INFO - Started process (PID=235) to work on /opt/airflow/dags/mlops_baseline/pytorch_model.bin
[2024-04-24T17:44:16.568+0000] {processor.py:830} INFO - Processing file /opt/airflow/dags/mlops_baseline/pytorch_model.bin for tasks to queue
[2024-04-24T17:44:16.569+0000] {logging_mixin.py:188} INFO - [2024-04-24T17:44:16.569+0000] {dagbag.py:540} INFO - Filling up the DagBag from /opt/airflow/dags/mlops_baseline/pytorch_model.bin
[2024-04-24T17:44:16.578+0000] {processor.py:842} WARNING - No viable dags retrieved from /opt/airflow/dags/mlops_baseline/pytorch_model.bin
[2024-04-24T17:44:16.586+0000] {processor.py:183} INFO - Processing /opt/airflow/dags/mlops_baseline/pytorch_model.bin took 0.021 seconds
[2024-04-24T17:44:49.042+0000] {processor.py:161} INFO - Started process (PID=268) to work on /opt/airflow/dags/mlops_baseline/pytorch_model.bin
[2024-04-24T17:44:49.043+0000] {processor.py:830} INFO - Processing file /opt/airflow/dags/mlops_baseline/pytorch_model.bin for tasks to queue
[2024-04-24T17:44:49.044+0000] {logging_mixin.py:188} INFO - [2024-04-24T17:44:49.043+0000] {dagbag.py:540} INFO - Filling up the DagBag from /opt/airflow/dags/mlops_baseline/pytorch_model.bin
[2024-04-24T17:44:49.053+0000] {processor.py:842} WARNING - No viable dags retrieved from /opt/airflow/dags/mlops_baseline/pytorch_model.bin
[2024-04-24T17:44:49.061+0000] {processor.py:183} INFO - Processing /opt/airflow/dags/mlops_baseline/pytorch_model.bin took 0.023 seconds
[2024-04-24T17:45:21.519+0000] {processor.py:161} INFO - Started process (PID=301) to work on /opt/airflow/dags/mlops_baseline/pytorch_model.bin
[2024-04-24T17:45:21.519+0000] {processor.py:830} INFO - Processing file /opt/airflow/dags/mlops_baseline/pytorch_model.bin for tasks to queue
[2024-04-24T17:45:21.520+0000] {logging_mixin.py:188} INFO - [2024-04-24T17:45:21.520+0000] {dagbag.py:540} INFO - Filling up the DagBag from /opt/airflow/dags/mlops_baseline/pytorch_model.bin
[2024-04-24T17:45:21.529+0000] {processor.py:842} WARNING - No viable dags retrieved from /opt/airflow/dags/mlops_baseline/pytorch_model.bin
[2024-04-24T17:45:21.536+0000] {processor.py:183} INFO - Processing /opt/airflow/dags/mlops_baseline/pytorch_model.bin took 0.021 seconds
[2024-04-24T17:45:53.806+0000] {processor.py:161} INFO - Started process (PID=334) to work on /opt/airflow/dags/mlops_baseline/pytorch_model.bin
[2024-04-24T17:45:53.806+0000] {processor.py:830} INFO - Processing file /opt/airflow/dags/mlops_baseline/pytorch_model.bin for tasks to queue
[2024-04-24T17:45:53.807+0000] {logging_mixin.py:188} INFO - [2024-04-24T17:45:53.807+0000] {dagbag.py:540} INFO - Filling up the DagBag from /opt/airflow/dags/mlops_baseline/pytorch_model.bin
[2024-04-24T17:45:53.816+0000] {processor.py:842} WARNING - No viable dags retrieved from /opt/airflow/dags/mlops_baseline/pytorch_model.bin
[2024-04-24T17:45:53.824+0000] {processor.py:183} INFO - Processing /opt/airflow/dags/mlops_baseline/pytorch_model.bin took 0.021 seconds
[2024-04-24T17:46:26.697+0000] {processor.py:161} INFO - Started process (PID=398) to work on /opt/airflow/dags/mlops_baseline/pytorch_model.bin
[2024-04-24T17:46:26.698+0000] {processor.py:830} INFO - Processing file /opt/airflow/dags/mlops_baseline/pytorch_model.bin for tasks to queue
[2024-04-24T17:46:26.700+0000] {logging_mixin.py:188} INFO - [2024-04-24T17:46:26.699+0000] {dagbag.py:540} INFO - Filling up the DagBag from /opt/airflow/dags/mlops_baseline/pytorch_model.bin
[2024-04-24T17:46:26.715+0000] {processor.py:842} WARNING - No viable dags retrieved from /opt/airflow/dags/mlops_baseline/pytorch_model.bin
[2024-04-24T17:46:26.729+0000] {processor.py:183} INFO - Processing /opt/airflow/dags/mlops_baseline/pytorch_model.bin took 0.038 seconds
[2024-04-24T17:47:01.787+0000] {processor.py:161} INFO - Started process (PID=437) to work on /opt/airflow/dags/mlops_baseline/pytorch_model.bin
[2024-04-24T17:47:01.788+0000] {processor.py:830} INFO - Processing file /opt/airflow/dags/mlops_baseline/pytorch_model.bin for tasks to queue
[2024-04-24T17:47:01.789+0000] {logging_mixin.py:188} INFO - [2024-04-24T17:47:01.789+0000] {dagbag.py:540} INFO - Filling up the DagBag from /opt/airflow/dags/mlops_baseline/pytorch_model.bin
[2024-04-24T17:47:01.805+0000] {processor.py:842} WARNING - No viable dags retrieved from /opt/airflow/dags/mlops_baseline/pytorch_model.bin
[2024-04-24T17:47:01.819+0000] {processor.py:183} INFO - Processing /opt/airflow/dags/mlops_baseline/pytorch_model.bin took 0.038 seconds
[2024-04-24T17:47:36.865+0000] {processor.py:161} INFO - Started process (PID=502) to work on /opt/airflow/dags/mlops_baseline/pytorch_model.bin
[2024-04-24T17:47:36.866+0000] {processor.py:830} INFO - Processing file /opt/airflow/dags/mlops_baseline/pytorch_model.bin for tasks to queue
[2024-04-24T17:47:36.867+0000] {logging_mixin.py:188} INFO - [2024-04-24T17:47:36.867+0000] {dagbag.py:540} INFO - Filling up the DagBag from /opt/airflow/dags/mlops_baseline/pytorch_model.bin
[2024-04-24T17:47:36.883+0000] {processor.py:842} WARNING - No viable dags retrieved from /opt/airflow/dags/mlops_baseline/pytorch_model.bin
[2024-04-24T17:47:36.899+0000] {processor.py:183} INFO - Processing /opt/airflow/dags/mlops_baseline/pytorch_model.bin took 0.039 seconds
[2024-04-24T17:48:12.284+0000] {processor.py:161} INFO - Started process (PID=536) to work on /opt/airflow/dags/mlops_baseline/pytorch_model.bin
[2024-04-24T17:48:12.284+0000] {processor.py:830} INFO - Processing file /opt/airflow/dags/mlops_baseline/pytorch_model.bin for tasks to queue
[2024-04-24T17:48:12.285+0000] {logging_mixin.py:188} INFO - [2024-04-24T17:48:12.285+0000] {dagbag.py:540} INFO - Filling up the DagBag from /opt/airflow/dags/mlops_baseline/pytorch_model.bin
[2024-04-24T17:48:12.295+0000] {processor.py:842} WARNING - No viable dags retrieved from /opt/airflow/dags/mlops_baseline/pytorch_model.bin
[2024-04-24T17:48:12.304+0000] {processor.py:183} INFO - Processing /opt/airflow/dags/mlops_baseline/pytorch_model.bin took 0.025 seconds
[2024-04-24T17:48:45.862+0000] {processor.py:161} INFO - Started process (PID=569) to work on /opt/airflow/dags/mlops_baseline/pytorch_model.bin
[2024-04-24T17:48:45.863+0000] {processor.py:830} INFO - Processing file /opt/airflow/dags/mlops_baseline/pytorch_model.bin for tasks to queue
[2024-04-24T17:48:45.864+0000] {logging_mixin.py:188} INFO - [2024-04-24T17:48:45.863+0000] {dagbag.py:540} INFO - Filling up the DagBag from /opt/airflow/dags/mlops_baseline/pytorch_model.bin
[2024-04-24T17:48:45.874+0000] {processor.py:842} WARNING - No viable dags retrieved from /opt/airflow/dags/mlops_baseline/pytorch_model.bin
[2024-04-24T17:48:45.884+0000] {processor.py:183} INFO - Processing /opt/airflow/dags/mlops_baseline/pytorch_model.bin took 0.026 seconds
[2024-04-24T17:49:19.377+0000] {processor.py:161} INFO - Started process (PID=602) to work on /opt/airflow/dags/mlops_baseline/pytorch_model.bin
[2024-04-24T17:49:19.377+0000] {processor.py:830} INFO - Processing file /opt/airflow/dags/mlops_baseline/pytorch_model.bin for tasks to queue
[2024-04-24T17:49:19.378+0000] {logging_mixin.py:188} INFO - [2024-04-24T17:49:19.378+0000] {dagbag.py:540} INFO - Filling up the DagBag from /opt/airflow/dags/mlops_baseline/pytorch_model.bin
[2024-04-24T17:49:19.388+0000] {processor.py:842} WARNING - No viable dags retrieved from /opt/airflow/dags/mlops_baseline/pytorch_model.bin
[2024-04-24T17:49:19.396+0000] {processor.py:183} INFO - Processing /opt/airflow/dags/mlops_baseline/pytorch_model.bin took 0.024 seconds
[2024-04-24T17:49:52.677+0000] {processor.py:161} INFO - Started process (PID=635) to work on /opt/airflow/dags/mlops_baseline/pytorch_model.bin
[2024-04-24T17:49:52.677+0000] {processor.py:830} INFO - Processing file /opt/airflow/dags/mlops_baseline/pytorch_model.bin for tasks to queue
[2024-04-24T17:49:52.678+0000] {logging_mixin.py:188} INFO - [2024-04-24T17:49:52.678+0000] {dagbag.py:540} INFO - Filling up the DagBag from /opt/airflow/dags/mlops_baseline/pytorch_model.bin
[2024-04-24T17:49:52.688+0000] {processor.py:842} WARNING - No viable dags retrieved from /opt/airflow/dags/mlops_baseline/pytorch_model.bin
[2024-04-24T17:49:52.696+0000] {processor.py:183} INFO - Processing /opt/airflow/dags/mlops_baseline/pytorch_model.bin took 0.023 seconds
[2024-04-24T17:50:26.194+0000] {processor.py:161} INFO - Started process (PID=668) to work on /opt/airflow/dags/mlops_baseline/pytorch_model.bin
[2024-04-24T17:50:26.195+0000] {processor.py:830} INFO - Processing file /opt/airflow/dags/mlops_baseline/pytorch_model.bin for tasks to queue
[2024-04-24T17:50:26.195+0000] {logging_mixin.py:188} INFO - [2024-04-24T17:50:26.195+0000] {dagbag.py:540} INFO - Filling up the DagBag from /opt/airflow/dags/mlops_baseline/pytorch_model.bin
[2024-04-24T17:50:26.207+0000] {processor.py:842} WARNING - No viable dags retrieved from /opt/airflow/dags/mlops_baseline/pytorch_model.bin
[2024-04-24T17:50:26.219+0000] {processor.py:183} INFO - Processing /opt/airflow/dags/mlops_baseline/pytorch_model.bin took 0.028 seconds
[2024-04-24T17:50:59.985+0000] {processor.py:161} INFO - Started process (PID=707) to work on /opt/airflow/dags/mlops_baseline/pytorch_model.bin
[2024-04-24T17:50:59.985+0000] {processor.py:830} INFO - Processing file /opt/airflow/dags/mlops_baseline/pytorch_model.bin for tasks to queue
[2024-04-24T17:50:59.986+0000] {logging_mixin.py:188} INFO - [2024-04-24T17:50:59.986+0000] {dagbag.py:540} INFO - Filling up the DagBag from /opt/airflow/dags/mlops_baseline/pytorch_model.bin
[2024-04-24T17:50:59.996+0000] {processor.py:842} WARNING - No viable dags retrieved from /opt/airflow/dags/mlops_baseline/pytorch_model.bin
[2024-04-24T17:51:00.008+0000] {processor.py:183} INFO - Processing /opt/airflow/dags/mlops_baseline/pytorch_model.bin took 0.027 seconds
[2024-04-24T17:51:33.680+0000] {processor.py:161} INFO - Started process (PID=740) to work on /opt/airflow/dags/mlops_baseline/pytorch_model.bin
[2024-04-24T17:51:33.681+0000] {processor.py:830} INFO - Processing file /opt/airflow/dags/mlops_baseline/pytorch_model.bin for tasks to queue
[2024-04-24T17:51:33.682+0000] {logging_mixin.py:188} INFO - [2024-04-24T17:51:33.682+0000] {dagbag.py:540} INFO - Filling up the DagBag from /opt/airflow/dags/mlops_baseline/pytorch_model.bin
[2024-04-24T17:51:33.692+0000] {processor.py:842} WARNING - No viable dags retrieved from /opt/airflow/dags/mlops_baseline/pytorch_model.bin
[2024-04-24T17:51:33.701+0000] {processor.py:183} INFO - Processing /opt/airflow/dags/mlops_baseline/pytorch_model.bin took 0.025 seconds
