[2024-04-25T02:16:03.219+0000] {local_task_job_runner.py:120} INFO - ::group::Pre task execution logs
[2024-04-25T02:16:03.240+0000] {taskinstance.py:2073} INFO - Dependencies all met for dep_context=non-requeueable deps ti=<TaskInstance: daily_task_dag.predict_data_finetune_model manual__2024-04-25T02:14:56.506335+00:00 [queued]>
[2024-04-25T02:16:03.246+0000] {taskinstance.py:2073} INFO - Dependencies all met for dep_context=requeueable deps ti=<TaskInstance: daily_task_dag.predict_data_finetune_model manual__2024-04-25T02:14:56.506335+00:00 [queued]>
[2024-04-25T02:16:03.247+0000] {taskinstance.py:2303} INFO - Starting attempt 1 of 2
[2024-04-25T02:16:03.259+0000] {taskinstance.py:2327} INFO - Executing <Task(PythonOperator): predict_data_finetune_model> on 2024-04-25 02:14:56.506335+00:00
[2024-04-25T02:16:03.271+0000] {standard_task_runner.py:90} INFO - Running: ['***', 'tasks', 'run', 'daily_task_dag', 'predict_data_finetune_model', 'manual__2024-04-25T02:14:56.506335+00:00', '--job-id', '15', '--raw', '--subdir', 'DAGS_FOLDER/DataMLOps.py', '--cfg-path', '/tmp/tmpwj4f0rr8']
[2024-04-25T02:16:03.273+0000] {standard_task_runner.py:91} INFO - Job 15: Subtask predict_data_finetune_model
[2024-04-25T02:16:03.274+0000] {logging_mixin.py:188} WARNING - /home/***/.local/lib/python3.12/site-packages/***/task/task_runner/standard_task_runner.py:61 DeprecationWarning: This process (pid=1511) is multi-threaded, use of fork() may lead to deadlocks in the child.
[2024-04-25T02:16:03.275+0000] {standard_task_runner.py:63} INFO - Started process 1526 to run task
[2024-04-25T02:16:03.305+0000] {task_command.py:426} INFO - Running <TaskInstance: daily_task_dag.predict_data_finetune_model manual__2024-04-25T02:14:56.506335+00:00 [running]> on host 4d4cdcf2282e
[2024-04-25T02:16:03.378+0000] {taskinstance.py:2644} INFO - Exporting env vars: AIRFLOW_CTX_DAG_OWNER='***' AIRFLOW_CTX_DAG_ID='daily_task_dag' AIRFLOW_CTX_TASK_ID='predict_data_finetune_model' AIRFLOW_CTX_EXECUTION_DATE='2024-04-25T02:14:56.506335+00:00' AIRFLOW_CTX_TRY_NUMBER='1' AIRFLOW_CTX_DAG_RUN_ID='manual__2024-04-25T02:14:56.506335+00:00'
[2024-04-25T02:16:03.379+0000] {taskinstance.py:430} INFO - ::endgroup::
[2024-04-25T02:16:03.403+0000] {logging_mixin.py:188} INFO - Index(['Cleaned_Review', 'is_negative_sentiment'], dtype='object')
[2024-04-25T02:16:03.530+0000] {logging_mixin.py:188} WARNING - Downloading artifacts:   0%|          | 0/10 [00:00<?, ?it/s]
[2024-04-25T02:16:03.531+0000] {logging_mixin.py:188} WARNING - 2024/04/25 02:16:03 INFO mlflow.store.artifact.artifact_repo: The progress bar can be disabled by setting the environment variable MLFLOW_ENABLE_ARTIFACTS_PROGRESS_BAR to false
[2024-04-25T02:16:03.532+0000] {logging_mixin.py:188} WARNING - Downloading artifacts:  10%|#         | 1/10 [00:00<00:00, 1477.91it/s]
[2024-04-25T02:16:03.532+0000] {logging_mixin.py:188} WARNING - Downloading artifacts:  20%|##        | 2/10 [00:00<00:00, 1794.74it/s]
[2024-04-25T02:16:03.533+0000] {logging_mixin.py:188} WARNING - Downloading artifacts:  30%|###       | 3/10 [00:00<00:00, 1885.36it/s]
[2024-04-25T02:16:03.559+0000] {logging_mixin.py:188} WARNING - Downloading artifacts:  40%|####      | 4/10 [00:00<00:00, 144.14it/s] 
[2024-04-25T02:16:03.577+0000] {logging_mixin.py:188} WARNING - Downloading artifacts:  50%|#####     | 5/10 [00:00<00:00, 108.78it/s]
[2024-04-25T02:16:03.607+0000] {logging_mixin.py:188} WARNING - Downloading artifacts:  60%|######    | 6/10 [00:00<00:00, 78.69it/s] 
[2024-04-25T02:16:03.613+0000] {logging_mixin.py:188} WARNING - Downloading artifacts:  70%|#######   | 7/10 [00:00<00:00, 85.67it/s]
[2024-04-25T02:16:03.616+0000] {logging_mixin.py:188} WARNING - Downloading artifacts:  80%|########  | 8/10 [00:00<00:00, 93.76it/s]
[2024-04-25T02:16:03.619+0000] {logging_mixin.py:188} WARNING - Downloading artifacts:  90%|######### | 9/10 [00:00<00:00, 102.22it/s]
[2024-04-25T02:16:10.722+0000] {logging_mixin.py:188} WARNING - Downloading artifacts: 100%|##########| 10/10 [00:07<00:00,  1.39it/s]
[2024-04-25T02:16:10.723+0000] {logging_mixin.py:188} WARNING - Downloading artifacts: 100%|##########| 10/10 [00:07<00:00,  1.39it/s]
[2024-04-25T02:16:10.723+0000] {logging_mixin.py:188} WARNING - Downloading artifacts: 100%|##########| 10/10 [00:07<00:00,  1.39it/s]
[2024-04-25T02:16:59.141+0000] {logging_mixin.py:188} INFO - ROC AUC Score: 0.957703265395573
[2024-04-25T02:16:59.141+0000] {logging_mixin.py:188} INFO - 0.8689320388349514
[2024-04-25T02:16:59.860+0000] {python.py:237} INFO - Done. Returned value was: None
[2024-04-25T02:16:59.861+0000] {taskinstance.py:441} INFO - ::group::Post task execution logs
[2024-04-25T02:16:59.867+0000] {taskinstance.py:1205} INFO - Marking task as SUCCESS. dag_id=daily_task_dag, task_id=predict_data_finetune_model, execution_date=20240425T021456, start_date=20240425T021603, end_date=20240425T021659
[2024-04-25T02:16:59.942+0000] {local_task_job_runner.py:240} INFO - Task exited with return code 0
[2024-04-25T02:16:59.954+0000] {taskinstance.py:3482} INFO - 0 downstream tasks scheduled from follow-on schedule check
[2024-04-25T02:16:59.958+0000] {local_task_job_runner.py:222} INFO - ::endgroup::
