[2024-04-23T09:16:05.876+0000] {processor.py:161} INFO - Started process (PID=280) to work on /home/airflow/.local/lib/python3.12/site-packages/airflow/example_dags/example_setup_teardown.py
[2024-04-23T09:16:05.876+0000] {processor.py:830} INFO - Processing file /home/airflow/.local/lib/python3.12/site-packages/airflow/example_dags/example_setup_teardown.py for tasks to queue
[2024-04-23T09:16:05.878+0000] {logging_mixin.py:188} INFO - [2024-04-23T09:16:05.877+0000] {dagbag.py:540} INFO - Filling up the DagBag from /home/airflow/.local/lib/python3.12/site-packages/airflow/example_dags/example_setup_teardown.py
[2024-04-23T09:16:05.882+0000] {processor.py:840} INFO - DAG(s) 'example_setup_teardown' retrieved from /home/airflow/.local/lib/python3.12/site-packages/airflow/example_dags/example_setup_teardown.py
[2024-04-23T09:16:05.889+0000] {logging_mixin.py:188} INFO - [2024-04-23T09:16:05.888+0000] {dag.py:3096} INFO - Sync 1 DAGs
[2024-04-23T09:16:05.900+0000] {logging_mixin.py:188} INFO - [2024-04-23T09:16:05.900+0000] {dag.py:3954} INFO - Setting next_dagrun for example_setup_teardown to 2024-04-22 00:00:00+00:00, run_after=2024-04-23 00:00:00+00:00
[2024-04-23T09:16:05.911+0000] {processor.py:183} INFO - Processing /home/airflow/.local/lib/python3.12/site-packages/airflow/example_dags/example_setup_teardown.py took 0.039 seconds
[2024-04-23T09:16:37.071+0000] {processor.py:161} INFO - Started process (PID=542) to work on /home/airflow/.local/lib/python3.12/site-packages/airflow/example_dags/example_setup_teardown.py
[2024-04-23T09:16:37.072+0000] {processor.py:830} INFO - Processing file /home/airflow/.local/lib/python3.12/site-packages/airflow/example_dags/example_setup_teardown.py for tasks to queue
[2024-04-23T09:16:37.073+0000] {logging_mixin.py:188} INFO - [2024-04-23T09:16:37.073+0000] {dagbag.py:540} INFO - Filling up the DagBag from /home/airflow/.local/lib/python3.12/site-packages/airflow/example_dags/example_setup_teardown.py
[2024-04-23T09:16:37.077+0000] {processor.py:840} INFO - DAG(s) 'example_setup_teardown' retrieved from /home/airflow/.local/lib/python3.12/site-packages/airflow/example_dags/example_setup_teardown.py
[2024-04-23T09:16:37.126+0000] {logging_mixin.py:188} INFO - [2024-04-23T09:16:37.126+0000] {dag.py:3096} INFO - Sync 1 DAGs
[2024-04-23T09:16:37.136+0000] {logging_mixin.py:188} INFO - [2024-04-23T09:16:37.135+0000] {dag.py:3954} INFO - Setting next_dagrun for example_setup_teardown to 2024-04-22 00:00:00+00:00, run_after=2024-04-23 00:00:00+00:00
[2024-04-23T09:16:37.146+0000] {processor.py:183} INFO - Processing /home/airflow/.local/lib/python3.12/site-packages/airflow/example_dags/example_setup_teardown.py took 0.077 seconds
[2024-04-23T09:17:07.298+0000] {processor.py:161} INFO - Started process (PID=804) to work on /home/airflow/.local/lib/python3.12/site-packages/airflow/example_dags/example_setup_teardown.py
[2024-04-23T09:17:07.299+0000] {processor.py:830} INFO - Processing file /home/airflow/.local/lib/python3.12/site-packages/airflow/example_dags/example_setup_teardown.py for tasks to queue
[2024-04-23T09:17:07.300+0000] {logging_mixin.py:188} INFO - [2024-04-23T09:17:07.300+0000] {dagbag.py:540} INFO - Filling up the DagBag from /home/airflow/.local/lib/python3.12/site-packages/airflow/example_dags/example_setup_teardown.py
[2024-04-23T09:17:07.304+0000] {processor.py:840} INFO - DAG(s) 'example_setup_teardown' retrieved from /home/airflow/.local/lib/python3.12/site-packages/airflow/example_dags/example_setup_teardown.py
[2024-04-23T09:17:07.315+0000] {logging_mixin.py:188} INFO - [2024-04-23T09:17:07.315+0000] {dag.py:3096} INFO - Sync 1 DAGs
[2024-04-23T09:17:07.330+0000] {logging_mixin.py:188} INFO - [2024-04-23T09:17:07.330+0000] {dag.py:3954} INFO - Setting next_dagrun for example_setup_teardown to 2024-04-22 00:00:00+00:00, run_after=2024-04-23 00:00:00+00:00
[2024-04-23T09:17:07.341+0000] {processor.py:183} INFO - Processing /home/airflow/.local/lib/python3.12/site-packages/airflow/example_dags/example_setup_teardown.py took 0.047 seconds
[2024-04-23T09:17:38.074+0000] {processor.py:161} INFO - Started process (PID=1066) to work on /home/airflow/.local/lib/python3.12/site-packages/airflow/example_dags/example_setup_teardown.py
[2024-04-23T09:17:38.075+0000] {processor.py:830} INFO - Processing file /home/airflow/.local/lib/python3.12/site-packages/airflow/example_dags/example_setup_teardown.py for tasks to queue
[2024-04-23T09:17:38.076+0000] {logging_mixin.py:188} INFO - [2024-04-23T09:17:38.076+0000] {dagbag.py:540} INFO - Filling up the DagBag from /home/airflow/.local/lib/python3.12/site-packages/airflow/example_dags/example_setup_teardown.py
[2024-04-23T09:17:38.080+0000] {processor.py:840} INFO - DAG(s) 'example_setup_teardown' retrieved from /home/airflow/.local/lib/python3.12/site-packages/airflow/example_dags/example_setup_teardown.py
[2024-04-23T09:17:38.091+0000] {logging_mixin.py:188} INFO - [2024-04-23T09:17:38.091+0000] {dag.py:3096} INFO - Sync 1 DAGs
[2024-04-23T09:17:38.101+0000] {logging_mixin.py:188} INFO - [2024-04-23T09:17:38.101+0000] {dag.py:3954} INFO - Setting next_dagrun for example_setup_teardown to 2024-04-22 00:00:00+00:00, run_after=2024-04-23 00:00:00+00:00
[2024-04-23T09:17:38.110+0000] {processor.py:183} INFO - Processing /home/airflow/.local/lib/python3.12/site-packages/airflow/example_dags/example_setup_teardown.py took 0.039 seconds
[2024-04-23T09:18:08.951+0000] {processor.py:161} INFO - Started process (PID=1328) to work on /home/airflow/.local/lib/python3.12/site-packages/airflow/example_dags/example_setup_teardown.py
[2024-04-23T09:18:08.951+0000] {processor.py:830} INFO - Processing file /home/airflow/.local/lib/python3.12/site-packages/airflow/example_dags/example_setup_teardown.py for tasks to queue
[2024-04-23T09:18:08.953+0000] {logging_mixin.py:188} INFO - [2024-04-23T09:18:08.953+0000] {dagbag.py:540} INFO - Filling up the DagBag from /home/airflow/.local/lib/python3.12/site-packages/airflow/example_dags/example_setup_teardown.py
[2024-04-23T09:18:08.957+0000] {processor.py:840} INFO - DAG(s) 'example_setup_teardown' retrieved from /home/airflow/.local/lib/python3.12/site-packages/airflow/example_dags/example_setup_teardown.py
[2024-04-23T09:18:08.970+0000] {logging_mixin.py:188} INFO - [2024-04-23T09:18:08.969+0000] {dag.py:3096} INFO - Sync 1 DAGs
[2024-04-23T09:18:08.980+0000] {logging_mixin.py:188} INFO - [2024-04-23T09:18:08.979+0000] {dag.py:3954} INFO - Setting next_dagrun for example_setup_teardown to 2024-04-22 00:00:00+00:00, run_after=2024-04-23 00:00:00+00:00
[2024-04-23T09:18:08.989+0000] {processor.py:183} INFO - Processing /home/airflow/.local/lib/python3.12/site-packages/airflow/example_dags/example_setup_teardown.py took 0.042 seconds
