[2024-04-23T09:16:05.265+0000] {processor.py:161} INFO - Started process (PID=180) to work on /home/airflow/.local/lib/python3.12/site-packages/airflow/example_dags/example_task_group.py
[2024-04-23T09:16:05.266+0000] {processor.py:830} INFO - Processing file /home/airflow/.local/lib/python3.12/site-packages/airflow/example_dags/example_task_group.py for tasks to queue
[2024-04-23T09:16:05.268+0000] {logging_mixin.py:188} INFO - [2024-04-23T09:16:05.267+0000] {dagbag.py:540} INFO - Filling up the DagBag from /home/airflow/.local/lib/python3.12/site-packages/airflow/example_dags/example_task_group.py
[2024-04-23T09:16:05.273+0000] {processor.py:840} INFO - DAG(s) 'example_task_group' retrieved from /home/airflow/.local/lib/python3.12/site-packages/airflow/example_dags/example_task_group.py
[2024-04-23T09:16:05.280+0000] {logging_mixin.py:188} INFO - [2024-04-23T09:16:05.280+0000] {dag.py:3096} INFO - Sync 1 DAGs
[2024-04-23T09:16:05.292+0000] {logging_mixin.py:188} INFO - [2024-04-23T09:16:05.292+0000] {dag.py:3954} INFO - Setting next_dagrun for example_task_group to 2024-04-22 00:00:00+00:00, run_after=2024-04-23 00:00:00+00:00
[2024-04-23T09:16:05.303+0000] {processor.py:183} INFO - Processing /home/airflow/.local/lib/python3.12/site-packages/airflow/example_dags/example_task_group.py took 0.041 seconds
[2024-04-23T09:16:36.073+0000] {processor.py:161} INFO - Started process (PID=442) to work on /home/airflow/.local/lib/python3.12/site-packages/airflow/example_dags/example_task_group.py
[2024-04-23T09:16:36.074+0000] {processor.py:830} INFO - Processing file /home/airflow/.local/lib/python3.12/site-packages/airflow/example_dags/example_task_group.py for tasks to queue
[2024-04-23T09:16:36.075+0000] {logging_mixin.py:188} INFO - [2024-04-23T09:16:36.075+0000] {dagbag.py:540} INFO - Filling up the DagBag from /home/airflow/.local/lib/python3.12/site-packages/airflow/example_dags/example_task_group.py
[2024-04-23T09:16:36.078+0000] {processor.py:840} INFO - DAG(s) 'example_task_group' retrieved from /home/airflow/.local/lib/python3.12/site-packages/airflow/example_dags/example_task_group.py
[2024-04-23T09:16:36.126+0000] {logging_mixin.py:188} INFO - [2024-04-23T09:16:36.126+0000] {dag.py:3096} INFO - Sync 1 DAGs
[2024-04-23T09:16:36.136+0000] {logging_mixin.py:188} INFO - [2024-04-23T09:16:36.136+0000] {dag.py:3954} INFO - Setting next_dagrun for example_task_group to 2024-04-22 00:00:00+00:00, run_after=2024-04-23 00:00:00+00:00
[2024-04-23T09:16:36.147+0000] {processor.py:183} INFO - Processing /home/airflow/.local/lib/python3.12/site-packages/airflow/example_dags/example_task_group.py took 0.076 seconds
[2024-04-23T09:17:06.708+0000] {processor.py:161} INFO - Started process (PID=706) to work on /home/airflow/.local/lib/python3.12/site-packages/airflow/example_dags/example_task_group.py
[2024-04-23T09:17:06.709+0000] {processor.py:830} INFO - Processing file /home/airflow/.local/lib/python3.12/site-packages/airflow/example_dags/example_task_group.py for tasks to queue
[2024-04-23T09:17:06.710+0000] {logging_mixin.py:188} INFO - [2024-04-23T09:17:06.710+0000] {dagbag.py:540} INFO - Filling up the DagBag from /home/airflow/.local/lib/python3.12/site-packages/airflow/example_dags/example_task_group.py
[2024-04-23T09:17:06.714+0000] {processor.py:840} INFO - DAG(s) 'example_task_group' retrieved from /home/airflow/.local/lib/python3.12/site-packages/airflow/example_dags/example_task_group.py
[2024-04-23T09:17:06.727+0000] {logging_mixin.py:188} INFO - [2024-04-23T09:17:06.727+0000] {dag.py:3096} INFO - Sync 1 DAGs
[2024-04-23T09:17:06.739+0000] {logging_mixin.py:188} INFO - [2024-04-23T09:17:06.738+0000] {dag.py:3954} INFO - Setting next_dagrun for example_task_group to 2024-04-22 00:00:00+00:00, run_after=2024-04-23 00:00:00+00:00
[2024-04-23T09:17:06.749+0000] {processor.py:183} INFO - Processing /home/airflow/.local/lib/python3.12/site-packages/airflow/example_dags/example_task_group.py took 0.044 seconds
[2024-04-23T09:17:37.458+0000] {processor.py:161} INFO - Started process (PID=966) to work on /home/airflow/.local/lib/python3.12/site-packages/airflow/example_dags/example_task_group.py
[2024-04-23T09:17:37.459+0000] {processor.py:830} INFO - Processing file /home/airflow/.local/lib/python3.12/site-packages/airflow/example_dags/example_task_group.py for tasks to queue
[2024-04-23T09:17:37.460+0000] {logging_mixin.py:188} INFO - [2024-04-23T09:17:37.460+0000] {dagbag.py:540} INFO - Filling up the DagBag from /home/airflow/.local/lib/python3.12/site-packages/airflow/example_dags/example_task_group.py
[2024-04-23T09:17:37.464+0000] {processor.py:840} INFO - DAG(s) 'example_task_group' retrieved from /home/airflow/.local/lib/python3.12/site-packages/airflow/example_dags/example_task_group.py
[2024-04-23T09:17:37.475+0000] {logging_mixin.py:188} INFO - [2024-04-23T09:17:37.475+0000] {dag.py:3096} INFO - Sync 1 DAGs
[2024-04-23T09:17:37.486+0000] {logging_mixin.py:188} INFO - [2024-04-23T09:17:37.486+0000] {dag.py:3954} INFO - Setting next_dagrun for example_task_group to 2024-04-22 00:00:00+00:00, run_after=2024-04-23 00:00:00+00:00
[2024-04-23T09:17:37.495+0000] {processor.py:183} INFO - Processing /home/airflow/.local/lib/python3.12/site-packages/airflow/example_dags/example_task_group.py took 0.040 seconds
[2024-04-23T09:18:08.260+0000] {processor.py:161} INFO - Started process (PID=1228) to work on /home/airflow/.local/lib/python3.12/site-packages/airflow/example_dags/example_task_group.py
[2024-04-23T09:18:08.261+0000] {processor.py:830} INFO - Processing file /home/airflow/.local/lib/python3.12/site-packages/airflow/example_dags/example_task_group.py for tasks to queue
[2024-04-23T09:18:08.262+0000] {logging_mixin.py:188} INFO - [2024-04-23T09:18:08.262+0000] {dagbag.py:540} INFO - Filling up the DagBag from /home/airflow/.local/lib/python3.12/site-packages/airflow/example_dags/example_task_group.py
[2024-04-23T09:18:08.266+0000] {processor.py:840} INFO - DAG(s) 'example_task_group' retrieved from /home/airflow/.local/lib/python3.12/site-packages/airflow/example_dags/example_task_group.py
[2024-04-23T09:18:08.277+0000] {logging_mixin.py:188} INFO - [2024-04-23T09:18:08.277+0000] {dag.py:3096} INFO - Sync 1 DAGs
[2024-04-23T09:18:08.288+0000] {logging_mixin.py:188} INFO - [2024-04-23T09:18:08.288+0000] {dag.py:3954} INFO - Setting next_dagrun for example_task_group to 2024-04-22 00:00:00+00:00, run_after=2024-04-23 00:00:00+00:00
[2024-04-23T09:18:08.298+0000] {processor.py:183} INFO - Processing /home/airflow/.local/lib/python3.12/site-packages/airflow/example_dags/example_task_group.py took 0.041 seconds
