[2024-04-23T09:16:06.660+0000] {processor.py:161} INFO - Started process (PID=390) to work on /home/airflow/.local/lib/python3.12/site-packages/airflow/example_dags/example_xcomargs.py
[2024-04-23T09:16:06.664+0000] {processor.py:830} INFO - Processing file /home/airflow/.local/lib/python3.12/site-packages/airflow/example_dags/example_xcomargs.py for tasks to queue
[2024-04-23T09:16:06.665+0000] {logging_mixin.py:188} INFO - [2024-04-23T09:16:06.665+0000] {dagbag.py:540} INFO - Filling up the DagBag from /home/airflow/.local/lib/python3.12/site-packages/airflow/example_dags/example_xcomargs.py
[2024-04-23T09:16:06.670+0000] {processor.py:840} INFO - DAG(s) 'example_xcom_args', 'example_xcom_args_with_operators' retrieved from /home/airflow/.local/lib/python3.12/site-packages/airflow/example_dags/example_xcomargs.py
[2024-04-23T09:16:06.677+0000] {logging_mixin.py:188} INFO - [2024-04-23T09:16:06.677+0000] {dag.py:3096} INFO - Sync 2 DAGs
[2024-04-23T09:16:06.685+0000] {logging_mixin.py:188} INFO - [2024-04-23T09:16:06.685+0000] {dag.py:3954} INFO - Setting next_dagrun for example_xcom_args to None, run_after=None
[2024-04-23T09:16:06.688+0000] {logging_mixin.py:188} INFO - [2024-04-23T09:16:06.688+0000] {dag.py:3954} INFO - Setting next_dagrun for example_xcom_args_with_operators to None, run_after=None
[2024-04-23T09:16:06.698+0000] {processor.py:183} INFO - Processing /home/airflow/.local/lib/python3.12/site-packages/airflow/example_dags/example_xcomargs.py took 0.041 seconds
[2024-04-23T09:16:38.182+0000] {processor.py:161} INFO - Started process (PID=652) to work on /home/airflow/.local/lib/python3.12/site-packages/airflow/example_dags/example_xcomargs.py
[2024-04-23T09:16:38.183+0000] {processor.py:830} INFO - Processing file /home/airflow/.local/lib/python3.12/site-packages/airflow/example_dags/example_xcomargs.py for tasks to queue
[2024-04-23T09:16:38.185+0000] {logging_mixin.py:188} INFO - [2024-04-23T09:16:38.184+0000] {dagbag.py:540} INFO - Filling up the DagBag from /home/airflow/.local/lib/python3.12/site-packages/airflow/example_dags/example_xcomargs.py
[2024-04-23T09:16:38.189+0000] {processor.py:840} INFO - DAG(s) 'example_xcom_args_with_operators', 'example_xcom_args' retrieved from /home/airflow/.local/lib/python3.12/site-packages/airflow/example_dags/example_xcomargs.py
[2024-04-23T09:16:38.242+0000] {logging_mixin.py:188} INFO - [2024-04-23T09:16:38.242+0000] {dag.py:3096} INFO - Sync 2 DAGs
[2024-04-23T09:16:38.248+0000] {logging_mixin.py:188} INFO - [2024-04-23T09:16:38.247+0000] {dag.py:3954} INFO - Setting next_dagrun for example_xcom_args to None, run_after=None
[2024-04-23T09:16:38.249+0000] {logging_mixin.py:188} INFO - [2024-04-23T09:16:38.249+0000] {dag.py:3954} INFO - Setting next_dagrun for example_xcom_args_with_operators to None, run_after=None
[2024-04-23T09:16:38.259+0000] {processor.py:183} INFO - Processing /home/airflow/.local/lib/python3.12/site-packages/airflow/example_dags/example_xcomargs.py took 0.079 seconds
[2024-04-23T09:17:09.001+0000] {processor.py:161} INFO - Started process (PID=916) to work on /home/airflow/.local/lib/python3.12/site-packages/airflow/example_dags/example_xcomargs.py
[2024-04-23T09:17:09.002+0000] {processor.py:830} INFO - Processing file /home/airflow/.local/lib/python3.12/site-packages/airflow/example_dags/example_xcomargs.py for tasks to queue
[2024-04-23T09:17:09.003+0000] {logging_mixin.py:188} INFO - [2024-04-23T09:17:09.002+0000] {dagbag.py:540} INFO - Filling up the DagBag from /home/airflow/.local/lib/python3.12/site-packages/airflow/example_dags/example_xcomargs.py
[2024-04-23T09:17:09.008+0000] {processor.py:840} INFO - DAG(s) 'example_xcom_args', 'example_xcom_args_with_operators' retrieved from /home/airflow/.local/lib/python3.12/site-packages/airflow/example_dags/example_xcomargs.py
[2024-04-23T09:17:09.021+0000] {logging_mixin.py:188} INFO - [2024-04-23T09:17:09.020+0000] {dag.py:3096} INFO - Sync 2 DAGs
[2024-04-23T09:17:09.028+0000] {logging_mixin.py:188} INFO - [2024-04-23T09:17:09.028+0000] {dag.py:3954} INFO - Setting next_dagrun for example_xcom_args to None, run_after=None
[2024-04-23T09:17:09.030+0000] {logging_mixin.py:188} INFO - [2024-04-23T09:17:09.030+0000] {dag.py:3954} INFO - Setting next_dagrun for example_xcom_args_with_operators to None, run_after=None
[2024-04-23T09:17:09.040+0000] {processor.py:183} INFO - Processing /home/airflow/.local/lib/python3.12/site-packages/airflow/example_dags/example_xcomargs.py took 0.042 seconds
[2024-04-23T09:17:39.768+0000] {processor.py:161} INFO - Started process (PID=1178) to work on /home/airflow/.local/lib/python3.12/site-packages/airflow/example_dags/example_xcomargs.py
[2024-04-23T09:17:39.768+0000] {processor.py:830} INFO - Processing file /home/airflow/.local/lib/python3.12/site-packages/airflow/example_dags/example_xcomargs.py for tasks to queue
[2024-04-23T09:17:39.770+0000] {logging_mixin.py:188} INFO - [2024-04-23T09:17:39.769+0000] {dagbag.py:540} INFO - Filling up the DagBag from /home/airflow/.local/lib/python3.12/site-packages/airflow/example_dags/example_xcomargs.py
[2024-04-23T09:17:39.774+0000] {processor.py:840} INFO - DAG(s) 'example_xcom_args', 'example_xcom_args_with_operators' retrieved from /home/airflow/.local/lib/python3.12/site-packages/airflow/example_dags/example_xcomargs.py
[2024-04-23T09:17:39.788+0000] {logging_mixin.py:188} INFO - [2024-04-23T09:17:39.788+0000] {dag.py:3096} INFO - Sync 2 DAGs
[2024-04-23T09:17:39.795+0000] {logging_mixin.py:188} INFO - [2024-04-23T09:17:39.795+0000] {dag.py:3954} INFO - Setting next_dagrun for example_xcom_args to None, run_after=None
[2024-04-23T09:17:39.798+0000] {logging_mixin.py:188} INFO - [2024-04-23T09:17:39.797+0000] {dag.py:3954} INFO - Setting next_dagrun for example_xcom_args_with_operators to None, run_after=None
[2024-04-23T09:17:39.806+0000] {processor.py:183} INFO - Processing /home/airflow/.local/lib/python3.12/site-packages/airflow/example_dags/example_xcomargs.py took 0.042 seconds
[2024-04-23T09:18:10.657+0000] {processor.py:161} INFO - Started process (PID=1440) to work on /home/airflow/.local/lib/python3.12/site-packages/airflow/example_dags/example_xcomargs.py
[2024-04-23T09:18:10.658+0000] {processor.py:830} INFO - Processing file /home/airflow/.local/lib/python3.12/site-packages/airflow/example_dags/example_xcomargs.py for tasks to queue
[2024-04-23T09:18:10.659+0000] {logging_mixin.py:188} INFO - [2024-04-23T09:18:10.659+0000] {dagbag.py:540} INFO - Filling up the DagBag from /home/airflow/.local/lib/python3.12/site-packages/airflow/example_dags/example_xcomargs.py
[2024-04-23T09:18:10.664+0000] {processor.py:840} INFO - DAG(s) 'example_xcom_args', 'example_xcom_args_with_operators' retrieved from /home/airflow/.local/lib/python3.12/site-packages/airflow/example_dags/example_xcomargs.py
[2024-04-23T09:18:10.679+0000] {logging_mixin.py:188} INFO - [2024-04-23T09:18:10.679+0000] {dag.py:3096} INFO - Sync 2 DAGs
[2024-04-23T09:18:10.687+0000] {logging_mixin.py:188} INFO - [2024-04-23T09:18:10.687+0000] {dag.py:3954} INFO - Setting next_dagrun for example_xcom_args to None, run_after=None
[2024-04-23T09:18:10.693+0000] {logging_mixin.py:188} INFO - [2024-04-23T09:18:10.693+0000] {dag.py:3954} INFO - Setting next_dagrun for example_xcom_args_with_operators to None, run_after=None
[2024-04-23T09:18:10.720+0000] {processor.py:183} INFO - Processing /home/airflow/.local/lib/python3.12/site-packages/airflow/example_dags/example_xcomargs.py took 0.066 seconds
