[2024-04-23T09:16:06.249+0000] {processor.py:161} INFO - Started process (PID=330) to work on /home/airflow/.local/lib/python3.12/site-packages/airflow/example_dags/example_branch_python_dop_operator_3.py
[2024-04-23T09:16:06.249+0000] {processor.py:830} INFO - Processing file /home/airflow/.local/lib/python3.12/site-packages/airflow/example_dags/example_branch_python_dop_operator_3.py for tasks to queue
[2024-04-23T09:16:06.251+0000] {logging_mixin.py:188} INFO - [2024-04-23T09:16:06.250+0000] {dagbag.py:540} INFO - Filling up the DagBag from /home/airflow/.local/lib/python3.12/site-packages/airflow/example_dags/example_branch_python_dop_operator_3.py
[2024-04-23T09:16:06.256+0000] {processor.py:840} INFO - DAG(s) 'example_branch_dop_operator_v3' retrieved from /home/airflow/.local/lib/python3.12/site-packages/airflow/example_dags/example_branch_python_dop_operator_3.py
[2024-04-23T09:16:06.263+0000] {logging_mixin.py:188} INFO - [2024-04-23T09:16:06.263+0000] {dag.py:3096} INFO - Sync 1 DAGs
[2024-04-23T09:16:06.278+0000] {logging_mixin.py:188} INFO - [2024-04-23T09:16:06.278+0000] {dag.py:3954} INFO - Setting next_dagrun for example_branch_dop_operator_v3 to 2024-04-23 09:15:00+00:00, run_after=2024-04-23 09:16:00+00:00
[2024-04-23T09:16:06.289+0000] {processor.py:183} INFO - Processing /home/airflow/.local/lib/python3.12/site-packages/airflow/example_dags/example_branch_python_dop_operator_3.py took 0.044 seconds
[2024-04-23T09:16:37.608+0000] {processor.py:161} INFO - Started process (PID=592) to work on /home/airflow/.local/lib/python3.12/site-packages/airflow/example_dags/example_branch_python_dop_operator_3.py
[2024-04-23T09:16:37.609+0000] {processor.py:830} INFO - Processing file /home/airflow/.local/lib/python3.12/site-packages/airflow/example_dags/example_branch_python_dop_operator_3.py for tasks to queue
[2024-04-23T09:16:37.610+0000] {logging_mixin.py:188} INFO - [2024-04-23T09:16:37.610+0000] {dagbag.py:540} INFO - Filling up the DagBag from /home/airflow/.local/lib/python3.12/site-packages/airflow/example_dags/example_branch_python_dop_operator_3.py
[2024-04-23T09:16:37.615+0000] {processor.py:840} INFO - DAG(s) 'example_branch_dop_operator_v3' retrieved from /home/airflow/.local/lib/python3.12/site-packages/airflow/example_dags/example_branch_python_dop_operator_3.py
[2024-04-23T09:16:37.669+0000] {logging_mixin.py:188} INFO - [2024-04-23T09:16:37.669+0000] {dag.py:3096} INFO - Sync 1 DAGs
[2024-04-23T09:16:37.681+0000] {logging_mixin.py:188} INFO - [2024-04-23T09:16:37.681+0000] {dag.py:3954} INFO - Setting next_dagrun for example_branch_dop_operator_v3 to 2024-04-23 09:15:00+00:00, run_after=2024-04-23 09:16:00+00:00
[2024-04-23T09:16:37.693+0000] {processor.py:183} INFO - Processing /home/airflow/.local/lib/python3.12/site-packages/airflow/example_dags/example_branch_python_dop_operator_3.py took 0.088 seconds
[2024-04-23T09:17:08.622+0000] {processor.py:161} INFO - Started process (PID=854) to work on /home/airflow/.local/lib/python3.12/site-packages/airflow/example_dags/example_branch_python_dop_operator_3.py
[2024-04-23T09:17:08.623+0000] {processor.py:830} INFO - Processing file /home/airflow/.local/lib/python3.12/site-packages/airflow/example_dags/example_branch_python_dop_operator_3.py for tasks to queue
[2024-04-23T09:17:08.625+0000] {logging_mixin.py:188} INFO - [2024-04-23T09:17:08.624+0000] {dagbag.py:540} INFO - Filling up the DagBag from /home/airflow/.local/lib/python3.12/site-packages/airflow/example_dags/example_branch_python_dop_operator_3.py
[2024-04-23T09:17:08.629+0000] {processor.py:840} INFO - DAG(s) 'example_branch_dop_operator_v3' retrieved from /home/airflow/.local/lib/python3.12/site-packages/airflow/example_dags/example_branch_python_dop_operator_3.py
[2024-04-23T09:17:08.640+0000] {logging_mixin.py:188} INFO - [2024-04-23T09:17:08.640+0000] {dag.py:3096} INFO - Sync 1 DAGs
[2024-04-23T09:17:08.652+0000] {logging_mixin.py:188} INFO - [2024-04-23T09:17:08.652+0000] {dag.py:3954} INFO - Setting next_dagrun for example_branch_dop_operator_v3 to 2024-04-23 09:16:00+00:00, run_after=2024-04-23 09:17:00+00:00
[2024-04-23T09:17:08.663+0000] {processor.py:183} INFO - Processing /home/airflow/.local/lib/python3.12/site-packages/airflow/example_dags/example_branch_python_dop_operator_3.py took 0.043 seconds
[2024-04-23T09:17:39.396+0000] {processor.py:161} INFO - Started process (PID=1116) to work on /home/airflow/.local/lib/python3.12/site-packages/airflow/example_dags/example_branch_python_dop_operator_3.py
[2024-04-23T09:17:39.397+0000] {processor.py:830} INFO - Processing file /home/airflow/.local/lib/python3.12/site-packages/airflow/example_dags/example_branch_python_dop_operator_3.py for tasks to queue
[2024-04-23T09:17:39.398+0000] {logging_mixin.py:188} INFO - [2024-04-23T09:17:39.398+0000] {dagbag.py:540} INFO - Filling up the DagBag from /home/airflow/.local/lib/python3.12/site-packages/airflow/example_dags/example_branch_python_dop_operator_3.py
[2024-04-23T09:17:39.403+0000] {processor.py:840} INFO - DAG(s) 'example_branch_dop_operator_v3' retrieved from /home/airflow/.local/lib/python3.12/site-packages/airflow/example_dags/example_branch_python_dop_operator_3.py
[2024-04-23T09:17:39.414+0000] {logging_mixin.py:188} INFO - [2024-04-23T09:17:39.414+0000] {dag.py:3096} INFO - Sync 1 DAGs
[2024-04-23T09:17:39.426+0000] {logging_mixin.py:188} INFO - [2024-04-23T09:17:39.426+0000] {dag.py:3954} INFO - Setting next_dagrun for example_branch_dop_operator_v3 to 2024-04-23 09:16:00+00:00, run_after=2024-04-23 09:17:00+00:00
[2024-04-23T09:17:39.435+0000] {processor.py:183} INFO - Processing /home/airflow/.local/lib/python3.12/site-packages/airflow/example_dags/example_branch_python_dop_operator_3.py took 0.043 seconds
[2024-04-23T09:18:10.270+0000] {processor.py:161} INFO - Started process (PID=1378) to work on /home/airflow/.local/lib/python3.12/site-packages/airflow/example_dags/example_branch_python_dop_operator_3.py
[2024-04-23T09:18:10.271+0000] {processor.py:830} INFO - Processing file /home/airflow/.local/lib/python3.12/site-packages/airflow/example_dags/example_branch_python_dop_operator_3.py for tasks to queue
[2024-04-23T09:18:10.272+0000] {logging_mixin.py:188} INFO - [2024-04-23T09:18:10.272+0000] {dagbag.py:540} INFO - Filling up the DagBag from /home/airflow/.local/lib/python3.12/site-packages/airflow/example_dags/example_branch_python_dop_operator_3.py
[2024-04-23T09:18:10.276+0000] {processor.py:840} INFO - DAG(s) 'example_branch_dop_operator_v3' retrieved from /home/airflow/.local/lib/python3.12/site-packages/airflow/example_dags/example_branch_python_dop_operator_3.py
[2024-04-23T09:18:10.289+0000] {logging_mixin.py:188} INFO - [2024-04-23T09:18:10.289+0000] {dag.py:3096} INFO - Sync 1 DAGs
[2024-04-23T09:18:10.301+0000] {logging_mixin.py:188} INFO - [2024-04-23T09:18:10.300+0000] {dag.py:3954} INFO - Setting next_dagrun for example_branch_dop_operator_v3 to 2024-04-23 09:17:00+00:00, run_after=2024-04-23 09:18:00+00:00
[2024-04-23T09:18:10.313+0000] {processor.py:183} INFO - Processing /home/airflow/.local/lib/python3.12/site-packages/airflow/example_dags/example_branch_python_dop_operator_3.py took 0.047 seconds
