[2024-04-23T09:16:06.141+0000] {processor.py:161} INFO - Started process (PID=317) to work on /home/airflow/.local/lib/python3.12/site-packages/airflow/example_dags/example_trigger_target_dag.py
[2024-04-23T09:16:06.142+0000] {processor.py:830} INFO - Processing file /home/airflow/.local/lib/python3.12/site-packages/airflow/example_dags/example_trigger_target_dag.py for tasks to queue
[2024-04-23T09:16:06.144+0000] {logging_mixin.py:188} INFO - [2024-04-23T09:16:06.143+0000] {dagbag.py:540} INFO - Filling up the DagBag from /home/airflow/.local/lib/python3.12/site-packages/airflow/example_dags/example_trigger_target_dag.py
[2024-04-23T09:16:06.148+0000] {processor.py:840} INFO - DAG(s) 'example_trigger_target_dag' retrieved from /home/airflow/.local/lib/python3.12/site-packages/airflow/example_dags/example_trigger_target_dag.py
[2024-04-23T09:16:06.155+0000] {logging_mixin.py:188} INFO - [2024-04-23T09:16:06.155+0000] {dag.py:3096} INFO - Sync 1 DAGs
[2024-04-23T09:16:06.162+0000] {logging_mixin.py:188} INFO - [2024-04-23T09:16:06.161+0000] {dag.py:3954} INFO - Setting next_dagrun for example_trigger_target_dag to None, run_after=None
[2024-04-23T09:16:06.174+0000] {processor.py:183} INFO - Processing /home/airflow/.local/lib/python3.12/site-packages/airflow/example_dags/example_trigger_target_dag.py took 0.035 seconds
[2024-04-23T09:16:37.430+0000] {processor.py:161} INFO - Started process (PID=579) to work on /home/airflow/.local/lib/python3.12/site-packages/airflow/example_dags/example_trigger_target_dag.py
[2024-04-23T09:16:37.431+0000] {processor.py:830} INFO - Processing file /home/airflow/.local/lib/python3.12/site-packages/airflow/example_dags/example_trigger_target_dag.py for tasks to queue
[2024-04-23T09:16:37.432+0000] {logging_mixin.py:188} INFO - [2024-04-23T09:16:37.432+0000] {dagbag.py:540} INFO - Filling up the DagBag from /home/airflow/.local/lib/python3.12/site-packages/airflow/example_dags/example_trigger_target_dag.py
[2024-04-23T09:16:37.436+0000] {processor.py:840} INFO - DAG(s) 'example_trigger_target_dag' retrieved from /home/airflow/.local/lib/python3.12/site-packages/airflow/example_dags/example_trigger_target_dag.py
[2024-04-23T09:16:37.484+0000] {logging_mixin.py:188} INFO - [2024-04-23T09:16:37.484+0000] {dag.py:3096} INFO - Sync 1 DAGs
[2024-04-23T09:16:37.490+0000] {logging_mixin.py:188} INFO - [2024-04-23T09:16:37.490+0000] {dag.py:3954} INFO - Setting next_dagrun for example_trigger_target_dag to None, run_after=None
[2024-04-23T09:16:37.499+0000] {processor.py:183} INFO - Processing /home/airflow/.local/lib/python3.12/site-packages/airflow/example_dags/example_trigger_target_dag.py took 0.072 seconds
[2024-04-23T09:17:07.518+0000] {processor.py:161} INFO - Started process (PID=839) to work on /home/airflow/.local/lib/python3.12/site-packages/airflow/example_dags/example_trigger_target_dag.py
[2024-04-23T09:17:07.519+0000] {processor.py:830} INFO - Processing file /home/airflow/.local/lib/python3.12/site-packages/airflow/example_dags/example_trigger_target_dag.py for tasks to queue
[2024-04-23T09:17:07.520+0000] {logging_mixin.py:188} INFO - [2024-04-23T09:17:07.520+0000] {dagbag.py:540} INFO - Filling up the DagBag from /home/airflow/.local/lib/python3.12/site-packages/airflow/example_dags/example_trigger_target_dag.py
[2024-04-23T09:17:07.523+0000] {processor.py:840} INFO - DAG(s) 'example_trigger_target_dag' retrieved from /home/airflow/.local/lib/python3.12/site-packages/airflow/example_dags/example_trigger_target_dag.py
[2024-04-23T09:17:07.534+0000] {logging_mixin.py:188} INFO - [2024-04-23T09:17:07.534+0000] {dag.py:3096} INFO - Sync 1 DAGs
[2024-04-23T09:17:07.541+0000] {logging_mixin.py:188} INFO - [2024-04-23T09:17:07.540+0000] {dag.py:3954} INFO - Setting next_dagrun for example_trigger_target_dag to None, run_after=None
[2024-04-23T09:17:07.551+0000] {processor.py:183} INFO - Processing /home/airflow/.local/lib/python3.12/site-packages/airflow/example_dags/example_trigger_target_dag.py took 0.038 seconds
[2024-04-23T09:17:38.299+0000] {processor.py:161} INFO - Started process (PID=1101) to work on /home/airflow/.local/lib/python3.12/site-packages/airflow/example_dags/example_trigger_target_dag.py
[2024-04-23T09:17:38.299+0000] {processor.py:830} INFO - Processing file /home/airflow/.local/lib/python3.12/site-packages/airflow/example_dags/example_trigger_target_dag.py for tasks to queue
[2024-04-23T09:17:38.301+0000] {logging_mixin.py:188} INFO - [2024-04-23T09:17:38.300+0000] {dagbag.py:540} INFO - Filling up the DagBag from /home/airflow/.local/lib/python3.12/site-packages/airflow/example_dags/example_trigger_target_dag.py
[2024-04-23T09:17:38.304+0000] {processor.py:840} INFO - DAG(s) 'example_trigger_target_dag' retrieved from /home/airflow/.local/lib/python3.12/site-packages/airflow/example_dags/example_trigger_target_dag.py
[2024-04-23T09:17:38.314+0000] {logging_mixin.py:188} INFO - [2024-04-23T09:17:38.314+0000] {dag.py:3096} INFO - Sync 1 DAGs
[2024-04-23T09:17:38.321+0000] {logging_mixin.py:188} INFO - [2024-04-23T09:17:38.321+0000] {dag.py:3954} INFO - Setting next_dagrun for example_trigger_target_dag to None, run_after=None
[2024-04-23T09:17:38.331+0000] {processor.py:183} INFO - Processing /home/airflow/.local/lib/python3.12/site-packages/airflow/example_dags/example_trigger_target_dag.py took 0.035 seconds
[2024-04-23T09:18:09.181+0000] {processor.py:161} INFO - Started process (PID=1363) to work on /home/airflow/.local/lib/python3.12/site-packages/airflow/example_dags/example_trigger_target_dag.py
[2024-04-23T09:18:09.181+0000] {processor.py:830} INFO - Processing file /home/airflow/.local/lib/python3.12/site-packages/airflow/example_dags/example_trigger_target_dag.py for tasks to queue
[2024-04-23T09:18:09.182+0000] {logging_mixin.py:188} INFO - [2024-04-23T09:18:09.182+0000] {dagbag.py:540} INFO - Filling up the DagBag from /home/airflow/.local/lib/python3.12/site-packages/airflow/example_dags/example_trigger_target_dag.py
[2024-04-23T09:18:09.186+0000] {processor.py:840} INFO - DAG(s) 'example_trigger_target_dag' retrieved from /home/airflow/.local/lib/python3.12/site-packages/airflow/example_dags/example_trigger_target_dag.py
[2024-04-23T09:18:09.196+0000] {logging_mixin.py:188} INFO - [2024-04-23T09:18:09.196+0000] {dag.py:3096} INFO - Sync 1 DAGs
[2024-04-23T09:18:09.203+0000] {logging_mixin.py:188} INFO - [2024-04-23T09:18:09.203+0000] {dag.py:3954} INFO - Setting next_dagrun for example_trigger_target_dag to None, run_after=None
[2024-04-23T09:18:09.214+0000] {processor.py:183} INFO - Processing /home/airflow/.local/lib/python3.12/site-packages/airflow/example_dags/example_trigger_target_dag.py took 0.036 seconds
