[2024-04-23T09:16:05.822+0000] {processor.py:161} INFO - Started process (PID=270) to work on /home/airflow/.local/lib/python3.12/site-packages/airflow/example_dags/example_python_decorator.py
[2024-04-23T09:16:05.823+0000] {processor.py:830} INFO - Processing file /home/airflow/.local/lib/python3.12/site-packages/airflow/example_dags/example_python_decorator.py for tasks to queue
[2024-04-23T09:16:05.824+0000] {logging_mixin.py:188} INFO - [2024-04-23T09:16:05.824+0000] {dagbag.py:540} INFO - Filling up the DagBag from /home/airflow/.local/lib/python3.12/site-packages/airflow/example_dags/example_python_decorator.py
[2024-04-23T09:16:05.833+0000] {processor.py:840} INFO - DAG(s) 'example_python_decorator' retrieved from /home/airflow/.local/lib/python3.12/site-packages/airflow/example_dags/example_python_decorator.py
[2024-04-23T09:16:05.840+0000] {logging_mixin.py:188} INFO - [2024-04-23T09:16:05.840+0000] {dag.py:3096} INFO - Sync 1 DAGs
[2024-04-23T09:16:05.847+0000] {logging_mixin.py:188} INFO - [2024-04-23T09:16:05.847+0000] {dag.py:3954} INFO - Setting next_dagrun for example_python_decorator to None, run_after=None
[2024-04-23T09:16:05.857+0000] {processor.py:183} INFO - Processing /home/airflow/.local/lib/python3.12/site-packages/airflow/example_dags/example_python_decorator.py took 0.040 seconds
[2024-04-23T09:16:36.979+0000] {processor.py:161} INFO - Started process (PID=532) to work on /home/airflow/.local/lib/python3.12/site-packages/airflow/example_dags/example_python_decorator.py
[2024-04-23T09:16:36.980+0000] {processor.py:830} INFO - Processing file /home/airflow/.local/lib/python3.12/site-packages/airflow/example_dags/example_python_decorator.py for tasks to queue
[2024-04-23T09:16:36.981+0000] {logging_mixin.py:188} INFO - [2024-04-23T09:16:36.981+0000] {dagbag.py:540} INFO - Filling up the DagBag from /home/airflow/.local/lib/python3.12/site-packages/airflow/example_dags/example_python_decorator.py
[2024-04-23T09:16:36.988+0000] {processor.py:840} INFO - DAG(s) 'example_python_decorator' retrieved from /home/airflow/.local/lib/python3.12/site-packages/airflow/example_dags/example_python_decorator.py
[2024-04-23T09:16:37.039+0000] {logging_mixin.py:188} INFO - [2024-04-23T09:16:37.039+0000] {dag.py:3096} INFO - Sync 1 DAGs
[2024-04-23T09:16:37.044+0000] {logging_mixin.py:188} INFO - [2024-04-23T09:16:37.044+0000] {dag.py:3954} INFO - Setting next_dagrun for example_python_decorator to None, run_after=None
[2024-04-23T09:16:37.055+0000] {processor.py:183} INFO - Processing /home/airflow/.local/lib/python3.12/site-packages/airflow/example_dags/example_python_decorator.py took 0.079 seconds
[2024-04-23T09:17:07.241+0000] {processor.py:161} INFO - Started process (PID=794) to work on /home/airflow/.local/lib/python3.12/site-packages/airflow/example_dags/example_python_decorator.py
[2024-04-23T09:17:07.242+0000] {processor.py:830} INFO - Processing file /home/airflow/.local/lib/python3.12/site-packages/airflow/example_dags/example_python_decorator.py for tasks to queue
[2024-04-23T09:17:07.243+0000] {logging_mixin.py:188} INFO - [2024-04-23T09:17:07.243+0000] {dagbag.py:540} INFO - Filling up the DagBag from /home/airflow/.local/lib/python3.12/site-packages/airflow/example_dags/example_python_decorator.py
[2024-04-23T09:17:07.251+0000] {processor.py:840} INFO - DAG(s) 'example_python_decorator' retrieved from /home/airflow/.local/lib/python3.12/site-packages/airflow/example_dags/example_python_decorator.py
[2024-04-23T09:17:07.262+0000] {logging_mixin.py:188} INFO - [2024-04-23T09:17:07.262+0000] {dag.py:3096} INFO - Sync 1 DAGs
[2024-04-23T09:17:07.268+0000] {logging_mixin.py:188} INFO - [2024-04-23T09:17:07.268+0000] {dag.py:3954} INFO - Setting next_dagrun for example_python_decorator to None, run_after=None
[2024-04-23T09:17:07.278+0000] {processor.py:183} INFO - Processing /home/airflow/.local/lib/python3.12/site-packages/airflow/example_dags/example_python_decorator.py took 0.040 seconds
[2024-04-23T09:17:38.022+0000] {processor.py:161} INFO - Started process (PID=1056) to work on /home/airflow/.local/lib/python3.12/site-packages/airflow/example_dags/example_python_decorator.py
[2024-04-23T09:17:38.023+0000] {processor.py:830} INFO - Processing file /home/airflow/.local/lib/python3.12/site-packages/airflow/example_dags/example_python_decorator.py for tasks to queue
[2024-04-23T09:17:38.024+0000] {logging_mixin.py:188} INFO - [2024-04-23T09:17:38.024+0000] {dagbag.py:540} INFO - Filling up the DagBag from /home/airflow/.local/lib/python3.12/site-packages/airflow/example_dags/example_python_decorator.py
[2024-04-23T09:17:38.031+0000] {processor.py:840} INFO - DAG(s) 'example_python_decorator' retrieved from /home/airflow/.local/lib/python3.12/site-packages/airflow/example_dags/example_python_decorator.py
[2024-04-23T09:17:38.043+0000] {logging_mixin.py:188} INFO - [2024-04-23T09:17:38.043+0000] {dag.py:3096} INFO - Sync 1 DAGs
[2024-04-23T09:17:38.049+0000] {logging_mixin.py:188} INFO - [2024-04-23T09:17:38.049+0000] {dag.py:3954} INFO - Setting next_dagrun for example_python_decorator to None, run_after=None
[2024-04-23T09:17:38.059+0000] {processor.py:183} INFO - Processing /home/airflow/.local/lib/python3.12/site-packages/airflow/example_dags/example_python_decorator.py took 0.040 seconds
[2024-04-23T09:18:08.893+0000] {processor.py:161} INFO - Started process (PID=1318) to work on /home/airflow/.local/lib/python3.12/site-packages/airflow/example_dags/example_python_decorator.py
[2024-04-23T09:18:08.894+0000] {processor.py:830} INFO - Processing file /home/airflow/.local/lib/python3.12/site-packages/airflow/example_dags/example_python_decorator.py for tasks to queue
[2024-04-23T09:18:08.895+0000] {logging_mixin.py:188} INFO - [2024-04-23T09:18:08.895+0000] {dagbag.py:540} INFO - Filling up the DagBag from /home/airflow/.local/lib/python3.12/site-packages/airflow/example_dags/example_python_decorator.py
[2024-04-23T09:18:08.902+0000] {processor.py:840} INFO - DAG(s) 'example_python_decorator' retrieved from /home/airflow/.local/lib/python3.12/site-packages/airflow/example_dags/example_python_decorator.py
[2024-04-23T09:18:08.914+0000] {logging_mixin.py:188} INFO - [2024-04-23T09:18:08.914+0000] {dag.py:3096} INFO - Sync 1 DAGs
[2024-04-23T09:18:08.921+0000] {logging_mixin.py:188} INFO - [2024-04-23T09:18:08.921+0000] {dag.py:3954} INFO - Setting next_dagrun for example_python_decorator to None, run_after=None
[2024-04-23T09:18:08.931+0000] {processor.py:183} INFO - Processing /home/airflow/.local/lib/python3.12/site-packages/airflow/example_dags/example_python_decorator.py took 0.042 seconds
